This file contains any messages produced by compilers while
running configure, to aid debugging if configure makes a mistake.

It was created by configure, which was
generated by GNU Autoconf 2.59.  Invocation command line was

  $ ./configure --prefix=/mingw/../devlibs/gnustep1201 --with-ffi-include=/mingw/../devlibs/include --with-ffi-library=/mingw/../devlibs/lib CFLAGS=-I/mingw/../devlibs/include -mtune=generic -O3 LDFLAGS=-L/mingw/../devlibs/lib --cache-file=/dev/null --srcdir=.

## --------- ##
## Platform. ##
## --------- ##

hostname = pc-pisy
uname -m = i686
uname -r = 1.0.11(0.46/3/2)
uname -s = MINGW32_NT-6.0
uname -v = 2009-07-11 17:46

/usr/bin/uname -p = unknown
/bin/uname -X     = unknown

/bin/arch              = unknown
/usr/bin/arch -k       = unknown
/usr/convex/getsysinfo = unknown
hostinfo               = unknown
/bin/machine           = unknown
/usr/bin/oslevel       = unknown
/bin/universe          = unknown

PATH: ./
PATH: ./../../System/Tools
PATH: /home/pisy/GNUstep/Tools
PATH: /mingw/../devlibs/gnustep1201/Local/Tools
PATH: /mingw/../devlibs/gnustep1201/System/Tools
PATH: .
PATH: /usr/local/bin
PATH: /mingw/bin
PATH: /bin
PATH: /mingw/../devlibs/bin
PATH: /c/Program Files/NVIDIA Corporation/PhysX/Common
PATH: /c/Windows/system32
PATH: /c/Windows
PATH: /c/Windows/System32/Wbem
PATH: /c/Program Files/Acer/Empowering Technology/eDataSecurity/
PATH: /c/Program Files/Acer/Empowering Technology/eDataSecurity/x86
PATH: /c/Program Files/Acer/Empowering Technology/eDataSecurity/x64
PATH: /svn/bin
PATH: /nsis


## ----------- ##
## Core tests. ##
## ----------- ##

configure:1398: checking build system type
configure:1416: result: i686-pc-mingw32
configure:1424: checking host system type
configure:1438: result: i686-pc-mingw32
configure:1446: checking target system type
configure:1460: result: i686-pc-mingw32
configure:1524: checking for gcc
configure:1540: found /mingw/bin/gcc
configure:1550: result: gcc
configure:1794: checking for C compiler version
configure:1797: gcc --version </dev/null >&5
gcc.exe (tdm-1) 4.7.1
Copyright (C) 2012 Free Software Foundation, Inc.
This is free software; see the source for copying conditions.  There is NO
warranty; not even for MERCHANTABILITY or FITNESS FOR A PARTICULAR PURPOSE.

configure:1800: $? = 0
configure:1802: gcc -v </dev/null >&5
Using built-in specs.
COLLECT_GCC=C:\DevelopmentEnvironment\gcc\Msys_x2\1.0\mingw\bin\gcc.exe
COLLECT_LTO_WRAPPER=c:/developmentenvironment/gcc/msys_x2/1.0/mingw/bin/../libexec/gcc/mingw32/4.7.1/lto-wrapper.exe
Target: mingw32
Configured with: ../../src/gcc-4.7.1/configure --build=mingw32 --enable-languages=c,c++,ada,fortran,objc,obj-c++ --enable-threads=win32 --enable-libgomp --enable-lto --enable-fully-dynamic-string --enable-libstdcxx-debug --enable-version-specific-runtime-libs --with-gnu-ld --disable-nls --disable-win32-registry --disable-symvers --disable-build-poststage1-with-cxx --disable-werror --prefix=/mingw32tdm --with-local-prefix=/mingw32tdm --enable-cxx-flags='-fno-function-sections -fno-data-sections' --with-pkgversion=tdm-1 --enable-sjlj-exceptions --with-bugurl=http://tdm-gcc.tdragon.net/bugs
Thread model: win32
gcc version 4.7.1 (tdm-1) 
configure:1805: $? = 0
configure:1807: gcc -V </dev/null >&5
gcc.exe: error: unrecognized command line option '-V'
gcc.exe: fatal error: no input files
compilation terminated.
configure:1810: $? = 1
configure:1833: checking for C compiler default output file name
configure:1836: gcc -I/mingw/../devlibs/include -mtune=generic -O3  -I/mingw/../devlibs/gnustep1201/System/Library/Headers -L/mingw/../devlibs/lib -L/mingw/../devlibs/gnustep1201/System/Library/Libraries/gnu-gnu-gnu -L/mingw/../devlibs/gnustep1201/System/Library/Libraries conftest.c  >&5
configure:1839: $? = 0
configure:1885: result: a.exe
configure:1890: checking whether the C compiler works
configure:1896: ./a.exe
configure:1899: $? = 0
configure:1916: result: yes
configure:1923: checking whether we are cross compiling
configure:1925: result: no
configure:1928: checking for suffix of executables
configure:1930: gcc -o conftest.exe -I/mingw/../devlibs/include -mtune=generic -O3  -I/mingw/../devlibs/gnustep1201/System/Library/Headers -L/mingw/../devlibs/lib -L/mingw/../devlibs/gnustep1201/System/Library/Libraries/gnu-gnu-gnu -L/mingw/../devlibs/gnustep1201/System/Library/Libraries conftest.c  >&5
configure:1933: $? = 0
configure:1958: result: .exe
configure:1964: checking for suffix of object files
configure:1985: gcc -c -I/mingw/../devlibs/include -mtune=generic -O3  -I/mingw/../devlibs/gnustep1201/System/Library/Headers conftest.c >&5
configure:1988: $? = 0
configure:2010: result: o
configure:2014: checking whether we are using the GNU C compiler
configure:2038: gcc -c -I/mingw/../devlibs/include -mtune=generic -O3  -I/mingw/../devlibs/gnustep1201/System/Library/Headers conftest.c >&5
configure:2044: $? = 0
configure:2048: test -z 
			 || test ! -s conftest.err
configure:2051: $? = 0
configure:2054: test -s conftest.o
configure:2057: $? = 0
configure:2070: result: yes
configure:2076: checking whether gcc accepts -g
configure:2097: gcc -c -g  -I/mingw/../devlibs/gnustep1201/System/Library/Headers conftest.c >&5
configure:2103: $? = 0
configure:2107: test -z 
			 || test ! -s conftest.err
configure:2110: $? = 0
configure:2113: test -s conftest.o
configure:2116: $? = 0
configure:2127: result: yes
configure:2144: checking for gcc option to accept ANSI C
configure:2214: gcc  -c -I/mingw/../devlibs/include -mtune=generic -O3  -I/mingw/../devlibs/gnustep1201/System/Library/Headers conftest.c >&5
configure:2220: $? = 0
configure:2224: test -z 
			 || test ! -s conftest.err
configure:2227: $? = 0
configure:2230: test -s conftest.o
configure:2233: $? = 0
configure:2251: result: none needed
configure:2269: gcc -c -I/mingw/../devlibs/include -mtune=generic -O3  -I/mingw/../devlibs/gnustep1201/System/Library/Headers conftest.c >&5
conftest.c:2:3: error: unknown type name 'choke'
conftest.c:2:3: error: expected '=', ',', ';', 'asm' or '__attribute__' at end of input
configure:2275: $? = 1
configure: failed program was:
| #ifndef __cplusplus
|   choke me
| #endif
configure:2413: checking how to run the C preprocessor
configure:2448: gcc -E  -I/mingw/../devlibs/gnustep1201/System/Library/Headers conftest.c
configure:2454: $? = 0
configure:2486: gcc -E  -I/mingw/../devlibs/gnustep1201/System/Library/Headers conftest.c
conftest.c:9:28: fatal error: ac_nonexistent.h: No such file or directory
compilation terminated.
configure:2492: $? = 1
configure: failed program was:
| /* confdefs.h.  */
| 
| #define PACKAGE_NAME ""
| #define PACKAGE_TARNAME ""
| #define PACKAGE_VERSION ""
| #define PACKAGE_STRING ""
| #define PACKAGE_BUGREPORT ""
| /* end confdefs.h.  */
| #include <ac_nonexistent.h>
configure:2531: result: gcc -E
configure:2555: gcc -E  -I/mingw/../devlibs/gnustep1201/System/Library/Headers conftest.c
configure:2561: $? = 0
configure:2593: gcc -E  -I/mingw/../devlibs/gnustep1201/System/Library/Headers conftest.c
conftest.c:9:28: fatal error: ac_nonexistent.h: No such file or directory
compilation terminated.
configure:2599: $? = 1
configure: failed program was:
| /* confdefs.h.  */
| 
| #define PACKAGE_NAME ""
| #define PACKAGE_TARNAME ""
| #define PACKAGE_VERSION ""
| #define PACKAGE_STRING ""
| #define PACKAGE_BUGREPORT ""
| /* end confdefs.h.  */
| #include <ac_nonexistent.h>
configure:2645: checking for whoami
configure:2664: found /c/Windows/system32/whoami
configure:2677: result: /c/Windows/system32/whoami
configure:2698: checking for egrep
configure:2708: result: grep -E
configure:2713: checking for ANSI C header files
configure:2738: gcc -c -I/mingw/../devlibs/include -mtune=generic -O3  -I/mingw/../devlibs/gnustep1201/System/Library/Headers conftest.c >&5
configure:2744: $? = 0
configure:2748: test -z 
			 || test ! -s conftest.err
configure:2751: $? = 0
configure:2754: test -s conftest.o
configure:2757: $? = 0
configure:2846: gcc -o conftest.exe -I/mingw/../devlibs/include -mtune=generic -O3  -I/mingw/../devlibs/gnustep1201/System/Library/Headers -L/mingw/../devlibs/lib -L/mingw/../devlibs/gnustep1201/System/Library/Libraries/gnu-gnu-gnu -L/mingw/../devlibs/gnustep1201/System/Library/Libraries conftest.c  >&5
conftest.c: In function 'main':
conftest.c:26:7: warning: incompatible implicit declaration of built-in function 'exit' [enabled by default]
configure:2849: $? = 0
configure:2851: ./conftest.exe
configure:2854: $? = 0
configure:2869: result: yes
configure:2893: checking for sys/types.h
configure:2909: gcc -c -I/mingw/../devlibs/include -mtune=generic -O3  -I/mingw/../devlibs/gnustep1201/System/Library/Headers conftest.c >&5
configure:2915: $? = 0
configure:2919: test -z 
			 || test ! -s conftest.err
configure:2922: $? = 0
configure:2925: test -s conftest.o
configure:2928: $? = 0
configure:2939: result: yes
configure:2893: checking for sys/stat.h
configure:2909: gcc -c -I/mingw/../devlibs/include -mtune=generic -O3  -I/mingw/../devlibs/gnustep1201/System/Library/Headers conftest.c >&5
configure:2915: $? = 0
configure:2919: test -z 
			 || test ! -s conftest.err
configure:2922: $? = 0
configure:2925: test -s conftest.o
configure:2928: $? = 0
configure:2939: result: yes
configure:2893: checking for stdlib.h
configure:2909: gcc -c -I/mingw/../devlibs/include -mtune=generic -O3  -I/mingw/../devlibs/gnustep1201/System/Library/Headers conftest.c >&5
configure:2915: $? = 0
configure:2919: test -z 
			 || test ! -s conftest.err
configure:2922: $? = 0
configure:2925: test -s conftest.o
configure:2928: $? = 0
configure:2939: result: yes
configure:2893: checking for string.h
configure:2909: gcc -c -I/mingw/../devlibs/include -mtune=generic -O3  -I/mingw/../devlibs/gnustep1201/System/Library/Headers conftest.c >&5
configure:2915: $? = 0
configure:2919: test -z 
			 || test ! -s conftest.err
configure:2922: $? = 0
configure:2925: test -s conftest.o
configure:2928: $? = 0
configure:2939: result: yes
configure:2893: checking for memory.h
configure:2909: gcc -c -I/mingw/../devlibs/include -mtune=generic -O3  -I/mingw/../devlibs/gnustep1201/System/Library/Headers conftest.c >&5
configure:2915: $? = 0
configure:2919: test -z 
			 || test ! -s conftest.err
configure:2922: $? = 0
configure:2925: test -s conftest.o
configure:2928: $? = 0
configure:2939: result: yes
configure:2893: checking for strings.h
configure:2909: gcc -c -I/mingw/../devlibs/include -mtune=generic -O3  -I/mingw/../devlibs/gnustep1201/System/Library/Headers conftest.c >&5
configure:2915: $? = 0
configure:2919: test -z 
			 || test ! -s conftest.err
configure:2922: $? = 0
configure:2925: test -s conftest.o
configure:2928: $? = 0
configure:2939: result: yes
configure:2893: checking for inttypes.h
configure:2909: gcc -c -I/mingw/../devlibs/include -mtune=generic -O3  -I/mingw/../devlibs/gnustep1201/System/Library/Headers conftest.c >&5
configure:2915: $? = 0
configure:2919: test -z 
			 || test ! -s conftest.err
configure:2922: $? = 0
configure:2925: test -s conftest.o
configure:2928: $? = 0
configure:2939: result: yes
configure:2893: checking for stdint.h
configure:2909: gcc -c -I/mingw/../devlibs/include -mtune=generic -O3  -I/mingw/../devlibs/gnustep1201/System/Library/Headers conftest.c >&5
configure:2915: $? = 0
configure:2919: test -z 
			 || test ! -s conftest.err
configure:2922: $? = 0
configure:2925: test -s conftest.o
configure:2928: $? = 0
configure:2939: result: yes
configure:2893: checking for unistd.h
configure:2909: gcc -c -I/mingw/../devlibs/include -mtune=generic -O3  -I/mingw/../devlibs/gnustep1201/System/Library/Headers conftest.c >&5
configure:2915: $? = 0
configure:2919: test -z 
			 || test ! -s conftest.err
configure:2922: $? = 0
configure:2925: test -s conftest.o
configure:2928: $? = 0
configure:2939: result: yes
configure:2981: checking libc.h usability
configure:2993: gcc -c -I/mingw/../devlibs/include -mtune=generic -O3  -I/mingw/../devlibs/gnustep1201/System/Library/Headers conftest.c >&5
conftest.c:53:18: fatal error: libc.h: No such file or directory
compilation terminated.
configure:2999: $? = 1
configure: failed program was:
| /* confdefs.h.  */
| 
| #define PACKAGE_NAME ""
| #define PACKAGE_TARNAME ""
| #define PACKAGE_VERSION ""
| #define PACKAGE_STRING ""
| #define PACKAGE_BUGREPORT ""
| #define STDC_HEADERS 1
| #define HAVE_SYS_TYPES_H 1
| #define HAVE_SYS_STAT_H 1
| #define HAVE_STDLIB_H 1
| #define HAVE_STRING_H 1
| #define HAVE_MEMORY_H 1
| #define HAVE_STRINGS_H 1
| #define HAVE_INTTYPES_H 1
| #define HAVE_STDINT_H 1
| #define HAVE_UNISTD_H 1
| /* end confdefs.h.  */
| #include <stdio.h>
| #if HAVE_SYS_TYPES_H
| # include <sys/types.h>
| #endif
| #if HAVE_SYS_STAT_H
| # include <sys/stat.h>
| #endif
| #if STDC_HEADERS
| # include <stdlib.h>
| # include <stddef.h>
| #else
| # if HAVE_STDLIB_H
| #  include <stdlib.h>
| # endif
| #endif
| #if HAVE_STRING_H
| # if !STDC_HEADERS && HAVE_MEMORY_H
| #  include <memory.h>
| # endif
| # include <string.h>
| #endif
| #if HAVE_STRINGS_H
| # include <strings.h>
| #endif
| #if HAVE_INTTYPES_H
| # include <inttypes.h>
| #else
| # if HAVE_STDINT_H
| #  include <stdint.h>
| # endif
| #endif
| #if HAVE_UNISTD_H
| # include <unistd.h>
| #endif
| #include <libc.h>
configure:3022: result: no
configure:3026: checking libc.h presence
configure:3036: gcc -E  -I/mingw/../devlibs/gnustep1201/System/Library/Headers conftest.c
conftest.c:19:18: fatal error: libc.h: No such file or directory
compilation terminated.
configure:3042: $? = 1
configure: failed program was:
| /* confdefs.h.  */
| 
| #define PACKAGE_NAME ""
| #define PACKAGE_TARNAME ""
| #define PACKAGE_VERSION ""
| #define PACKAGE_STRING ""
| #define PACKAGE_BUGREPORT ""
| #define STDC_HEADERS 1
| #define HAVE_SYS_TYPES_H 1
| #define HAVE_SYS_STAT_H 1
| #define HAVE_STDLIB_H 1
| #define HAVE_STRING_H 1
| #define HAVE_MEMORY_H 1
| #define HAVE_STRINGS_H 1
| #define HAVE_INTTYPES_H 1
| #define HAVE_STDINT_H 1
| #define HAVE_UNISTD_H 1
| /* end confdefs.h.  */
| #include <libc.h>
configure:3062: result: no
configure:3097: checking for libc.h
configure:3104: result: no
configure:2981: checking limits.h usability
configure:2993: gcc -c -I/mingw/../devlibs/include -mtune=generic -O3  -I/mingw/../devlibs/gnustep1201/System/Library/Headers conftest.c >&5
configure:2999: $? = 0
configure:3003: test -z 
			 || test ! -s conftest.err
configure:3006: $? = 0
configure:3009: test -s conftest.o
configure:3012: $? = 0
configure:3022: result: yes
configure:3026: checking limits.h presence
configure:3036: gcc -E  -I/mingw/../devlibs/gnustep1201/System/Library/Headers conftest.c
configure:3042: $? = 0
configure:3062: result: yes
configure:3097: checking for limits.h
configure:3104: result: yes
configure:2981: checking malloc.h usability
configure:2993: gcc -c -I/mingw/../devlibs/include -mtune=generic -O3  -I/mingw/../devlibs/gnustep1201/System/Library/Headers conftest.c >&5
configure:2999: $? = 0
configure:3003: test -z 
			 || test ! -s conftest.err
configure:3006: $? = 0
configure:3009: test -s conftest.o
configure:3012: $? = 0
configure:3022: result: yes
configure:3026: checking malloc.h presence
configure:3036: gcc -E  -I/mingw/../devlibs/gnustep1201/System/Library/Headers conftest.c
configure:3042: $? = 0
configure:3062: result: yes
configure:3097: checking for malloc.h
configure:3104: result: yes
configure:2972: checking for memory.h
configure:2977: result: yes
configure:2972: checking for string.h
configure:2977: result: yes
configure:2981: checking signal.h usability
configure:2993: gcc -c -I/mingw/../devlibs/include -mtune=generic -O3  -I/mingw/../devlibs/gnustep1201/System/Library/Headers conftest.c >&5
configure:2999: $? = 0
configure:3003: test -z 
			 || test ! -s conftest.err
configure:3006: $? = 0
configure:3009: test -s conftest.o
configure:3012: $? = 0
configure:3022: result: yes
configure:3026: checking signal.h presence
configure:3036: gcc -E  -I/mingw/../devlibs/gnustep1201/System/Library/Headers conftest.c
configure:3042: $? = 0
configure:3062: result: yes
configure:3097: checking for signal.h
configure:3104: result: yes
configure:2981: checking sys/signal.h usability
configure:2993: gcc -c -I/mingw/../devlibs/include -mtune=generic -O3  -I/mingw/../devlibs/gnustep1201/System/Library/Headers conftest.c >&5
conftest.c:58:24: fatal error: sys/signal.h: No such file or directory
compilation terminated.
configure:2999: $? = 1
configure: failed program was:
| /* confdefs.h.  */
| 
| #define PACKAGE_NAME ""
| #define PACKAGE_TARNAME ""
| #define PACKAGE_VERSION ""
| #define PACKAGE_STRING ""
| #define PACKAGE_BUGREPORT ""
| #define STDC_HEADERS 1
| #define HAVE_SYS_TYPES_H 1
| #define HAVE_SYS_STAT_H 1
| #define HAVE_STDLIB_H 1
| #define HAVE_STRING_H 1
| #define HAVE_MEMORY_H 1
| #define HAVE_STRINGS_H 1
| #define HAVE_INTTYPES_H 1
| #define HAVE_STDINT_H 1
| #define HAVE_UNISTD_H 1
| #define HAVE_LIMITS_H 1
| #define HAVE_MALLOC_H 1
| #define HAVE_MEMORY_H 1
| #define HAVE_STRING_H 1
| #define HAVE_SIGNAL_H 1
| /* end confdefs.h.  */
| #include <stdio.h>
| #if HAVE_SYS_TYPES_H
| # include <sys/types.h>
| #endif
| #if HAVE_SYS_STAT_H
| # include <sys/stat.h>
| #endif
| #if STDC_HEADERS
| # include <stdlib.h>
| # include <stddef.h>
| #else
| # if HAVE_STDLIB_H
| #  include <stdlib.h>
| # endif
| #endif
| #if HAVE_STRING_H
| # if !STDC_HEADERS && HAVE_MEMORY_H
| #  include <memory.h>
| # endif
| # include <string.h>
| #endif
| #if HAVE_STRINGS_H
| # include <strings.h>
| #endif
| #if HAVE_INTTYPES_H
| # include <inttypes.h>
| #else
| # if HAVE_STDINT_H
| #  include <stdint.h>
| # endif
| #endif
| #if HAVE_UNISTD_H
| # include <unistd.h>
| #endif
| #include <sys/signal.h>
configure:3022: result: no
configure:3026: checking sys/signal.h presence
configure:3036: gcc -E  -I/mingw/../devlibs/gnustep1201/System/Library/Headers conftest.c
conftest.c:24:24: fatal error: sys/signal.h: No such file or directory
compilation terminated.
configure:3042: $? = 1
configure: failed program was:
| /* confdefs.h.  */
| 
| #define PACKAGE_NAME ""
| #define PACKAGE_TARNAME ""
| #define PACKAGE_VERSION ""
| #define PACKAGE_STRING ""
| #define PACKAGE_BUGREPORT ""
| #define STDC_HEADERS 1
| #define HAVE_SYS_TYPES_H 1
| #define HAVE_SYS_STAT_H 1
| #define HAVE_STDLIB_H 1
| #define HAVE_STRING_H 1
| #define HAVE_MEMORY_H 1
| #define HAVE_STRINGS_H 1
| #define HAVE_INTTYPES_H 1
| #define HAVE_STDINT_H 1
| #define HAVE_UNISTD_H 1
| #define HAVE_LIMITS_H 1
| #define HAVE_MALLOC_H 1
| #define HAVE_MEMORY_H 1
| #define HAVE_STRING_H 1
| #define HAVE_SIGNAL_H 1
| /* end confdefs.h.  */
| #include <sys/signal.h>
configure:3062: result: no
configure:3097: checking for sys/signal.h
configure:3104: result: no
configure:2981: checking sys/param.h usability
configure:2993: gcc -c -I/mingw/../devlibs/include -mtune=generic -O3  -I/mingw/../devlibs/gnustep1201/System/Library/Headers conftest.c >&5
configure:2999: $? = 0
configure:3003: test -z 
			 || test ! -s conftest.err
configure:3006: $? = 0
configure:3009: test -s conftest.o
configure:3012: $? = 0
configure:3022: result: yes
configure:3026: checking sys/param.h presence
configure:3036: gcc -E  -I/mingw/../devlibs/gnustep1201/System/Library/Headers conftest.c
configure:3042: $? = 0
configure:3062: result: yes
configure:3097: checking for sys/param.h
configure:3104: result: yes
configure:2981: checking sys/wait.h usability
configure:2993: gcc -c -I/mingw/../devlibs/include -mtune=generic -O3  -I/mingw/../devlibs/gnustep1201/System/Library/Headers conftest.c >&5
conftest.c:59:22: fatal error: sys/wait.h: No such file or directory
compilation terminated.
configure:2999: $? = 1
configure: failed program was:
| /* confdefs.h.  */
| 
| #define PACKAGE_NAME ""
| #define PACKAGE_TARNAME ""
| #define PACKAGE_VERSION ""
| #define PACKAGE_STRING ""
| #define PACKAGE_BUGREPORT ""
| #define STDC_HEADERS 1
| #define HAVE_SYS_TYPES_H 1
| #define HAVE_SYS_STAT_H 1
| #define HAVE_STDLIB_H 1
| #define HAVE_STRING_H 1
| #define HAVE_MEMORY_H 1
| #define HAVE_STRINGS_H 1
| #define HAVE_INTTYPES_H 1
| #define HAVE_STDINT_H 1
| #define HAVE_UNISTD_H 1
| #define HAVE_LIMITS_H 1
| #define HAVE_MALLOC_H 1
| #define HAVE_MEMORY_H 1
| #define HAVE_STRING_H 1
| #define HAVE_SIGNAL_H 1
| #define HAVE_SYS_PARAM_H 1
| /* end confdefs.h.  */
| #include <stdio.h>
| #if HAVE_SYS_TYPES_H
| # include <sys/types.h>
| #endif
| #if HAVE_SYS_STAT_H
| # include <sys/stat.h>
| #endif
| #if STDC_HEADERS
| # include <stdlib.h>
| # include <stddef.h>
| #else
| # if HAVE_STDLIB_H
| #  include <stdlib.h>
| # endif
| #endif
| #if HAVE_STRING_H
| # if !STDC_HEADERS && HAVE_MEMORY_H
| #  include <memory.h>
| # endif
| # include <string.h>
| #endif
| #if HAVE_STRINGS_H
| # include <strings.h>
| #endif
| #if HAVE_INTTYPES_H
| # include <inttypes.h>
| #else
| # if HAVE_STDINT_H
| #  include <stdint.h>
| # endif
| #endif
| #if HAVE_UNISTD_H
| # include <unistd.h>
| #endif
| #include <sys/wait.h>
configure:3022: result: no
configure:3026: checking sys/wait.h presence
configure:3036: gcc -E  -I/mingw/../devlibs/gnustep1201/System/Library/Headers conftest.c
conftest.c:25:22: fatal error: sys/wait.h: No such file or directory
compilation terminated.
configure:3042: $? = 1
configure: failed program was:
| /* confdefs.h.  */
| 
| #define PACKAGE_NAME ""
| #define PACKAGE_TARNAME ""
| #define PACKAGE_VERSION ""
| #define PACKAGE_STRING ""
| #define PACKAGE_BUGREPORT ""
| #define STDC_HEADERS 1
| #define HAVE_SYS_TYPES_H 1
| #define HAVE_SYS_STAT_H 1
| #define HAVE_STDLIB_H 1
| #define HAVE_STRING_H 1
| #define HAVE_MEMORY_H 1
| #define HAVE_STRINGS_H 1
| #define HAVE_INTTYPES_H 1
| #define HAVE_STDINT_H 1
| #define HAVE_UNISTD_H 1
| #define HAVE_LIMITS_H 1
| #define HAVE_MALLOC_H 1
| #define HAVE_MEMORY_H 1
| #define HAVE_STRING_H 1
| #define HAVE_SIGNAL_H 1
| #define HAVE_SYS_PARAM_H 1
| /* end confdefs.h.  */
| #include <sys/wait.h>
configure:3062: result: no
configure:3097: checking for sys/wait.h
configure:3104: result: no
configure:2981: checking sys/file.h usability
configure:2993: gcc -c -I/mingw/../devlibs/include -mtune=generic -O3  -I/mingw/../devlibs/gnustep1201/System/Library/Headers conftest.c >&5
configure:2999: $? = 0
configure:3003: test -z 
			 || test ! -s conftest.err
configure:3006: $? = 0
configure:3009: test -s conftest.o
configure:3012: $? = 0
configure:3022: result: yes
configure:3026: checking sys/file.h presence
configure:3036: gcc -E  -I/mingw/../devlibs/gnustep1201/System/Library/Headers conftest.c
configure:3042: $? = 0
configure:3062: result: yes
configure:3097: checking for sys/file.h
configure:3104: result: yes
configure:2981: checking sys/fcntl.h usability
configure:2993: gcc -c -I/mingw/../devlibs/include -mtune=generic -O3  -I/mingw/../devlibs/gnustep1201/System/Library/Headers conftest.c >&5
configure:2999: $? = 0
configure:3003: test -z 
			 || test ! -s conftest.err
configure:3006: $? = 0
configure:3009: test -s conftest.o
configure:3012: $? = 0
configure:3022: result: yes
configure:3026: checking sys/fcntl.h presence
configure:3036: gcc -E  -I/mingw/../devlibs/gnustep1201/System/Library/Headers conftest.c
configure:3042: $? = 0
configure:3062: result: yes
configure:3097: checking for sys/fcntl.h
configure:3104: result: yes
configure:2981: checking sys/ioctl.h usability
configure:2993: gcc -c -I/mingw/../devlibs/include -mtune=generic -O3  -I/mingw/../devlibs/gnustep1201/System/Library/Headers conftest.c >&5
conftest.c:61:23: fatal error: sys/ioctl.h: No such file or directory
compilation terminated.
configure:2999: $? = 1
configure: failed program was:
| /* confdefs.h.  */
| 
| #define PACKAGE_NAME ""
| #define PACKAGE_TARNAME ""
| #define PACKAGE_VERSION ""
| #define PACKAGE_STRING ""
| #define PACKAGE_BUGREPORT ""
| #define STDC_HEADERS 1
| #define HAVE_SYS_TYPES_H 1
| #define HAVE_SYS_STAT_H 1
| #define HAVE_STDLIB_H 1
| #define HAVE_STRING_H 1
| #define HAVE_MEMORY_H 1
| #define HAVE_STRINGS_H 1
| #define HAVE_INTTYPES_H 1
| #define HAVE_STDINT_H 1
| #define HAVE_UNISTD_H 1
| #define HAVE_LIMITS_H 1
| #define HAVE_MALLOC_H 1
| #define HAVE_MEMORY_H 1
| #define HAVE_STRING_H 1
| #define HAVE_SIGNAL_H 1
| #define HAVE_SYS_PARAM_H 1
| #define HAVE_SYS_FILE_H 1
| #define HAVE_SYS_FCNTL_H 1
| /* end confdefs.h.  */
| #include <stdio.h>
| #if HAVE_SYS_TYPES_H
| # include <sys/types.h>
| #endif
| #if HAVE_SYS_STAT_H
| # include <sys/stat.h>
| #endif
| #if STDC_HEADERS
| # include <stdlib.h>
| # include <stddef.h>
| #else
| # if HAVE_STDLIB_H
| #  include <stdlib.h>
| # endif
| #endif
| #if HAVE_STRING_H
| # if !STDC_HEADERS && HAVE_MEMORY_H
| #  include <memory.h>
| # endif
| # include <string.h>
| #endif
| #if HAVE_STRINGS_H
| # include <strings.h>
| #endif
| #if HAVE_INTTYPES_H
| # include <inttypes.h>
| #else
| # if HAVE_STDINT_H
| #  include <stdint.h>
| # endif
| #endif
| #if HAVE_UNISTD_H
| # include <unistd.h>
| #endif
| #include <sys/ioctl.h>
configure:3022: result: no
configure:3026: checking sys/ioctl.h presence
configure:3036: gcc -E  -I/mingw/../devlibs/gnustep1201/System/Library/Headers conftest.c
conftest.c:27:23: fatal error: sys/ioctl.h: No such file or directory
compilation terminated.
configure:3042: $? = 1
configure: failed program was:
| /* confdefs.h.  */
| 
| #define PACKAGE_NAME ""
| #define PACKAGE_TARNAME ""
| #define PACKAGE_VERSION ""
| #define PACKAGE_STRING ""
| #define PACKAGE_BUGREPORT ""
| #define STDC_HEADERS 1
| #define HAVE_SYS_TYPES_H 1
| #define HAVE_SYS_STAT_H 1
| #define HAVE_STDLIB_H 1
| #define HAVE_STRING_H 1
| #define HAVE_MEMORY_H 1
| #define HAVE_STRINGS_H 1
| #define HAVE_INTTYPES_H 1
| #define HAVE_STDINT_H 1
| #define HAVE_UNISTD_H 1
| #define HAVE_LIMITS_H 1
| #define HAVE_MALLOC_H 1
| #define HAVE_MEMORY_H 1
| #define HAVE_STRING_H 1
| #define HAVE_SIGNAL_H 1
| #define HAVE_SYS_PARAM_H 1
| #define HAVE_SYS_FILE_H 1
| #define HAVE_SYS_FCNTL_H 1
| /* end confdefs.h.  */
| #include <sys/ioctl.h>
configure:3062: result: no
configure:3097: checking for sys/ioctl.h
configure:3104: result: no
configure:2981: checking sys/stropts.h usability
configure:2993: gcc -c -I/mingw/../devlibs/include -mtune=generic -O3  -I/mingw/../devlibs/gnustep1201/System/Library/Headers conftest.c >&5
conftest.c:61:25: fatal error: sys/stropts.h: No such file or directory
compilation terminated.
configure:2999: $? = 1
configure: failed program was:
| /* confdefs.h.  */
| 
| #define PACKAGE_NAME ""
| #define PACKAGE_TARNAME ""
| #define PACKAGE_VERSION ""
| #define PACKAGE_STRING ""
| #define PACKAGE_BUGREPORT ""
| #define STDC_HEADERS 1
| #define HAVE_SYS_TYPES_H 1
| #define HAVE_SYS_STAT_H 1
| #define HAVE_STDLIB_H 1
| #define HAVE_STRING_H 1
| #define HAVE_MEMORY_H 1
| #define HAVE_STRINGS_H 1
| #define HAVE_INTTYPES_H 1
| #define HAVE_STDINT_H 1
| #define HAVE_UNISTD_H 1
| #define HAVE_LIMITS_H 1
| #define HAVE_MALLOC_H 1
| #define HAVE_MEMORY_H 1
| #define HAVE_STRING_H 1
| #define HAVE_SIGNAL_H 1
| #define HAVE_SYS_PARAM_H 1
| #define HAVE_SYS_FILE_H 1
| #define HAVE_SYS_FCNTL_H 1
| /* end confdefs.h.  */
| #include <stdio.h>
| #if HAVE_SYS_TYPES_H
| # include <sys/types.h>
| #endif
| #if HAVE_SYS_STAT_H
| # include <sys/stat.h>
| #endif
| #if STDC_HEADERS
| # include <stdlib.h>
| # include <stddef.h>
| #else
| # if HAVE_STDLIB_H
| #  include <stdlib.h>
| # endif
| #endif
| #if HAVE_STRING_H
| # if !STDC_HEADERS && HAVE_MEMORY_H
| #  include <memory.h>
| # endif
| # include <string.h>
| #endif
| #if HAVE_STRINGS_H
| # include <strings.h>
| #endif
| #if HAVE_INTTYPES_H
| # include <inttypes.h>
| #else
| # if HAVE_STDINT_H
| #  include <stdint.h>
| # endif
| #endif
| #if HAVE_UNISTD_H
| # include <unistd.h>
| #endif
| #include <sys/stropts.h>
configure:3022: result: no
configure:3026: checking sys/stropts.h presence
configure:3036: gcc -E  -I/mingw/../devlibs/gnustep1201/System/Library/Headers conftest.c
conftest.c:27:25: fatal error: sys/stropts.h: No such file or directory
compilation terminated.
configure:3042: $? = 1
configure: failed program was:
| /* confdefs.h.  */
| 
| #define PACKAGE_NAME ""
| #define PACKAGE_TARNAME ""
| #define PACKAGE_VERSION ""
| #define PACKAGE_STRING ""
| #define PACKAGE_BUGREPORT ""
| #define STDC_HEADERS 1
| #define HAVE_SYS_TYPES_H 1
| #define HAVE_SYS_STAT_H 1
| #define HAVE_STDLIB_H 1
| #define HAVE_STRING_H 1
| #define HAVE_MEMORY_H 1
| #define HAVE_STRINGS_H 1
| #define HAVE_INTTYPES_H 1
| #define HAVE_STDINT_H 1
| #define HAVE_UNISTD_H 1
| #define HAVE_LIMITS_H 1
| #define HAVE_MALLOC_H 1
| #define HAVE_MEMORY_H 1
| #define HAVE_STRING_H 1
| #define HAVE_SIGNAL_H 1
| #define HAVE_SYS_PARAM_H 1
| #define HAVE_SYS_FILE_H 1
| #define HAVE_SYS_FCNTL_H 1
| /* end confdefs.h.  */
| #include <sys/stropts.h>
configure:3062: result: no
configure:3097: checking for sys/stropts.h
configure:3104: result: no
configure:2972: checking for unistd.h
configure:2977: result: yes
configure:2981: checking utime.h usability
configure:2993: gcc -c -I/mingw/../devlibs/include -mtune=generic -O3  -I/mingw/../devlibs/gnustep1201/System/Library/Headers conftest.c >&5
configure:2999: $? = 0
configure:3003: test -z 
			 || test ! -s conftest.err
configure:3006: $? = 0
configure:3009: test -s conftest.o
configure:3012: $? = 0
configure:3022: result: yes
configure:3026: checking utime.h presence
configure:3036: gcc -E  -I/mingw/../devlibs/gnustep1201/System/Library/Headers conftest.c
configure:3042: $? = 0
configure:3062: result: yes
configure:3097: checking for utime.h
configure:3104: result: yes
configure:2972: checking for stdint.h
configure:2977: result: yes
configure:2981: checking sys/inttypes.h usability
configure:2993: gcc -c -I/mingw/../devlibs/include -mtune=generic -O3  -I/mingw/../devlibs/gnustep1201/System/Library/Headers conftest.c >&5
conftest.c:64:26: fatal error: sys/inttypes.h: No such file or directory
compilation terminated.
configure:2999: $? = 1
configure: failed program was:
| /* confdefs.h.  */
| 
| #define PACKAGE_NAME ""
| #define PACKAGE_TARNAME ""
| #define PACKAGE_VERSION ""
| #define PACKAGE_STRING ""
| #define PACKAGE_BUGREPORT ""
| #define STDC_HEADERS 1
| #define HAVE_SYS_TYPES_H 1
| #define HAVE_SYS_STAT_H 1
| #define HAVE_STDLIB_H 1
| #define HAVE_STRING_H 1
| #define HAVE_MEMORY_H 1
| #define HAVE_STRINGS_H 1
| #define HAVE_INTTYPES_H 1
| #define HAVE_STDINT_H 1
| #define HAVE_UNISTD_H 1
| #define HAVE_LIMITS_H 1
| #define HAVE_MALLOC_H 1
| #define HAVE_MEMORY_H 1
| #define HAVE_STRING_H 1
| #define HAVE_SIGNAL_H 1
| #define HAVE_SYS_PARAM_H 1
| #define HAVE_SYS_FILE_H 1
| #define HAVE_SYS_FCNTL_H 1
| #define HAVE_UNISTD_H 1
| #define HAVE_UTIME_H 1
| #define HAVE_STDINT_H 1
| /* end confdefs.h.  */
| #include <stdio.h>
| #if HAVE_SYS_TYPES_H
| # include <sys/types.h>
| #endif
| #if HAVE_SYS_STAT_H
| # include <sys/stat.h>
| #endif
| #if STDC_HEADERS
| # include <stdlib.h>
| # include <stddef.h>
| #else
| # if HAVE_STDLIB_H
| #  include <stdlib.h>
| # endif
| #endif
| #if HAVE_STRING_H
| # if !STDC_HEADERS && HAVE_MEMORY_H
| #  include <memory.h>
| # endif
| # include <string.h>
| #endif
| #if HAVE_STRINGS_H
| # include <strings.h>
| #endif
| #if HAVE_INTTYPES_H
| # include <inttypes.h>
| #else
| # if HAVE_STDINT_H
| #  include <stdint.h>
| # endif
| #endif
| #if HAVE_UNISTD_H
| # include <unistd.h>
| #endif
| #include <sys/inttypes.h>
configure:3022: result: no
configure:3026: checking sys/inttypes.h presence
configure:3036: gcc -E  -I/mingw/../devlibs/gnustep1201/System/Library/Headers conftest.c
conftest.c:30:26: fatal error: sys/inttypes.h: No such file or directory
compilation terminated.
configure:3042: $? = 1
configure: failed program was:
| /* confdefs.h.  */
| 
| #define PACKAGE_NAME ""
| #define PACKAGE_TARNAME ""
| #define PACKAGE_VERSION ""
| #define PACKAGE_STRING ""
| #define PACKAGE_BUGREPORT ""
| #define STDC_HEADERS 1
| #define HAVE_SYS_TYPES_H 1
| #define HAVE_SYS_STAT_H 1
| #define HAVE_STDLIB_H 1
| #define HAVE_STRING_H 1
| #define HAVE_MEMORY_H 1
| #define HAVE_STRINGS_H 1
| #define HAVE_INTTYPES_H 1
| #define HAVE_STDINT_H 1
| #define HAVE_UNISTD_H 1
| #define HAVE_LIMITS_H 1
| #define HAVE_MALLOC_H 1
| #define HAVE_MEMORY_H 1
| #define HAVE_STRING_H 1
| #define HAVE_SIGNAL_H 1
| #define HAVE_SYS_PARAM_H 1
| #define HAVE_SYS_FILE_H 1
| #define HAVE_SYS_FCNTL_H 1
| #define HAVE_UNISTD_H 1
| #define HAVE_UTIME_H 1
| #define HAVE_STDINT_H 1
| /* end confdefs.h.  */
| #include <sys/inttypes.h>
configure:3062: result: no
configure:3097: checking for sys/inttypes.h
configure:3104: result: no
configure:3206: checking openssl/ssl.h usability
configure:3218: gcc -c -I/mingw/../devlibs/include -mtune=generic -O3  -I/mingw/../devlibs/gnustep1201/System/Library/Headers conftest.c >&5
conftest.c:64:25: fatal error: openssl/ssl.h: No such file or directory
compilation terminated.
configure:3224: $? = 1
configure: failed program was:
| /* confdefs.h.  */
| 
| #define PACKAGE_NAME ""
| #define PACKAGE_TARNAME ""
| #define PACKAGE_VERSION ""
| #define PACKAGE_STRING ""
| #define PACKAGE_BUGREPORT ""
| #define STDC_HEADERS 1
| #define HAVE_SYS_TYPES_H 1
| #define HAVE_SYS_STAT_H 1
| #define HAVE_STDLIB_H 1
| #define HAVE_STRING_H 1
| #define HAVE_MEMORY_H 1
| #define HAVE_STRINGS_H 1
| #define HAVE_INTTYPES_H 1
| #define HAVE_STDINT_H 1
| #define HAVE_UNISTD_H 1
| #define HAVE_LIMITS_H 1
| #define HAVE_MALLOC_H 1
| #define HAVE_MEMORY_H 1
| #define HAVE_STRING_H 1
| #define HAVE_SIGNAL_H 1
| #define HAVE_SYS_PARAM_H 1
| #define HAVE_SYS_FILE_H 1
| #define HAVE_SYS_FCNTL_H 1
| #define HAVE_UNISTD_H 1
| #define HAVE_UTIME_H 1
| #define HAVE_STDINT_H 1
| /* end confdefs.h.  */
| #include <stdio.h>
| #if HAVE_SYS_TYPES_H
| # include <sys/types.h>
| #endif
| #if HAVE_SYS_STAT_H
| # include <sys/stat.h>
| #endif
| #if STDC_HEADERS
| # include <stdlib.h>
| # include <stddef.h>
| #else
| # if HAVE_STDLIB_H
| #  include <stdlib.h>
| # endif
| #endif
| #if HAVE_STRING_H
| # if !STDC_HEADERS && HAVE_MEMORY_H
| #  include <memory.h>
| # endif
| # include <string.h>
| #endif
| #if HAVE_STRINGS_H
| # include <strings.h>
| #endif
| #if HAVE_INTTYPES_H
| # include <inttypes.h>
| #else
| # if HAVE_STDINT_H
| #  include <stdint.h>
| # endif
| #endif
| #if HAVE_UNISTD_H
| # include <unistd.h>
| #endif
| #include <openssl/ssl.h>
configure:3247: result: no
configure:3251: checking openssl/ssl.h presence
configure:3261: gcc -E  -I/mingw/../devlibs/gnustep1201/System/Library/Headers conftest.c
conftest.c:30:25: fatal error: openssl/ssl.h: No such file or directory
compilation terminated.
configure:3267: $? = 1
configure: failed program was:
| /* confdefs.h.  */
| 
| #define PACKAGE_NAME ""
| #define PACKAGE_TARNAME ""
| #define PACKAGE_VERSION ""
| #define PACKAGE_STRING ""
| #define PACKAGE_BUGREPORT ""
| #define STDC_HEADERS 1
| #define HAVE_SYS_TYPES_H 1
| #define HAVE_SYS_STAT_H 1
| #define HAVE_STDLIB_H 1
| #define HAVE_STRING_H 1
| #define HAVE_MEMORY_H 1
| #define HAVE_STRINGS_H 1
| #define HAVE_INTTYPES_H 1
| #define HAVE_STDINT_H 1
| #define HAVE_UNISTD_H 1
| #define HAVE_LIMITS_H 1
| #define HAVE_MALLOC_H 1
| #define HAVE_MEMORY_H 1
| #define HAVE_STRING_H 1
| #define HAVE_SIGNAL_H 1
| #define HAVE_SYS_PARAM_H 1
| #define HAVE_SYS_FILE_H 1
| #define HAVE_SYS_FCNTL_H 1
| #define HAVE_UNISTD_H 1
| #define HAVE_UTIME_H 1
| #define HAVE_STDINT_H 1
| /* end confdefs.h.  */
| #include <openssl/ssl.h>
configure:3287: result: no
configure:3322: checking for openssl/ssl.h
configure:3329: result: no
configure:3732: WARNING: SSL bundle will not be built: Could not find openssl libraries
configure:3847: creating ./config.status

## ---------------------- ##
## Running config.status. ##
## ---------------------- ##

This file was extended by config.status, which was
generated by GNU Autoconf 2.59.  Invocation command line was

  CONFIG_FILES    = 
  CONFIG_HEADERS  = 
  CONFIG_LINKS    = 
  CONFIG_COMMANDS = 
  $ ./config.status 

on pc-pisy

config.status:657: creating config.mak
config.status:760: creating config.h
config.status:884: config.h is unchanged

## ---------------- ##
## Cache variables. ##
## ---------------- ##

ac_cv_build=i686-pc-mingw32
ac_cv_build_alias=i686-pc-mingw32
ac_cv_c_compiler_gnu=yes
ac_cv_env_CC_set=
ac_cv_env_CC_value=
ac_cv_env_CFLAGS_set=set
ac_cv_env_CFLAGS_value='-I/mingw/../devlibs/include -mtune=generic -O3'
ac_cv_env_CPPFLAGS_set=
ac_cv_env_CPPFLAGS_value=
ac_cv_env_CPP_set=
ac_cv_env_CPP_value=
ac_cv_env_LDFLAGS_set=set
ac_cv_env_LDFLAGS_value=-L/mingw/../devlibs/lib
ac_cv_env_build_alias_set=
ac_cv_env_build_alias_value=
ac_cv_env_host_alias_set=
ac_cv_env_host_alias_value=
ac_cv_env_target_alias_set=
ac_cv_env_target_alias_value=
ac_cv_exeext=.exe
ac_cv_header_inttypes_h=yes
ac_cv_header_libc_h=no
ac_cv_header_limits_h=yes
ac_cv_header_malloc_h=yes
ac_cv_header_memory_h=yes
ac_cv_header_openssl_ssl_h=no
ac_cv_header_signal_h=yes
ac_cv_header_stdc=yes
ac_cv_header_stdint_h=yes
ac_cv_header_stdlib_h=yes
ac_cv_header_string_h=yes
ac_cv_header_strings_h=yes
ac_cv_header_sys_fcntl_h=yes
ac_cv_header_sys_file_h=yes
ac_cv_header_sys_inttypes_h=no
ac_cv_header_sys_ioctl_h=no
ac_cv_header_sys_param_h=yes
ac_cv_header_sys_signal_h=no
ac_cv_header_sys_stat_h=yes
ac_cv_header_sys_stropts_h=no
ac_cv_header_sys_types_h=yes
ac_cv_header_sys_wait_h=no
ac_cv_header_unistd_h=yes
ac_cv_header_utime_h=yes
ac_cv_host=i686-pc-mingw32
ac_cv_host_alias=i686-pc-mingw32
ac_cv_objext=o
ac_cv_path_WHOAMI=/c/Windows/system32/whoami
ac_cv_prog_CPP='gcc -E'
ac_cv_prog_ac_ct_CC=gcc
ac_cv_prog_cc_g=yes
ac_cv_prog_cc_stdc=
ac_cv_prog_egrep='grep -E'
ac_cv_target=i686-pc-mingw32
ac_cv_target_alias=i686-pc-mingw32

## ----------------- ##
## Output variables. ##
## ----------------- ##

CC='gcc'
CFLAGS='-I/mingw/../devlibs/include -mtune=generic -O3'
CPP='gcc -E'
CPPFLAGS=' -I/mingw/../devlibs/gnustep1201/System/Library/Headers'
DEFS='-DHAVE_CONFIG_H'
ECHO_C=''
ECHO_N='-n'
ECHO_T=''
EGREP='grep -E'
EXEEXT='.exe'
HAVE_OPENSSL='no'
LDFLAGS='-L/mingw/../devlibs/lib -L/mingw/../devlibs/gnustep1201/System/Library/Libraries/gnu-gnu-gnu -L/mingw/../devlibs/gnustep1201/System/Library/Libraries'
LIBOBJS=''
LIBS=''
LTLIBOBJS=''
OBJEXT='o'
PACKAGE_BUGREPORT=''
PACKAGE_NAME=''
PACKAGE_STRING=''
PACKAGE_TARNAME=''
PACKAGE_VERSION=''
PATH_SEPARATOR=':'
SHELL='/bin/sh'
SSLFLAGS=''
SSLLIBS=' '
WHOAMI='/c/Windows/system32/whoami'
ac_ct_CC='gcc'
bindir='${exec_prefix}/bin'
build='i686-pc-mingw32'
build_alias=''
build_cpu='i686'
build_os='mingw32'
build_vendor='pc'
datadir='${prefix}/share'
exec_prefix='${prefix}'
host='i686-pc-mingw32'
host_alias=''
host_cpu='i686'
host_os='mingw32'
host_vendor='pc'
includedir='${prefix}/include'
infodir='${prefix}/info'
libdir='${exec_prefix}/lib'
libexecdir='${exec_prefix}/libexec'
localstatedir='${prefix}/var'
mandir='${prefix}/man'
oldincludedir='/usr/include'
prefix='/mingw/../devlibs/gnustep1201'
program_transform_name='s,x,x,'
sbindir='${exec_prefix}/sbin'
sharedstatedir='${prefix}/com'
sysconfdir='${prefix}/etc'
target='i686-pc-mingw32'
target_alias=''
target_cpu='i686'
target_os='mingw32'
target_vendor='pc'

## ----------- ##
## confdefs.h. ##
## ----------- ##

#define HAVE_INTTYPES_H 1
#define HAVE_LIMITS_H 1
#define HAVE_MALLOC_H 1
#define HAVE_MEMORY_H 1
#define HAVE_MEMORY_H 1
#define HAVE_SIGNAL_H 1
#define HAVE_STDINT_H 1
#define HAVE_STDINT_H 1
#define HAVE_STDLIB_H 1
#define HAVE_STRINGS_H 1
#define HAVE_STRING_H 1
#define HAVE_STRING_H 1
#define HAVE_SYS_FCNTL_H 1
#define HAVE_SYS_FILE_H 1
#define HAVE_SYS_PARAM_H 1
#define HAVE_SYS_STAT_H 1
#define HAVE_SYS_TYPES_H 1
#define HAVE_UNISTD_H 1
#define HAVE_UNISTD_H 1
#define HAVE_UTIME_H 1
#define PACKAGE_BUGREPORT ""
#define PACKAGE_NAME ""
#define PACKAGE_STRING ""
#define PACKAGE_TARNAME ""
#define PACKAGE_VERSION ""
#define STDC_HEADERS 1

configure: exit 0
