This file contains any messages produced by compilers while
running configure, to aid debugging if configure makes a mistake.

It was created by configure, which was
generated by GNU Autoconf 2.68.  Invocation command line was

  $ ./configure 

## --------- ##
## Platform. ##
## --------- ##

hostname = BHIG4NYZN1
uname -m = i686
uname -r = 1.0.11(0.46/3/2)
uname -s = MINGW32_NT-6.1
uname -v = 2009-07-11 17:46

/usr/bin/uname -p = unknown
/bin/uname -X     = unknown

/bin/arch              = unknown
/usr/bin/arch -k       = unknown
/usr/convex/getsysinfo = unknown
/usr/bin/hostinfo      = unknown
/bin/machine           = unknown
/usr/bin/oslevel       = unknown
/bin/universe          = unknown

PATH: .
PATH: /usr/local/bin
PATH: /mingw/bin
PATH: /bin
PATH: /mingw/../devlibs/bin
PATH: /c/Program Files (x86)/CA/SC/CAWIN/
PATH: /c/windows/system32
PATH: /c/windows
PATH: /c/windows/System32/Wbem
PATH: /c/windows/System32/WindowsPowerShell/v1.0/
PATH: /c/Program Files/Dell/Dell Data Protection/Access/Advanced/Wave/Gemalto/Access Client/v5/
PATH: /c/Program Files (x86)/Security Innovation/SI TSS/bin/
PATH: /c/Program Files (x86)/Common Files/Roxio Shared/DLLShared/
PATH: /c/Program Files (x86)/Common Files/Roxio Shared/OEM/DLLShared/
PATH: /c/Program Files (x86)/Common Files/Roxio Shared/OEM/DLLShared/
PATH: /c/Program Files (x86)/Common Files/Roxio Shared/OEM/12.0/DLLShared/
PATH: /c/Program Files (x86)/Roxio/OEM/AudioCore/
PATH: /c/PROGRA~2/CA/SC/CAM/bin
PATH: /c/Program Files (x86)/CA/SC/Csam/SockAdapter/bin
PATH: /c/Program Files (x86)/CA/SC/CBB/
PATH: /c/Program Files (x86)/CA/DSM/bin
PATH: /svn/bin
PATH: /nsis


## ----------- ##
## Core tests. ##
## ----------- ##

configure:2185: checking for nasm
configure:2218: result: no
configure:2322: checking for gcc
configure:2338: found /mingw/bin/gcc
configure:2349: result: gcc
configure:2578: checking for C compiler version
configure:2587: gcc --version >&5
gcc.exe (tdm64-1) 4.8.1
Copyright (C) 2013 Free Software Foundation, Inc.
This is free software; see the source for copying conditions.  There is NO
warranty; not even for MERCHANTABILITY or FITNESS FOR A PARTICULAR PURPOSE.

configure:2598: $? = 0
configure:2587: gcc -v >&5
Using built-in specs.
COLLECT_GCC=C:\DevelopmentEnvironment\gcc\Msys_x2\1.0\mingw\bin\gcc.exe
COLLECT_LTO_WRAPPER=c:/developmentenvironment/gcc/msys_x2/1.0/mingw/bin/../libexec/gcc/x86_64-w64-mingw32/4.8.1/lto-wrapper.exe
Target: x86_64-w64-mingw32
Configured with: ../../../src/gcc-4.8.1/configure --build=x86_64-w64-mingw32 --enable-targets=all --enable-languages=ada,c,c++,fortran,lto,objc,obj-c++ --enable-libgomp --enable-lto --enable-graphite --enable-cxx-flags=-DWINPTHREAD_STATIC --enable-libstdcxx-debug --enable-threads=posix --enable-version-specific-runtime-libs --enable-fully-dynamic-string --enable-libstdcxx-threads --enable-libstdcxx-time --with-gnu-ld --disable-werror --disable-nls --disable-win32-registry --prefix=/mingw64tdm --with-local-prefix=/mingw64tdm --with-pkgversion=tdm64-1 --with-bugurl=http://tdm-gcc.tdragon.net/bugs
Thread model: posix
gcc version 4.8.1 (tdm64-1) 
configure:2598: $? = 0
configure:2587: gcc -V >&5
gcc.exe: error: unrecognized command line option '-V'
gcc.exe: fatal error: no input files
compilation terminated.
configure:2598: $? = 1
configure:2587: gcc -qversion >&5
gcc.exe: error: unrecognized command line option '-qversion'
gcc.exe: fatal error: no input files
compilation terminated.
configure:2598: $? = 1
configure:2618: checking whether the C compiler works
configure:2640: gcc    conftest.c  >&5
configure:2644: $? = 0
configure:2692: result: yes
configure:2695: checking for C compiler default output file name
configure:2697: result: a.exe
configure:2703: checking for suffix of executables
configure:2710: gcc -o conftest.exe    conftest.c  >&5
configure:2714: $? = 0
configure:2736: result: .exe
configure:2758: checking whether we are cross compiling
configure:2766: gcc -o conftest.exe    conftest.c  >&5
configure:2770: $? = 0
configure:2777: ./conftest.exe
configure:2781: $? = 0
configure:2796: result: no
configure:2801: checking for suffix of object files
configure:2823: gcc -c   conftest.c >&5
configure:2827: $? = 0
configure:2848: result: o
configure:2852: checking whether we are using the GNU C compiler
configure:2871: gcc -c   conftest.c >&5
configure:2871: $? = 0
configure:2880: result: yes
configure:2889: checking whether gcc accepts -g
configure:2909: gcc -c -g  conftest.c >&5
configure:2909: $? = 0
configure:2950: result: yes
configure:2967: checking for gcc option to accept ISO C89
configure:3031: gcc  -c -g -O2  conftest.c >&5
configure:3031: $? = 0
configure:3044: result: none needed
configure:3070: checking how to run the C preprocessor
configure:3101: gcc -E  conftest.c
configure:3101: $? = 0
configure:3115: gcc -E  conftest.c
conftest.c:9:28: fatal error: ac_nonexistent.h: No such file or directory
 #include <ac_nonexistent.h>
                            ^
compilation terminated.
configure:3115: $? = 1
configure: failed program was:
| /* confdefs.h */
| #define PACKAGE_NAME ""
| #define PACKAGE_TARNAME ""
| #define PACKAGE_VERSION ""
| #define PACKAGE_STRING ""
| #define PACKAGE_BUGREPORT ""
| #define PACKAGE_URL ""
| /* end confdefs.h.  */
| #include <ac_nonexistent.h>
configure:3140: result: gcc -E
configure:3160: gcc -E  conftest.c
configure:3160: $? = 0
configure:3174: gcc -E  conftest.c
conftest.c:9:28: fatal error: ac_nonexistent.h: No such file or directory
 #include <ac_nonexistent.h>
                            ^
compilation terminated.
configure:3174: $? = 1
configure: failed program was:
| /* confdefs.h */
| #define PACKAGE_NAME ""
| #define PACKAGE_TARNAME ""
| #define PACKAGE_VERSION ""
| #define PACKAGE_STRING ""
| #define PACKAGE_BUGREPORT ""
| #define PACKAGE_URL ""
| /* end confdefs.h.  */
| #include <ac_nonexistent.h>
configure:3203: checking for grep that handles long lines and -e
configure:3261: result: /bin/grep
configure:3266: checking for egrep
configure:3328: result: /bin/grep -E
configure:3333: checking for ANSI C header files
configure:3353: gcc -c -g -O2  conftest.c >&5
configure:3353: $? = 0
configure:3426: gcc -o conftest.exe -g -O2   conftest.c  >&5
configure:3426: $? = 0
configure:3426: ./conftest.exe
configure:3426: $? = 0
configure:3437: result: yes
configure:3450: checking for sys/types.h
configure:3450: gcc -c -g -O2  conftest.c >&5
configure:3450: $? = 0
configure:3450: result: yes
configure:3450: checking for sys/stat.h
configure:3450: gcc -c -g -O2  conftest.c >&5
configure:3450: $? = 0
configure:3450: result: yes
configure:3450: checking for stdlib.h
configure:3450: gcc -c -g -O2  conftest.c >&5
configure:3450: $? = 0
configure:3450: result: yes
configure:3450: checking for string.h
configure:3450: gcc -c -g -O2  conftest.c >&5
configure:3450: $? = 0
configure:3450: result: yes
configure:3450: checking for memory.h
configure:3450: gcc -c -g -O2  conftest.c >&5
configure:3450: $? = 0
configure:3450: result: yes
configure:3450: checking for strings.h
configure:3450: gcc -c -g -O2  conftest.c >&5
configure:3450: $? = 0
configure:3450: result: yes
configure:3450: checking for inttypes.h
configure:3450: gcc -c -g -O2  conftest.c >&5
configure:3450: $? = 0
configure:3450: result: yes
configure:3450: checking for stdint.h
configure:3450: gcc -c -g -O2  conftest.c >&5
configure:3450: $? = 0
configure:3450: result: yes
configure:3450: checking for unistd.h
configure:3450: gcc -c -g -O2  conftest.c >&5
configure:3450: $? = 0
configure:3450: result: yes
configure:3463: checking minix/config.h usability
configure:3463: gcc -c -g -O2  conftest.c >&5
conftest.c:52:26: fatal error: minix/config.h: No such file or directory
 #include <minix/config.h>
                          ^
compilation terminated.
configure:3463: $? = 1
configure: failed program was:
| /* confdefs.h */
| #define PACKAGE_NAME ""
| #define PACKAGE_TARNAME ""
| #define PACKAGE_VERSION ""
| #define PACKAGE_STRING ""
| #define PACKAGE_BUGREPORT ""
| #define PACKAGE_URL ""
| #define STDC_HEADERS 1
| #define HAVE_SYS_TYPES_H 1
| #define HAVE_SYS_STAT_H 1
| #define HAVE_STDLIB_H 1
| #define HAVE_STRING_H 1
| #define HAVE_MEMORY_H 1
| #define HAVE_STRINGS_H 1
| #define HAVE_INTTYPES_H 1
| #define HAVE_STDINT_H 1
| #define HAVE_UNISTD_H 1
| /* end confdefs.h.  */
| #include <stdio.h>
| #ifdef HAVE_SYS_TYPES_H
| # include <sys/types.h>
| #endif
| #ifdef HAVE_SYS_STAT_H
| # include <sys/stat.h>
| #endif
| #ifdef STDC_HEADERS
| # include <stdlib.h>
| # include <stddef.h>
| #else
| # ifdef HAVE_STDLIB_H
| #  include <stdlib.h>
| # endif
| #endif
| #ifdef HAVE_STRING_H
| # if !defined STDC_HEADERS && defined HAVE_MEMORY_H
| #  include <memory.h>
| # endif
| # include <string.h>
| #endif
| #ifdef HAVE_STRINGS_H
| # include <strings.h>
| #endif
| #ifdef HAVE_INTTYPES_H
| # include <inttypes.h>
| #endif
| #ifdef HAVE_STDINT_H
| # include <stdint.h>
| #endif
| #ifdef HAVE_UNISTD_H
| # include <unistd.h>
| #endif
| #include <minix/config.h>
configure:3463: result: no
configure:3463: checking minix/config.h presence
configure:3463: gcc -E  conftest.c
conftest.c:19:26: fatal error: minix/config.h: No such file or directory
 #include <minix/config.h>
                          ^
compilation terminated.
configure:3463: $? = 1
configure: failed program was:
| /* confdefs.h */
| #define PACKAGE_NAME ""
| #define PACKAGE_TARNAME ""
| #define PACKAGE_VERSION ""
| #define PACKAGE_STRING ""
| #define PACKAGE_BUGREPORT ""
| #define PACKAGE_URL ""
| #define STDC_HEADERS 1
| #define HAVE_SYS_TYPES_H 1
| #define HAVE_SYS_STAT_H 1
| #define HAVE_STDLIB_H 1
| #define HAVE_STRING_H 1
| #define HAVE_MEMORY_H 1
| #define HAVE_STRINGS_H 1
| #define HAVE_INTTYPES_H 1
| #define HAVE_STDINT_H 1
| #define HAVE_UNISTD_H 1
| /* end confdefs.h.  */
| #include <minix/config.h>
configure:3463: result: no
configure:3463: checking for minix/config.h
configure:3463: result: no
configure:3484: checking whether it is safe to define __EXTENSIONS__
configure:3502: gcc -c -g -O2  conftest.c >&5
configure:3502: $? = 0
configure:3509: result: yes
configure:3571: checking for gcc
configure:3598: result: gcc
configure:3827: checking for C compiler version
configure:3836: gcc --version >&5
gcc.exe (tdm64-1) 4.8.1
Copyright (C) 2013 Free Software Foundation, Inc.
This is free software; see the source for copying conditions.  There is NO
warranty; not even for MERCHANTABILITY or FITNESS FOR A PARTICULAR PURPOSE.

configure:3847: $? = 0
configure:3836: gcc -v >&5
Using built-in specs.
COLLECT_GCC=C:\DevelopmentEnvironment\gcc\Msys_x2\1.0\mingw\bin\gcc.exe
COLLECT_LTO_WRAPPER=c:/developmentenvironment/gcc/msys_x2/1.0/mingw/bin/../libexec/gcc/x86_64-w64-mingw32/4.8.1/lto-wrapper.exe
Target: x86_64-w64-mingw32
Configured with: ../../../src/gcc-4.8.1/configure --build=x86_64-w64-mingw32 --enable-targets=all --enable-languages=ada,c,c++,fortran,lto,objc,obj-c++ --enable-libgomp --enable-lto --enable-graphite --enable-cxx-flags=-DWINPTHREAD_STATIC --enable-libstdcxx-debug --enable-threads=posix --enable-version-specific-runtime-libs --enable-fully-dynamic-string --enable-libstdcxx-threads --enable-libstdcxx-time --with-gnu-ld --disable-werror --disable-nls --disable-win32-registry --prefix=/mingw64tdm --with-local-prefix=/mingw64tdm --with-pkgversion=tdm64-1 --with-bugurl=http://tdm-gcc.tdragon.net/bugs
Thread model: posix
gcc version 4.8.1 (tdm64-1) 
configure:3847: $? = 0
configure:3836: gcc -V >&5
gcc.exe: error: unrecognized command line option '-V'
gcc.exe: fatal error: no input files
compilation terminated.
configure:3847: $? = 1
configure:3836: gcc -qversion >&5
gcc.exe: error: unrecognized command line option '-qversion'
gcc.exe: fatal error: no input files
compilation terminated.
configure:3847: $? = 1
configure:3851: checking whether we are using the GNU C compiler
configure:3879: result: yes
configure:3888: checking whether gcc accepts -g
configure:3949: result: yes
configure:3966: checking for gcc option to accept ISO C89
configure:4043: result: none needed
configure:4063: checking whether ln -s works
configure:4067: result: yes
configure:4074: checking whether make sets $(MAKE)
configure:4096: result: yes
configure:4194: checking for a BSD-compatible install
configure:4262: result: /bin/install -c
configure:4274: checking if gcc accepts -W
configure:4289: gcc -o conftest.exe -g -O2 -W   conftest.c  >&5
configure:4289: $? = 0
configure:4290: result: yes
configure:4299: checking if gcc accepts -Wall
configure:4314: gcc -o conftest.exe -g -O2 -W -Wall   conftest.c  >&5
configure:4314: $? = 0
configure:4315: result: yes
configure:4324: checking if gcc accepts -std=c99
configure:4339: gcc -o conftest.exe -g -O2 -W -Wall -std=c99   conftest.c  >&5
configure:4339: $? = 0
configure:4340: result: yes
configure:4349: checking if gcc accepts -pedantic
configure:4364: gcc -o conftest.exe -g -O2 -W -Wall -std=c99 -pedantic   conftest.c  >&5
configure:4364: $? = 0
configure:4365: result: yes
configure:4379: checking for nroff
configure:4409: result: no
configure:4422: checking for acrodist
configure:4452: result: no
configure:4465: checking for ps2pdf
configure:4495: result: no
configure:4508: checking for pstopdf
configure:4538: result: no
configure:4548: checking for ANSI C header files
configure:4652: result: yes
configure:4666: checking limits.h usability
configure:4666: gcc -c -g -O2 -W -Wall -std=c99 -pedantic  conftest.c >&5
configure:4666: $? = 0
configure:4666: result: yes
configure:4666: checking limits.h presence
configure:4666: gcc -E  conftest.c
configure:4666: $? = 0
configure:4666: result: yes
configure:4666: checking for limits.h
configure:4666: result: yes
configure:4682: checking for inttypes.h
configure:4682: result: yes
configure:4697: checking for strings.h
configure:4697: result: yes
configure:4710: checking stdbool.h usability
configure:4710: gcc -c -g -O2 -W -Wall -std=c99 -pedantic  conftest.c >&5
configure:4710: $? = 0
configure:4710: result: yes
configure:4710: checking stdbool.h presence
configure:4710: gcc -E  conftest.c
configure:4710: $? = 0
configure:4710: result: yes
configure:4710: checking for stdbool.h
configure:4710: result: yes
configure:4721: checking for an ANSI C-conforming const
configure:4786: gcc -c -g -O2 -W -Wall -std=c99 -pedantic  conftest.c >&5
conftest.c: In function 'main':
conftest.c:58:7: warning: 't' is used uninitialized in this function [-Wuninitialized]
     *t++ = 0;
       ^
conftest.c:80:13: warning: 'cs[0]' is used uninitialized in this function [-Wuninitialized]
   return !cs[0] && !zero.x;
             ^
configure:4786: $? = 0
configure:4793: result: yes
configure:4801: checking for inline
configure:4817: gcc -c -g -O2 -W -Wall -std=c99 -pedantic  conftest.c >&5
configure:4817: $? = 0
configure:4825: result: inline
configure:4843: checking for C/C++ restrict keyword
configure:4868: gcc -c -g -O2 -W -Wall -std=c99 -pedantic  conftest.c >&5
configure:4868: $? = 0
configure:4876: result: __restrict
configure:4889: checking for size_t
configure:4889: gcc -c -g -O2 -W -Wall -std=c99 -pedantic  conftest.c >&5
configure:4889: $? = 0
configure:4889: gcc -c -g -O2 -W -Wall -std=c99 -pedantic  conftest.c >&5
conftest.c: In function 'main':
conftest.c:66:21: error: expected expression before ')' token
 if (sizeof ((size_t)))
                     ^
configure:4889: $? = 1
configure: failed program was:
| /* confdefs.h */
| #define PACKAGE_NAME ""
| #define PACKAGE_TARNAME ""
| #define PACKAGE_VERSION ""
| #define PACKAGE_STRING ""
| #define PACKAGE_BUGREPORT ""
| #define PACKAGE_URL ""
| #define STDC_HEADERS 1
| #define HAVE_SYS_TYPES_H 1
| #define HAVE_SYS_STAT_H 1
| #define HAVE_STDLIB_H 1
| #define HAVE_STRING_H 1
| #define HAVE_MEMORY_H 1
| #define HAVE_STRINGS_H 1
| #define HAVE_INTTYPES_H 1
| #define HAVE_STDINT_H 1
| #define HAVE_UNISTD_H 1
| #define __EXTENSIONS__ 1
| #define _ALL_SOURCE 1
| #define _GNU_SOURCE 1
| #define _POSIX_PTHREAD_SEMANTICS 1
| #define _TANDEM_SOURCE 1
| #define STDC_HEADERS 1
| #define HAVE_LIMITS_H 1
| #define HAVE_INTTYPES_H 1
| #define HAVE_STRINGS_H 1
| #define HAVE_STDBOOL_H 1
| #define restrict __restrict
| /* end confdefs.h.  */
| #include <stdio.h>
| #ifdef HAVE_SYS_TYPES_H
| # include <sys/types.h>
| #endif
| #ifdef HAVE_SYS_STAT_H
| # include <sys/stat.h>
| #endif
| #ifdef STDC_HEADERS
| # include <stdlib.h>
| # include <stddef.h>
| #else
| # ifdef HAVE_STDLIB_H
| #  include <stdlib.h>
| # endif
| #endif
| #ifdef HAVE_STRING_H
| # if !defined STDC_HEADERS && defined HAVE_MEMORY_H
| #  include <memory.h>
| # endif
| # include <string.h>
| #endif
| #ifdef HAVE_STRINGS_H
| # include <strings.h>
| #endif
| #ifdef HAVE_INTTYPES_H
| # include <inttypes.h>
| #endif
| #ifdef HAVE_STDINT_H
| # include <stdint.h>
| #endif
| #ifdef HAVE_UNISTD_H
| # include <unistd.h>
| #endif
| int
| main ()
| {
| if (sizeof ((size_t)))
| 	    return 0;
|   ;
|   return 0;
| }
configure:4889: result: yes
configure:4900: checking if gcc has a working bool type
configure:4914: gcc -c -g -O2 -W -Wall -std=c99 -pedantic  conftest.c >&5
configure:4914: $? = 0
configure:4915: result: yes
configure:4926: checking whether byte ordering is bigendian
configure:4941: gcc -c -g -O2 -W -Wall -std=c99 -pedantic  conftest.c >&5
conftest.c:32:9: error: unknown type name 'not'
         not a universal capable compiler
         ^
conftest.c:32:15: error: expected '=', ',', ';', 'asm' or '__attribute__' before 'universal'
         not a universal capable compiler
               ^
conftest.c:32:15: error: unknown type name 'universal'
configure:4941: $? = 1
configure: failed program was:
| /* confdefs.h */
| #define PACKAGE_NAME ""
| #define PACKAGE_TARNAME ""
| #define PACKAGE_VERSION ""
| #define PACKAGE_STRING ""
| #define PACKAGE_BUGREPORT ""
| #define PACKAGE_URL ""
| #define STDC_HEADERS 1
| #define HAVE_SYS_TYPES_H 1
| #define HAVE_SYS_STAT_H 1
| #define HAVE_STDLIB_H 1
| #define HAVE_STRING_H 1
| #define HAVE_MEMORY_H 1
| #define HAVE_STRINGS_H 1
| #define HAVE_INTTYPES_H 1
| #define HAVE_STDINT_H 1
| #define HAVE_UNISTD_H 1
| #define __EXTENSIONS__ 1
| #define _ALL_SOURCE 1
| #define _GNU_SOURCE 1
| #define _POSIX_PTHREAD_SEMANTICS 1
| #define _TANDEM_SOURCE 1
| #define STDC_HEADERS 1
| #define HAVE_LIMITS_H 1
| #define HAVE_INTTYPES_H 1
| #define HAVE_STRINGS_H 1
| #define HAVE_STDBOOL_H 1
| #define restrict __restrict
| #define HAVE_WORKING_BOOL 1
| /* end confdefs.h.  */
| #ifndef __APPLE_CC__
| 	       not a universal capable compiler
| 	     #endif
| 	     typedef int dummy;
| 
configure:4986: gcc -c -g -O2 -W -Wall -std=c99 -pedantic  conftest.c >&5
configure:4986: $? = 0
configure:5004: gcc -c -g -O2 -W -Wall -std=c99 -pedantic  conftest.c >&5
conftest.c: In function 'main':
conftest.c:38:4: error: unknown type name 'not'
    not big endian
    ^
conftest.c:38:12: error: expected '=', ',', ';', 'asm' or '__attribute__' before 'endian'
    not big endian
            ^
configure:5004: $? = 1
configure: failed program was:
| /* confdefs.h */
| #define PACKAGE_NAME ""
| #define PACKAGE_TARNAME ""
| #define PACKAGE_VERSION ""
| #define PACKAGE_STRING ""
| #define PACKAGE_BUGREPORT ""
| #define PACKAGE_URL ""
| #define STDC_HEADERS 1
| #define HAVE_SYS_TYPES_H 1
| #define HAVE_SYS_STAT_H 1
| #define HAVE_STDLIB_H 1
| #define HAVE_STRING_H 1
| #define HAVE_MEMORY_H 1
| #define HAVE_STRINGS_H 1
| #define HAVE_INTTYPES_H 1
| #define HAVE_STDINT_H 1
| #define HAVE_UNISTD_H 1
| #define __EXTENSIONS__ 1
| #define _ALL_SOURCE 1
| #define _GNU_SOURCE 1
| #define _POSIX_PTHREAD_SEMANTICS 1
| #define _TANDEM_SOURCE 1
| #define STDC_HEADERS 1
| #define HAVE_LIMITS_H 1
| #define HAVE_INTTYPES_H 1
| #define HAVE_STRINGS_H 1
| #define HAVE_STDBOOL_H 1
| #define restrict __restrict
| #define HAVE_WORKING_BOOL 1
| /* end confdefs.h.  */
| #include <sys/types.h>
| 		#include <sys/param.h>
| 
| int
| main ()
| {
| #if BYTE_ORDER != BIG_ENDIAN
| 		 not big endian
| 		#endif
| 
|   ;
|   return 0;
| }
configure:5132: result: no
configure:5158: checking for strcspn
configure:5158: gcc -o conftest.exe -g -O2 -W -Wall -std=c99 -pedantic   conftest.c  >&5
conftest.c:55:6: warning: conflicting types for built-in function 'strcspn' [enabled by default]
 char strcspn ();
      ^
configure:5158: $? = 0
configure:5158: result: yes
configure:5172: checking for strspn
configure:5172: gcc -o conftest.exe -g -O2 -W -Wall -std=c99 -pedantic   conftest.c  >&5
conftest.c:56:6: warning: conflicting types for built-in function 'strspn' [enabled by default]
 char strspn ();
      ^
configure:5172: $? = 0
configure:5172: result: yes
configure:5188: checking for vsnprintf
configure:5188: gcc -o conftest.exe -g -O2 -W -Wall -std=c99 -pedantic   conftest.c  >&5
conftest.c:57:6: warning: conflicting types for built-in function 'vsnprintf' [enabled by default]
 char vsnprintf ();
      ^
configure:5188: $? = 0
configure:5188: result: yes
configure:5188: checking for _vsnprintf
configure:5188: gcc -o conftest.exe -g -O2 -W -Wall -std=c99 -pedantic   conftest.c  >&5
configure:5188: $? = 0
configure:5188: result: yes
configure:5205: checking for snprintf
configure:5205: gcc -o conftest.exe -g -O2 -W -Wall -std=c99 -pedantic   conftest.c  >&5
conftest.c:59:6: warning: conflicting types for built-in function 'snprintf' [enabled by default]
 char snprintf ();
      ^
configure:5205: $? = 0
configure:5205: result: yes
configure:5205: checking for _snprintf
configure:5205: gcc -o conftest.exe -g -O2 -W -Wall -std=c99 -pedantic   conftest.c  >&5
configure:5205: $? = 0
configure:5205: result: yes
configure:5221: checking for strcasecmp
configure:5221: gcc -o conftest.exe -g -O2 -W -Wall -std=c99 -pedantic   conftest.c  >&5
configure:5221: $? = 0
configure:5221: result: yes
configure:5221: checking for stricmp
configure:5221: gcc -o conftest.exe -g -O2 -W -Wall -std=c99 -pedantic   conftest.c  >&5
configure:5221: $? = 0
configure:5221: result: yes
configure:5233: checking for strncasecmp
configure:5233: gcc -o conftest.exe -g -O2 -W -Wall -std=c99 -pedantic   conftest.c  >&5
configure:5233: $? = 0
configure:5233: result: yes
configure:5233: checking for strnicmp
configure:5233: gcc -o conftest.exe -g -O2 -W -Wall -std=c99 -pedantic   conftest.c  >&5
configure:5233: $? = 0
configure:5233: result: yes
configure:5244: checking for strsep
configure:5244: gcc -o conftest.exe -g -O2 -W -Wall -std=c99 -pedantic   conftest.c  >&5
C:\Users\barknikk\AppData\Local\Temp\ccAGPRPR.o: In function `main':
c:\DriveD\devlibs\nasm-2.10.09/conftest.c:76: undefined reference to `strsep'
collect2.exe: error: ld returned 1 exit status
configure:5244: $? = 1
configure: failed program was:
| /* confdefs.h */
| #define PACKAGE_NAME ""
| #define PACKAGE_TARNAME ""
| #define PACKAGE_VERSION ""
| #define PACKAGE_STRING ""
| #define PACKAGE_BUGREPORT ""
| #define PACKAGE_URL ""
| #define STDC_HEADERS 1
| #define HAVE_SYS_TYPES_H 1
| #define HAVE_SYS_STAT_H 1
| #define HAVE_STDLIB_H 1
| #define HAVE_STRING_H 1
| #define HAVE_MEMORY_H 1
| #define HAVE_STRINGS_H 1
| #define HAVE_INTTYPES_H 1
| #define HAVE_STDINT_H 1
| #define HAVE_UNISTD_H 1
| #define __EXTENSIONS__ 1
| #define _ALL_SOURCE 1
| #define _GNU_SOURCE 1
| #define _POSIX_PTHREAD_SEMANTICS 1
| #define _TANDEM_SOURCE 1
| #define STDC_HEADERS 1
| #define HAVE_LIMITS_H 1
| #define HAVE_INTTYPES_H 1
| #define HAVE_STRINGS_H 1
| #define HAVE_STDBOOL_H 1
| #define restrict __restrict
| #define HAVE_WORKING_BOOL 1
| #define WORDS_LITTLEENDIAN 1
| #define HAVE_STRCSPN 1
| #define HAVE_STRSPN 1
| #define HAVE_VSNPRINTF 1
| #define HAVE__VSNPRINTF 1
| #define HAVE_SNPRINTF 1
| #define HAVE__SNPRINTF 1
| #define HAVE_STRCASECMP 1
| #define HAVE_STRICMP 1
| #define HAVE_STRNCASECMP 1
| #define HAVE_STRNICMP 1
| /* end confdefs.h.  */
| /* Define strsep to an innocuous variant, in case <limits.h> declares strsep.
|    For example, HP-UX 11i <limits.h> declares gettimeofday.  */
| #define strsep innocuous_strsep
| 
| /* System header to define __stub macros and hopefully few prototypes,
|     which can conflict with char strsep (); below.
|     Prefer <limits.h> to <assert.h> if __STDC__ is defined, since
|     <limits.h> exists even on freestanding compilers.  */
| 
| #ifdef __STDC__
| # include <limits.h>
| #else
| # include <assert.h>
| #endif
| 
| #undef strsep
| 
| /* Override any GCC internal prototype to avoid an error.
|    Use char because int might match the return type of a GCC
|    builtin and then its argument prototype would still apply.  */
| #ifdef __cplusplus
| extern "C"
| #endif
| char strsep ();
| /* The GNU C library defines this for functions which it implements
|     to always fail with ENOSYS.  Some functions are actually named
|     something starting with __ and the normal name is an alias.  */
| #if defined __stub_strsep || defined __stub___strsep
| choke me
| #endif
| 
| int
| main ()
| {
| return strsep ();
|   ;
|   return 0;
| }
configure:5244: result: no
configure:5255: checking for strlcpy
configure:5255: gcc -o conftest.exe -g -O2 -W -Wall -std=c99 -pedantic   conftest.c  >&5
C:\Users\barknikk\AppData\Local\Temp\ccMj3ESD.o: In function `main':
c:\DriveD\devlibs\nasm-2.10.09/conftest.c:76: undefined reference to `strlcpy'
collect2.exe: error: ld returned 1 exit status
configure:5255: $? = 1
configure: failed program was:
| /* confdefs.h */
| #define PACKAGE_NAME ""
| #define PACKAGE_TARNAME ""
| #define PACKAGE_VERSION ""
| #define PACKAGE_STRING ""
| #define PACKAGE_BUGREPORT ""
| #define PACKAGE_URL ""
| #define STDC_HEADERS 1
| #define HAVE_SYS_TYPES_H 1
| #define HAVE_SYS_STAT_H 1
| #define HAVE_STDLIB_H 1
| #define HAVE_STRING_H 1
| #define HAVE_MEMORY_H 1
| #define HAVE_STRINGS_H 1
| #define HAVE_INTTYPES_H 1
| #define HAVE_STDINT_H 1
| #define HAVE_UNISTD_H 1
| #define __EXTENSIONS__ 1
| #define _ALL_SOURCE 1
| #define _GNU_SOURCE 1
| #define _POSIX_PTHREAD_SEMANTICS 1
| #define _TANDEM_SOURCE 1
| #define STDC_HEADERS 1
| #define HAVE_LIMITS_H 1
| #define HAVE_INTTYPES_H 1
| #define HAVE_STRINGS_H 1
| #define HAVE_STDBOOL_H 1
| #define restrict __restrict
| #define HAVE_WORKING_BOOL 1
| #define WORDS_LITTLEENDIAN 1
| #define HAVE_STRCSPN 1
| #define HAVE_STRSPN 1
| #define HAVE_VSNPRINTF 1
| #define HAVE__VSNPRINTF 1
| #define HAVE_SNPRINTF 1
| #define HAVE__SNPRINTF 1
| #define HAVE_STRCASECMP 1
| #define HAVE_STRICMP 1
| #define HAVE_STRNCASECMP 1
| #define HAVE_STRNICMP 1
| /* end confdefs.h.  */
| /* Define strlcpy to an innocuous variant, in case <limits.h> declares strlcpy.
|    For example, HP-UX 11i <limits.h> declares gettimeofday.  */
| #define strlcpy innocuous_strlcpy
| 
| /* System header to define __stub macros and hopefully few prototypes,
|     which can conflict with char strlcpy (); below.
|     Prefer <limits.h> to <assert.h> if __STDC__ is defined, since
|     <limits.h> exists even on freestanding compilers.  */
| 
| #ifdef __STDC__
| # include <limits.h>
| #else
| # include <assert.h>
| #endif
| 
| #undef strlcpy
| 
| /* Override any GCC internal prototype to avoid an error.
|    Use char because int might match the return type of a GCC
|    builtin and then its argument prototype would still apply.  */
| #ifdef __cplusplus
| extern "C"
| #endif
| char strlcpy ();
| /* The GNU C library defines this for functions which it implements
|     to always fail with ENOSYS.  Some functions are actually named
|     something starting with __ and the normal name is an alias.  */
| #if defined __stub_strlcpy || defined __stub___strlcpy
| choke me
| #endif
| 
| int
| main ()
| {
| return strlcpy ();
|   ;
|   return 0;
| }
configure:5255: result: no
configure:5267: checking for getuid
configure:5267: gcc -o conftest.exe -g -O2 -W -Wall -std=c99 -pedantic   conftest.c  >&5
C:\Users\barknikk\AppData\Local\Temp\ccGyQfZK.o: In function `main':
c:\DriveD\devlibs\nasm-2.10.09/conftest.c:76: undefined reference to `getuid'
collect2.exe: error: ld returned 1 exit status
configure:5267: $? = 1
configure: failed program was:
| /* confdefs.h */
| #define PACKAGE_NAME ""
| #define PACKAGE_TARNAME ""
| #define PACKAGE_VERSION ""
| #define PACKAGE_STRING ""
| #define PACKAGE_BUGREPORT ""
| #define PACKAGE_URL ""
| #define STDC_HEADERS 1
| #define HAVE_SYS_TYPES_H 1
| #define HAVE_SYS_STAT_H 1
| #define HAVE_STDLIB_H 1
| #define HAVE_STRING_H 1
| #define HAVE_MEMORY_H 1
| #define HAVE_STRINGS_H 1
| #define HAVE_INTTYPES_H 1
| #define HAVE_STDINT_H 1
| #define HAVE_UNISTD_H 1
| #define __EXTENSIONS__ 1
| #define _ALL_SOURCE 1
| #define _GNU_SOURCE 1
| #define _POSIX_PTHREAD_SEMANTICS 1
| #define _TANDEM_SOURCE 1
| #define STDC_HEADERS 1
| #define HAVE_LIMITS_H 1
| #define HAVE_INTTYPES_H 1
| #define HAVE_STRINGS_H 1
| #define HAVE_STDBOOL_H 1
| #define restrict __restrict
| #define HAVE_WORKING_BOOL 1
| #define WORDS_LITTLEENDIAN 1
| #define HAVE_STRCSPN 1
| #define HAVE_STRSPN 1
| #define HAVE_VSNPRINTF 1
| #define HAVE__VSNPRINTF 1
| #define HAVE_SNPRINTF 1
| #define HAVE__SNPRINTF 1
| #define HAVE_STRCASECMP 1
| #define HAVE_STRICMP 1
| #define HAVE_STRNCASECMP 1
| #define HAVE_STRNICMP 1
| /* end confdefs.h.  */
| /* Define getuid to an innocuous variant, in case <limits.h> declares getuid.
|    For example, HP-UX 11i <limits.h> declares gettimeofday.  */
| #define getuid innocuous_getuid
| 
| /* System header to define __stub macros and hopefully few prototypes,
|     which can conflict with char getuid (); below.
|     Prefer <limits.h> to <assert.h> if __STDC__ is defined, since
|     <limits.h> exists even on freestanding compilers.  */
| 
| #ifdef __STDC__
| # include <limits.h>
| #else
| # include <assert.h>
| #endif
| 
| #undef getuid
| 
| /* Override any GCC internal prototype to avoid an error.
|    Use char because int might match the return type of a GCC
|    builtin and then its argument prototype would still apply.  */
| #ifdef __cplusplus
| extern "C"
| #endif
| char getuid ();
| /* The GNU C library defines this for functions which it implements
|     to always fail with ENOSYS.  Some functions are actually named
|     something starting with __ and the normal name is an alias.  */
| #if defined __stub_getuid || defined __stub___getuid
| choke me
| #endif
| 
| int
| main ()
| {
| return getuid ();
|   ;
|   return 0;
| }
configure:5267: result: no
configure:5278: checking for getgid
configure:5278: gcc -o conftest.exe -g -O2 -W -Wall -std=c99 -pedantic   conftest.c  >&5
C:\Users\barknikk\AppData\Local\Temp\ccGJsalB.o: In function `main':
c:\DriveD\devlibs\nasm-2.10.09/conftest.c:76: undefined reference to `getgid'
collect2.exe: error: ld returned 1 exit status
configure:5278: $? = 1
configure: failed program was:
| /* confdefs.h */
| #define PACKAGE_NAME ""
| #define PACKAGE_TARNAME ""
| #define PACKAGE_VERSION ""
| #define PACKAGE_STRING ""
| #define PACKAGE_BUGREPORT ""
| #define PACKAGE_URL ""
| #define STDC_HEADERS 1
| #define HAVE_SYS_TYPES_H 1
| #define HAVE_SYS_STAT_H 1
| #define HAVE_STDLIB_H 1
| #define HAVE_STRING_H 1
| #define HAVE_MEMORY_H 1
| #define HAVE_STRINGS_H 1
| #define HAVE_INTTYPES_H 1
| #define HAVE_STDINT_H 1
| #define HAVE_UNISTD_H 1
| #define __EXTENSIONS__ 1
| #define _ALL_SOURCE 1
| #define _GNU_SOURCE 1
| #define _POSIX_PTHREAD_SEMANTICS 1
| #define _TANDEM_SOURCE 1
| #define STDC_HEADERS 1
| #define HAVE_LIMITS_H 1
| #define HAVE_INTTYPES_H 1
| #define HAVE_STRINGS_H 1
| #define HAVE_STDBOOL_H 1
| #define restrict __restrict
| #define HAVE_WORKING_BOOL 1
| #define WORDS_LITTLEENDIAN 1
| #define HAVE_STRCSPN 1
| #define HAVE_STRSPN 1
| #define HAVE_VSNPRINTF 1
| #define HAVE__VSNPRINTF 1
| #define HAVE_SNPRINTF 1
| #define HAVE__SNPRINTF 1
| #define HAVE_STRCASECMP 1
| #define HAVE_STRICMP 1
| #define HAVE_STRNCASECMP 1
| #define HAVE_STRNICMP 1
| /* end confdefs.h.  */
| /* Define getgid to an innocuous variant, in case <limits.h> declares getgid.
|    For example, HP-UX 11i <limits.h> declares gettimeofday.  */
| #define getgid innocuous_getgid
| 
| /* System header to define __stub macros and hopefully few prototypes,
|     which can conflict with char getgid (); below.
|     Prefer <limits.h> to <assert.h> if __STDC__ is defined, since
|     <limits.h> exists even on freestanding compilers.  */
| 
| #ifdef __STDC__
| # include <limits.h>
| #else
| # include <assert.h>
| #endif
| 
| #undef getgid
| 
| /* Override any GCC internal prototype to avoid an error.
|    Use char because int might match the return type of a GCC
|    builtin and then its argument prototype would still apply.  */
| #ifdef __cplusplus
| extern "C"
| #endif
| char getgid ();
| /* The GNU C library defines this for functions which it implements
|     to always fail with ENOSYS.  Some functions are actually named
|     something starting with __ and the normal name is an alias.  */
| #if defined __stub_getgid || defined __stub___getgid
| choke me
| #endif
| 
| int
| main ()
| {
| return getgid ();
|   ;
|   return 0;
| }
configure:5278: result: no
configure:5288: checking whether strcasecmp is declared
configure:5288: gcc -c -g -O2 -W -Wall -std=c99 -pedantic  conftest.c >&5
configure:5288: $? = 0
configure:5288: result: yes
configure:5299: checking whether stricmp is declared
configure:5299: gcc -c -g -O2 -W -Wall -std=c99 -pedantic  conftest.c >&5
configure:5299: $? = 0
configure:5299: result: yes
configure:5310: checking whether strncasecmp is declared
configure:5310: gcc -c -g -O2 -W -Wall -std=c99 -pedantic  conftest.c >&5
configure:5310: $? = 0
configure:5310: result: yes
configure:5321: checking whether strnicmp is declared
configure:5321: gcc -c -g -O2 -W -Wall -std=c99 -pedantic  conftest.c >&5
configure:5321: $? = 0
configure:5321: result: yes
configure:5332: checking whether strsep is declared
configure:5332: gcc -c -g -O2 -W -Wall -std=c99 -pedantic  conftest.c >&5
conftest.c: In function 'main':
conftest.c:86:10: error: 'strsep' undeclared (first use in this function)
   (void) strsep;
          ^
conftest.c:86:10: note: each undeclared identifier is reported only once for each function it appears in
configure:5332: $? = 1
configure: failed program was:
| /* confdefs.h */
| #define PACKAGE_NAME ""
| #define PACKAGE_TARNAME ""
| #define PACKAGE_VERSION ""
| #define PACKAGE_STRING ""
| #define PACKAGE_BUGREPORT ""
| #define PACKAGE_URL ""
| #define STDC_HEADERS 1
| #define HAVE_SYS_TYPES_H 1
| #define HAVE_SYS_STAT_H 1
| #define HAVE_STDLIB_H 1
| #define HAVE_STRING_H 1
| #define HAVE_MEMORY_H 1
| #define HAVE_STRINGS_H 1
| #define HAVE_INTTYPES_H 1
| #define HAVE_STDINT_H 1
| #define HAVE_UNISTD_H 1
| #define __EXTENSIONS__ 1
| #define _ALL_SOURCE 1
| #define _GNU_SOURCE 1
| #define _POSIX_PTHREAD_SEMANTICS 1
| #define _TANDEM_SOURCE 1
| #define STDC_HEADERS 1
| #define HAVE_LIMITS_H 1
| #define HAVE_INTTYPES_H 1
| #define HAVE_STRINGS_H 1
| #define HAVE_STDBOOL_H 1
| #define restrict __restrict
| #define HAVE_WORKING_BOOL 1
| #define WORDS_LITTLEENDIAN 1
| #define HAVE_STRCSPN 1
| #define HAVE_STRSPN 1
| #define HAVE_VSNPRINTF 1
| #define HAVE__VSNPRINTF 1
| #define HAVE_SNPRINTF 1
| #define HAVE__SNPRINTF 1
| #define HAVE_STRCASECMP 1
| #define HAVE_STRICMP 1
| #define HAVE_STRNCASECMP 1
| #define HAVE_STRNICMP 1
| #define HAVE_DECL_STRCASECMP 1
| #define HAVE_DECL_STRICMP 1
| #define HAVE_DECL_STRNCASECMP 1
| #define HAVE_DECL_STRNICMP 1
| /* end confdefs.h.  */
| #include <stdio.h>
| #ifdef HAVE_SYS_TYPES_H
| # include <sys/types.h>
| #endif
| #ifdef HAVE_SYS_STAT_H
| # include <sys/stat.h>
| #endif
| #ifdef STDC_HEADERS
| # include <stdlib.h>
| # include <stddef.h>
| #else
| # ifdef HAVE_STDLIB_H
| #  include <stdlib.h>
| # endif
| #endif
| #ifdef HAVE_STRING_H
| # if !defined STDC_HEADERS && defined HAVE_MEMORY_H
| #  include <memory.h>
| # endif
| # include <string.h>
| #endif
| #ifdef HAVE_STRINGS_H
| # include <strings.h>
| #endif
| #ifdef HAVE_INTTYPES_H
| # include <inttypes.h>
| #endif
| #ifdef HAVE_STDINT_H
| # include <stdint.h>
| #endif
| #ifdef HAVE_UNISTD_H
| # include <unistd.h>
| #endif
| int
| main ()
| {
| #ifndef strsep
| #ifdef __cplusplus
|   (void) strsep;
| #else
|   (void) strsep;
| #endif
| #endif
| 
|   ;
|   return 0;
| }
configure:5332: result: no
configure:5343: checking whether strlcpy is declared
configure:5343: gcc -c -g -O2 -W -Wall -std=c99 -pedantic  conftest.c >&5
conftest.c: In function 'main':
conftest.c:87:10: error: 'strlcpy' undeclared (first use in this function)
   (void) strlcpy;
          ^
conftest.c:87:10: note: each undeclared identifier is reported only once for each function it appears in
configure:5343: $? = 1
configure: failed program was:
| /* confdefs.h */
| #define PACKAGE_NAME ""
| #define PACKAGE_TARNAME ""
| #define PACKAGE_VERSION ""
| #define PACKAGE_STRING ""
| #define PACKAGE_BUGREPORT ""
| #define PACKAGE_URL ""
| #define STDC_HEADERS 1
| #define HAVE_SYS_TYPES_H 1
| #define HAVE_SYS_STAT_H 1
| #define HAVE_STDLIB_H 1
| #define HAVE_STRING_H 1
| #define HAVE_MEMORY_H 1
| #define HAVE_STRINGS_H 1
| #define HAVE_INTTYPES_H 1
| #define HAVE_STDINT_H 1
| #define HAVE_UNISTD_H 1
| #define __EXTENSIONS__ 1
| #define _ALL_SOURCE 1
| #define _GNU_SOURCE 1
| #define _POSIX_PTHREAD_SEMANTICS 1
| #define _TANDEM_SOURCE 1
| #define STDC_HEADERS 1
| #define HAVE_LIMITS_H 1
| #define HAVE_INTTYPES_H 1
| #define HAVE_STRINGS_H 1
| #define HAVE_STDBOOL_H 1
| #define restrict __restrict
| #define HAVE_WORKING_BOOL 1
| #define WORDS_LITTLEENDIAN 1
| #define HAVE_STRCSPN 1
| #define HAVE_STRSPN 1
| #define HAVE_VSNPRINTF 1
| #define HAVE__VSNPRINTF 1
| #define HAVE_SNPRINTF 1
| #define HAVE__SNPRINTF 1
| #define HAVE_STRCASECMP 1
| #define HAVE_STRICMP 1
| #define HAVE_STRNCASECMP 1
| #define HAVE_STRNICMP 1
| #define HAVE_DECL_STRCASECMP 1
| #define HAVE_DECL_STRICMP 1
| #define HAVE_DECL_STRNCASECMP 1
| #define HAVE_DECL_STRNICMP 1
| #define HAVE_DECL_STRSEP 0
| /* end confdefs.h.  */
| #include <stdio.h>
| #ifdef HAVE_SYS_TYPES_H
| # include <sys/types.h>
| #endif
| #ifdef HAVE_SYS_STAT_H
| # include <sys/stat.h>
| #endif
| #ifdef STDC_HEADERS
| # include <stdlib.h>
| # include <stddef.h>
| #else
| # ifdef HAVE_STDLIB_H
| #  include <stdlib.h>
| # endif
| #endif
| #ifdef HAVE_STRING_H
| # if !defined STDC_HEADERS && defined HAVE_MEMORY_H
| #  include <memory.h>
| # endif
| # include <string.h>
| #endif
| #ifdef HAVE_STRINGS_H
| # include <strings.h>
| #endif
| #ifdef HAVE_INTTYPES_H
| # include <inttypes.h>
| #endif
| #ifdef HAVE_STDINT_H
| # include <stdint.h>
| #endif
| #ifdef HAVE_UNISTD_H
| # include <unistd.h>
| #endif
| int
| main ()
| {
| #ifndef strlcpy
| #ifdef __cplusplus
|   (void) strlcpy;
| #else
|   (void) strlcpy;
| #endif
| #endif
| 
|   ;
|   return 0;
| }
configure:5343: result: no
configure:5488: creating ./config.status

## ---------------------- ##
## Running config.status. ##
## ---------------------- ##

This file was extended by config.status, which was
generated by GNU Autoconf 2.68.  Invocation command line was

  CONFIG_FILES    = 
  CONFIG_HEADERS  = 
  CONFIG_LINKS    = 
  CONFIG_COMMANDS = 
  $ ./config.status 

on BHIG4NYZN1

config.status:863: creating Makefile
config.status:863: creating rdoff/Makefile
config.status:863: creating doc/Makefile
config.status:863: creating config.h
config.status:1052: executing default-1 commands

## ---------------- ##
## Cache variables. ##
## ---------------- ##

ac_cv_c_bigendian=no
ac_cv_c_compiler_gnu=yes
ac_cv_c_const=yes
ac_cv_c_inline=inline
ac_cv_c_restrict=__restrict
ac_cv_env_CC_set=
ac_cv_env_CC_value=
ac_cv_env_CFLAGS_set=
ac_cv_env_CFLAGS_value=
ac_cv_env_CPPFLAGS_set=
ac_cv_env_CPPFLAGS_value=
ac_cv_env_CPP_set=
ac_cv_env_CPP_value=
ac_cv_env_LDFLAGS_set=
ac_cv_env_LDFLAGS_value=
ac_cv_env_LIBS_set=
ac_cv_env_LIBS_value=
ac_cv_env_build_alias_set=
ac_cv_env_build_alias_value=
ac_cv_env_host_alias_set=
ac_cv_env_host_alias_value=
ac_cv_env_target_alias_set=
ac_cv_env_target_alias_value=
ac_cv_exeext=.exe
ac_cv_func__snprintf=yes
ac_cv_func__vsnprintf=yes
ac_cv_func_getgid=no
ac_cv_func_getuid=no
ac_cv_func_snprintf=yes
ac_cv_func_strcasecmp=yes
ac_cv_func_strcspn=yes
ac_cv_func_stricmp=yes
ac_cv_func_strlcpy=no
ac_cv_func_strncasecmp=yes
ac_cv_func_strnicmp=yes
ac_cv_func_strsep=no
ac_cv_func_strspn=yes
ac_cv_func_vsnprintf=yes
ac_cv_have_decl_strcasecmp=yes
ac_cv_have_decl_stricmp=yes
ac_cv_have_decl_strlcpy=no
ac_cv_have_decl_strncasecmp=yes
ac_cv_have_decl_strnicmp=yes
ac_cv_have_decl_strsep=no
ac_cv_header_inttypes_h=yes
ac_cv_header_limits_h=yes
ac_cv_header_memory_h=yes
ac_cv_header_minix_config_h=no
ac_cv_header_stdbool_h=yes
ac_cv_header_stdc=yes
ac_cv_header_stdint_h=yes
ac_cv_header_stdlib_h=yes
ac_cv_header_string_h=yes
ac_cv_header_strings_h=yes
ac_cv_header_sys_stat_h=yes
ac_cv_header_sys_types_h=yes
ac_cv_header_unistd_h=yes
ac_cv_objext=o
ac_cv_path_EGREP='/bin/grep -E'
ac_cv_path_GREP=/bin/grep
ac_cv_path_install='/bin/install -c'
ac_cv_prog_CPP='gcc -E'
ac_cv_prog_ac_ct_CC=gcc
ac_cv_prog_cc_c89=
ac_cv_prog_cc_g=yes
ac_cv_prog_make_make_set=yes
ac_cv_prog_make_vpathok=yes
ac_cv_safe_to_define___extensions__=yes
ac_cv_type_size_t=yes

## ----------------- ##
## Output variables. ##
## ----------------- ##

ACRODIST='false'
CC='gcc'
CFLAGS='-g -O2 -W -Wall -std=c99 -pedantic'
CPP='gcc -E'
CPPFLAGS=''
DEFS='-DHAVE_CONFIG_H'
ECHO_C=''
ECHO_N='-n'
ECHO_T=''
EGREP='/bin/grep -E'
EXEEXT='.exe'
GREP='/bin/grep'
INSTALL_DATA='${INSTALL} -m 644'
INSTALL_PROGRAM='${INSTALL}'
INSTALL_SCRIPT='${INSTALL}'
LDFLAGS=''
LIBOBJS=''
LIBS=''
LN_S='ln -s'
LTLIBOBJS=''
NROFF='false'
OBJEXT='o'
PACKAGE_BUGREPORT=''
PACKAGE_NAME=''
PACKAGE_STRING=''
PACKAGE_TARNAME=''
PACKAGE_URL=''
PACKAGE_VERSION=''
PATH_SEPARATOR=':'
PS2PDF='false'
PSTOPDF='false'
SET_MAKE=''
SHELL='/bin/sh'
XOBJS=''
ac_ct_CC='gcc'
ac_prefix_program=''
bindir='${exec_prefix}/bin'
build_alias=''
datadir='${datarootdir}'
datarootdir='${prefix}/share'
docdir='${datarootdir}/doc/${PACKAGE}'
dvidir='${docdir}'
exec_prefix='${prefix}'
host_alias=''
htmldir='${docdir}'
includedir='${prefix}/include'
infodir='${datarootdir}/info'
libdir='${exec_prefix}/lib'
libexecdir='${exec_prefix}/libexec'
localedir='${datarootdir}/locale'
localstatedir='${prefix}/var'
mandir='${datarootdir}/man'
oldincludedir='/usr/include'
pdfdir='${docdir}'
prefix='/usr/local'
program_transform_name='s,x,x,'
psdir='${docdir}'
sbindir='${exec_prefix}/sbin'
sharedstatedir='${prefix}/com'
sysconfdir='${prefix}/etc'
target_alias=''

## ----------- ##
## confdefs.h. ##
## ----------- ##

/* confdefs.h */
#define PACKAGE_NAME ""
#define PACKAGE_TARNAME ""
#define PACKAGE_VERSION ""
#define PACKAGE_STRING ""
#define PACKAGE_BUGREPORT ""
#define PACKAGE_URL ""
#define STDC_HEADERS 1
#define HAVE_SYS_TYPES_H 1
#define HAVE_SYS_STAT_H 1
#define HAVE_STDLIB_H 1
#define HAVE_STRING_H 1
#define HAVE_MEMORY_H 1
#define HAVE_STRINGS_H 1
#define HAVE_INTTYPES_H 1
#define HAVE_STDINT_H 1
#define HAVE_UNISTD_H 1
#define __EXTENSIONS__ 1
#define _ALL_SOURCE 1
#define _GNU_SOURCE 1
#define _POSIX_PTHREAD_SEMANTICS 1
#define _TANDEM_SOURCE 1
#define STDC_HEADERS 1
#define HAVE_LIMITS_H 1
#define HAVE_INTTYPES_H 1
#define HAVE_STRINGS_H 1
#define HAVE_STDBOOL_H 1
#define restrict __restrict
#define HAVE_WORKING_BOOL 1
#define WORDS_LITTLEENDIAN 1
#define HAVE_STRCSPN 1
#define HAVE_STRSPN 1
#define HAVE_VSNPRINTF 1
#define HAVE__VSNPRINTF 1
#define HAVE_SNPRINTF 1
#define HAVE__SNPRINTF 1
#define HAVE_STRCASECMP 1
#define HAVE_STRICMP 1
#define HAVE_STRNCASECMP 1
#define HAVE_STRNICMP 1
#define HAVE_DECL_STRCASECMP 1
#define HAVE_DECL_STRICMP 1
#define HAVE_DECL_STRNCASECMP 1
#define HAVE_DECL_STRNICMP 1
#define HAVE_DECL_STRSEP 0
#define HAVE_DECL_STRLCPY 0

configure: exit 0
