This file contains any messages produced by compilers while
running configure, to aid debugging if configure makes a mistake.

It was created by configure, which was
generated by GNU Autoconf 2.61.  Invocation command line was

  $ ./configure --prefix=/mingw/../devlibs/gnustep1201 --enable-native-objc-exceptions

## --------- ##
## Platform. ##
## --------- ##

hostname = BHIG4NYZN1
uname -m = i686
uname -r = 1.0.11(0.46/3/2)
uname -s = MINGW32_NT-6.1
uname -v = 2009-07-11 17:46

/usr/bin/uname -p = unknown
/bin/uname -X     = unknown

/bin/arch              = unknown
/usr/bin/arch -k       = unknown
/usr/convex/getsysinfo = unknown
/usr/bin/hostinfo      = unknown
/bin/machine           = unknown
/usr/bin/oslevel       = unknown
/bin/universe          = unknown

PATH: /home/barknikk/GNUstep/Tools
PATH: /mingw/../devlibs/gnustep1201/Local/Tools
PATH: /mingw/../devlibs/gnustep1201/System/Tools
PATH: .
PATH: /usr/local/bin
PATH: /mingw/bin
PATH: /bin
PATH: /mingw/../devlibs/bin
PATH: /c/Program Files/CA/SC/CAWIN/
PATH: /c/Windows/system32
PATH: /c/Windows
PATH: /c/Windows/System32/Wbem
PATH: /c/Windows/System32/WindowsPowerShell/v1.0/
PATH: /c/Program Files/Common Files/Roxio Shared/DLLShared/
PATH: /c/Program Files/Common Files/Roxio Shared/10.0/DLLShared/
PATH: /c/PROGRA~1/CA/SC/CAM/bin
PATH: /c/Program Files/CA/SC/Csam/SockAdapter/bin
PATH: /c/Program Files/CA/SC/CBB/
PATH: /c/Program Files/CA/DSM/bin
PATH: /c/Program Files/Microsoft SQL Server/90/Tools/binn/
PATH: /svn/bin
PATH: /nsis


## ----------- ##
## Core tests. ##
## ----------- ##

configure:2078: checking for gcc
configure:2094: found /mingw/bin/gcc
configure:2105: result: gcc
configure:2343: checking for C compiler version
configure:2350: gcc --version >&5
gcc.exe (tdm-1) 4.7.1
Copyright (C) 2012 Free Software Foundation, Inc.
This is free software; see the source for copying conditions.  There is NO
warranty; not even for MERCHANTABILITY or FITNESS FOR A PARTICULAR PURPOSE.

configure:2353: $? = 0
configure:2360: gcc -v >&5
Using built-in specs.
COLLECT_GCC=C:\DevelopmentEnvironment\GCC471\Msys_x2\1.0\mingw\bin\gcc.exe
COLLECT_LTO_WRAPPER=c:/developmentenvironment/gcc471/msys_x2/1.0/mingw/bin/../libexec/gcc/mingw32/4.7.1/lto-wrapper.exe
Target: mingw32
Configured with: ../../src/gcc-4.7.1/configure --build=mingw32 --enable-languages=c,c++,ada,fortran,objc,obj-c++ --enable-threads=win32 --enable-libgomp --enable-lto --enable-fully-dynamic-string --enable-libstdcxx-debug --enable-version-specific-runtime-libs --with-gnu-ld --disable-nls --disable-win32-registry --disable-symvers --disable-build-poststage1-with-cxx --disable-werror --prefix=/mingw32tdm --with-local-prefix=/mingw32tdm --enable-cxx-flags='-fno-function-sections -fno-data-sections' --with-pkgversion=tdm-1 --enable-sjlj-exceptions --with-bugurl=http://tdm-gcc.tdragon.net/bugs
Thread model: win32
gcc version 4.7.1 (tdm-1) 
configure:2363: $? = 0
configure:2370: gcc -V >&5
gcc.exe: error: unrecognized command line option '-V'
gcc.exe: fatal error: no input files
compilation terminated.
configure:2373: $? = 1
configure:2396: checking for C compiler default output file name
configure:2423: gcc  -I/mingw/../devlibs/include -L/mingw/../devlibs/lib conftest.c  >&5
configure:2426: $? = 0
configure:2464: result: a.exe
configure:2481: checking whether the C compiler works
configure:2491: ./a.exe
configure:2494: $? = 0
configure:2511: result: yes
configure:2518: checking whether we are cross compiling
configure:2520: result: no
configure:2523: checking for suffix of executables
configure:2530: gcc -o conftest.exe  -I/mingw/../devlibs/include -L/mingw/../devlibs/lib conftest.c  >&5
configure:2533: $? = 0
configure:2557: result: .exe
configure:2563: checking for suffix of object files
configure:2589: gcc -c  -I/mingw/../devlibs/include conftest.c >&5
configure:2592: $? = 0
configure:2615: result: o
configure:2619: checking whether we are using the GNU C compiler
configure:2648: gcc -c  -I/mingw/../devlibs/include conftest.c >&5
configure:2654: $? = 0
configure:2671: result: yes
configure:2676: checking whether gcc accepts -g
configure:2706: gcc -c -g -I/mingw/../devlibs/include conftest.c >&5
configure:2712: $? = 0
configure:2811: result: yes
configure:2828: checking for gcc option to accept ISO C89
configure:2902: gcc  -c -g -O2 -I/mingw/../devlibs/include conftest.c >&5
configure:2908: $? = 0
configure:2931: result: none needed
configure:2954: checking how to run the C preprocessor
configure:2994: gcc -E -I/mingw/../devlibs/include conftest.c
configure:3000: $? = 0
configure:3031: gcc -E -I/mingw/../devlibs/include conftest.c
conftest.c:8:28: fatal error: ac_nonexistent.h: No such file or directory
compilation terminated.
configure:3037: $? = 1
configure: failed program was:
| /* confdefs.h.  */
| #define PACKAGE_NAME ""
| #define PACKAGE_TARNAME ""
| #define PACKAGE_VERSION ""
| #define PACKAGE_STRING ""
| #define PACKAGE_BUGREPORT ""
| /* end confdefs.h.  */
| #include <ac_nonexistent.h>
configure:3070: result: gcc -E
configure:3099: gcc -E -I/mingw/../devlibs/include conftest.c
configure:3105: $? = 0
configure:3136: gcc -E -I/mingw/../devlibs/include conftest.c
conftest.c:8:28: fatal error: ac_nonexistent.h: No such file or directory
compilation terminated.
configure:3142: $? = 1
configure: failed program was:
| /* confdefs.h.  */
| #define PACKAGE_NAME ""
| #define PACKAGE_TARNAME ""
| #define PACKAGE_VERSION ""
| #define PACKAGE_STRING ""
| #define PACKAGE_BUGREPORT ""
| /* end confdefs.h.  */
| #include <ac_nonexistent.h>
configure:3242: checking for g++
configure:3258: found /mingw/bin/g++
configure:3269: result: g++
configure:3300: checking for C++ compiler version
configure:3307: g++ --version >&5
g++.exe (tdm-1) 4.7.1
Copyright (C) 2012 Free Software Foundation, Inc.
This is free software; see the source for copying conditions.  There is NO
warranty; not even for MERCHANTABILITY or FITNESS FOR A PARTICULAR PURPOSE.

configure:3310: $? = 0
configure:3317: g++ -v >&5
Using built-in specs.
COLLECT_GCC=C:\DevelopmentEnvironment\GCC471\Msys_x2\1.0\mingw\bin\g++.exe
COLLECT_LTO_WRAPPER=c:/developmentenvironment/gcc471/msys_x2/1.0/mingw/bin/../libexec/gcc/mingw32/4.7.1/lto-wrapper.exe
Target: mingw32
Configured with: ../../src/gcc-4.7.1/configure --build=mingw32 --enable-languages=c,c++,ada,fortran,objc,obj-c++ --enable-threads=win32 --enable-libgomp --enable-lto --enable-fully-dynamic-string --enable-libstdcxx-debug --enable-version-specific-runtime-libs --with-gnu-ld --disable-nls --disable-win32-registry --disable-symvers --disable-build-poststage1-with-cxx --disable-werror --prefix=/mingw32tdm --with-local-prefix=/mingw32tdm --enable-cxx-flags='-fno-function-sections -fno-data-sections' --with-pkgversion=tdm-1 --enable-sjlj-exceptions --with-bugurl=http://tdm-gcc.tdragon.net/bugs
Thread model: win32
gcc version 4.7.1 (tdm-1) 
configure:3320: $? = 0
configure:3327: g++ -V >&5
g++.exe: error: unrecognized command line option '-V'
g++.exe: fatal error: no input files
compilation terminated.
configure:3330: $? = 1
configure:3333: checking whether we are using the GNU C++ compiler
configure:3362: g++ -c  -I/mingw/../devlibs/include conftest.cpp >&5
configure:3368: $? = 0
configure:3385: result: yes
configure:3390: checking whether g++ accepts -g
configure:3420: g++ -c -g -I/mingw/../devlibs/include conftest.cpp >&5
configure:3426: $? = 0
configure:3525: result: yes
configure:3586: checking build system type
configure:3604: result: i686-pc-mingw32
configure:3626: checking host system type
configure:3641: result: i686-pc-mingw32
configure:3663: checking target system type
configure:3678: result: i686-pc-mingw32
configure:3730: checking for library combo
configure:3758: result: gnu-gnu-gnu
configure:3768: checking for apple compiler flags
configure:3783: result: yes
configure:3996: checking for ar
configure:4023: result: ar
configure:4033: checking for dlltool
configure:4060: result: dlltool
configure:4111: checking for ranlib
configure:4138: result: ranlib
configure:4179: checking for a BSD-compatible install
configure:4235: result: /bin/install -c
configure:4247: checking if 'install -p' works
configure:4252: result: yes
configure:4259: checking if we should use 'install -p' when installing files
configure:4271: result: yes
configure:4283: checking whether ln -s works
configure:4287: result: yes
configure:4299: checking for gnutar
configure:4329: result: no
configure:4299: checking for gtar
configure:4329: result: no
configure:4347: checking for chown
configure:4375: result: none
configure:4399: checking if we should enable strict gnustep-make version 2 mode by default
configure:4416: result: no
configure:4432: checking for GNUstep filesystem layout to use
configure:4463: result: none specified: we use 'gnustep'
configure:4519: checking if we manage to import the filesystem layout configuration
configure:4525: result: ok
configure:4557: checking for prefix
configure:4577: result: /mingw/../devlibs/gnustep1201
configure:4624: checking for GNUstep configuration file to use
configure:4650: result: /etc/GNUstep/GNUstep.conf
configure:4669: checking if we should import an existing configuration file
configure:4694: result: no
configure:4710: checking if the obsolete --with-system-root option was used
configure:4724: result: no: good
configure:4731: checking if the obsolete --with-local-root option was used
configure:4745: result: no: good
configure:4752: checking if the obsolete --with-network-root option was used
configure:4766: result: no: good
configure:4773: checking for user config file to use
configure:4795: result: .GNUstep.conf
configure:4802: checking if the obsolete --with-user-dir option was used
configure:4816: result: no: good
configure:4823: checking for user defaults dir to use
configure:4845: result: GNUstep/Defaults
configure:4855: checking for GNUSTEP_MAKEFILES to use
configure:4858: result: /mingw/../devlibs/gnustep1201/System/Library/Makefiles
configure:4884: checking for flattened directory structure
configure:4914: result: yes
configure:4928: Now printing the filesystem layout configuration.
configure:4931: checking for System Applications directory
configure:4933: result: /mingw/../devlibs/gnustep1201/System/Applications
configure:4936: checking for System Admin Applications directory
configure:4938: result: /mingw/../devlibs/gnustep1201/System/Applications/Admin
configure:4941: checking for System Web Applications directory
configure:4943: result: /mingw/../devlibs/gnustep1201/System/Library/WebApplications
configure:4946: checking for System Tools directory
configure:4948: result: /mingw/../devlibs/gnustep1201/System/Tools
configure:4951: checking for System Admin Tools directory
configure:4953: result: /mingw/../devlibs/gnustep1201/System/Tools/Admin
configure:4956: checking for System Library directory
configure:4958: result: /mingw/../devlibs/gnustep1201/System/Library
configure:4961: checking for System Headers directory
configure:4963: result: /mingw/../devlibs/gnustep1201/System/Library/Headers
configure:4966: checking for System Libraries directory
configure:4968: result: /mingw/../devlibs/gnustep1201/System/Library/Libraries
configure:4971: checking for System Documentation directory
configure:4973: result: /mingw/../devlibs/gnustep1201/System/Library/Documentation
configure:4976: checking for System Info Documentation directory
configure:4978: result: /mingw/../devlibs/gnustep1201/System/Library/Documentation/info
configure:4981: checking for System Man Documentation directory
configure:4983: result: /mingw/../devlibs/gnustep1201/System/Library/Documentation/man
configure:4987: checking for Network Applications directory
configure:4989: result: /mingw/../devlibs/gnustep1201/Local/Applications
configure:4992: checking for Network Admin Applications directory
configure:4994: result: /mingw/../devlibs/gnustep1201/Local/Applications/Admin
configure:4997: checking for Network Web Applications directory
configure:4999: result: /mingw/../devlibs/gnustep1201/Local/Library/WebApplications
configure:5002: checking for Network Tools directory
configure:5004: result: /mingw/../devlibs/gnustep1201/Local/Tools
configure:5007: checking for Network Admin Tools directory
configure:5009: result: /mingw/../devlibs/gnustep1201/Local/Tools/Admin
configure:5012: checking for Network Library directory
configure:5014: result: /mingw/../devlibs/gnustep1201/Local/Library
configure:5017: checking for Network Headers directory
configure:5019: result: /mingw/../devlibs/gnustep1201/Local/Library/Headers
configure:5022: checking for Network Libraries directory
configure:5024: result: /mingw/../devlibs/gnustep1201/Local/Library/Libraries
configure:5027: checking for Network Documentation directory
configure:5029: result: /mingw/../devlibs/gnustep1201/Local/Library/Documentation
configure:5032: checking for Network Info Documentation directory
configure:5034: result: /mingw/../devlibs/gnustep1201/Local/Library/Documentation/info
configure:5037: checking for Network Man Documentation directory
configure:5039: result: /mingw/../devlibs/gnustep1201/Local/Library/Documentation/man
configure:5043: checking for Local Applications directory
configure:5045: result: /mingw/../devlibs/gnustep1201/Local/Applications
configure:5048: checking for Local Admin Applications directory
configure:5050: result: /mingw/../devlibs/gnustep1201/Local/Applications/Admin
configure:5053: checking for Local Web Applications directory
configure:5055: result: /mingw/../devlibs/gnustep1201/Local/Library/WebApplications
configure:5058: checking for Local Tools directory
configure:5060: result: /mingw/../devlibs/gnustep1201/Local/Tools
configure:5063: checking for Local Admin Tools directory
configure:5065: result: /mingw/../devlibs/gnustep1201/Local/Tools/Admin
configure:5068: checking for Local Library directory
configure:5070: result: /mingw/../devlibs/gnustep1201/Local/Library
configure:5073: checking for Local Headers directory
configure:5075: result: /mingw/../devlibs/gnustep1201/Local/Library/Headers
configure:5078: checking for Local Libraries directory
configure:5080: result: /mingw/../devlibs/gnustep1201/Local/Library/Libraries
configure:5083: checking for Local Documentation directory
configure:5085: result: /mingw/../devlibs/gnustep1201/Local/Library/Documentation
configure:5088: checking for Local Info Documentation directory
configure:5090: result: /mingw/../devlibs/gnustep1201/Local/Library/Documentation/info
configure:5093: checking for Local Man Documentation directory
configure:5095: result: /mingw/../devlibs/gnustep1201/Local/Library/Documentation/man
configure:5099: checking for User Applications directory
configure:5101: result: GNUstep/Applications
configure:5104: checking for User Admin Applications directory
configure:5106: result: GNUstep/Applications/Admin
configure:5109: checking for User Web Applications directory
configure:5111: result: GNUstep/Library/WebApplications
configure:5114: checking for User Tools directory
configure:5116: result: GNUstep/Tools
configure:5119: checking for User Admin Tools directory
configure:5121: result: GNUstep/Tools/Admin
configure:5124: checking for User Library directory
configure:5126: result: GNUstep/Library
configure:5129: checking for User Headers directory
configure:5131: result: GNUstep/Library/Headers
configure:5134: checking for User Libraries directory
configure:5136: result: GNUstep/Library/Libraries
configure:5139: checking for User Documentation directory
configure:5141: result: GNUstep/Library/Documentation
configure:5144: checking for User Info Documentation directory
configure:5146: result: GNUstep/Library/Documentation/info
configure:5149: checking for User Man Documentation directory
configure:5151: result: GNUstep/Library/Documentation/man
configure:5155: checking for System User directory
configure:5157: result: /home
configure:5160: checking for Network User directory
configure:5162: result: /home
configure:5165: checking for Local User directory
configure:5167: result: /home
configure:5258: checking for custom shared objc library
configure:5324: result: /mingw/../devlibs/gnustep1201/System/Library/Libraries
configure:5344: checking for the flag to link libobjc
configure:5395: result: -lobjc
configure:5416: checking whether objc has thread support
configure:5671: gcc -o conftest.exe -g -O2 -x objective-c -I. -I/mingw/../devlibs/include  -I/mingw/../devlibs/gnustep1201/System/Library/Headers -L/mingw/../devlibs/lib  -L/mingw/../devlibs/gnustep1201/System/Library/Libraries -fgnu-runtime -DGNU_RUNTIME -I/mingw/../devlibs/include -L/mingw/../devlibs/lib conftest.c -lobjc  >&5
In file included from conftest.c:8:0:
config_thread.m:7:1: warning: incomplete implementation of class 'NXConstantString' [enabled by default]
config_thread.m:7:1: warning: method definition for '-length' not found [enabled by default]
config_thread.m:7:1: warning: method definition for '-cString' not found [enabled by default]
configure:5674: $? = 0
configure:5680: ./conftest.exe
configure:5683: $? = 0
configure:5941: result: yes: 
configure:5963: checking whether we should use native ObjC exceptions
configure:6012: gcc -o conftest.exe -g -O2 -x objective-c -I. -I/mingw/../devlibs/include  -I/mingw/../devlibs/gnustep1201/System/Library/Headers -L/mingw/../devlibs/lib  -L/mingw/../devlibs/gnustep1201/System/Library/Libraries -fgnu-runtime -DGNU_RUNTIME -fexceptions -fobjc-exceptions -I/mingw/../devlibs/include -L/mingw/../devlibs/lib conftest.c -lobjc  -fexceptions >&5
configure:6015: $? = 0
configure:6021: ./conftest.exe
configure:6024: $? = 0
configure:6039: result: yes
configure:6073: checking whether we should use the nonfragile ABI
configure:6149: result: not requested by user
configure:6163: checking for the GCC version
configure:6190: result: version: 4.7
configure:6198: checking if the compiler supports autodependencies
configure:6217: result: yes: gcc version is 4.7 >= 3.0
configure:6231: checking if the compiler supports precompiled headers
configure:6270: result: no: old or buggy gcc
configure:6290: checking if the compiler requires -shared flag to build for Solaris
configure:6306: result: yes: gcc version is 4.7 >= 4.0
configure:6325: checking if we should enable 'make debug=yes' by default
configure:6341: result: no
configure:6357: checking for gmake
configure:6387: result: no
configure:6357: checking for gnumake
configure:6387: result: no
configure:6357: checking for make
configure:6373: found /bin/make
configure:6384: result: make
configure:6406: checking for the GNU Make version
configure:6417: result: version: 3.81
configure:6426: checking for GNU Make >= 3.79
configure:6440: result: yes
configure:6456: checking if GNU Make has the info function
configure:6473: result: yes
configure:6485: checking if we should strip makefiles after installation
configure:6501: result: no
configure:6510: checking if we should enable support for parallel building
configure:6521: result: yes
configure:6536: checking for the version of gnustep-make we are compiling
configure:6539: result: 2.4.0
configure:6570: checking for latex2html
configure:6600: result: no
configure:6746: creating ./config.status

## ---------------------- ##
## Running config.status. ##
## ---------------------- ##

This file was extended by config.status, which was
generated by GNU Autoconf 2.61.  Invocation command line was

  CONFIG_FILES    = 
  CONFIG_HEADERS  = 
  CONFIG_LINKS    = 
  CONFIG_COMMANDS = 
  $ ./config.status 

on BHIG4NYZN1

config.status:717: creating config-noarch.make
config.status:717: creating config.make
config.status:717: creating openapp
config.status:717: creating opentool
config.status:717: creating executable.template
config.status:717: creating GNUmakefile
config.status:717: creating GNUstep.conf
config.status:717: creating GNUstep-strict-v2.conf
config.status:717: creating GNUstep.sh
config.status:717: creating GNUstep.csh
config.status:717: creating fixpath.sh
config.status:717: creating gnustep-make.spec
config.status:717: creating gnustep-config
config.status:717: creating filesystem.make
config.status:717: creating filesystem.sh
config.status:717: creating filesystem.csh
config.status:902: executing default commands

## ---------------- ##
## Cache variables. ##
## ---------------- ##

ac_cv_backend=yes
ac_cv_build=i686-pc-mingw32
ac_cv_c_compiler_gnu=yes
ac_cv_cxx_compiler_gnu=yes
ac_cv_debug_by_default=undefined
ac_cv_env_CCC_set=
ac_cv_env_CCC_value=
ac_cv_env_CC_set=
ac_cv_env_CC_value=
ac_cv_env_CFLAGS_set=
ac_cv_env_CFLAGS_value=
ac_cv_env_CPPFLAGS_set=set
ac_cv_env_CPPFLAGS_value=-I/mingw/../devlibs/include
ac_cv_env_CPP_set=
ac_cv_env_CPP_value=
ac_cv_env_CXXFLAGS_set=
ac_cv_env_CXXFLAGS_value=
ac_cv_env_CXX_set=
ac_cv_env_CXX_value=
ac_cv_env_LDFLAGS_set=set
ac_cv_env_LDFLAGS_value=-L/mingw/../devlibs/lib
ac_cv_env_LIBS_set=
ac_cv_env_LIBS_value=
ac_cv_env_build_alias_set=
ac_cv_env_build_alias_value=
ac_cv_env_host_alias_set=
ac_cv_env_host_alias_value=
ac_cv_env_target_alias_set=
ac_cv_env_target_alias_value=
ac_cv_exeext=.exe
ac_cv_flattened=undefined
ac_cv_host=i686-pc-mingw32
ac_cv_importing_config_file=no
ac_cv_install_p=yes
ac_cv_library_combo=gnu-gnu-gnu
ac_cv_multi_platform=undefined
ac_cv_objc_threaded=
ac_cv_objext=o
ac_cv_parallel_building=yes
ac_cv_path_install='/bin/install -c'
ac_cv_prog_AR=ar
ac_cv_prog_CHOWN=none
ac_cv_prog_CPP='gcc -E'
ac_cv_prog_DLLTOOL=dlltool
ac_cv_prog_GNUMAKE=make
ac_cv_prog_ac_ct_CC=gcc
ac_cv_prog_ac_ct_CXX=g++
ac_cv_prog_ac_ct_RANLIB=ranlib
ac_cv_prog_cc_c89=
ac_cv_prog_cc_g=yes
ac_cv_prog_cxx_g=yes
ac_cv_strict_v2_mode=no
ac_cv_strip_makefiles=undefined
ac_cv_target=i686-pc-mingw32
gs_cv_gcc_major_version=4
gs_cv_gcc_minor_version=7
gs_cv_gcc_parsed_version=4.7
gs_cv_make_major_version=3
gs_cv_make_minor_version=81
gs_cv_make_version=3.81
gs_cv_objc_incdir=/mingw/../devlibs/gnustep1201/System/Library/Headers
gs_cv_objc_libdir=/mingw/../devlibs/gnustep1201/System/Library/Libraries
gs_cv_objc_tools=/mingw/../devlibs/gnustep1201/System/Tools

## ----------------- ##
## Output variables. ##
## ----------------- ##

AR='ar'
AUTO_DEPENDENCIES='yes'
BACKEND_BUNDLE='yes'
CC='gcc'
CFLAGS='-g -O2'
CHOWN='none'
CPP='gcc -E'
CPPFLAGS='-I/mingw/../devlibs/include'
CXX='g++'
CXXFLAGS='-g -O2'
CYGWIN='no'
DEFS='-DPACKAGE_NAME=\"\" -DPACKAGE_TARNAME=\"\" -DPACKAGE_VERSION=\"\" -DPACKAGE_STRING=\"\" -DPACKAGE_BUGREPORT=\"\"'
DLLTOOL='dlltool'
ECHO_C=''
ECHO_N='-n'
ECHO_T=''
EXEEXT='.exe'
GCC_WITH_PRECOMPILED_HEADERS='no'
GNUMAKE='make'
GNUSTEP_ABSOLUTE_INSTALL_PATHS=''
GNUSTEP_CONFIG_FILE='/etc/GNUstep/GNUstep.conf'
GNUSTEP_DEFAULT_DEBUG='no'
GNUSTEP_FLATTENED='yes'
GNUSTEP_IS_FLATTENED='yes'
GNUSTEP_LOCAL_ADMIN_APPS='/mingw/../devlibs/gnustep1201/Local/Applications/Admin'
GNUSTEP_LOCAL_ADMIN_TOOLS='/mingw/../devlibs/gnustep1201/Local/Tools/Admin'
GNUSTEP_LOCAL_APPS='/mingw/../devlibs/gnustep1201/Local/Applications'
GNUSTEP_LOCAL_DOC='/mingw/../devlibs/gnustep1201/Local/Library/Documentation'
GNUSTEP_LOCAL_DOC_INFO='/mingw/../devlibs/gnustep1201/Local/Library/Documentation/info'
GNUSTEP_LOCAL_DOC_MAN='/mingw/../devlibs/gnustep1201/Local/Library/Documentation/man'
GNUSTEP_LOCAL_HEADERS='/mingw/../devlibs/gnustep1201/Local/Library/Headers'
GNUSTEP_LOCAL_LIBRARIES='/mingw/../devlibs/gnustep1201/Local/Library/Libraries'
GNUSTEP_LOCAL_LIBRARY='/mingw/../devlibs/gnustep1201/Local/Library'
GNUSTEP_LOCAL_ROOT='/mingw/../devlibs/gnustep1201/Local'
GNUSTEP_LOCAL_TOOLS='/mingw/../devlibs/gnustep1201/Local/Tools'
GNUSTEP_LOCAL_USERS_DIR='/home'
GNUSTEP_LOCAL_WEB_APPS='/mingw/../devlibs/gnustep1201/Local/Library/WebApplications'
GNUSTEP_MAKEFILES='/mingw/../devlibs/gnustep1201/System/Library/Makefiles'
GNUSTEP_MAKE_MAJOR_VERSION='2'
GNUSTEP_MAKE_MINOR_VERSION='4'
GNUSTEP_MAKE_PARALLEL_BUILDING='yes'
GNUSTEP_MAKE_STRICT_V2_MODE='no'
GNUSTEP_MAKE_SUBMINOR_VERSION='0'
GNUSTEP_MAKE_VERSION='2.4.0'
GNUSTEP_MULTI_PLATFORM=''
GNUSTEP_NETWORK_ADMIN_APPS='/mingw/../devlibs/gnustep1201/Local/Applications/Admin'
GNUSTEP_NETWORK_ADMIN_TOOLS='/mingw/../devlibs/gnustep1201/Local/Tools/Admin'
GNUSTEP_NETWORK_APPS='/mingw/../devlibs/gnustep1201/Local/Applications'
GNUSTEP_NETWORK_DOC='/mingw/../devlibs/gnustep1201/Local/Library/Documentation'
GNUSTEP_NETWORK_DOC_INFO='/mingw/../devlibs/gnustep1201/Local/Library/Documentation/info'
GNUSTEP_NETWORK_DOC_MAN='/mingw/../devlibs/gnustep1201/Local/Library/Documentation/man'
GNUSTEP_NETWORK_HEADERS='/mingw/../devlibs/gnustep1201/Local/Library/Headers'
GNUSTEP_NETWORK_LIBRARIES='/mingw/../devlibs/gnustep1201/Local/Library/Libraries'
GNUSTEP_NETWORK_LIBRARY='/mingw/../devlibs/gnustep1201/Local/Library'
GNUSTEP_NETWORK_ROOT='/mingw/../devlibs/gnustep1201/Network'
GNUSTEP_NETWORK_TOOLS='/mingw/../devlibs/gnustep1201/Local/Tools'
GNUSTEP_NETWORK_USERS_DIR='/home'
GNUSTEP_NETWORK_WEB_APPS='/mingw/../devlibs/gnustep1201/Local/Library/WebApplications'
GNUSTEP_STRIP_MAKEFILES=''
GNUSTEP_SYSTEM_ADMIN_APPS='/mingw/../devlibs/gnustep1201/System/Applications/Admin'
GNUSTEP_SYSTEM_ADMIN_TOOLS='/mingw/../devlibs/gnustep1201/System/Tools/Admin'
GNUSTEP_SYSTEM_APPS='/mingw/../devlibs/gnustep1201/System/Applications'
GNUSTEP_SYSTEM_DOC='/mingw/../devlibs/gnustep1201/System/Library/Documentation'
GNUSTEP_SYSTEM_DOC_INFO='/mingw/../devlibs/gnustep1201/System/Library/Documentation/info'
GNUSTEP_SYSTEM_DOC_MAN='/mingw/../devlibs/gnustep1201/System/Library/Documentation/man'
GNUSTEP_SYSTEM_HEADERS='/mingw/../devlibs/gnustep1201/System/Library/Headers'
GNUSTEP_SYSTEM_LIBRARIES='/mingw/../devlibs/gnustep1201/System/Library/Libraries'
GNUSTEP_SYSTEM_LIBRARY='/mingw/../devlibs/gnustep1201/System/Library'
GNUSTEP_SYSTEM_ROOT='/mingw/../devlibs/gnustep1201/System'
GNUSTEP_SYSTEM_TOOLS='/mingw/../devlibs/gnustep1201/System/Tools'
GNUSTEP_SYSTEM_USERS_DIR='/home'
GNUSTEP_SYSTEM_WEB_APPS='/mingw/../devlibs/gnustep1201/System/Library/WebApplications'
GNUSTEP_USER_CONFIG_FILE='.GNUstep.conf'
GNUSTEP_USER_DEFAULTS_DIR='GNUstep/Defaults'
GNUSTEP_USER_DIR='GNUstep'
GNUSTEP_USER_DIR_ADMIN_APPS='GNUstep/Applications/Admin'
GNUSTEP_USER_DIR_ADMIN_TOOLS='GNUstep/Tools/Admin'
GNUSTEP_USER_DIR_APPS='GNUstep/Applications'
GNUSTEP_USER_DIR_DOC='GNUstep/Library/Documentation'
GNUSTEP_USER_DIR_DOC_INFO='GNUstep/Library/Documentation/info'
GNUSTEP_USER_DIR_DOC_MAN='GNUstep/Library/Documentation/man'
GNUSTEP_USER_DIR_HEADERS='GNUstep/Library/Headers'
GNUSTEP_USER_DIR_LIBRARIES='GNUstep/Library/Libraries'
GNUSTEP_USER_DIR_LIBRARY='GNUstep/Library'
GNUSTEP_USER_DIR_TOOLS='GNUstep/Tools'
GNUSTEP_USER_DIR_WEB_APPS='GNUstep/Library/WebApplications'
HOST_INSTALL='/bin/install -c -p'
INCLUDES=''
INSTALL_DATA='${INSTALL} -m 644'
INSTALL_PROGRAM='${INSTALL}'
INSTALL_SCRIPT='${INSTALL}'
LATEX2HTML=''
LDFLAGS='-L/mingw/../devlibs/lib'
LIBOBJS=''
LIBS=''
LIB_DIR=''
LN_S='ln -s'
LTLIBOBJS=''
MAKE_WITH_INFO_FUNCTION='yes'
OBJCFLAGS=''
OBJC_LIB_FLAG=''
OBJC_WITH_GC='no'
OBJEXT='o'
PACKAGE_BUGREPORT=''
PACKAGE_NAME=''
PACKAGE_STRING=''
PACKAGE_TARNAME=''
PACKAGE_VERSION=''
PATH_SEPARATOR=':'
RANLIB='ranlib'
SHELL='sh'
SOLARIS_SHARED='yes'
TAR='tar'
USE_NONFRAGILE_ABI='no'
USE_OBJC_EXCEPTIONS='yes'
ac_ct_CC='gcc'
ac_ct_CXX='g++'
ac_cv_library_combo='gnu-gnu-gnu'
ac_cv_objc_threaded=''
bindir='${exec_prefix}/bin'
build='i686-pc-mingw32'
build_alias=''
build_cpu='i686'
build_os='mingw32'
build_vendor='pc'
cc_bundle='yes'
cc_cppprecomp='no'
clean_target_cpu='ix86'
clean_target_os='mingw32'
clean_target_vendor='pc'
datadir='${datarootdir}'
datarootdir='${prefix}/share'
docdir='${datarootdir}/doc/${PACKAGE}'
dvidir='${docdir}'
exec_prefix='${prefix}'
host='i686-pc-mingw32'
host_alias=''
host_cpu='i686'
host_os='mingw32'
host_vendor='pc'
htmldir='${docdir}'
includedir='${prefix}/include'
infodir='${datarootdir}/info'
libdir='${exec_prefix}/lib'
libexecdir='${exec_prefix}/libexec'
localedir='${datarootdir}/locale'
localstatedir='${prefix}/var'
mandir='${datarootdir}/man'
objc_threaded=''
oldincludedir='/usr/include'
pdfdir='${docdir}'
prefix='/mingw/../devlibs/gnustep1201'
program_transform_name='s,x,x,'
psdir='${docdir}'
sbindir='${exec_prefix}/sbin'
sharedstatedir='${prefix}/com'
sysconfdir='${prefix}/etc'
target='i686-pc-mingw32'
target_alias=''
target_cpu='i686'
target_os='mingw32'
target_vendor='pc'

## ----------- ##
## confdefs.h. ##
## ----------- ##

#define PACKAGE_NAME ""
#define PACKAGE_TARNAME ""
#define PACKAGE_VERSION ""
#define PACKAGE_STRING ""
#define PACKAGE_BUGREPORT ""

configure: exit 0
