This file contains any messages produced by compilers while
running configure, to aid debugging if configure makes a mistake.

It was created by libffi configure 3.0.1, which was
generated by GNU Autoconf 2.61.  Invocation command line was

  $ ./configure --prefix=/mingw/../devlibs

## --------- ##
## Platform. ##
## --------- ##

hostname = BHIG4NYZN1
uname -m = i686
uname -r = 1.0.11(0.46/3/2)
uname -s = MINGW32_NT-6.1
uname -v = 2009-07-11 17:46

/usr/bin/uname -p = unknown
/bin/uname -X     = unknown

/bin/arch              = unknown
/usr/bin/arch -k       = unknown
/usr/convex/getsysinfo = unknown
/usr/bin/hostinfo      = unknown
/bin/machine           = unknown
/usr/bin/oslevel       = unknown
/bin/universe          = unknown

PATH: /home/barknikk/GNUstep/Tools
PATH: /mingw/../devlibs/gnustep1201/Local/Tools
PATH: /mingw/../devlibs/gnustep1201/System/Tools
PATH: .
PATH: /usr/local/bin
PATH: /mingw/bin
PATH: /bin
PATH: /mingw/../devlibs/bin
PATH: /c/Program Files/CA/SC/CAWIN/
PATH: /c/Windows/system32
PATH: /c/Windows
PATH: /c/Windows/System32/Wbem
PATH: /c/Windows/System32/WindowsPowerShell/v1.0/
PATH: /c/Program Files/Common Files/Roxio Shared/DLLShared/
PATH: /c/Program Files/Common Files/Roxio Shared/10.0/DLLShared/
PATH: /c/PROGRA~1/CA/SC/CAM/bin
PATH: /c/Program Files/CA/SC/Csam/SockAdapter/bin
PATH: /c/Program Files/CA/SC/CBB/
PATH: /c/Program Files/CA/DSM/bin
PATH: /c/Program Files/Microsoft SQL Server/90/Tools/binn/
PATH: /svn/bin
PATH: /nsis


## ----------- ##
## Core tests. ##
## ----------- ##

configure:2048: checking build system type
configure:2066: result: i686-pc-mingw32
configure:2088: checking host system type
configure:2103: result: i686-pc-mingw32
configure:2125: checking target system type
configure:2140: result: i686-pc-mingw32
configure:2187: checking for a BSD-compatible install
configure:2243: result: /bin/install -c
configure:2254: checking whether build environment is sane
configure:2297: result: yes
configure:2325: checking for a thread-safe mkdir -p
configure:2364: result: /bin/mkdir -p
configure:2377: checking for gawk
configure:2393: found /bin/gawk
configure:2404: result: gawk
configure:2415: checking whether make sets $(MAKE)
configure:2436: result: yes
configure:2680: checking for gcc
configure:2696: found /mingw/bin/gcc
configure:2707: result: gcc
configure:2945: checking for C compiler version
configure:2952: gcc --version >&5
gcc.exe (tdm-1) 4.7.1
Copyright (C) 2012 Free Software Foundation, Inc.
This is free software; see the source for copying conditions.  There is NO
warranty; not even for MERCHANTABILITY or FITNESS FOR A PARTICULAR PURPOSE.

configure:2955: $? = 0
configure:2962: gcc -v >&5
Using built-in specs.
COLLECT_GCC=C:\DevelopmentEnvironment\GCC471\Msys_x2\1.0\mingw\bin\gcc.exe
COLLECT_LTO_WRAPPER=c:/developmentenvironment/gcc471/msys_x2/1.0/mingw/bin/../libexec/gcc/mingw32/4.7.1/lto-wrapper.exe
Target: mingw32
Configured with: ../../src/gcc-4.7.1/configure --build=mingw32 --enable-languages=c,c++,ada,fortran,objc,obj-c++ --enable-threads=win32 --enable-libgomp --enable-lto --enable-fully-dynamic-string --enable-libstdcxx-debug --enable-version-specific-runtime-libs --with-gnu-ld --disable-nls --disable-win32-registry --disable-symvers --disable-build-poststage1-with-cxx --disable-werror --prefix=/mingw32tdm --with-local-prefix=/mingw32tdm --enable-cxx-flags='-fno-function-sections -fno-data-sections' --with-pkgversion=tdm-1 --enable-sjlj-exceptions --with-bugurl=http://tdm-gcc.tdragon.net/bugs
Thread model: win32
gcc version 4.7.1 (tdm-1) 
configure:2965: $? = 0
configure:2972: gcc -V >&5
gcc.exe: error: unrecognized command line option '-V'
gcc.exe: fatal error: no input files
compilation terminated.
configure:2975: $? = 1
configure:2998: checking for C compiler default output file name
configure:3025: gcc  -I/mingw/../devlibs/include -L/mingw/../devlibs/lib conftest.c  >&5
configure:3028: $? = 0
configure:3066: result: a.exe
configure:3083: checking whether the C compiler works
configure:3093: ./a.exe
configure:3096: $? = 0
configure:3113: result: yes
configure:3120: checking whether we are cross compiling
configure:3122: result: no
configure:3125: checking for suffix of executables
configure:3132: gcc -o conftest.exe  -I/mingw/../devlibs/include -L/mingw/../devlibs/lib conftest.c  >&5
configure:3135: $? = 0
configure:3159: result: .exe
configure:3165: checking for suffix of object files
configure:3191: gcc -c  -I/mingw/../devlibs/include conftest.c >&5
configure:3194: $? = 0
configure:3217: result: o
configure:3221: checking whether we are using the GNU C compiler
configure:3250: gcc -c  -I/mingw/../devlibs/include conftest.c >&5
configure:3256: $? = 0
configure:3273: result: yes
configure:3278: checking whether gcc accepts -g
configure:3308: gcc -c -g -I/mingw/../devlibs/include conftest.c >&5
configure:3314: $? = 0
configure:3413: result: yes
configure:3430: checking for gcc option to accept ISO C89
configure:3504: gcc  -c -g -O2 -I/mingw/../devlibs/include conftest.c >&5
configure:3510: $? = 0
configure:3533: result: none needed
configure:3562: checking for style of include used by make
configure:3590: result: GNU
configure:3615: checking dependency style of gcc
configure:3706: result: gcc3
configure:3734: checking dependency style of gcc
configure:3825: result: gcc3
configure:3841: checking whether gcc and cc understand -c and -o together
configure:3876: gcc -c conftest.c -o conftest2.o >&5
configure:3879: $? = 0
configure:3885: gcc -c conftest.c -o conftest2.o >&5
configure:3888: $? = 0
configure:3899: cc -c conftest.c >&5
./configure: line 3900: cc: command not found
configure:3902: $? = 127
configure:3940: result: yes
configure:4038: checking for a sed that does not truncate output
configure:4094: result: /bin/sed
configure:4097: checking for grep that handles long lines and -e
configure:4171: result: /bin/grep
configure:4176: checking for egrep
configure:4254: result: /bin/grep -E
configure:4270: checking for ld used by gcc
configure:4337: result: c:/developmentenvironment/gcc471/msys_x2/1.0/mingw/mingw32/bin/ld.exe
configure:4346: checking if the linker (c:/developmentenvironment/gcc471/msys_x2/1.0/mingw/mingw32/bin/ld.exe) is GNU ld
configure:4361: result: yes
configure:4366: checking for c:/developmentenvironment/gcc471/msys_x2/1.0/mingw/mingw32/bin/ld.exe option to reload object files
configure:4373: result: -r
configure:4391: checking for BSD-compatible nm
configure:4440: result: /mingw/bin/nm
configure:4444: checking whether ln -s works
configure:4448: result: yes
configure:4455: checking how to recognize dependent libraries
configure:4641: result: file_magic ^x86 archive import|^x86 DLL
configure:4883: checking how to run the C preprocessor
configure:4923: gcc -E -I/mingw/../devlibs/include conftest.c
configure:4929: $? = 0
configure:4960: gcc -E -I/mingw/../devlibs/include conftest.c
conftest.c:10:28: fatal error: ac_nonexistent.h: No such file or directory
compilation terminated.
configure:4966: $? = 1
configure: failed program was:
| /* confdefs.h.  */
| #define PACKAGE_NAME "libffi"
| #define PACKAGE_TARNAME "libffi"
| #define PACKAGE_VERSION "3.0.1"
| #define PACKAGE_STRING "libffi 3.0.1"
| #define PACKAGE_BUGREPORT "http://gcc.gnu.org/bugs.html"
| #define PACKAGE "libffi"
| #define VERSION "3.0.1"
| /* end confdefs.h.  */
| #include <ac_nonexistent.h>
configure:4999: result: gcc -E
configure:5028: gcc -E -I/mingw/../devlibs/include conftest.c
configure:5034: $? = 0
configure:5065: gcc -E -I/mingw/../devlibs/include conftest.c
conftest.c:10:28: fatal error: ac_nonexistent.h: No such file or directory
compilation terminated.
configure:5071: $? = 1
configure: failed program was:
| /* confdefs.h.  */
| #define PACKAGE_NAME "libffi"
| #define PACKAGE_TARNAME "libffi"
| #define PACKAGE_VERSION "3.0.1"
| #define PACKAGE_STRING "libffi 3.0.1"
| #define PACKAGE_BUGREPORT "http://gcc.gnu.org/bugs.html"
| #define PACKAGE "libffi"
| #define VERSION "3.0.1"
| /* end confdefs.h.  */
| #include <ac_nonexistent.h>
configure:5109: checking for ANSI C header files
configure:5139: gcc -c -g -O2 -I/mingw/../devlibs/include conftest.c >&5
configure:5145: $? = 0
configure:5244: gcc -o conftest.exe -g -O2 -I/mingw/../devlibs/include -L/mingw/../devlibs/lib conftest.c  >&5
configure:5247: $? = 0
configure:5253: ./conftest.exe
configure:5256: $? = 0
configure:5273: result: yes
configure:5297: checking for sys/types.h
configure:5318: gcc -c -g -O2 -I/mingw/../devlibs/include conftest.c >&5
configure:5324: $? = 0
configure:5340: result: yes
configure:5297: checking for sys/stat.h
configure:5318: gcc -c -g -O2 -I/mingw/../devlibs/include conftest.c >&5
configure:5324: $? = 0
configure:5340: result: yes
configure:5297: checking for stdlib.h
configure:5318: gcc -c -g -O2 -I/mingw/../devlibs/include conftest.c >&5
configure:5324: $? = 0
configure:5340: result: yes
configure:5297: checking for string.h
configure:5318: gcc -c -g -O2 -I/mingw/../devlibs/include conftest.c >&5
configure:5324: $? = 0
configure:5340: result: yes
configure:5297: checking for memory.h
configure:5318: gcc -c -g -O2 -I/mingw/../devlibs/include conftest.c >&5
configure:5324: $? = 0
configure:5340: result: yes
configure:5297: checking for strings.h
configure:5318: gcc -c -g -O2 -I/mingw/../devlibs/include conftest.c >&5
configure:5324: $? = 0
configure:5340: result: yes
configure:5297: checking for inttypes.h
configure:5318: gcc -c -g -O2 -I/mingw/../devlibs/include conftest.c >&5
configure:5324: $? = 0
configure:5340: result: yes
configure:5297: checking for stdint.h
configure:5318: gcc -c -g -O2 -I/mingw/../devlibs/include conftest.c >&5
configure:5324: $? = 0
configure:5340: result: yes
configure:5297: checking for unistd.h
configure:5318: gcc -c -g -O2 -I/mingw/../devlibs/include conftest.c >&5
configure:5324: $? = 0
configure:5340: result: yes
configure:5367: checking dlfcn.h usability
configure:5384: gcc -c -g -O2 -I/mingw/../devlibs/include conftest.c >&5
conftest.c:53:19: fatal error: dlfcn.h: No such file or directory
compilation terminated.
configure:5390: $? = 1
configure: failed program was:
| /* confdefs.h.  */
| #define PACKAGE_NAME "libffi"
| #define PACKAGE_TARNAME "libffi"
| #define PACKAGE_VERSION "3.0.1"
| #define PACKAGE_STRING "libffi 3.0.1"
| #define PACKAGE_BUGREPORT "http://gcc.gnu.org/bugs.html"
| #define PACKAGE "libffi"
| #define VERSION "3.0.1"
| #define STDC_HEADERS 1
| #define HAVE_SYS_TYPES_H 1
| #define HAVE_SYS_STAT_H 1
| #define HAVE_STDLIB_H 1
| #define HAVE_STRING_H 1
| #define HAVE_MEMORY_H 1
| #define HAVE_STRINGS_H 1
| #define HAVE_INTTYPES_H 1
| #define HAVE_STDINT_H 1
| #define HAVE_UNISTD_H 1
| /* end confdefs.h.  */
| #include <stdio.h>
| #ifdef HAVE_SYS_TYPES_H
| # include <sys/types.h>
| #endif
| #ifdef HAVE_SYS_STAT_H
| # include <sys/stat.h>
| #endif
| #ifdef STDC_HEADERS
| # include <stdlib.h>
| # include <stddef.h>
| #else
| # ifdef HAVE_STDLIB_H
| #  include <stdlib.h>
| # endif
| #endif
| #ifdef HAVE_STRING_H
| # if !defined STDC_HEADERS && defined HAVE_MEMORY_H
| #  include <memory.h>
| # endif
| # include <string.h>
| #endif
| #ifdef HAVE_STRINGS_H
| # include <strings.h>
| #endif
| #ifdef HAVE_INTTYPES_H
| # include <inttypes.h>
| #endif
| #ifdef HAVE_STDINT_H
| # include <stdint.h>
| #endif
| #ifdef HAVE_UNISTD_H
| # include <unistd.h>
| #endif
| #include <dlfcn.h>
configure:5404: result: no
configure:5408: checking dlfcn.h presence
configure:5423: gcc -E -I/mingw/../devlibs/include conftest.c
conftest.c:20:19: fatal error: dlfcn.h: No such file or directory
compilation terminated.
configure:5429: $? = 1
configure: failed program was:
| /* confdefs.h.  */
| #define PACKAGE_NAME "libffi"
| #define PACKAGE_TARNAME "libffi"
| #define PACKAGE_VERSION "3.0.1"
| #define PACKAGE_STRING "libffi 3.0.1"
| #define PACKAGE_BUGREPORT "http://gcc.gnu.org/bugs.html"
| #define PACKAGE "libffi"
| #define VERSION "3.0.1"
| #define STDC_HEADERS 1
| #define HAVE_SYS_TYPES_H 1
| #define HAVE_SYS_STAT_H 1
| #define HAVE_STDLIB_H 1
| #define HAVE_STRING_H 1
| #define HAVE_MEMORY_H 1
| #define HAVE_STRINGS_H 1
| #define HAVE_INTTYPES_H 1
| #define HAVE_STDINT_H 1
| #define HAVE_UNISTD_H 1
| /* end confdefs.h.  */
| #include <dlfcn.h>
configure:5443: result: no
configure:5476: checking for dlfcn.h
configure:5484: result: no
configure:5555: checking for g++
configure:5571: found /mingw/bin/g++
configure:5582: result: g++
configure:5613: checking for C++ compiler version
configure:5620: g++ --version >&5
g++.exe (tdm-1) 4.7.1
Copyright (C) 2012 Free Software Foundation, Inc.
This is free software; see the source for copying conditions.  There is NO
warranty; not even for MERCHANTABILITY or FITNESS FOR A PARTICULAR PURPOSE.

configure:5623: $? = 0
configure:5630: g++ -v >&5
Using built-in specs.
COLLECT_GCC=C:\DevelopmentEnvironment\GCC471\Msys_x2\1.0\mingw\bin\g++.exe
COLLECT_LTO_WRAPPER=c:/developmentenvironment/gcc471/msys_x2/1.0/mingw/bin/../libexec/gcc/mingw32/4.7.1/lto-wrapper.exe
Target: mingw32
Configured with: ../../src/gcc-4.7.1/configure --build=mingw32 --enable-languages=c,c++,ada,fortran,objc,obj-c++ --enable-threads=win32 --enable-libgomp --enable-lto --enable-fully-dynamic-string --enable-libstdcxx-debug --enable-version-specific-runtime-libs --with-gnu-ld --disable-nls --disable-win32-registry --disable-symvers --disable-build-poststage1-with-cxx --disable-werror --prefix=/mingw32tdm --with-local-prefix=/mingw32tdm --enable-cxx-flags='-fno-function-sections -fno-data-sections' --with-pkgversion=tdm-1 --enable-sjlj-exceptions --with-bugurl=http://tdm-gcc.tdragon.net/bugs
Thread model: win32
gcc version 4.7.1 (tdm-1) 
configure:5633: $? = 0
configure:5640: g++ -V >&5
g++.exe: error: unrecognized command line option '-V'
g++.exe: fatal error: no input files
compilation terminated.
configure:5643: $? = 1
configure:5646: checking whether we are using the GNU C++ compiler
configure:5675: g++ -c  -I/mingw/../devlibs/include conftest.cpp >&5
configure:5681: $? = 0
configure:5698: result: yes
configure:5703: checking whether g++ accepts -g
configure:5733: g++ -c -g -I/mingw/../devlibs/include conftest.cpp >&5
configure:5739: $? = 0
configure:5838: result: yes
configure:5863: checking dependency style of g++
configure:5954: result: gcc3
configure:5979: checking how to run the C++ preprocessor
configure:6015: g++ -E -I/mingw/../devlibs/include conftest.cpp
configure:6021: $? = 0
configure:6052: g++ -E -I/mingw/../devlibs/include conftest.cpp
conftest.cpp:20:28: fatal error: ac_nonexistent.h: No such file or directory
compilation terminated.
configure:6058: $? = 1
configure: failed program was:
| /* confdefs.h.  */
| #define PACKAGE_NAME "libffi"
| #define PACKAGE_TARNAME "libffi"
| #define PACKAGE_VERSION "3.0.1"
| #define PACKAGE_STRING "libffi 3.0.1"
| #define PACKAGE_BUGREPORT "http://gcc.gnu.org/bugs.html"
| #define PACKAGE "libffi"
| #define VERSION "3.0.1"
| #define STDC_HEADERS 1
| #define HAVE_SYS_TYPES_H 1
| #define HAVE_SYS_STAT_H 1
| #define HAVE_STDLIB_H 1
| #define HAVE_STRING_H 1
| #define HAVE_MEMORY_H 1
| #define HAVE_STRINGS_H 1
| #define HAVE_INTTYPES_H 1
| #define HAVE_STDINT_H 1
| #define HAVE_UNISTD_H 1
| /* end confdefs.h.  */
| #include <ac_nonexistent.h>
configure:6091: result: g++ -E
configure:6120: g++ -E -I/mingw/../devlibs/include conftest.cpp
configure:6126: $? = 0
configure:6157: g++ -E -I/mingw/../devlibs/include conftest.cpp
conftest.cpp:20:28: fatal error: ac_nonexistent.h: No such file or directory
compilation terminated.
configure:6163: $? = 1
configure: failed program was:
| /* confdefs.h.  */
| #define PACKAGE_NAME "libffi"
| #define PACKAGE_TARNAME "libffi"
| #define PACKAGE_VERSION "3.0.1"
| #define PACKAGE_STRING "libffi 3.0.1"
| #define PACKAGE_BUGREPORT "http://gcc.gnu.org/bugs.html"
| #define PACKAGE "libffi"
| #define VERSION "3.0.1"
| #define STDC_HEADERS 1
| #define HAVE_SYS_TYPES_H 1
| #define HAVE_SYS_STAT_H 1
| #define HAVE_STDLIB_H 1
| #define HAVE_STRING_H 1
| #define HAVE_MEMORY_H 1
| #define HAVE_STRINGS_H 1
| #define HAVE_INTTYPES_H 1
| #define HAVE_STDINT_H 1
| #define HAVE_UNISTD_H 1
| /* end confdefs.h.  */
| #include <ac_nonexistent.h>
configure:6256: checking for g77
configure:6286: result: no
configure:6256: checking for xlf
configure:6286: result: no
configure:6256: checking for f77
configure:6286: result: no
configure:6256: checking for frt
configure:6286: result: no
configure:6256: checking for pgf77
configure:6286: result: no
configure:6256: checking for cf77
configure:6286: result: no
configure:6256: checking for fort77
configure:6286: result: no
configure:6256: checking for fl32
configure:6286: result: no
configure:6256: checking for af77
configure:6286: result: no
configure:6256: checking for xlf90
configure:6286: result: no
configure:6256: checking for f90
configure:6286: result: no
configure:6256: checking for pgf90
configure:6286: result: no
configure:6256: checking for pghpf
configure:6286: result: no
configure:6256: checking for epcf90
configure:6286: result: no
configure:6256: checking for gfortran
configure:6286: result: no
configure:6256: checking for g95
configure:6286: result: no
configure:6256: checking for xlf95
configure:6286: result: no
configure:6256: checking for f95
configure:6286: result: no
configure:6256: checking for fort
configure:6286: result: no
configure:6256: checking for ifort
configure:6286: result: no
configure:6256: checking for ifc
configure:6286: result: no
configure:6256: checking for efc
configure:6286: result: no
configure:6256: checking for pgf95
configure:6286: result: no
configure:6256: checking for lf95
configure:6286: result: no
configure:6256: checking for ftn
configure:6286: result: no
configure:6313: checking for Fortran 77 compiler version
configure:6320:  --version >&5
./configure: line 6321: --version: command not found
configure:6323: $? = 127
configure:6330:  -v >&5
./configure: line 6331: -v: command not found
configure:6333: $? = 127
configure:6340:  -V >&5
./configure: line 6341: -V: command not found
configure:6343: $? = 127
configure:6351: checking whether we are using the GNU Fortran 77 compiler
configure:6370:  -c  conftest.F >&5
./configure: line 6371: -c: command not found
configure:6376: $? = 127
configure: failed program was:
|       program main
| #ifndef __GNUC__
|        choke me
| #endif
| 
|       end
configure:6393: result: no
configure:6399: checking whether  accepts -g
configure:6416:  -c -g conftest.f >&5
./configure: line 6417: -c: command not found
configure:6422: $? = 127
configure: failed program was:
|       program main
| 
|       end
configure:6438: result: no
configure:6468: checking the maximum length of command line arguments
configure:6580: result: 8192
configure:6592: checking command to parse /mingw/bin/nm output from gcc object
configure:6697: gcc -c -g -O2 -I/mingw/../devlibs/include conftest.c >&5
configure:6700: $? = 0
configure:6704: /mingw/bin/nm conftest.o \| sed -n -e 's/^.*[ 	]\([ABCDGIRSTW][ABCDGIRSTW]*\)[ 	][ 	]*\([_A-Za-z][_A-Za-z0-9]*\)\{0,1\}$/\1 \2 \2/p' \> conftest.nm
configure:6707: $? = 0
cannot find nm_test_var in conftest.nm
configure:6697: gcc -c -g -O2 -I/mingw/../devlibs/include conftest.c >&5
configure:6700: $? = 0
configure:6704: /mingw/bin/nm conftest.o \| sed -n -e 's/^.*[ 	]\([ABCDGIRSTW][ABCDGIRSTW]*\)[ 	][ 	]*_\([_A-Za-z][_A-Za-z0-9]*\)\{0,1\}$/\1 _\2 \2/p' \> conftest.nm
configure:6707: $? = 0
configure:6759: gcc -o conftest.exe -g -O2 -I/mingw/../devlibs/include -L/mingw/../devlibs/lib conftest.c conftstm.o >&5
configure:6762: $? = 0
configure:6800: result: ok
configure:6804: checking for objdir
configure:6819: result: .libs
configure:6911: checking for ar
configure:6927: found /mingw/bin/ar
configure:6938: result: ar
configure:7007: checking for ranlib
configure:7023: found /mingw/bin/ranlib
configure:7034: result: ranlib
configure:7103: checking for strip
configure:7119: found /mingw/bin/strip
configure:7130: result: strip
configure:7416: checking if gcc supports -fno-rtti -fno-exceptions
configure:7434: gcc -c -g -O2 -I/mingw/../devlibs/include -fno-rtti -fno-exceptions conftest.c >&5
cc1.exe: warning: command line option '-fno-rtti' is valid for C++/ObjC++ but not for C [enabled by default]
configure:7438: $? = 0
configure:7451: result: no
configure:7466: checking for gcc option to produce PIC
configure:7698: result: -DDLL_EXPORT
configure:7706: checking if gcc PIC flag -DDLL_EXPORT works
configure:7724: gcc -c -g -O2 -I/mingw/../devlibs/include -DDLL_EXPORT -DPIC conftest.c >&5
configure:7728: $? = 0
configure:7741: result: yes
configure:7769: checking if gcc static flag -static works
configure:7797: result: yes
configure:7807: checking if gcc supports -c -o file.o
configure:7828: gcc -c -g -O2 -I/mingw/../devlibs/include -o out/conftest2.o conftest.c >&5
configure:7832: $? = 0
configure:7854: result: yes
configure:7880: checking whether the gcc linker (c:/developmentenvironment/gcc471/msys_x2/1.0/mingw/mingw32/bin/ld.exe) supports shared libraries
configure:8860: result: yes
configure:8881: checking whether -lc should be explicitly linked in
configure:8886: gcc -c -g -O2 -I/mingw/../devlibs/include conftest.c >&5
configure:8889: $? = 0
configure:8904: gcc -shared conftest.o  -v -o ./conftest -Wl,--enable-auto-image-base -Xlinker --out-implib -Xlinker conftest 2\>\&1 \| grep  -lc  \>/dev/null 2\>\&1
configure:8907: $? = 1
configure:8919: result: yes
configure:8927: checking dynamic linker characteristics
configure:9531: result: Win32 ld.exe
configure:9540: checking how to hardcode library paths into programs
configure:9565: result: immediate
configure:9579: checking whether stripping libraries is possible
configure:9584: result: yes
configure:10386: checking if libtool supports shared libraries
configure:10388: result: yes
configure:10391: checking whether to build shared libraries
configure:10412: result: yes
configure:10415: checking whether to build static libraries
configure:10419: result: yes
configure:10512: creating libtool
configure:11100: checking for ld used by g++
configure:11167: result: c:/developmentenvironment/gcc471/msys_x2/1.0/mingw/mingw32/bin/ld.exe
configure:11176: checking if the linker (c:/developmentenvironment/gcc471/msys_x2/1.0/mingw/mingw32/bin/ld.exe) is GNU ld
configure:11191: result: yes
configure:11242: checking whether the g++ linker (c:/developmentenvironment/gcc471/msys_x2/1.0/mingw/mingw32/bin/ld.exe) supports shared libraries
configure:12216: result: yes
configure:12234: g++ -c -g -O2 -I/mingw/../devlibs/include conftest.cpp >&5
configure:12237: $? = 0
configure:12389: checking for g++ option to produce PIC
configure:12673: result: -DDLL_EXPORT
configure:12681: checking if g++ PIC flag -DDLL_EXPORT works
configure:12699: g++ -c -g -O2 -I/mingw/../devlibs/include -DDLL_EXPORT -DPIC conftest.cpp >&5
configure:12703: $? = 0
configure:12716: result: yes
configure:12744: checking if g++ static flag -static works
configure:12772: result: yes
configure:12782: checking if g++ supports -c -o file.o
configure:12803: g++ -c -g -O2 -I/mingw/../devlibs/include -o out/conftest2.o conftest.cpp >&5
configure:12807: $? = 0
configure:12829: result: yes
configure:12855: checking whether the g++ linker (c:/developmentenvironment/gcc471/msys_x2/1.0/mingw/mingw32/bin/ld.exe) supports shared libraries
configure:12880: result: yes
configure:12947: checking dynamic linker characteristics
configure:13499: result: Win32 ld.exe
configure:13508: checking how to hardcode library paths into programs
configure:13533: result: immediate
configure:19709: checking whether to enable maintainer-specific portions of Makefiles
configure:19718: result: no
configure:19747: checking sys/mman.h usability
configure:19764: gcc -c -g -O2 -I/mingw/../devlibs/include conftest.c >&5
conftest.c:53:22: fatal error: sys/mman.h: No such file or directory
compilation terminated.
configure:19770: $? = 1
configure: failed program was:
| /* confdefs.h.  */
| #define PACKAGE_NAME "libffi"
| #define PACKAGE_TARNAME "libffi"
| #define PACKAGE_VERSION "3.0.1"
| #define PACKAGE_STRING "libffi 3.0.1"
| #define PACKAGE_BUGREPORT "http://gcc.gnu.org/bugs.html"
| #define PACKAGE "libffi"
| #define VERSION "3.0.1"
| #define STDC_HEADERS 1
| #define HAVE_SYS_TYPES_H 1
| #define HAVE_SYS_STAT_H 1
| #define HAVE_STDLIB_H 1
| #define HAVE_STRING_H 1
| #define HAVE_MEMORY_H 1
| #define HAVE_STRINGS_H 1
| #define HAVE_INTTYPES_H 1
| #define HAVE_STDINT_H 1
| #define HAVE_UNISTD_H 1
| /* end confdefs.h.  */
| #include <stdio.h>
| #ifdef HAVE_SYS_TYPES_H
| # include <sys/types.h>
| #endif
| #ifdef HAVE_SYS_STAT_H
| # include <sys/stat.h>
| #endif
| #ifdef STDC_HEADERS
| # include <stdlib.h>
| # include <stddef.h>
| #else
| # ifdef HAVE_STDLIB_H
| #  include <stdlib.h>
| # endif
| #endif
| #ifdef HAVE_STRING_H
| # if !defined STDC_HEADERS && defined HAVE_MEMORY_H
| #  include <memory.h>
| # endif
| # include <string.h>
| #endif
| #ifdef HAVE_STRINGS_H
| # include <strings.h>
| #endif
| #ifdef HAVE_INTTYPES_H
| # include <inttypes.h>
| #endif
| #ifdef HAVE_STDINT_H
| # include <stdint.h>
| #endif
| #ifdef HAVE_UNISTD_H
| # include <unistd.h>
| #endif
| #include <sys/mman.h>
configure:19784: result: no
configure:19788: checking sys/mman.h presence
configure:19803: gcc -E -I/mingw/../devlibs/include conftest.c
conftest.c:20:22: fatal error: sys/mman.h: No such file or directory
compilation terminated.
configure:19809: $? = 1
configure: failed program was:
| /* confdefs.h.  */
| #define PACKAGE_NAME "libffi"
| #define PACKAGE_TARNAME "libffi"
| #define PACKAGE_VERSION "3.0.1"
| #define PACKAGE_STRING "libffi 3.0.1"
| #define PACKAGE_BUGREPORT "http://gcc.gnu.org/bugs.html"
| #define PACKAGE "libffi"
| #define VERSION "3.0.1"
| #define STDC_HEADERS 1
| #define HAVE_SYS_TYPES_H 1
| #define HAVE_SYS_STAT_H 1
| #define HAVE_STDLIB_H 1
| #define HAVE_STRING_H 1
| #define HAVE_MEMORY_H 1
| #define HAVE_STRINGS_H 1
| #define HAVE_INTTYPES_H 1
| #define HAVE_STDINT_H 1
| #define HAVE_UNISTD_H 1
| /* end confdefs.h.  */
| #include <sys/mman.h>
configure:19823: result: no
configure:19856: checking for sys/mman.h
configure:19864: result: no
configure:19881: checking for mmap
configure:19937: gcc -o conftest.exe -g -O2 -I/mingw/../devlibs/include -L/mingw/../devlibs/lib conftest.c  >&5
C:\Users\barknikk\AppData\Local\Temp\ccCWNJaJ.o: In function `main':
c:\DriveD\devlibs\libffi-3.0.1/conftest.c:54: undefined reference to `mmap'
collect2.exe: error: ld returned 1 exit status
configure:19943: $? = 1
configure: failed program was:
| /* confdefs.h.  */
| #define PACKAGE_NAME "libffi"
| #define PACKAGE_TARNAME "libffi"
| #define PACKAGE_VERSION "3.0.1"
| #define PACKAGE_STRING "libffi 3.0.1"
| #define PACKAGE_BUGREPORT "http://gcc.gnu.org/bugs.html"
| #define PACKAGE "libffi"
| #define VERSION "3.0.1"
| #define STDC_HEADERS 1
| #define HAVE_SYS_TYPES_H 1
| #define HAVE_SYS_STAT_H 1
| #define HAVE_STDLIB_H 1
| #define HAVE_STRING_H 1
| #define HAVE_MEMORY_H 1
| #define HAVE_STRINGS_H 1
| #define HAVE_INTTYPES_H 1
| #define HAVE_STDINT_H 1
| #define HAVE_UNISTD_H 1
| /* end confdefs.h.  */
| /* Define mmap to an innocuous variant, in case <limits.h> declares mmap.
|    For example, HP-UX 11i <limits.h> declares gettimeofday.  */
| #define mmap innocuous_mmap
| 
| /* System header to define __stub macros and hopefully few prototypes,
|     which can conflict with char mmap (); below.
|     Prefer <limits.h> to <assert.h> if __STDC__ is defined, since
|     <limits.h> exists even on freestanding compilers.  */
| 
| #ifdef __STDC__
| # include <limits.h>
| #else
| # include <assert.h>
| #endif
| 
| #undef mmap
| 
| /* Override any GCC internal prototype to avoid an error.
|    Use char because int might match the return type of a GCC
|    builtin and then its argument prototype would still apply.  */
| #ifdef __cplusplus
| extern "C"
| #endif
| char mmap ();
| /* The GNU C library defines this for functions which it implements
|     to always fail with ENOSYS.  Some functions are actually named
|     something starting with __ and the normal name is an alias.  */
| #if defined __stub_mmap || defined __stub___mmap
| choke me
| #endif
| 
| int
| main ()
| {
| return mmap ();
|   ;
|   return 0;
| }
configure:19961: result: no
configure:19973: checking for sys/mman.h
configure:19978: result: no
configure:20109: checking for mmap
configure:20188: result: no
configure:20660: checking for ANSI C header files
configure:20824: result: yes
configure:20838: checking for memcpy
configure:20894: gcc -o conftest.exe -g -O2 -I/mingw/../devlibs/include -L/mingw/../devlibs/lib conftest.c  >&5
conftest.c:44:6: warning: conflicting types for built-in function 'memcpy' [enabled by default]
configure:20900: $? = 0
configure:20918: result: yes
configure:20930: checking for working alloca.h
configure:20957: gcc -o conftest.exe -g -O2 -I/mingw/../devlibs/include -L/mingw/../devlibs/lib conftest.c  >&5
conftest.c:22:20: fatal error: alloca.h: No such file or directory
compilation terminated.
configure:20963: $? = 1
configure: failed program was:
| /* confdefs.h.  */
| #define PACKAGE_NAME "libffi"
| #define PACKAGE_TARNAME "libffi"
| #define PACKAGE_VERSION "3.0.1"
| #define PACKAGE_STRING "libffi 3.0.1"
| #define PACKAGE_BUGREPORT "http://gcc.gnu.org/bugs.html"
| #define PACKAGE "libffi"
| #define VERSION "3.0.1"
| #define STDC_HEADERS 1
| #define HAVE_SYS_TYPES_H 1
| #define HAVE_SYS_STAT_H 1
| #define HAVE_STDLIB_H 1
| #define HAVE_STRING_H 1
| #define HAVE_MEMORY_H 1
| #define HAVE_STRINGS_H 1
| #define HAVE_INTTYPES_H 1
| #define HAVE_STDINT_H 1
| #define HAVE_UNISTD_H 1
| #define STDC_HEADERS 1
| #define HAVE_MEMCPY 1
| /* end confdefs.h.  */
| #include <alloca.h>
| int
| main ()
| {
| char *p = (char *) alloca (2 * sizeof (int));
| 			  if (p) return 0;
|   ;
|   return 0;
| }
configure:20980: result: no
configure:20990: checking for alloca
configure:21037: gcc -o conftest.exe -g -O2 -I/mingw/../devlibs/include -L/mingw/../devlibs/lib conftest.c  >&5
configure:21043: $? = 0
configure:21060: result: yes
configure:21288: checking for double
configure:21318: gcc -c -g -O2 -I/mingw/../devlibs/include conftest.c >&5
configure:21324: $? = 0
configure:21339: result: yes
configure:21346: checking size of double
configure:21648: gcc -o conftest.exe -g -O2 -I/mingw/../devlibs/include -L/mingw/../devlibs/lib conftest.c  >&5
configure:21651: $? = 0
configure:21657: ./conftest.exe
configure:21660: $? = 0
configure:21683: result: 8
configure:21693: checking for long double
configure:21723: gcc -c -g -O2 -I/mingw/../devlibs/include conftest.c >&5
configure:21729: $? = 0
configure:21744: result: yes
configure:21751: checking size of long double
configure:22053: gcc -o conftest.exe -g -O2 -I/mingw/../devlibs/include -L/mingw/../devlibs/lib conftest.c  >&5
configure:22056: $? = 0
configure:22062: ./conftest.exe
configure:22065: $? = 0
configure:22088: result: 12
configure:22115: checking whether byte ordering is bigendian
configure:22148: gcc -c -g -O2 -I/mingw/../devlibs/include conftest.c >&5
configure:22154: $? = 0
configure:22186: gcc -c -g -O2 -I/mingw/../devlibs/include conftest.c >&5
conftest.c: In function 'main':
conftest.c:33:2: error: unknown type name 'not'
conftest.c:33:10: error: expected '=', ',', ';', 'asm' or '__attribute__' before 'endian'
configure:22192: $? = 1
configure: failed program was:
| /* confdefs.h.  */
| #define PACKAGE_NAME "libffi"
| #define PACKAGE_TARNAME "libffi"
| #define PACKAGE_VERSION "3.0.1"
| #define PACKAGE_STRING "libffi 3.0.1"
| #define PACKAGE_BUGREPORT "http://gcc.gnu.org/bugs.html"
| #define PACKAGE "libffi"
| #define VERSION "3.0.1"
| #define STDC_HEADERS 1
| #define HAVE_SYS_TYPES_H 1
| #define HAVE_SYS_STAT_H 1
| #define HAVE_STDLIB_H 1
| #define HAVE_STRING_H 1
| #define HAVE_MEMORY_H 1
| #define HAVE_STRINGS_H 1
| #define HAVE_INTTYPES_H 1
| #define HAVE_STDINT_H 1
| #define HAVE_UNISTD_H 1
| #define STDC_HEADERS 1
| #define HAVE_MEMCPY 1
| #define HAVE_ALLOCA 1
| #define SIZEOF_DOUBLE 8
| #define SIZEOF_LONG_DOUBLE 12
| #define HAVE_LONG_DOUBLE 1
| /* end confdefs.h.  */
| #include <sys/types.h>
| #include <sys/param.h>
| 
| int
| main ()
| {
| #if BYTE_ORDER != BIG_ENDIAN
|  not big endian
| #endif
| 
|   ;
|   return 0;
| }
configure:22332: result: no
configure:22352: checking assembler .cfi pseudo-op support
configure:22380: gcc -c -g -O2 -I/mingw/../devlibs/include conftest.c >&5
configure:22386: $? = 0
configure:22402: result: yes
configure:22541: checking whether .eh_frame section should be read-only
configure:22560: result: no
configure:22581: checking for __attribute__((visibility("hidden")))
configure:22590: gcc -Werror -S conftest.c -o conftest.s 1>&5
conftest.c: In function 'foo':
conftest.c:1:1: error: visibility attribute not supported in this configuration; ignored [-Werror=attributes]
cc1.exe: all warnings being treated as errors
configure:22593: $? = 1
configure:22602: result: no
configure:23004: creating ./config.status

## ---------------------- ##
## Running config.status. ##
## ---------------------- ##

This file was extended by libffi config.status 3.0.1, which was
generated by GNU Autoconf 2.61.  Invocation command line was

  CONFIG_FILES    = 
  CONFIG_HEADERS  = 
  CONFIG_LINKS    = 
  CONFIG_COMMANDS = 
  $ ./config.status 

on BHIG4NYZN1

config.status:743: creating include/Makefile
config.status:743: creating include/ffi.h
config.status:743: creating Makefile
config.status:743: creating testsuite/Makefile
config.status:743: creating man/Makefile
config.status:743: creating libffi.pc
config.status:743: creating fficonfig.h
config.status:977: fficonfig.h is unchanged
config.status:1027: linking ./src/x86/ffitarget.h to include/ffitarget.h
config.status:1049: executing depfiles commands
config.status:1049: executing include commands
config.status:1049: executing src commands

## ---------------- ##
## Cache variables. ##
## ---------------- ##

ac_cv_build=i686-pc-mingw32
ac_cv_c_bigendian=no
ac_cv_c_compiler_gnu=yes
ac_cv_cxx_compiler_gnu=yes
ac_cv_env_CCASFLAGS_set=
ac_cv_env_CCASFLAGS_value=
ac_cv_env_CCAS_set=
ac_cv_env_CCAS_value=
ac_cv_env_CCC_set=
ac_cv_env_CCC_value=
ac_cv_env_CPPFLAGS_set=set
ac_cv_env_CPPFLAGS_value=-I/mingw/../devlibs/include
ac_cv_env_CPP_set=
ac_cv_env_CPP_value=
ac_cv_env_CXXCPP_set=
ac_cv_env_CXXCPP_value=
ac_cv_env_CXXFLAGS_set=
ac_cv_env_CXXFLAGS_value=
ac_cv_env_CXX_set=
ac_cv_env_CXX_value=
ac_cv_env_F77_set=
ac_cv_env_F77_value=
ac_cv_env_FFLAGS_set=
ac_cv_env_FFLAGS_value=
ac_cv_env_LDFLAGS_set=set
ac_cv_env_LDFLAGS_value=-L/mingw/../devlibs/lib
ac_cv_env_LIBS_set=
ac_cv_env_LIBS_value=
ac_cv_env_build_alias_set=
ac_cv_env_build_alias_value=
ac_cv_env_host_alias_set=
ac_cv_env_host_alias_value=
ac_cv_env_target_alias_set=
ac_cv_env_target_alias_value=
ac_cv_exeext=.exe
ac_cv_f77_compiler_gnu=no
ac_cv_func_alloca_works=yes
ac_cv_func_memcpy=yes
ac_cv_func_mmap=no
ac_cv_func_mmap_anon=no
ac_cv_func_mmap_dev_zero=no
ac_cv_func_mmap_file=no
ac_cv_header_dlfcn_h=no
ac_cv_header_inttypes_h=yes
ac_cv_header_memory_h=yes
ac_cv_header_stdc=yes
ac_cv_header_stdint_h=yes
ac_cv_header_stdlib_h=yes
ac_cv_header_string_h=yes
ac_cv_header_strings_h=yes
ac_cv_header_sys_mman_h=no
ac_cv_header_sys_stat_h=yes
ac_cv_header_sys_types_h=yes
ac_cv_header_unistd_h=yes
ac_cv_host=i686-pc-mingw32
ac_cv_objext=o
ac_cv_path_EGREP='/bin/grep -E'
ac_cv_path_GREP=/bin/grep
ac_cv_path_install='/bin/install -c'
ac_cv_path_mkdir=/bin/mkdir
ac_cv_prog_AWK=gawk
ac_cv_prog_CPP='gcc -E'
ac_cv_prog_CXXCPP='g++ -E'
ac_cv_prog_ac_ct_AR=ar
ac_cv_prog_ac_ct_CC=gcc
ac_cv_prog_ac_ct_CXX=g++
ac_cv_prog_ac_ct_RANLIB=ranlib
ac_cv_prog_ac_ct_STRIP=strip
ac_cv_prog_cc_c89=
ac_cv_prog_cc_g=yes
ac_cv_prog_cc_gcc_c_o=yes
ac_cv_prog_cxx_g=yes
ac_cv_prog_f77_g=no
ac_cv_prog_make_make_set=yes
ac_cv_sizeof_double=8
ac_cv_sizeof_long_double=12
ac_cv_target=i686-pc-mingw32
ac_cv_type_double=yes
ac_cv_type_long_double=yes
ac_cv_working_alloca_h=no
am_cv_CCAS_dependencies_compiler_type=gcc3
am_cv_CC_dependencies_compiler_type=gcc3
am_cv_CXX_dependencies_compiler_type=gcc3
libffi_cv_as_cfi_pseudo_op=yes
libffi_cv_hidden_visibility_attribute=no
libffi_cv_ro_eh_frame=no
lt_cv_deplibs_check_method='file_magic ^x86 archive import|^x86 DLL'
lt_cv_file_magic_cmd=func_win32_libid
lt_cv_file_magic_test_file=
lt_cv_ld_reload_flag=-r
lt_cv_objdir=.libs
lt_cv_path_LD=c:/developmentenvironment/gcc471/msys_x2/1.0/mingw/mingw32/bin/ld.exe
lt_cv_path_LDCXX=c:/developmentenvironment/gcc471/msys_x2/1.0/mingw/mingw32/bin/ld.exe
lt_cv_path_NM=/mingw/bin/nm
lt_cv_path_SED=/bin/sed
lt_cv_prog_compiler_c_o=yes
lt_cv_prog_compiler_c_o_CXX=yes
lt_cv_prog_compiler_rtti_exceptions=no
lt_cv_prog_gnu_ld=yes
lt_cv_prog_gnu_ldcxx=yes
lt_cv_sys_global_symbol_pipe='sed -n -e '\''s/^.*[ 	]\([ABCDGIRSTW][ABCDGIRSTW]*\)[ 	][ 	]*_\([_A-Za-z][_A-Za-z0-9]*\)\{0,1\}$/\1 _\2 \2/p'\'''
lt_cv_sys_global_symbol_to_c_name_address='sed -n -e '\''s/^: \([^ ]*\) $/  {\"\1\", (lt_ptr) 0},/p'\'' -e '\''s/^[BCDEGRST] \([^ ]*\) \([^ ]*\)$/  {"\2", (lt_ptr) \&\2},/p'\'''
lt_cv_sys_global_symbol_to_cdecl='sed -n -e '\''s/^. .* \(.*\)$/extern int \1;/p'\'''
lt_cv_sys_max_cmd_len=8192
lt_lt_cv_prog_compiler_c_o='"yes"'
lt_lt_cv_prog_compiler_c_o_CXX='"yes"'
lt_lt_cv_sys_global_symbol_pipe='"sed -n -e '\''s/^.*[ 	]\\([ABCDGIRSTW][ABCDGIRSTW]*\\)[ 	][ 	]*_\\([_A-Za-z][_A-Za-z0-9]*\\)\\{0,1\\}\$/\\1 _\\2 \\2/p'\''"'
lt_lt_cv_sys_global_symbol_to_c_name_address='"sed -n -e '\''s/^: \\([^ ]*\\) \$/  {\\\"\\1\\\", (lt_ptr) 0},/p'\'' -e '\''s/^[BCDEGRST] \\([^ ]*\\) \\([^ ]*\\)\$/  {\"\\2\", (lt_ptr) \\&\\2},/p'\''"'
lt_lt_cv_sys_global_symbol_to_cdecl='"sed -n -e '\''s/^. .* \\(.*\\)\$/extern int \\1;/p'\''"'

## ----------------- ##
## Output variables. ##
## ----------------- ##

ACLOCAL='${SHELL} /c/DriveD/devlibs/libffi-3.0.1/missing --run aclocal-1.10'
ALLOCA=''
ALPHA_FALSE=''
ALPHA_TRUE='#'
AMDEPBACKSLASH='\'
AMDEP_FALSE='#'
AMDEP_TRUE=''
AMTAR='${SHELL} /c/DriveD/devlibs/libffi-3.0.1/missing --run tar'
AM_RUNTESTFLAGS=''
AR='ar'
ARM_FALSE=''
ARM_TRUE='#'
AUTOCONF='${SHELL} /c/DriveD/devlibs/libffi-3.0.1/missing --run autoconf'
AUTOHEADER='${SHELL} /c/DriveD/devlibs/libffi-3.0.1/missing --run autoheader'
AUTOMAKE='${SHELL} /c/DriveD/devlibs/libffi-3.0.1/missing --run automake-1.10'
AWK='gawk'
CC='gcc'
CCAS='gcc'
CCASDEPMODE='depmode=gcc3'
CCASFLAGS='-g -O2'
CCDEPMODE='depmode=gcc3'
CFLAGS='-g -O2'
CPP='gcc -E'
CPPFLAGS='-I/mingw/../devlibs/include'
CXX='g++'
CXXCPP='g++ -E'
CXXDEPMODE='depmode=gcc3'
CXXFLAGS='-g -O2'
CYGPATH_W='echo'
DEFS='-DHAVE_CONFIG_H'
DEPDIR='.deps'
ECHO='echo'
ECHO_C=''
ECHO_N='-n'
ECHO_T=''
EGREP='/bin/grep -E'
EXEEXT='.exe'
F77=''
FFLAGS=''
FRV_FALSE=''
FRV_TRUE='#'
GREP='/bin/grep'
HAVE_LONG_DOUBLE='1'
IA64_FALSE=''
IA64_TRUE='#'
INSTALL_DATA='${INSTALL} -m 644'
INSTALL_PROGRAM='${INSTALL}'
INSTALL_SCRIPT='${INSTALL}'
INSTALL_STRIP_PROGRAM='$(install_sh) -c -s'
LDFLAGS='-L/mingw/../devlibs/lib'
LIBFFI_CRIS_FALSE=''
LIBFFI_CRIS_TRUE='#'
LIBOBJS=''
LIBS=''
LIBTOOL='$(SHELL) $(top_builddir)/libtool'
LN_S='ln -s'
LTLIBOBJS=''
M32R_FALSE=''
M32R_TRUE='#'
M68K_FALSE=''
M68K_TRUE='#'
MAINT='#'
MAINTAINER_MODE_FALSE=''
MAINTAINER_MODE_TRUE='#'
MAKEINFO='${SHELL} /c/DriveD/devlibs/libffi-3.0.1/missing --run makeinfo'
MIPS_FALSE=''
MIPS_TRUE='#'
OBJEXT='o'
PA64_HPUX_FALSE=''
PA64_HPUX_TRUE='#'
PACKAGE='libffi'
PACKAGE_BUGREPORT='http://gcc.gnu.org/bugs.html'
PACKAGE_NAME='libffi'
PACKAGE_STRING='libffi 3.0.1'
PACKAGE_TARNAME='libffi'
PACKAGE_VERSION='3.0.1'
PATH_SEPARATOR=':'
PA_HPUX_FALSE=''
PA_HPUX_TRUE='#'
PA_LINUX_FALSE=''
PA_LINUX_TRUE='#'
POWERPC_AIX_FALSE=''
POWERPC_AIX_TRUE='#'
POWERPC_DARWIN_FALSE=''
POWERPC_DARWIN_TRUE='#'
POWERPC_FALSE=''
POWERPC_FREEBSD_FALSE=''
POWERPC_FREEBSD_TRUE='#'
POWERPC_TRUE='#'
RANLIB='ranlib'
S390_FALSE=''
S390_TRUE='#'
SED='/bin/sed'
SET_MAKE=''
SH64_FALSE=''
SH64_TRUE='#'
SHELL='/bin/sh'
SH_FALSE=''
SH_TRUE='#'
SPARC_FALSE=''
SPARC_TRUE='#'
STRIP='strip'
TARGET='X86_WIN32'
TARGETDIR='x86'
TESTSUBDIR_FALSE='#'
TESTSUBDIR_TRUE=''
VERSION='3.0.1'
X86_64_FALSE=''
X86_64_TRUE='#'
X86_DARWIN_FALSE=''
X86_DARWIN_TRUE='#'
X86_FALSE=''
X86_TRUE='#'
X86_WIN32_FALSE='#'
X86_WIN32_TRUE=''
ac_ct_CC='gcc'
ac_ct_CXX='g++'
ac_ct_F77=''
am__fastdepCCAS_FALSE='#'
am__fastdepCCAS_TRUE=''
am__fastdepCC_FALSE='#'
am__fastdepCC_TRUE=''
am__fastdepCXX_FALSE='#'
am__fastdepCXX_TRUE=''
am__include='include'
am__isrc=''
am__leading_dot='.'
am__quote=''
am__tar='${AMTAR} chof - "$$tardir"'
am__untar='${AMTAR} xf -'
bindir='${exec_prefix}/bin'
build='i686-pc-mingw32'
build_alias=''
build_cpu='i686'
build_os='mingw32'
build_vendor='pc'
datadir='${datarootdir}'
datarootdir='${prefix}/share'
docdir='${datarootdir}/doc/${PACKAGE_TARNAME}'
dvidir='${docdir}'
exec_prefix='${prefix}'
host='i686-pc-mingw32'
host_alias=''
host_cpu='i686'
host_os='mingw32'
host_vendor='pc'
htmldir='${docdir}'
includedir='${prefix}/include'
infodir='${datarootdir}/info'
install_sh='$(SHELL) /c/DriveD/devlibs/libffi-3.0.1/install-sh'
libdir='${exec_prefix}/lib'
libexecdir='${exec_prefix}/libexec'
localedir='${datarootdir}/locale'
localstatedir='${prefix}/var'
mandir='${datarootdir}/man'
mkdir_p='/bin/mkdir -p'
oldincludedir='/usr/include'
pdfdir='${docdir}'
prefix='/mingw/../devlibs'
program_transform_name='s,x,x,'
psdir='${docdir}'
sbindir='${exec_prefix}/sbin'
sharedstatedir='${prefix}/com'
sysconfdir='${prefix}/etc'
target='i686-pc-mingw32'
target_alias=''
target_cpu='i686'
target_os='mingw32'
target_vendor='pc'
toolexecdir='$(libdir)/gcc-lib/$(target_alias)'
toolexeclibdir='$(libdir)'

## ----------- ##
## confdefs.h. ##
## ----------- ##

#define PACKAGE_NAME "libffi"
#define PACKAGE_TARNAME "libffi"
#define PACKAGE_VERSION "3.0.1"
#define PACKAGE_STRING "libffi 3.0.1"
#define PACKAGE_BUGREPORT "http://gcc.gnu.org/bugs.html"
#define PACKAGE "libffi"
#define VERSION "3.0.1"
#define STDC_HEADERS 1
#define HAVE_SYS_TYPES_H 1
#define HAVE_SYS_STAT_H 1
#define HAVE_STDLIB_H 1
#define HAVE_STRING_H 1
#define HAVE_MEMORY_H 1
#define HAVE_STRINGS_H 1
#define HAVE_INTTYPES_H 1
#define HAVE_STDINT_H 1
#define HAVE_UNISTD_H 1
#define STDC_HEADERS 1
#define HAVE_MEMCPY 1
#define HAVE_ALLOCA 1
#define SIZEOF_DOUBLE 8
#define SIZEOF_LONG_DOUBLE 12
#define HAVE_LONG_DOUBLE 1
#define HAVE_AS_CFI_PSEUDO_OP 1
#define EH_FRAME_FLAGS "aw"

configure: exit 0
