This file contains any messages produced by compilers while
running configure, to aid debugging if configure makes a mistake.

It was created by configure, which was
generated by GNU Autoconf 2.59.  Invocation command line was

  $ ./configure --prefix=/mingw/../devlibs --enable-music-ogg-shared=no

## --------- ##
## Platform. ##
## --------- ##

hostname = BHIG4NYZN1
uname -m = i686
uname -r = 1.0.11(0.46/3/2)
uname -s = MINGW32_NT-6.1
uname -v = 2009-07-11 17:46

/usr/bin/uname -p = unknown
/bin/uname -X     = unknown

/bin/arch              = unknown
/usr/bin/arch -k       = unknown
/usr/convex/getsysinfo = unknown
hostinfo               = unknown
/bin/machine           = unknown
/usr/bin/oslevel       = unknown
/bin/universe          = unknown

PATH: .
PATH: /usr/local/bin
PATH: /mingw/bin
PATH: /bin
PATH: /mingw/../devlibs/bin
PATH: /c/Program Files/CA/SC/CAWIN/
PATH: /c/Windows/system32
PATH: /c/Windows
PATH: /c/Windows/System32/Wbem
PATH: /c/Windows/System32/WindowsPowerShell/v1.0/
PATH: /c/Program Files/Common Files/Roxio Shared/DLLShared/
PATH: /c/Program Files/Common Files/Roxio Shared/10.0/DLLShared/
PATH: /c/PROGRA~1/CA/SC/CAM/bin
PATH: /c/Program Files/CA/SC/Csam/SockAdapter/bin
PATH: /c/Program Files/CA/SC/CBB/
PATH: /c/Program Files/CA/DSM/bin
PATH: /c/Program Files/Microsoft SQL Server/90/Tools/binn/
PATH: /svn/bin
PATH: /nsis


## ----------- ##
## Core tests. ##
## ----------- ##

configure:1582: checking build system type
configure:1600: result: i686-pc-mingw32
configure:1608: checking host system type
configure:1622: result: i686-pc-mingw32
configure:1778: checking for gcc
configure:1794: found /mingw/bin/gcc
configure:1804: result: gcc
configure:2048: checking for C compiler version
configure:2051: gcc --version </dev/null >&5
gcc.exe (tdm-1) 4.7.1
Copyright (C) 2012 Free Software Foundation, Inc.
This is free software; see the source for copying conditions.  There is NO
warranty; not even for MERCHANTABILITY or FITNESS FOR A PARTICULAR PURPOSE.

configure:2054: $? = 0
configure:2056: gcc -v </dev/null >&5
Using built-in specs.
COLLECT_GCC=C:\DevelopmentEnvironment\GCC471\Msys_x2\1.0\mingw\bin\gcc.exe
COLLECT_LTO_WRAPPER=c:/developmentenvironment/gcc471/msys_x2/1.0/mingw/bin/../libexec/gcc/mingw32/4.7.1/lto-wrapper.exe
Target: mingw32
Configured with: ../../src/gcc-4.7.1/configure --build=mingw32 --enable-languages=c,c++,ada,fortran,objc,obj-c++ --enable-threads=win32 --enable-libgomp --enable-lto --enable-fully-dynamic-string --enable-libstdcxx-debug --enable-version-specific-runtime-libs --with-gnu-ld --disable-nls --disable-win32-registry --disable-symvers --disable-build-poststage1-with-cxx --disable-werror --prefix=/mingw32tdm --with-local-prefix=/mingw32tdm --enable-cxx-flags='-fno-function-sections -fno-data-sections' --with-pkgversion=tdm-1 --enable-sjlj-exceptions --with-bugurl=http://tdm-gcc.tdragon.net/bugs
Thread model: win32
gcc version 4.7.1 (tdm-1) 
configure:2059: $? = 0
configure:2061: gcc -V </dev/null >&5
gcc.exe: error: unrecognized command line option '-V'
gcc.exe: fatal error: no input files
compilation terminated.
configure:2064: $? = 1
configure:2087: checking for C compiler default output file name
configure:2090: gcc   -D_GNU_SOURCE=1 -I/mingw/../devlibs/include  -D_GNU_SOURCE=1 -L/mingw/../devlibs/lib  conftest.c  >&5
configure:2093: $? = 0
configure:2139: result: a.exe
configure:2144: checking whether the C compiler works
configure:2150: ./a.exe
configure:2153: $? = 0
configure:2170: result: yes
configure:2177: checking whether we are cross compiling
configure:2179: result: no
configure:2182: checking for suffix of executables
configure:2184: gcc -o conftest.exe   -D_GNU_SOURCE=1 -I/mingw/../devlibs/include  -D_GNU_SOURCE=1 -L/mingw/../devlibs/lib  conftest.c  >&5
configure:2187: $? = 0
configure:2212: result: .exe
configure:2218: checking for suffix of object files
configure:2239: gcc -c   -D_GNU_SOURCE=1 -I/mingw/../devlibs/include  -D_GNU_SOURCE=1 conftest.c >&5
configure:2242: $? = 0
configure:2264: result: o
configure:2268: checking whether we are using the GNU C compiler
configure:2292: gcc -c   -D_GNU_SOURCE=1 -I/mingw/../devlibs/include  -D_GNU_SOURCE=1 conftest.c >&5
configure:2298: $? = 0
configure:2302: test -z 
			 || test ! -s conftest.err
configure:2305: $? = 0
configure:2308: test -s conftest.o
configure:2311: $? = 0
configure:2324: result: yes
configure:2330: checking whether gcc accepts -g
configure:2351: gcc -c -g -I/mingw/../devlibs/include  -D_GNU_SOURCE=1 conftest.c >&5
configure:2357: $? = 0
configure:2361: test -z 
			 || test ! -s conftest.err
configure:2364: $? = 0
configure:2367: test -s conftest.o
configure:2370: $? = 0
configure:2381: result: yes
configure:2398: checking for gcc option to accept ANSI C
configure:2468: gcc  -c   -D_GNU_SOURCE=1 -I/mingw/../devlibs/include  -D_GNU_SOURCE=1 conftest.c >&5
configure:2474: $? = 0
configure:2478: test -z 
			 || test ! -s conftest.err
configure:2481: $? = 0
configure:2484: test -s conftest.o
configure:2487: $? = 0
configure:2505: result: none needed
configure:2523: gcc -c   -D_GNU_SOURCE=1 -I/mingw/../devlibs/include  -D_GNU_SOURCE=1 conftest.c >&5
conftest.c:2:3: error: unknown type name 'choke'
conftest.c:2:3: error: expected '=', ',', ';', 'asm' or '__attribute__' at end of input
configure:2529: $? = 1
configure: failed program was:
| #ifndef __cplusplus
|   choke me
| #endif
configure:2662: checking for a sed that does not truncate output
configure:2716: result: /bin/sed
configure:2719: checking for egrep
configure:2729: result: grep -E
configure:2745: checking for ld used by gcc
configure:2812: result: c:/developmentenvironment/gcc471/msys_x2/1.0/mingw/mingw32/bin/ld.exe
configure:2821: checking if the linker (c:/developmentenvironment/gcc471/msys_x2/1.0/mingw/mingw32/bin/ld.exe) is GNU ld
configure:2836: result: yes
configure:2841: checking for c:/developmentenvironment/gcc471/msys_x2/1.0/mingw/mingw32/bin/ld.exe option to reload object files
configure:2848: result: -r
configure:2866: checking for BSD-compatible nm
configure:2915: result: /mingw/bin/nm
configure:2919: checking whether ln -s works
configure:2923: result: yes
configure:2930: checking how to recognise dependent libraries
configure:3108: result: pass_all
configure:3376: checking for dlltool
configure:3392: found /mingw/bin/dlltool
configure:3403: result: dlltool
configure:3456: checking for as
configure:3472: found /mingw/bin/as
configure:3483: result: as
configure:3536: checking for objdump
configure:3552: found /mingw/bin/objdump
configure:3563: result: objdump
configure:3587: checking how to run the C preprocessor
configure:3622: gcc -E -I/mingw/../devlibs/include  -D_GNU_SOURCE=1 conftest.c
configure:3628: $? = 0
configure:3660: gcc -E -I/mingw/../devlibs/include  -D_GNU_SOURCE=1 conftest.c
conftest.c:9:28: fatal error: ac_nonexistent.h: No such file or directory
compilation terminated.
configure:3666: $? = 1
configure: failed program was:
| /* confdefs.h.  */
| 
| #define PACKAGE_NAME ""
| #define PACKAGE_TARNAME ""
| #define PACKAGE_VERSION ""
| #define PACKAGE_STRING ""
| #define PACKAGE_BUGREPORT ""
| /* end confdefs.h.  */
| #include <ac_nonexistent.h>
configure:3705: result: gcc -E
configure:3729: gcc -E -I/mingw/../devlibs/include  -D_GNU_SOURCE=1 conftest.c
configure:3735: $? = 0
configure:3767: gcc -E -I/mingw/../devlibs/include  -D_GNU_SOURCE=1 conftest.c
conftest.c:9:28: fatal error: ac_nonexistent.h: No such file or directory
compilation terminated.
configure:3773: $? = 1
configure: failed program was:
| /* confdefs.h.  */
| 
| #define PACKAGE_NAME ""
| #define PACKAGE_TARNAME ""
| #define PACKAGE_VERSION ""
| #define PACKAGE_STRING ""
| #define PACKAGE_BUGREPORT ""
| /* end confdefs.h.  */
| #include <ac_nonexistent.h>
configure:3817: checking for ANSI C header files
configure:3842: gcc -c   -D_GNU_SOURCE=1 -I/mingw/../devlibs/include  -D_GNU_SOURCE=1 conftest.c >&5
configure:3848: $? = 0
configure:3852: test -z 
			 || test ! -s conftest.err
configure:3855: $? = 0
configure:3858: test -s conftest.o
configure:3861: $? = 0
configure:3950: gcc -o conftest.exe   -D_GNU_SOURCE=1 -I/mingw/../devlibs/include  -D_GNU_SOURCE=1 -L/mingw/../devlibs/lib  conftest.c  >&5
conftest.c: In function 'main':
conftest.c:26:7: warning: incompatible implicit declaration of built-in function 'exit' [enabled by default]
configure:3953: $? = 0
configure:3955: ./conftest.exe
configure:3958: $? = 0
configure:3973: result: yes
configure:3997: checking for sys/types.h
configure:4013: gcc -c   -D_GNU_SOURCE=1 -I/mingw/../devlibs/include  -D_GNU_SOURCE=1 conftest.c >&5
configure:4019: $? = 0
configure:4023: test -z 
			 || test ! -s conftest.err
configure:4026: $? = 0
configure:4029: test -s conftest.o
configure:4032: $? = 0
configure:4043: result: yes
configure:3997: checking for sys/stat.h
configure:4013: gcc -c   -D_GNU_SOURCE=1 -I/mingw/../devlibs/include  -D_GNU_SOURCE=1 conftest.c >&5
configure:4019: $? = 0
configure:4023: test -z 
			 || test ! -s conftest.err
configure:4026: $? = 0
configure:4029: test -s conftest.o
configure:4032: $? = 0
configure:4043: result: yes
configure:3997: checking for stdlib.h
configure:4013: gcc -c   -D_GNU_SOURCE=1 -I/mingw/../devlibs/include  -D_GNU_SOURCE=1 conftest.c >&5
configure:4019: $? = 0
configure:4023: test -z 
			 || test ! -s conftest.err
configure:4026: $? = 0
configure:4029: test -s conftest.o
configure:4032: $? = 0
configure:4043: result: yes
configure:3997: checking for string.h
configure:4013: gcc -c   -D_GNU_SOURCE=1 -I/mingw/../devlibs/include  -D_GNU_SOURCE=1 conftest.c >&5
configure:4019: $? = 0
configure:4023: test -z 
			 || test ! -s conftest.err
configure:4026: $? = 0
configure:4029: test -s conftest.o
configure:4032: $? = 0
configure:4043: result: yes
configure:3997: checking for memory.h
configure:4013: gcc -c   -D_GNU_SOURCE=1 -I/mingw/../devlibs/include  -D_GNU_SOURCE=1 conftest.c >&5
configure:4019: $? = 0
configure:4023: test -z 
			 || test ! -s conftest.err
configure:4026: $? = 0
configure:4029: test -s conftest.o
configure:4032: $? = 0
configure:4043: result: yes
configure:3997: checking for strings.h
configure:4013: gcc -c   -D_GNU_SOURCE=1 -I/mingw/../devlibs/include  -D_GNU_SOURCE=1 conftest.c >&5
configure:4019: $? = 0
configure:4023: test -z 
			 || test ! -s conftest.err
configure:4026: $? = 0
configure:4029: test -s conftest.o
configure:4032: $? = 0
configure:4043: result: yes
configure:3997: checking for inttypes.h
configure:4013: gcc -c   -D_GNU_SOURCE=1 -I/mingw/../devlibs/include  -D_GNU_SOURCE=1 conftest.c >&5
configure:4019: $? = 0
configure:4023: test -z 
			 || test ! -s conftest.err
configure:4026: $? = 0
configure:4029: test -s conftest.o
configure:4032: $? = 0
configure:4043: result: yes
configure:3997: checking for stdint.h
configure:4013: gcc -c   -D_GNU_SOURCE=1 -I/mingw/../devlibs/include  -D_GNU_SOURCE=1 conftest.c >&5
configure:4019: $? = 0
configure:4023: test -z 
			 || test ! -s conftest.err
configure:4026: $? = 0
configure:4029: test -s conftest.o
configure:4032: $? = 0
configure:4043: result: yes
configure:3997: checking for unistd.h
configure:4013: gcc -c   -D_GNU_SOURCE=1 -I/mingw/../devlibs/include  -D_GNU_SOURCE=1 conftest.c >&5
configure:4019: $? = 0
configure:4023: test -z 
			 || test ! -s conftest.err
configure:4026: $? = 0
configure:4029: test -s conftest.o
configure:4032: $? = 0
configure:4043: result: yes
configure:4069: checking dlfcn.h usability
configure:4081: gcc -c   -D_GNU_SOURCE=1 -I/mingw/../devlibs/include  -D_GNU_SOURCE=1 conftest.c >&5
conftest.c:53:19: fatal error: dlfcn.h: No such file or directory
compilation terminated.
configure:4087: $? = 1
configure: failed program was:
| /* confdefs.h.  */
| 
| #define PACKAGE_NAME ""
| #define PACKAGE_TARNAME ""
| #define PACKAGE_VERSION ""
| #define PACKAGE_STRING ""
| #define PACKAGE_BUGREPORT ""
| #define STDC_HEADERS 1
| #define HAVE_SYS_TYPES_H 1
| #define HAVE_SYS_STAT_H 1
| #define HAVE_STDLIB_H 1
| #define HAVE_STRING_H 1
| #define HAVE_MEMORY_H 1
| #define HAVE_STRINGS_H 1
| #define HAVE_INTTYPES_H 1
| #define HAVE_STDINT_H 1
| #define HAVE_UNISTD_H 1
| /* end confdefs.h.  */
| #include <stdio.h>
| #if HAVE_SYS_TYPES_H
| # include <sys/types.h>
| #endif
| #if HAVE_SYS_STAT_H
| # include <sys/stat.h>
| #endif
| #if STDC_HEADERS
| # include <stdlib.h>
| # include <stddef.h>
| #else
| # if HAVE_STDLIB_H
| #  include <stdlib.h>
| # endif
| #endif
| #if HAVE_STRING_H
| # if !STDC_HEADERS && HAVE_MEMORY_H
| #  include <memory.h>
| # endif
| # include <string.h>
| #endif
| #if HAVE_STRINGS_H
| # include <strings.h>
| #endif
| #if HAVE_INTTYPES_H
| # include <inttypes.h>
| #else
| # if HAVE_STDINT_H
| #  include <stdint.h>
| # endif
| #endif
| #if HAVE_UNISTD_H
| # include <unistd.h>
| #endif
| #include <dlfcn.h>
configure:4110: result: no
configure:4114: checking dlfcn.h presence
configure:4124: gcc -E -I/mingw/../devlibs/include  -D_GNU_SOURCE=1 conftest.c
conftest.c:19:19: fatal error: dlfcn.h: No such file or directory
compilation terminated.
configure:4130: $? = 1
configure: failed program was:
| /* confdefs.h.  */
| 
| #define PACKAGE_NAME ""
| #define PACKAGE_TARNAME ""
| #define PACKAGE_VERSION ""
| #define PACKAGE_STRING ""
| #define PACKAGE_BUGREPORT ""
| #define STDC_HEADERS 1
| #define HAVE_SYS_TYPES_H 1
| #define HAVE_SYS_STAT_H 1
| #define HAVE_STDLIB_H 1
| #define HAVE_STRING_H 1
| #define HAVE_MEMORY_H 1
| #define HAVE_STRINGS_H 1
| #define HAVE_INTTYPES_H 1
| #define HAVE_STDINT_H 1
| #define HAVE_UNISTD_H 1
| /* end confdefs.h.  */
| #include <dlfcn.h>
configure:4150: result: no
configure:4185: checking for dlfcn.h
configure:4192: result: no
configure:4257: checking for g++
configure:4273: found /mingw/bin/g++
configure:4283: result: g++
configure:4299: checking for C++ compiler version
configure:4302: g++ --version </dev/null >&5
g++.exe (tdm-1) 4.7.1
Copyright (C) 2012 Free Software Foundation, Inc.
This is free software; see the source for copying conditions.  There is NO
warranty; not even for MERCHANTABILITY or FITNESS FOR A PARTICULAR PURPOSE.

configure:4305: $? = 0
configure:4307: g++ -v </dev/null >&5
Using built-in specs.
COLLECT_GCC=C:\DevelopmentEnvironment\GCC471\Msys_x2\1.0\mingw\bin\g++.exe
COLLECT_LTO_WRAPPER=c:/developmentenvironment/gcc471/msys_x2/1.0/mingw/bin/../libexec/gcc/mingw32/4.7.1/lto-wrapper.exe
Target: mingw32
Configured with: ../../src/gcc-4.7.1/configure --build=mingw32 --enable-languages=c,c++,ada,fortran,objc,obj-c++ --enable-threads=win32 --enable-libgomp --enable-lto --enable-fully-dynamic-string --enable-libstdcxx-debug --enable-version-specific-runtime-libs --with-gnu-ld --disable-nls --disable-win32-registry --disable-symvers --disable-build-poststage1-with-cxx --disable-werror --prefix=/mingw32tdm --with-local-prefix=/mingw32tdm --enable-cxx-flags='-fno-function-sections -fno-data-sections' --with-pkgversion=tdm-1 --enable-sjlj-exceptions --with-bugurl=http://tdm-gcc.tdragon.net/bugs
Thread model: win32
gcc version 4.7.1 (tdm-1) 
configure:4310: $? = 0
configure:4312: g++ -V </dev/null >&5
g++.exe: error: unrecognized command line option '-V'
g++.exe: fatal error: no input files
compilation terminated.
configure:4315: $? = 1
configure:4318: checking whether we are using the GNU C++ compiler
configure:4342: g++ -c  -I/mingw/../devlibs/include  -D_GNU_SOURCE=1 conftest.cc >&5
configure:4348: $? = 0
configure:4352: test -z 
			 || test ! -s conftest.err
configure:4355: $? = 0
configure:4358: test -s conftest.o
configure:4361: $? = 0
configure:4374: result: yes
configure:4380: checking whether g++ accepts -g
configure:4401: g++ -c -g -I/mingw/../devlibs/include  -D_GNU_SOURCE=1 conftest.cc >&5
configure:4407: $? = 0
configure:4411: test -z 
			 || test ! -s conftest.err
configure:4414: $? = 0
configure:4417: test -s conftest.o
configure:4420: $? = 0
configure:4431: result: yes
configure:4473: g++ -c -g -O2 -I/mingw/../devlibs/include  -D_GNU_SOURCE=1 conftest.cc >&5
configure:4479: $? = 0
configure:4483: test -z 
			 || test ! -s conftest.err
configure:4486: $? = 0
configure:4489: test -s conftest.o
configure:4492: $? = 0
configure:4518: g++ -c -g -O2 -I/mingw/../devlibs/include  -D_GNU_SOURCE=1 conftest.cc >&5
conftest.cc: In function 'int main()':
conftest.cc:23:9: error: 'exit' was not declared in this scope
configure:4524: $? = 1
configure: failed program was:
| /* confdefs.h.  */
| 
| #define PACKAGE_NAME ""
| #define PACKAGE_TARNAME ""
| #define PACKAGE_VERSION ""
| #define PACKAGE_STRING ""
| #define PACKAGE_BUGREPORT ""
| #define STDC_HEADERS 1
| #define HAVE_SYS_TYPES_H 1
| #define HAVE_SYS_STAT_H 1
| #define HAVE_STDLIB_H 1
| #define HAVE_STRING_H 1
| #define HAVE_MEMORY_H 1
| #define HAVE_STRINGS_H 1
| #define HAVE_INTTYPES_H 1
| #define HAVE_STDINT_H 1
| #define HAVE_UNISTD_H 1
| /* end confdefs.h.  */
| 
| int
| main ()
| {
| exit (42);
|   ;
|   return 0;
| }
configure:4473: g++ -c -g -O2 -I/mingw/../devlibs/include  -D_GNU_SOURCE=1 conftest.cc >&5
conftest.cc:19:40: error: 'void std::exit(int)' should have been declared inside 'std'
In file included from conftest.cc:20:0:
c:\developmentenvironment\gcc471\msys_x2\1.0\mingw\bin\../lib/gcc/mingw32/4.7.1/../../../../include/stdlib.h:360:49: error: declaration of 'void std::exit(int)' has a different exception specifier
conftest.cc:19:17: error: from previous declaration 'void std::exit(int) throw ()'
configure:4479: $? = 1
configure: failed program was:
| /* confdefs.h.  */
| 
| #define PACKAGE_NAME ""
| #define PACKAGE_TARNAME ""
| #define PACKAGE_VERSION ""
| #define PACKAGE_STRING ""
| #define PACKAGE_BUGREPORT ""
| #define STDC_HEADERS 1
| #define HAVE_SYS_TYPES_H 1
| #define HAVE_SYS_STAT_H 1
| #define HAVE_STDLIB_H 1
| #define HAVE_STRING_H 1
| #define HAVE_MEMORY_H 1
| #define HAVE_STRINGS_H 1
| #define HAVE_INTTYPES_H 1
| #define HAVE_STDINT_H 1
| #define HAVE_UNISTD_H 1
| /* end confdefs.h.  */
| extern "C" void std::exit (int) throw (); using std::exit;
| #include <stdlib.h>
| int
| main ()
| {
| exit (42);
|   ;
|   return 0;
| }
configure:4473: g++ -c -g -O2 -I/mingw/../devlibs/include  -D_GNU_SOURCE=1 conftest.cc >&5
conftest.cc:19:31: error: 'void std::exit(int)' should have been declared inside 'std'
configure:4479: $? = 1
configure: failed program was:
| /* confdefs.h.  */
| 
| #define PACKAGE_NAME ""
| #define PACKAGE_TARNAME ""
| #define PACKAGE_VERSION ""
| #define PACKAGE_STRING ""
| #define PACKAGE_BUGREPORT ""
| #define STDC_HEADERS 1
| #define HAVE_SYS_TYPES_H 1
| #define HAVE_SYS_STAT_H 1
| #define HAVE_STDLIB_H 1
| #define HAVE_STRING_H 1
| #define HAVE_MEMORY_H 1
| #define HAVE_STRINGS_H 1
| #define HAVE_INTTYPES_H 1
| #define HAVE_STDINT_H 1
| #define HAVE_UNISTD_H 1
| /* end confdefs.h.  */
| extern "C" void std::exit (int); using std::exit;
| #include <stdlib.h>
| int
| main ()
| {
| exit (42);
|   ;
|   return 0;
| }
configure:4473: g++ -c -g -O2 -I/mingw/../devlibs/include  -D_GNU_SOURCE=1 conftest.cc >&5
In file included from conftest.cc:20:0:
c:\developmentenvironment\gcc471\msys_x2\1.0\mingw\bin\../lib/gcc/mingw32/4.7.1/../../../../include/stdlib.h:360:49: error: declaration of 'void exit(int)' has a different exception specifier
conftest.cc:19:17: error: from previous declaration 'void exit(int) throw ()'
configure:4479: $? = 1
configure: failed program was:
| /* confdefs.h.  */
| 
| #define PACKAGE_NAME ""
| #define PACKAGE_TARNAME ""
| #define PACKAGE_VERSION ""
| #define PACKAGE_STRING ""
| #define PACKAGE_BUGREPORT ""
| #define STDC_HEADERS 1
| #define HAVE_SYS_TYPES_H 1
| #define HAVE_SYS_STAT_H 1
| #define HAVE_STDLIB_H 1
| #define HAVE_STRING_H 1
| #define HAVE_MEMORY_H 1
| #define HAVE_STRINGS_H 1
| #define HAVE_INTTYPES_H 1
| #define HAVE_STDINT_H 1
| #define HAVE_UNISTD_H 1
| /* end confdefs.h.  */
| extern "C" void exit (int) throw ();
| #include <stdlib.h>
| int
| main ()
| {
| exit (42);
|   ;
|   return 0;
| }
configure:4473: g++ -c -g -O2 -I/mingw/../devlibs/include  -D_GNU_SOURCE=1 conftest.cc >&5
configure:4479: $? = 0
configure:4483: test -z 
			 || test ! -s conftest.err
configure:4486: $? = 0
configure:4489: test -s conftest.o
configure:4492: $? = 0
configure:4518: g++ -c -g -O2 -I/mingw/../devlibs/include  -D_GNU_SOURCE=1 conftest.cc >&5
configure:4524: $? = 0
configure:4528: test -z 
			 || test ! -s conftest.err
configure:4531: $? = 0
configure:4534: test -s conftest.o
configure:4537: $? = 0
configure:4570: checking how to run the C++ preprocessor
configure:4601: g++ -E -I/mingw/../devlibs/include  -D_GNU_SOURCE=1 conftest.cc
configure:4607: $? = 0
configure:4639: g++ -E -I/mingw/../devlibs/include  -D_GNU_SOURCE=1 conftest.cc
conftest.cc:22:28: fatal error: ac_nonexistent.h: No such file or directory
compilation terminated.
configure:4645: $? = 1
configure: failed program was:
| /* confdefs.h.  */
| 
| #define PACKAGE_NAME ""
| #define PACKAGE_TARNAME ""
| #define PACKAGE_VERSION ""
| #define PACKAGE_STRING ""
| #define PACKAGE_BUGREPORT ""
| #define STDC_HEADERS 1
| #define HAVE_SYS_TYPES_H 1
| #define HAVE_SYS_STAT_H 1
| #define HAVE_STDLIB_H 1
| #define HAVE_STRING_H 1
| #define HAVE_MEMORY_H 1
| #define HAVE_STRINGS_H 1
| #define HAVE_INTTYPES_H 1
| #define HAVE_STDINT_H 1
| #define HAVE_UNISTD_H 1
| #ifdef __cplusplus
| extern "C" void exit (int);
| #endif
| /* end confdefs.h.  */
| #include <ac_nonexistent.h>
configure:4684: result: g++ -E
configure:4708: g++ -E -I/mingw/../devlibs/include  -D_GNU_SOURCE=1 conftest.cc
configure:4714: $? = 0
configure:4746: g++ -E -I/mingw/../devlibs/include  -D_GNU_SOURCE=1 conftest.cc
conftest.cc:22:28: fatal error: ac_nonexistent.h: No such file or directory
compilation terminated.
configure:4752: $? = 1
configure: failed program was:
| /* confdefs.h.  */
| 
| #define PACKAGE_NAME ""
| #define PACKAGE_TARNAME ""
| #define PACKAGE_VERSION ""
| #define PACKAGE_STRING ""
| #define PACKAGE_BUGREPORT ""
| #define STDC_HEADERS 1
| #define HAVE_SYS_TYPES_H 1
| #define HAVE_SYS_STAT_H 1
| #define HAVE_STDLIB_H 1
| #define HAVE_STRING_H 1
| #define HAVE_MEMORY_H 1
| #define HAVE_STRINGS_H 1
| #define HAVE_INTTYPES_H 1
| #define HAVE_STDINT_H 1
| #define HAVE_UNISTD_H 1
| #ifdef __cplusplus
| extern "C" void exit (int);
| #endif
| /* end confdefs.h.  */
| #include <ac_nonexistent.h>
configure:4849: checking for g77
configure:4878: result: no
configure:4849: checking for f77
configure:4878: result: no
configure:4849: checking for xlf
configure:4878: result: no
configure:4849: checking for frt
configure:4878: result: no
configure:4849: checking for pgf77
configure:4878: result: no
configure:4849: checking for fort77
configure:4878: result: no
configure:4849: checking for fl32
configure:4878: result: no
configure:4849: checking for af77
configure:4878: result: no
configure:4849: checking for f90
configure:4878: result: no
configure:4849: checking for xlf90
configure:4878: result: no
configure:4849: checking for pgf90
configure:4878: result: no
configure:4849: checking for epcf90
configure:4878: result: no
configure:4849: checking for f95
configure:4878: result: no
configure:4849: checking for fort
configure:4878: result: no
configure:4849: checking for xlf95
configure:4878: result: no
configure:4849: checking for ifc
configure:4878: result: no
configure:4849: checking for efc
configure:4878: result: no
configure:4849: checking for pgf95
configure:4878: result: no
configure:4849: checking for lf95
configure:4878: result: no
configure:4849: checking for gfortran
configure:4878: result: no
configure:4890: checking for Fortran 77 compiler version
configure:4893:  --version </dev/null >&5
./configure: line 4894: --version: command not found
configure:4896: $? = 127
configure:4898:  -v </dev/null >&5
./configure: line 4899: -v: command not found
configure:4901: $? = 127
configure:4903:  -V </dev/null >&5
./configure: line 4904: -V: command not found
configure:4906: $? = 127
configure:4914: checking whether we are using the GNU Fortran 77 compiler
configure:4928:  -c  conftest.F >&5
./configure: line 4929: -c: command not found
configure:4934: $? = 127
configure: failed program was:
|       program main
| #ifndef __GNUC__
|        choke me
| #endif
| 
|       end
configure:4960: result: no
configure:4966: checking whether  accepts -g
configure:4978:  -c -g conftest.f >&5
./configure: line 4979: -c: command not found
configure:4984: $? = 127
configure: failed program was:
|       program main
| 
|       end
configure:5009: result: no
configure:5039: checking the maximum length of command line arguments
configure:5154: result: 8192
configure:5165: checking command to parse /mingw/bin/nm output from gcc object
configure:5270: gcc -c   -D_GNU_SOURCE=1 -I/mingw/../devlibs/include  -D_GNU_SOURCE=1 conftest.c >&5
configure:5273: $? = 0
configure:5277: /mingw/bin/nm conftest.o \| sed -n -e 's/^.*[ 	]\([ABCDGIRSTW][ABCDGIRSTW]*\)[ 	][ 	]*\([_A-Za-z][_A-Za-z0-9]*\)\{0,1\}$/\1 \2 \2/p' \> conftest.nm
configure:5280: $? = 0
cannot find nm_test_var in conftest.nm
configure:5270: gcc -c   -D_GNU_SOURCE=1 -I/mingw/../devlibs/include  -D_GNU_SOURCE=1 conftest.c >&5
configure:5273: $? = 0
configure:5277: /mingw/bin/nm conftest.o \| sed -n -e 's/^.*[ 	]\([ABCDGIRSTW][ABCDGIRSTW]*\)[ 	][ 	]*_\([_A-Za-z][_A-Za-z0-9]*\)\{0,1\}$/\1 _\2 \2/p' \> conftest.nm
configure:5280: $? = 0
configure:5332: gcc -o conftest.exe   -D_GNU_SOURCE=1 -I/mingw/../devlibs/include  -D_GNU_SOURCE=1 -L/mingw/../devlibs/lib  conftest.c conftstm.o >&5
configure:5335: $? = 0
configure:5373: result: ok
configure:5377: checking for objdir
configure:5392: result: .libs
configure:5482: checking for ar
configure:5498: found /mingw/bin/ar
configure:5509: result: ar
configure:5562: checking for ranlib
configure:5578: found /mingw/bin/ranlib
configure:5589: result: ranlib
configure:5642: checking for strip
configure:5658: found /mingw/bin/strip
configure:5669: result: strip
configure:5945: checking if gcc supports -fno-rtti -fno-exceptions
configure:5963: gcc -c   -D_GNU_SOURCE=1 -I/mingw/../devlibs/include  -D_GNU_SOURCE=1 -fno-rtti -fno-exceptions conftest.c >&5
cc1.exe: warning: command line option '-fno-rtti' is valid for C++/ObjC++ but not for C [enabled by default]
configure:5967: $? = 0
configure:5980: result: no
configure:5995: checking for gcc option to produce PIC
configure:6205: result: -DDLL_EXPORT
configure:6213: checking if gcc PIC flag -DDLL_EXPORT works
configure:6231: gcc -c   -D_GNU_SOURCE=1 -I/mingw/../devlibs/include  -D_GNU_SOURCE=1 -DDLL_EXPORT -DPIC conftest.c >&5
configure:6235: $? = 0
configure:6248: result: yes
configure:6276: checking if gcc static flag -static works
configure:6304: result: yes
configure:6314: checking if gcc supports -c -o file.o
configure:6335: gcc -c   -D_GNU_SOURCE=1 -I/mingw/../devlibs/include  -D_GNU_SOURCE=1 -o out/conftest2.o conftest.c >&5
configure:6339: $? = 0
configure:6361: result: yes
configure:6387: checking whether the gcc linker (c:/developmentenvironment/gcc471/msys_x2/1.0/mingw/mingw32/bin/ld.exe) supports shared libraries
configure:7345: result: yes
configure:7366: checking whether -lc should be explicitly linked in
configure:7371: gcc -c   -D_GNU_SOURCE=1 -I/mingw/../devlibs/include  -D_GNU_SOURCE=1 conftest.c >&5
configure:7374: $? = 0
configure:7389: gcc -shared conftest.o  -v -o ./conftest -Wl,--enable-auto-image-base -Xlinker --out-implib -Xlinker conftest 2\>\&1 \| grep  -lc  \>/dev/null 2\>\&1
configure:7392: $? = 1
configure:7404: result: yes
configure:7412: checking dynamic linker characteristics
configure:8002: result: Win32 ld.exe
configure:8011: checking how to hardcode library paths into programs
configure:8036: result: immediate
configure:8050: checking whether stripping libraries is possible
configure:8055: result: yes
configure:8889: checking if libtool supports shared libraries
configure:8891: result: yes
configure:8894: checking whether to build shared libraries
configure:8915: result: yes
configure:8918: checking whether to build static libraries
configure:8922: result: yes
configure:9014: creating libtool
configure:9602: checking for ld used by g++
configure:9669: result: c:/developmentenvironment/gcc471/msys_x2/1.0/mingw/mingw32/bin/ld.exe
configure:9678: checking if the linker (c:/developmentenvironment/gcc471/msys_x2/1.0/mingw/mingw32/bin/ld.exe) is GNU ld
configure:9693: result: yes
configure:9744: checking whether the g++ linker (c:/developmentenvironment/gcc471/msys_x2/1.0/mingw/mingw32/bin/ld.exe) supports shared libraries
configure:10682: result: yes
configure:10704: g++ -c -g -O2 -I/mingw/../devlibs/include  -D_GNU_SOURCE=1 conftest.cpp >&5
configure:10707: $? = 0
configure:10826: checking for g++ option to produce PIC
configure:11100: result: -DDLL_EXPORT
configure:11108: checking if g++ PIC flag -DDLL_EXPORT works
configure:11126: g++ -c -g -O2 -I/mingw/../devlibs/include  -D_GNU_SOURCE=1 -DDLL_EXPORT -DPIC conftest.cpp >&5
configure:11130: $? = 0
configure:11143: result: yes
configure:11171: checking if g++ static flag -static works
configure:11199: result: yes
configure:11209: checking if g++ supports -c -o file.o
configure:11230: g++ -c -g -O2 -I/mingw/../devlibs/include  -D_GNU_SOURCE=1 -o out/conftest2.o conftest.cpp >&5
configure:11234: $? = 0
configure:11256: result: yes
configure:11282: checking whether the g++ linker (c:/developmentenvironment/gcc471/msys_x2/1.0/mingw/mingw32/bin/ld.exe) supports shared libraries
configure:11307: result: yes
configure:11374: checking dynamic linker characteristics
configure:11964: result: Win32 ld.exe
configure:11973: checking how to hardcode library paths into programs
configure:11998: result: immediate
configure:18202: checking for gcc
configure:18228: result: gcc
configure:18472: checking for C compiler version
configure:18475: gcc --version </dev/null >&5
gcc.exe (tdm-1) 4.7.1
Copyright (C) 2012 Free Software Foundation, Inc.
This is free software; see the source for copying conditions.  There is NO
warranty; not even for MERCHANTABILITY or FITNESS FOR A PARTICULAR PURPOSE.

configure:18478: $? = 0
configure:18480: gcc -v </dev/null >&5
Using built-in specs.
COLLECT_GCC=C:\DevelopmentEnvironment\GCC471\Msys_x2\1.0\mingw\bin\gcc.exe
COLLECT_LTO_WRAPPER=c:/developmentenvironment/gcc471/msys_x2/1.0/mingw/bin/../libexec/gcc/mingw32/4.7.1/lto-wrapper.exe
Target: mingw32
Configured with: ../../src/gcc-4.7.1/configure --build=mingw32 --enable-languages=c,c++,ada,fortran,objc,obj-c++ --enable-threads=win32 --enable-libgomp --enable-lto --enable-fully-dynamic-string --enable-libstdcxx-debug --enable-version-specific-runtime-libs --with-gnu-ld --disable-nls --disable-win32-registry --disable-symvers --disable-build-poststage1-with-cxx --disable-werror --prefix=/mingw32tdm --with-local-prefix=/mingw32tdm --enable-cxx-flags='-fno-function-sections -fno-data-sections' --with-pkgversion=tdm-1 --enable-sjlj-exceptions --with-bugurl=http://tdm-gcc.tdragon.net/bugs
Thread model: win32
gcc version 4.7.1 (tdm-1) 
configure:18483: $? = 0
configure:18485: gcc -V </dev/null >&5
gcc.exe: error: unrecognized command line option '-V'
gcc.exe: fatal error: no input files
compilation terminated.
configure:18488: $? = 1
configure:18491: checking whether we are using the GNU C compiler
configure:18547: result: yes
configure:18553: checking whether gcc accepts -g
configure:18604: result: yes
configure:18621: checking for gcc option to accept ANSI C
configure:18728: result: none needed
configure:18746: gcc -c   -D_GNU_SOURCE=1 -I/mingw/../devlibs/include  -D_GNU_SOURCE=1 conftest.c >&5
conftest.c:2:3: error: unknown type name 'choke'
conftest.c:2:3: error: expected '=', ',', ';', 'asm' or '__attribute__' at end of input
configure:18752: $? = 1
configure: failed program was:
| #ifndef __cplusplus
|   choke me
| #endif
configure:18979: checking for C++ compiler version
configure:18982: g++ --version </dev/null >&5
g++.exe (tdm-1) 4.7.1
Copyright (C) 2012 Free Software Foundation, Inc.
This is free software; see the source for copying conditions.  There is NO
warranty; not even for MERCHANTABILITY or FITNESS FOR A PARTICULAR PURPOSE.

configure:18985: $? = 0
configure:18987: g++ -v </dev/null >&5
Using built-in specs.
COLLECT_GCC=C:\DevelopmentEnvironment\GCC471\Msys_x2\1.0\mingw\bin\g++.exe
COLLECT_LTO_WRAPPER=c:/developmentenvironment/gcc471/msys_x2/1.0/mingw/bin/../libexec/gcc/mingw32/4.7.1/lto-wrapper.exe
Target: mingw32
Configured with: ../../src/gcc-4.7.1/configure --build=mingw32 --enable-languages=c,c++,ada,fortran,objc,obj-c++ --enable-threads=win32 --enable-libgomp --enable-lto --enable-fully-dynamic-string --enable-libstdcxx-debug --enable-version-specific-runtime-libs --with-gnu-ld --disable-nls --disable-win32-registry --disable-symvers --disable-build-poststage1-with-cxx --disable-werror --prefix=/mingw32tdm --with-local-prefix=/mingw32tdm --enable-cxx-flags='-fno-function-sections -fno-data-sections' --with-pkgversion=tdm-1 --enable-sjlj-exceptions --with-bugurl=http://tdm-gcc.tdragon.net/bugs
Thread model: win32
gcc version 4.7.1 (tdm-1) 
configure:18990: $? = 0
configure:18992: g++ -V </dev/null >&5
g++.exe: error: unrecognized command line option '-V'
g++.exe: fatal error: no input files
compilation terminated.
configure:18995: $? = 1
configure:18998: checking whether we are using the GNU C++ compiler
configure:19054: result: yes
configure:19060: checking whether g++ accepts -g
configure:19111: result: yes
configure:19153: g++ -c -g -O2 -I/mingw/../devlibs/include  -D_GNU_SOURCE=1 conftest.cc >&5
configure:19159: $? = 0
configure:19163: test -z 
			 || test ! -s conftest.err
configure:19166: $? = 0
configure:19169: test -s conftest.o
configure:19172: $? = 0
configure:19198: g++ -c -g -O2 -I/mingw/../devlibs/include  -D_GNU_SOURCE=1 conftest.cc >&5
configure:19204: $? = 0
configure:19208: test -z 
			 || test ! -s conftest.err
configure:19211: $? = 0
configure:19214: test -s conftest.o
configure:19217: $? = 0
configure:19253: checking for a BSD-compatible install
configure:19308: result: /bin/install -c
configure:19319: checking whether make sets $(MAKE)
configure:19339: result: yes
configure:19349: checking for an ANSI C-conforming const
configure:19416: gcc -c   -D_GNU_SOURCE=1 -I/mingw/../devlibs/include  -D_GNU_SOURCE=1 conftest.c >&5
configure:19422: $? = 0
configure:19426: test -z 
			 || test ! -s conftest.err
configure:19429: $? = 0
configure:19432: test -s conftest.o
configure:19435: $? = 0
configure:19446: result: yes
configure:19519: checking for sdl-config
configure:19537: found /mingw/../devlibs/bin/sdl-config
configure:19550: result: /mingw/../devlibs/bin/sdl-config
configure:19558: checking for SDL - version >= 1.2.10
configure:19650: gcc -o conftest.exe   -D_GNU_SOURCE=1 -I/mingw/../devlibs/include/SDL -D_GNU_SOURCE=1 -Dmain=SDL_main -I/mingw/../devlibs/include  -D_GNU_SOURCE=1 -L/mingw/../devlibs/lib  conftest.c  -L/mingw/../devlibs/lib -lmingw32 -lSDLmain -lSDL -mwindows >&5
configure:19653: $? = 0
configure:19655: ./conftest.exe
configure:19658: $? = 0
configure:19677: result: yes
configure:19998: checking for Ogg Vorbis headers and libraries
configure:20020: gcc -c   -D_GNU_SOURCE=1 -I/mingw/../devlibs/include  -D_GNU_SOURCE=1 conftest.c >&5
configure:20026: $? = 0
configure:20030: test -z 
			 || test ! -s conftest.err
configure:20033: $? = 0
configure:20036: test -s conftest.o
configure:20039: $? = 0
configure:20050: result: yes
configure:20133: checking for smpeg-config
configure:20164: result: no
configure:20172: checking for SMPEG - version >= 0.4.3
configure:20292: result: no
configure:20553: creating ./config.status

## ---------------------- ##
## Running config.status. ##
## ---------------------- ##

This file was extended by config.status, which was
generated by GNU Autoconf 2.59.  Invocation command line was

  CONFIG_FILES    = 
  CONFIG_HEADERS  = 
  CONFIG_LINKS    = 
  CONFIG_COMMANDS = 
  $ ./config.status 

on BHIG4NYZN1

config.status:705: creating Makefile
config.status:705: creating SDL_mixer.spec
config.status:705: creating SDL_mixer.qpg
config.status:888: executing default commands

## ---------------- ##
## Cache variables. ##
## ---------------- ##

ac_cv_build=i686-pc-mingw32
ac_cv_build_alias=i686-pc-mingw32
ac_cv_c_compiler_gnu=yes
ac_cv_c_const=yes
ac_cv_cxx_compiler_gnu=yes
ac_cv_env_CC_set=
ac_cv_env_CC_value=
ac_cv_env_CFLAGS_set=
ac_cv_env_CFLAGS_value=
ac_cv_env_CPPFLAGS_set=set
ac_cv_env_CPPFLAGS_value=-I/mingw/../devlibs/include
ac_cv_env_CPP_set=
ac_cv_env_CPP_value=
ac_cv_env_CXXCPP_set=
ac_cv_env_CXXCPP_value=
ac_cv_env_CXXFLAGS_set=
ac_cv_env_CXXFLAGS_value=
ac_cv_env_CXX_set=
ac_cv_env_CXX_value=
ac_cv_env_F77_set=
ac_cv_env_F77_value=
ac_cv_env_FFLAGS_set=
ac_cv_env_FFLAGS_value=
ac_cv_env_LDFLAGS_set=set
ac_cv_env_LDFLAGS_value=-L/mingw/../devlibs/lib
ac_cv_env_build_alias_set=
ac_cv_env_build_alias_value=
ac_cv_env_host_alias_set=
ac_cv_env_host_alias_value=
ac_cv_env_target_alias_set=
ac_cv_env_target_alias_value=
ac_cv_exeext=.exe
ac_cv_f77_compiler_gnu=no
ac_cv_header_dlfcn_h=no
ac_cv_header_inttypes_h=yes
ac_cv_header_memory_h=yes
ac_cv_header_stdc=yes
ac_cv_header_stdint_h=yes
ac_cv_header_stdlib_h=yes
ac_cv_header_string_h=yes
ac_cv_header_strings_h=yes
ac_cv_header_sys_stat_h=yes
ac_cv_header_sys_types_h=yes
ac_cv_header_unistd_h=yes
ac_cv_host=i686-pc-mingw32
ac_cv_host_alias=i686-pc-mingw32
ac_cv_objext=o
ac_cv_path_SDL_CONFIG=/mingw/../devlibs/bin/sdl-config
ac_cv_path_SMPEG_CONFIG=no
ac_cv_path_install='/bin/install -c'
ac_cv_prog_CPP='gcc -E'
ac_cv_prog_CXXCPP='g++ -E'
ac_cv_prog_ac_ct_AR=ar
ac_cv_prog_ac_ct_AS=as
ac_cv_prog_ac_ct_CC=gcc
ac_cv_prog_ac_ct_CXX=g++
ac_cv_prog_ac_ct_DLLTOOL=dlltool
ac_cv_prog_ac_ct_OBJDUMP=objdump
ac_cv_prog_ac_ct_RANLIB=ranlib
ac_cv_prog_ac_ct_STRIP=strip
ac_cv_prog_cc_g=yes
ac_cv_prog_cc_stdc=
ac_cv_prog_cxx_g=yes
ac_cv_prog_egrep='grep -E'
ac_cv_prog_f77_g=no
ac_cv_prog_make_make_set=yes
lt_cv_deplibs_check_method=pass_all
lt_cv_file_magic_cmd='$OBJDUMP -f'
lt_cv_file_magic_test_file=
lt_cv_ld_reload_flag=-r
lt_cv_objdir=.libs
lt_cv_path_LD=c:/developmentenvironment/gcc471/msys_x2/1.0/mingw/mingw32/bin/ld.exe
lt_cv_path_LDCXX=c:/developmentenvironment/gcc471/msys_x2/1.0/mingw/mingw32/bin/ld.exe
lt_cv_path_NM=/mingw/bin/nm
lt_cv_path_SED=/bin/sed
lt_cv_prog_compiler_c_o=yes
lt_cv_prog_compiler_c_o_CXX=yes
lt_cv_prog_compiler_rtti_exceptions=no
lt_cv_prog_gnu_ld=yes
lt_cv_prog_gnu_ldcxx=yes
lt_cv_sys_global_symbol_pipe='sed -n -e '\''s/^.*[ 	]\([ABCDGIRSTW][ABCDGIRSTW]*\)[ 	][ 	]*_\([_A-Za-z][_A-Za-z0-9]*\)\{0,1\}$/\1 _\2 \2/p'\'''
lt_cv_sys_global_symbol_to_c_name_address='sed -n -e '\''s/^: \([^ ]*\) $/  {\"\1\", (lt_ptr) 0},/p'\'' -e '\''s/^[BCDEGRST] \([^ ]*\) \([^ ]*\)$/  {"\2", (lt_ptr) \&\2},/p'\'''
lt_cv_sys_global_symbol_to_cdecl='sed -n -e '\''s/^. .* \(.*\)$/extern int \1;/p'\'''
lt_cv_sys_max_cmd_len=8192
lt_lt_cv_prog_compiler_c_o='"yes"'
lt_lt_cv_prog_compiler_c_o_CXX='"yes"'
lt_lt_cv_sys_global_symbol_pipe='"sed -n -e '\''s/^.*[ 	]\\([ABCDGIRSTW][ABCDGIRSTW]*\\)[ 	][ 	]*_\\([_A-Za-z][_A-Za-z0-9]*\\)\\{0,1\\}\$/\\1 _\\2 \\2/p'\''"'
lt_lt_cv_sys_global_symbol_to_c_name_address='"sed -n -e '\''s/^: \\([^ ]*\\) \$/  {\\\"\\1\\\", (lt_ptr) 0},/p'\'' -e '\''s/^[BCDEGRST] \\([^ ]*\\) \\([^ ]*\\)\$/  {\"\\2\", (lt_ptr) \\&\\2},/p'\''"'
lt_lt_cv_sys_global_symbol_to_cdecl='"sed -n -e '\''s/^. .* \\(.*\\)\$/extern int \\1;/p'\''"'

## ----------------- ##
## Output variables. ##
## ----------------- ##

AR='ar'
AS='as'
BINARY_AGE='7'
BUILD_CFLAGS=' -I/mingw/../devlibs/include'
BUILD_LDFLAGS='-L/mingw/../devlibs/lib'
CC='gcc'
CFLAGS='  -D_GNU_SOURCE=1'
CPP='gcc -E'
CPPFLAGS='-I/mingw/../devlibs/include  -D_GNU_SOURCE=1'
CXX='g++'
CXXCPP='g++ -E'
CXXFLAGS='-g -O2'
DEFS='-DPACKAGE_NAME=\"\" -DPACKAGE_TARNAME=\"\" -DPACKAGE_VERSION=\"\" -DPACKAGE_STRING=\"\" -DPACKAGE_BUGREPORT=\"\" -DSTDC_HEADERS=1 -DHAVE_SYS_TYPES_H=1 -DHAVE_SYS_STAT_H=1 -DHAVE_STDLIB_H=1 -DHAVE_STRING_H=1 -DHAVE_MEMORY_H=1 -DHAVE_STRINGS_H=1 -DHAVE_INTTYPES_H=1 -DHAVE_STDINT_H=1 -DHAVE_UNISTD_H=1 '
DLLTOOL='dlltool'
ECHO='echo'
ECHO_C=''
ECHO_N='-n'
ECHO_T=''
EGREP='grep -E'
EXE='.exe'
EXEEXT='.exe'
EXTRA_CFLAGS=' -D_GNU_SOURCE=1 -I/mingw/../devlibs/include/SDL -D_GNU_SOURCE=1 -Dmain=SDL_main -DCMD_MUSIC -DWAV_MUSIC -DMOD_MUSIC -I$(srcdir)/mikmod -DMID_MUSIC -DUSE_TIMIDITY_MIDI -I$(srcdir)/timidity -DUSE_NATIVE_MIDI -I$(srcdir)/native_midi -DOGG_MUSIC'
EXTRA_LDFLAGS=' -L/mingw/../devlibs/lib -lmingw32 -lSDLmain -lSDL -mwindows -lwinmm -lvorbisfile -lvorbis -logg'
F77=''
FFLAGS=''
INSTALL_DATA='${INSTALL} -m 644'
INSTALL_PROGRAM='${INSTALL}'
INSTALL_SCRIPT='${INSTALL}'
INTERFACE_AGE='5'
LDFLAGS='-L/mingw/../devlibs/lib '
LIBMIKMOD_CONFIG=''
LIBOBJS=''
LIBS=''
LIBTOOL='$(SHELL) $(top_builddir)/libtool'
LN_S='ln -s'
LTLIBOBJS=''
LT_AGE='2'
LT_CURRENT='2'
LT_RELEASE='1.2'
LT_REVISION='5'
MAJOR_VERSION='1'
MICRO_VERSION='7'
MINOR_VERSION='2'
OBJDUMP='objdump'
OBJECTS='$(objects)/effect_position.lo $(objects)/effect_stereoreverse.lo $(objects)/effects_internal.lo $(objects)/load_aiff.lo $(objects)/load_voc.lo $(objects)/mixer.lo $(objects)/music.lo $(objects)/music_cmd.lo $(objects)/wavestream.lo $(objects)/drv_nos.lo $(objects)/load_it.lo $(objects)/load_mod.lo $(objects)/load_s3m.lo $(objects)/load_xm.lo $(objects)/mdreg.lo $(objects)/mdriver.lo $(objects)/mloader.lo $(objects)/mlreg.lo $(objects)/mlutil.lo $(objects)/mmalloc.lo $(objects)/mmerror.lo $(objects)/mmio.lo $(objects)/mplayer.lo $(objects)/munitrk.lo $(objects)/mwav.lo $(objects)/npertab.lo $(objects)/sloader.lo $(objects)/virtch.lo $(objects)/virtch2.lo $(objects)/virtch_common.lo $(objects)/common.lo $(objects)/ctrlmode.lo $(objects)/filter.lo $(objects)/instrum.lo $(objects)/mix.lo $(objects)/output.lo $(objects)/playmidi.lo $(objects)/readmidi.lo $(objects)/resample.lo $(objects)/sdl_a.lo $(objects)/sdl_c.lo $(objects)/tables.lo $(objects)/timidity.lo $(objects)/native_midi_common.lo $(objects)/native_midi_mac.lo $(objects)/native_midi_win32.lo $(objects)/dynamic_ogg.lo $(objects)/load_ogg.lo $(objects)/music_ogg.lo'
OBJEXT='o'
PACKAGE_BUGREPORT=''
PACKAGE_NAME=''
PACKAGE_STRING=''
PACKAGE_TARNAME=''
PACKAGE_VERSION=''
PATH_SEPARATOR=':'
RANLIB='ranlib'
SDL_CFLAGS='-I/mingw/../devlibs/include/SDL -D_GNU_SOURCE=1 -Dmain=SDL_main'
SDL_CONFIG='/mingw/../devlibs/bin/sdl-config'
SDL_LIBS='-L/mingw/../devlibs/lib -lmingw32 -lSDLmain -lSDL -mwindows'
SET_MAKE=''
SHELL='/bin/sh'
SMPEG_CFLAGS=''
SMPEG_CONFIG='no'
SMPEG_LIBS=''
SOURCES=' ./effect_position.c ./effect_stereoreverse.c ./effects_internal.c ./load_aiff.c ./load_voc.c ./mixer.c ./music.c ./music_cmd.c ./wavestream.c ./mikmod/*.c ./timidity/*.c ./native_midi/*.c ./*_ogg.c'
STRIP='strip'
VERSION='1.2.7'
ac_aux_dir='./build-scripts'
ac_ct_AR='ar'
ac_ct_AS='as'
ac_ct_CC='gcc'
ac_ct_CXX='g++'
ac_ct_DLLTOOL='dlltool'
ac_ct_F77=''
ac_ct_OBJDUMP='objdump'
ac_ct_RANLIB='ranlib'
ac_ct_STRIP='strip'
bindir='${exec_prefix}/bin'
build='i686-pc-mingw32'
build_alias=''
build_cpu='i686'
build_os='mingw32'
build_vendor='pc'
datadir='${prefix}/share'
exec_prefix='${prefix}'
host='i686-pc-mingw32'
host_alias=''
host_cpu='i686'
host_os='mingw32'
host_vendor='pc'
includedir='${prefix}/include'
infodir='${prefix}/info'
libdir='${exec_prefix}/lib'
libexecdir='${exec_prefix}/libexec'
localstatedir='${prefix}/var'
mandir='${prefix}/man'
oldincludedir='/usr/include'
prefix='/mingw/../devlibs'
program_transform_name='s,x,x,'
sbindir='${exec_prefix}/sbin'
sharedstatedir='${prefix}/com'
sysconfdir='${prefix}/etc'
target_alias=''

## ----------- ##
## confdefs.h. ##
## ----------- ##

#define HAVE_INTTYPES_H 1
#define HAVE_MEMORY_H 1
#define HAVE_STDINT_H 1
#define HAVE_STDLIB_H 1
#define HAVE_STRINGS_H 1
#define HAVE_STRING_H 1
#define HAVE_SYS_STAT_H 1
#define HAVE_SYS_TYPES_H 1
#define HAVE_UNISTD_H 1
#define PACKAGE_BUGREPORT ""
#define PACKAGE_NAME ""
#define PACKAGE_STRING ""
#define PACKAGE_TARNAME ""
#define PACKAGE_VERSION ""
#define STDC_HEADERS 1
#endif
#ifdef __cplusplus
extern "C" void exit (int);

configure: exit 0
