This file contains any messages produced by compilers while
running configure, to aid debugging if configure makes a mistake.

It was created by libgpg-error configure 1.24, which was
generated by GNU Autoconf 2.69.  Invocation command line was

  $ ./configure --build=x86_64-w64-mingw32 --prefix=/mingw/../devlibs --enable-static=yes --enable-shared=no

## --------- ##
## Platform. ##
## --------- ##

hostname = BHIG4NYZN1
uname -m = i686
uname -r = 1.0.11(0.46/3/2)
uname -s = MINGW32_NT-6.1
uname -v = 2009-07-11 17:46

/usr/bin/uname -p = unknown
/bin/uname -X     = unknown

/bin/arch              = unknown
/usr/bin/arch -k       = unknown
/usr/convex/getsysinfo = unknown
/usr/bin/hostinfo      = unknown
/bin/machine           = unknown
/usr/bin/oslevel       = unknown
/bin/universe          = unknown

PATH: /home/barknikk/GNUstep/Tools
PATH: /mingw/../devlibs/gnustep1201/Local/Tools
PATH: /mingw/../devlibs/gnustep1201/System/Tools
PATH: .
PATH: /usr/local/bin
PATH: /mingw/bin
PATH: /bin
PATH: /mingw/../devlibs/bin
PATH: /c/ProgramData/Oracle/Java/javapath
PATH: /c/windows/system32
PATH: /c/windows
PATH: /c/windows/System32/Wbem
PATH: /c/Program Files/Dell/Dell Data Protection/Access/Advanced/Wave/Gemalto/Access Client/v5/
PATH: /c/Program Files (x86)/Security Innovation/SI TSS/bin/
PATH: /c/Program Files (x86)/Common Files/Roxio Shared/DLLShared/
PATH: /c/Program Files (x86)/Common Files/Roxio Shared/OEM/DLLShared/
PATH: /c/Program Files (x86)/Common Files/Roxio Shared/OEM/DLLShared/
PATH: /c/Program Files (x86)/Common Files/Roxio Shared/OEM/12.0/DLLShared/
PATH: /c/Program Files (x86)/Roxio/OEM/AudioCore/
PATH: /c/PROGRA~2/CA/SC/CAM/bin
PATH: /c/Program Files (x86)/1E/NomadBranch
PATH: /c/windows/System32/WindowsPowerShell/v1.0/
PATH: /c/Program Files (x86)/Microsoft SQL Server/110/Tools/Binn/
PATH: /c/Program Files/Microsoft SQL Server/110/Tools/Binn/
PATH: /c/Program Files/Microsoft SQL Server/110/DTS/Binn/
PATH: /c/Program Files/1E/NomadBranch/
PATH: /d/BHI/Atlas/Common
PATH: /svn/bin
PATH: /nsis


## ----------- ##
## Core tests. ##
## ----------- ##

configure:2652: checking for a BSD-compatible install
configure:2720: result: /bin/install -c
configure:2731: checking whether build environment is sane
configure:2786: result: yes
configure:2937: checking for a thread-safe mkdir -p
configure:2976: result: /bin/mkdir -p
configure:2983: checking for gawk
configure:2999: found /bin/gawk
configure:3010: result: gawk
configure:3021: checking whether make sets $(MAKE)
configure:3043: result: yes
configure:3072: checking whether make supports nested variables
configure:3089: result: yes
configure:3216: checking whether to enable maintainer-specific portions of Makefiles
configure:3225: result: no
configure:3253: checking whether make supports nested variables
configure:3270: result: yes
configure:3288: checking build system type
configure:3302: result: x86_64-w64-mingw32
configure:3322: checking host system type
configure:3335: result: x86_64-w64-mingw32
configure:3359: autobuild project... libgpg-error
configure:3361: autobuild revision... 1.24
configure:3365: autobuild hostname... BHIG4NYZN1
configure:3374: autobuild timestamp... 20160829-082107
configure:3428: checking for gcc
configure:3444: found /mingw/bin/gcc
configure:3455: result: gcc
configure:3684: checking for C compiler version
configure:3693: gcc --version >&5
gcc.exe (tdm64-1) 4.7.1
Copyright (C) 2012 Free Software Foundation, Inc.
This is free software; see the source for copying conditions.  There is NO
warranty; not even for MERCHANTABILITY or FITNESS FOR A PARTICULAR PURPOSE.

configure:3704: $? = 0
configure:3693: gcc -v >&5
Using built-in specs.
COLLECT_GCC=C:\DevelopmentEnvironment\gcc\Msys_x2\1.0\mingw\bin\gcc.exe
COLLECT_LTO_WRAPPER=c:/developmentenvironment/gcc/msys_x2/1.0/mingw/bin/../libexec/gcc/x86_64-w64-mingw32/4.7.1/lto-wrapper.exe
Target: x86_64-w64-mingw32
Configured with: ../../src/gcc-4.7.1/configure --build=x86_64-w64-mingw32 --enable-targets=all --enable-languages=c,c++,fortran,objc,obj-c++ --enable-libgomp --enable-lto --enable-libstdcxx-debug --enable-version-specific-runtime-libs --enable-fully-dynamic-string --with-gnu-ld --disable-werror --disable-nls --disable-win32-registry --prefix=/mingw64tdm --with-local-prefix=/mingw64tdm --with-pkgversion=tdm64-1 --with-bugurl=http://tdm-gcc.tdragon.net/bugs
Thread model: win32
gcc version 4.7.1 (tdm64-1) 
configure:3704: $? = 0
configure:3693: gcc -V >&5
gcc.exe: error: unrecognized command line option '-V'
gcc.exe: fatal error: no input files
compilation terminated.
configure:3704: $? = 1
configure:3693: gcc -qversion >&5
gcc.exe: error: unrecognized command line option '-qversion'
gcc.exe: fatal error: no input files
compilation terminated.
configure:3704: $? = 1
configure:3724: checking whether the C compiler works
configure:3746: gcc -I/mingw/../devlibs/include  -L/mingw/../devlibs/lib conftest.c  >&5
configure:3750: $? = 0
configure:3798: result: yes
configure:3801: checking for C compiler default output file name
configure:3803: result: a.exe
configure:3809: checking for suffix of executables
configure:3816: gcc -o conftest.exe -I/mingw/../devlibs/include  -L/mingw/../devlibs/lib conftest.c  >&5
configure:3820: $? = 0
configure:3842: result: .exe
configure:3864: checking whether we are cross compiling
configure:3872: gcc -o conftest.exe -I/mingw/../devlibs/include  -L/mingw/../devlibs/lib conftest.c  >&5
configure:3876: $? = 0
configure:3883: ./conftest.exe
configure:3887: $? = 0
configure:3902: result: no
configure:3907: checking for suffix of object files
configure:3929: gcc -c -I/mingw/../devlibs/include  conftest.c >&5
configure:3933: $? = 0
configure:3954: result: o
configure:3958: checking whether we are using the GNU C compiler
configure:3977: gcc -c -I/mingw/../devlibs/include  conftest.c >&5
configure:3977: $? = 0
configure:3986: result: yes
configure:3995: checking whether gcc accepts -g
configure:4015: gcc -c -g  conftest.c >&5
configure:4015: $? = 0
configure:4056: result: yes
configure:4073: checking for gcc option to accept ISO C89
configure:4136: gcc  -c -I/mingw/../devlibs/include  conftest.c >&5
configure:4136: $? = 0
configure:4149: result: none needed
configure:4174: checking whether gcc understands -c and -o together
configure:4196: gcc -c conftest.c -o conftest2.o
configure:4199: $? = 0
configure:4196: gcc -c conftest.c -o conftest2.o
configure:4199: $? = 0
configure:4211: result: yes
configure:4239: checking for style of include used by make
configure:4267: result: GNU
configure:4293: checking dependency style of gcc
configure:4404: result: gcc3
configure:4425: checking how to run the C preprocessor
configure:4456: gcc -E  conftest.c
configure:4456: $? = 0
configure:4470: gcc -E  conftest.c
conftest.c:11:28: fatal error: ac_nonexistent.h: No such file or directory
compilation terminated.
configure:4470: $? = 1
configure: failed program was:
| /* confdefs.h */
| #define PACKAGE_NAME "libgpg-error"
| #define PACKAGE_TARNAME "libgpg-error"
| #define PACKAGE_VERSION "1.24"
| #define PACKAGE_STRING "libgpg-error 1.24"
| #define PACKAGE_BUGREPORT "https://bugs.gnupg.org"
| #define PACKAGE_URL ""
| #define PACKAGE "libgpg-error"
| #define VERSION "1.24"
| /* end confdefs.h.  */
| #include <ac_nonexistent.h>
configure:4495: result: gcc -E
configure:4515: gcc -E  conftest.c
configure:4515: $? = 0
configure:4529: gcc -E  conftest.c
conftest.c:11:28: fatal error: ac_nonexistent.h: No such file or directory
compilation terminated.
configure:4529: $? = 1
configure: failed program was:
| /* confdefs.h */
| #define PACKAGE_NAME "libgpg-error"
| #define PACKAGE_TARNAME "libgpg-error"
| #define PACKAGE_VERSION "1.24"
| #define PACKAGE_STRING "libgpg-error 1.24"
| #define PACKAGE_BUGREPORT "https://bugs.gnupg.org"
| #define PACKAGE_URL ""
| #define PACKAGE "libgpg-error"
| #define VERSION "1.24"
| /* end confdefs.h.  */
| #include <ac_nonexistent.h>
configure:4561: checking for gawk
configure:4588: result: gawk
configure:4642: checking for ar
configure:4658: found /mingw/bin/ar
configure:4669: result: ar
configure:4693: checking for grep that handles long lines and -e
configure:4751: result: /bin/grep
configure:4756: checking for egrep
configure:4818: result: /bin/grep -E
configure:4823: checking for ANSI C header files
configure:4843: gcc -c -I/mingw/../devlibs/include  conftest.c >&5
configure:4843: $? = 0
configure:4916: gcc -o conftest.exe -I/mingw/../devlibs/include  -L/mingw/../devlibs/lib conftest.c  >&5
configure:4916: $? = 0
configure:4916: ./conftest.exe
configure:4916: $? = 0
configure:4927: result: yes
configure:4940: checking for sys/types.h
configure:4940: gcc -c -I/mingw/../devlibs/include  conftest.c >&5
configure:4940: $? = 0
configure:4940: result: yes
configure:4940: checking for sys/stat.h
configure:4940: gcc -c -I/mingw/../devlibs/include  conftest.c >&5
configure:4940: $? = 0
configure:4940: result: yes
configure:4940: checking for stdlib.h
configure:4940: gcc -c -I/mingw/../devlibs/include  conftest.c >&5
configure:4940: $? = 0
configure:4940: result: yes
configure:4940: checking for string.h
configure:4940: gcc -c -I/mingw/../devlibs/include  conftest.c >&5
configure:4940: $? = 0
configure:4940: result: yes
configure:4940: checking for memory.h
configure:4940: gcc -c -I/mingw/../devlibs/include  conftest.c >&5
configure:4940: $? = 0
configure:4940: result: yes
configure:4940: checking for strings.h
configure:4940: gcc -c -I/mingw/../devlibs/include  conftest.c >&5
configure:4940: $? = 0
configure:4940: result: yes
configure:4940: checking for inttypes.h
configure:4940: gcc -c -I/mingw/../devlibs/include  conftest.c >&5
configure:4940: $? = 0
configure:4940: result: yes
configure:4940: checking for stdint.h
configure:4940: gcc -c -I/mingw/../devlibs/include  conftest.c >&5
configure:4940: $? = 0
configure:4940: result: yes
configure:4940: checking for unistd.h
configure:4940: gcc -c -I/mingw/../devlibs/include  conftest.c >&5
configure:4940: $? = 0
configure:4940: result: yes
configure:4953: checking minix/config.h usability
configure:4953: gcc -c -I/mingw/../devlibs/include  conftest.c >&5
conftest.c:54:26: fatal error: minix/config.h: No such file or directory
compilation terminated.
configure:4953: $? = 1
configure: failed program was:
| /* confdefs.h */
| #define PACKAGE_NAME "libgpg-error"
| #define PACKAGE_TARNAME "libgpg-error"
| #define PACKAGE_VERSION "1.24"
| #define PACKAGE_STRING "libgpg-error 1.24"
| #define PACKAGE_BUGREPORT "https://bugs.gnupg.org"
| #define PACKAGE_URL ""
| #define PACKAGE "libgpg-error"
| #define VERSION "1.24"
| #define STDC_HEADERS 1
| #define HAVE_SYS_TYPES_H 1
| #define HAVE_SYS_STAT_H 1
| #define HAVE_STDLIB_H 1
| #define HAVE_STRING_H 1
| #define HAVE_MEMORY_H 1
| #define HAVE_STRINGS_H 1
| #define HAVE_INTTYPES_H 1
| #define HAVE_STDINT_H 1
| #define HAVE_UNISTD_H 1
| /* end confdefs.h.  */
| #include <stdio.h>
| #ifdef HAVE_SYS_TYPES_H
| # include <sys/types.h>
| #endif
| #ifdef HAVE_SYS_STAT_H
| # include <sys/stat.h>
| #endif
| #ifdef STDC_HEADERS
| # include <stdlib.h>
| # include <stddef.h>
| #else
| # ifdef HAVE_STDLIB_H
| #  include <stdlib.h>
| # endif
| #endif
| #ifdef HAVE_STRING_H
| # if !defined STDC_HEADERS && defined HAVE_MEMORY_H
| #  include <memory.h>
| # endif
| # include <string.h>
| #endif
| #ifdef HAVE_STRINGS_H
| # include <strings.h>
| #endif
| #ifdef HAVE_INTTYPES_H
| # include <inttypes.h>
| #endif
| #ifdef HAVE_STDINT_H
| # include <stdint.h>
| #endif
| #ifdef HAVE_UNISTD_H
| # include <unistd.h>
| #endif
| #include <minix/config.h>
configure:4953: result: no
configure:4953: checking minix/config.h presence
configure:4953: gcc -E  conftest.c
conftest.c:21:26: fatal error: minix/config.h: No such file or directory
compilation terminated.
configure:4953: $? = 1
configure: failed program was:
| /* confdefs.h */
| #define PACKAGE_NAME "libgpg-error"
| #define PACKAGE_TARNAME "libgpg-error"
| #define PACKAGE_VERSION "1.24"
| #define PACKAGE_STRING "libgpg-error 1.24"
| #define PACKAGE_BUGREPORT "https://bugs.gnupg.org"
| #define PACKAGE_URL ""
| #define PACKAGE "libgpg-error"
| #define VERSION "1.24"
| #define STDC_HEADERS 1
| #define HAVE_SYS_TYPES_H 1
| #define HAVE_SYS_STAT_H 1
| #define HAVE_STDLIB_H 1
| #define HAVE_STRING_H 1
| #define HAVE_MEMORY_H 1
| #define HAVE_STRINGS_H 1
| #define HAVE_INTTYPES_H 1
| #define HAVE_STDINT_H 1
| #define HAVE_UNISTD_H 1
| /* end confdefs.h.  */
| #include <minix/config.h>
configure:4953: result: no
configure:4953: checking for minix/config.h
configure:4953: result: no
configure:4974: checking whether it is safe to define __EXTENSIONS__
configure:4992: gcc -c -I/mingw/../devlibs/include  conftest.c >&5
configure:4992: $? = 0
configure:4999: result: yes
configure:5109: checking for special C compiler options needed for large files
configure:5154: result: no
configure:5160: checking for _FILE_OFFSET_BITS value needed for large files
configure:5185: gcc -c -I/mingw/../devlibs/include  conftest.c >&5
conftest.c:32:7: error: size of array 'off_t_is_large' is negative
configure:5185: $? = 1
configure: failed program was:
| /* confdefs.h */
| #define PACKAGE_NAME "libgpg-error"
| #define PACKAGE_TARNAME "libgpg-error"
| #define PACKAGE_VERSION "1.24"
| #define PACKAGE_STRING "libgpg-error 1.24"
| #define PACKAGE_BUGREPORT "https://bugs.gnupg.org"
| #define PACKAGE_URL ""
| #define PACKAGE "libgpg-error"
| #define VERSION "1.24"
| #define STDC_HEADERS 1
| #define HAVE_SYS_TYPES_H 1
| #define HAVE_SYS_STAT_H 1
| #define HAVE_STDLIB_H 1
| #define HAVE_STRING_H 1
| #define HAVE_MEMORY_H 1
| #define HAVE_STRINGS_H 1
| #define HAVE_INTTYPES_H 1
| #define HAVE_STDINT_H 1
| #define HAVE_UNISTD_H 1
| #define __EXTENSIONS__ 1
| #define _ALL_SOURCE 1
| #define _GNU_SOURCE 1
| #define _POSIX_PTHREAD_SEMANTICS 1
| #define _TANDEM_SOURCE 1
| /* end confdefs.h.  */
| #include <sys/types.h>
|  /* Check that off_t can represent 2**63 - 1 correctly.
|     We can't simply define LARGE_OFF_T to be 9223372036854775807,
|     since some C++ compilers masquerading as C compilers
|     incorrectly reject 9223372036854775807.  */
| #define LARGE_OFF_T ((((off_t) 1 << 31) << 31) - 1 + (((off_t) 1 << 31) << 31))
|   int off_t_is_large[(LARGE_OFF_T % 2147483629 == 721
| 		       && LARGE_OFF_T % 2147483647 == 1)
| 		      ? 1 : -1];
| int
| main ()
| {
| 
|   ;
|   return 0;
| }
configure:5209: gcc -c -I/mingw/../devlibs/include  conftest.c >&5
configure:5209: $? = 0
configure:5217: result: 64
configure:5351: checking how to print strings
configure:5378: result: printf
configure:5399: checking for a sed that does not truncate output
configure:5463: result: /bin/sed
configure:5481: checking for fgrep
configure:5543: result: /bin/grep -F
configure:5578: checking for ld used by gcc
configure:5645: result: c:/developmentenvironment/gcc/msys_x2/1.0/mingw/x86_64-w64-mingw32/bin/ld.exe
configure:5652: checking if the linker (c:/developmentenvironment/gcc/msys_x2/1.0/mingw/x86_64-w64-mingw32/bin/ld.exe) is GNU ld
configure:5667: result: yes
configure:5679: checking for BSD- or MS-compatible name lister (nm)
configure:5728: result: /mingw/bin/nm
configure:5858: checking the name lister (/mingw/bin/nm) interface
configure:5865: gcc -c -I/mingw/../devlibs/include  conftest.c >&5
configure:5868: /mingw/bin/nm "conftest.o"
configure:5871: output
0000000000000000 b .bss
0000000000000000 d .data
0000000000000000 t .text
0000000000000000 B some_variable
configure:5878: result: BSD nm
configure:5881: checking whether ln -s works
configure:5885: result: yes
configure:5893: checking the maximum length of command line arguments
configure:6023: result: 8192
configure:6040: checking whether the shell understands some XSI constructs
configure:6050: result: yes
configure:6054: checking whether the shell understands "+="
configure:6060: result: yes
configure:6095: checking how to convert x86_64-w64-mingw32 file names to x86_64-w64-mingw32 format
configure:6135: result: func_convert_file_msys_to_w32
configure:6142: checking how to convert x86_64-w64-mingw32 file names to toolchain format
configure:6162: result: func_convert_file_msys_to_w32
configure:6169: checking for c:/developmentenvironment/gcc/msys_x2/1.0/mingw/x86_64-w64-mingw32/bin/ld.exe option to reload object files
configure:6176: result: -r
configure:6250: checking for objdump
configure:6266: found /mingw/bin/objdump
configure:6277: result: objdump
configure:6306: checking how to recognize dependent libraries
configure:6508: result: file_magic ^x86 archive import|^x86 DLL
configure:6593: checking for dlltool
configure:6609: found /mingw/bin/dlltool
configure:6620: result: dlltool
configure:6650: checking how to associate runtime and link libraries
configure:6677: result: func_cygming_dll_for_implib
configure:6801: checking for archiver @FILE support
configure:6818: gcc -c -I/mingw/../devlibs/include  conftest.c >&5
configure:6818: $? = 0
configure:6821: ar cru libconftest.a @conftest.lst >&5
configure:6824: $? = 0
configure:6829: ar cru libconftest.a @conftest.lst >&5
C:\DevelopmentEnvironment\gcc\Msys_x2\1.0\mingw\bin\ar.exe: conftest.o: No such file or directory
configure:6832: $? = 1
configure:6844: result: @
configure:6902: checking for strip
configure:6918: found /mingw/bin/strip
configure:6929: result: strip
configure:7001: checking for ranlib
configure:7017: found /mingw/bin/ranlib
configure:7028: result: ranlib
configure:7130: checking command to parse /mingw/bin/nm output from gcc object
configure:7250: gcc -c -I/mingw/../devlibs/include  conftest.c >&5
configure:7253: $? = 0
configure:7257: /mingw/bin/nm conftest.o \| sed -n -e 's/^.*[ ]\([ABCDGIRSTW][ABCDGIRSTW]*\)[ ][ ]*\([_A-Za-z][_A-Za-z0-9]*\)\{0,1\}$/\1 \2 \2/p' | sed '/ __gnu_lto/d' \> conftest.nm
configure:7260: $? = 0
configure:7326: gcc -o conftest.exe -I/mingw/../devlibs/include  -L/mingw/../devlibs/lib conftest.c conftstm.o >&5
configure:7329: $? = 0
configure:7367: result: ok
configure:7404: checking for sysroot
configure:7434: result: no
configure:7696: checking for mt
configure:7726: result: no
configure:7746: checking if : is a manifest tool
configure:7752: : '-?'
configure:7760: result: no
configure:8399: checking for dlfcn.h
configure:8399: gcc -c -I/mingw/../devlibs/include  conftest.c >&5
conftest.c:61:19: fatal error: dlfcn.h: No such file or directory
compilation terminated.
configure:8399: $? = 1
configure: failed program was:
| /* confdefs.h */
| #define PACKAGE_NAME "libgpg-error"
| #define PACKAGE_TARNAME "libgpg-error"
| #define PACKAGE_VERSION "1.24"
| #define PACKAGE_STRING "libgpg-error 1.24"
| #define PACKAGE_BUGREPORT "https://bugs.gnupg.org"
| #define PACKAGE_URL ""
| #define PACKAGE "libgpg-error"
| #define VERSION "1.24"
| #define STDC_HEADERS 1
| #define HAVE_SYS_TYPES_H 1
| #define HAVE_SYS_STAT_H 1
| #define HAVE_STDLIB_H 1
| #define HAVE_STRING_H 1
| #define HAVE_MEMORY_H 1
| #define HAVE_STRINGS_H 1
| #define HAVE_INTTYPES_H 1
| #define HAVE_STDINT_H 1
| #define HAVE_UNISTD_H 1
| #define __EXTENSIONS__ 1
| #define _ALL_SOURCE 1
| #define _GNU_SOURCE 1
| #define _POSIX_PTHREAD_SEMANTICS 1
| #define _TANDEM_SOURCE 1
| #define _FILE_OFFSET_BITS 64
| /* end confdefs.h.  */
| #include <stdio.h>
| #ifdef HAVE_SYS_TYPES_H
| # include <sys/types.h>
| #endif
| #ifdef HAVE_SYS_STAT_H
| # include <sys/stat.h>
| #endif
| #ifdef STDC_HEADERS
| # include <stdlib.h>
| # include <stddef.h>
| #else
| # ifdef HAVE_STDLIB_H
| #  include <stdlib.h>
| # endif
| #endif
| #ifdef HAVE_STRING_H
| # if !defined STDC_HEADERS && defined HAVE_MEMORY_H
| #  include <memory.h>
| # endif
| # include <string.h>
| #endif
| #ifdef HAVE_STRINGS_H
| # include <strings.h>
| #endif
| #ifdef HAVE_INTTYPES_H
| # include <inttypes.h>
| #endif
| #ifdef HAVE_STDINT_H
| # include <stdint.h>
| #endif
| #ifdef HAVE_UNISTD_H
| # include <unistd.h>
| #endif
| 
| #include <dlfcn.h>
configure:8399: result: no
configure:8462: checking for as
configure:8478: found /mingw/bin/as
configure:8489: result: as
configure:8554: checking for dlltool
configure:8581: result: dlltool
configure:8646: checking for objdump
configure:8673: result: objdump
configure:8902: checking for objdir
configure:8917: result: .libs
configure:9188: checking if gcc supports -fno-rtti -fno-exceptions
configure:9206: gcc -c -I/mingw/../devlibs/include  -fno-rtti -fno-exceptions conftest.c >&5
cc1.exe: warning: command line option '-fno-rtti' is valid for C++/ObjC++ but not for C [enabled by default]
configure:9210: $? = 0
configure:9223: result: no
configure:9550: checking for gcc option to produce PIC
configure:9557: result: -DDLL_EXPORT -DPIC
configure:9565: checking if gcc PIC flag -DDLL_EXPORT -DPIC works
configure:9583: gcc -c -I/mingw/../devlibs/include  -DDLL_EXPORT -DPIC -DPIC conftest.c >&5
configure:9587: $? = 0
configure:9600: result: yes
configure:9629: checking if gcc static flag -static works
configure:9657: result: yes
configure:9672: checking if gcc supports -c -o file.o
configure:9693: gcc -c -I/mingw/../devlibs/include  -o out/conftest2.o conftest.c >&5
configure:9697: $? = 0
configure:9719: result: yes
configure:9727: checking if gcc supports -c -o file.o
configure:9774: result: yes
configure:9807: checking whether the gcc linker (c:/developmentenvironment/gcc/msys_x2/1.0/mingw/x86_64-w64-mingw32/bin/ld.exe) supports shared libraries
configure:10964: result: yes
configure:11204: checking dynamic linker characteristics
configure:11969: result: Win32 ld.exe
configure:12076: checking how to hardcode library paths into programs
configure:12101: result: immediate
configure:12641: checking whether stripping libraries is possible
configure:12646: result: yes
configure:12681: checking if libtool supports shared libraries
configure:12683: result: yes
configure:12686: checking whether to build shared libraries
configure:12707: result: no
configure:12710: checking whether to build static libraries
configure:12714: result: yes
configure:12794: checking for windres
configure:12810: found /mingw/bin/windres
configure:12821: result: windres
configure:12931: checking for cc for build
configure:12938: result: gcc
configure:12949: checking whether NLS is requested
configure:12958: result: yes
configure:12998: checking for msgfmt
configure:13033: result: no
configure:13039: checking for gmsgfmt
configure:13070: result: :
configure:13120: checking for xgettext
configure:13155: result: no
configure:13197: checking for msgmerge
configure:13231: result: no
configure:13286: checking for ld used by gcc
configure:13353: result: c:/developmentenvironment/gcc/msys_x2/1.0/mingw/x86_64-w64-mingw32/bin/ld.exe
configure:13360: checking if the linker (c:/developmentenvironment/gcc/msys_x2/1.0/mingw/x86_64-w64-mingw32/bin/ld.exe) is GNU ld
configure:13375: result: yes
configure:13382: checking for shared library run path origin
configure:13395: result: done
configure:13967: checking for CFPreferencesCopyAppValue
configure:13985: gcc -o conftest.exe -I/mingw/../devlibs/include  -L/mingw/../devlibs/lib conftest.c  -Wl,-framework -Wl,CoreFoundation >&5
conftest.c:28:42: fatal error: CoreFoundation/CFPreferences.h: No such file or directory
compilation terminated.
configure:13985: $? = 1
configure: failed program was:
| /* confdefs.h */
| #define PACKAGE_NAME "libgpg-error"
| #define PACKAGE_TARNAME "libgpg-error"
| #define PACKAGE_VERSION "1.24"
| #define PACKAGE_STRING "libgpg-error 1.24"
| #define PACKAGE_BUGREPORT "https://bugs.gnupg.org"
| #define PACKAGE_URL ""
| #define PACKAGE "libgpg-error"
| #define VERSION "1.24"
| #define STDC_HEADERS 1
| #define HAVE_SYS_TYPES_H 1
| #define HAVE_SYS_STAT_H 1
| #define HAVE_STDLIB_H 1
| #define HAVE_STRING_H 1
| #define HAVE_MEMORY_H 1
| #define HAVE_STRINGS_H 1
| #define HAVE_INTTYPES_H 1
| #define HAVE_STDINT_H 1
| #define HAVE_UNISTD_H 1
| #define __EXTENSIONS__ 1
| #define _ALL_SOURCE 1
| #define _GNU_SOURCE 1
| #define _POSIX_PTHREAD_SEMANTICS 1
| #define _TANDEM_SOURCE 1
| #define _FILE_OFFSET_BITS 64
| #define LT_OBJDIR ".libs/"
| /* end confdefs.h.  */
| #include <CoreFoundation/CFPreferences.h>
| int
| main ()
| {
| CFPreferencesCopyAppValue(NULL, NULL)
|   ;
|   return 0;
| }
configure:13994: result: no
configure:14001: checking for CFLocaleCopyCurrent
configure:14019: gcc -o conftest.exe -I/mingw/../devlibs/include  -L/mingw/../devlibs/lib conftest.c  -Wl,-framework -Wl,CoreFoundation >&5
conftest.c:28:37: fatal error: CoreFoundation/CFLocale.h: No such file or directory
compilation terminated.
configure:14019: $? = 1
configure: failed program was:
| /* confdefs.h */
| #define PACKAGE_NAME "libgpg-error"
| #define PACKAGE_TARNAME "libgpg-error"
| #define PACKAGE_VERSION "1.24"
| #define PACKAGE_STRING "libgpg-error 1.24"
| #define PACKAGE_BUGREPORT "https://bugs.gnupg.org"
| #define PACKAGE_URL ""
| #define PACKAGE "libgpg-error"
| #define VERSION "1.24"
| #define STDC_HEADERS 1
| #define HAVE_SYS_TYPES_H 1
| #define HAVE_SYS_STAT_H 1
| #define HAVE_STDLIB_H 1
| #define HAVE_STRING_H 1
| #define HAVE_MEMORY_H 1
| #define HAVE_STRINGS_H 1
| #define HAVE_INTTYPES_H 1
| #define HAVE_STDINT_H 1
| #define HAVE_UNISTD_H 1
| #define __EXTENSIONS__ 1
| #define _ALL_SOURCE 1
| #define _GNU_SOURCE 1
| #define _POSIX_PTHREAD_SEMANTICS 1
| #define _TANDEM_SOURCE 1
| #define _FILE_OFFSET_BITS 64
| #define LT_OBJDIR ".libs/"
| /* end confdefs.h.  */
| #include <CoreFoundation/CFLocale.h>
| int
| main ()
| {
| CFLocaleCopyCurrent();
|   ;
|   return 0;
| }
configure:14028: result: no
configure:14077: checking for GNU gettext in libc
configure:14101: gcc -o conftest.exe -I/mingw/../devlibs/include  -L/mingw/../devlibs/lib conftest.c  >&5
conftest.c:29:21: fatal error: libintl.h: No such file or directory
compilation terminated.
configure:14101: $? = 1
configure: failed program was:
| /* confdefs.h */
| #define PACKAGE_NAME "libgpg-error"
| #define PACKAGE_TARNAME "libgpg-error"
| #define PACKAGE_VERSION "1.24"
| #define PACKAGE_STRING "libgpg-error 1.24"
| #define PACKAGE_BUGREPORT "https://bugs.gnupg.org"
| #define PACKAGE_URL ""
| #define PACKAGE "libgpg-error"
| #define VERSION "1.24"
| #define STDC_HEADERS 1
| #define HAVE_SYS_TYPES_H 1
| #define HAVE_SYS_STAT_H 1
| #define HAVE_STDLIB_H 1
| #define HAVE_STRING_H 1
| #define HAVE_MEMORY_H 1
| #define HAVE_STRINGS_H 1
| #define HAVE_INTTYPES_H 1
| #define HAVE_STDINT_H 1
| #define HAVE_UNISTD_H 1
| #define __EXTENSIONS__ 1
| #define _ALL_SOURCE 1
| #define _GNU_SOURCE 1
| #define _POSIX_PTHREAD_SEMANTICS 1
| #define _TANDEM_SOURCE 1
| #define _FILE_OFFSET_BITS 64
| #define LT_OBJDIR ".libs/"
| /* end confdefs.h.  */
| 
| #include <libintl.h>
| 
| extern int _nl_msg_cat_cntr;
| extern int *_nl_domain_bindings;
| 
| int
| main ()
| {
| 
| bindtextdomain ("", "");
| return * gettext ("") + _nl_msg_cat_cntr + *_nl_domain_bindings
| 
|   ;
|   return 0;
| }
configure:14110: result: no
configure:14144: checking for iconv
configure:14168: gcc -o conftest.exe -I/mingw/../devlibs/include -I/mingw/../devlibs/include -L/mingw/../devlibs/lib conftest.c  >&5
C:\Users\barknikk\AppData\Local\Temp\ccWjEv2i.o:conftest.c:(.text+0x1c): undefined reference to `libiconv_open'
C:\Users\barknikk\AppData\Local\Temp\ccWjEv2i.o:conftest.c:(.text+0x46): undefined reference to `libiconv'
C:\Users\barknikk\AppData\Local\Temp\ccWjEv2i.o:conftest.c:(.text+0x52): undefined reference to `libiconv_close'
c:/developmentenvironment/gcc/msys_x2/1.0/mingw/bin/../lib/gcc/x86_64-w64-mingw32/4.7.1/../../../../x86_64-w64-mingw32/bin/ld.exe: C:\Users\barknikk\AppData\Local\Temp\ccWjEv2i.o: bad reloc address 0x0 in section `.pdata'
c:/developmentenvironment/gcc/msys_x2/1.0/mingw/bin/../lib/gcc/x86_64-w64-mingw32/4.7.1/../../../../x86_64-w64-mingw32/bin/ld.exe: final link failed: Invalid operation
collect2.exe: error: ld returned 1 exit status
configure:14168: $? = 1
configure: failed program was:
| /* confdefs.h */
| #define PACKAGE_NAME "libgpg-error"
| #define PACKAGE_TARNAME "libgpg-error"
| #define PACKAGE_VERSION "1.24"
| #define PACKAGE_STRING "libgpg-error 1.24"
| #define PACKAGE_BUGREPORT "https://bugs.gnupg.org"
| #define PACKAGE_URL ""
| #define PACKAGE "libgpg-error"
| #define VERSION "1.24"
| #define STDC_HEADERS 1
| #define HAVE_SYS_TYPES_H 1
| #define HAVE_SYS_STAT_H 1
| #define HAVE_STDLIB_H 1
| #define HAVE_STRING_H 1
| #define HAVE_MEMORY_H 1
| #define HAVE_STRINGS_H 1
| #define HAVE_INTTYPES_H 1
| #define HAVE_STDINT_H 1
| #define HAVE_UNISTD_H 1
| #define __EXTENSIONS__ 1
| #define _ALL_SOURCE 1
| #define _GNU_SOURCE 1
| #define _POSIX_PTHREAD_SEMANTICS 1
| #define _TANDEM_SOURCE 1
| #define _FILE_OFFSET_BITS 64
| #define LT_OBJDIR ".libs/"
| /* end confdefs.h.  */
| 
| #include <stdlib.h>
| #include <iconv.h>
| 
| int
| main ()
| {
| iconv_t cd = iconv_open("","");
|            iconv(cd,NULL,NULL,NULL,NULL);
|            iconv_close(cd);
|   ;
|   return 0;
| }
configure:14192: gcc -o conftest.exe -I/mingw/../devlibs/include -I/mingw/../devlibs/include -L/mingw/../devlibs/lib conftest.c  /mingw/../devlibs/lib/libiconv.dll.a -L/mingw/../devlibs/lib >&5
configure:14192: $? = 0
configure:14202: result: yes
configure:14205: checking for working iconv
configure:14325: gcc -o conftest.exe -I/mingw/../devlibs/include -I/mingw/../devlibs/include -L/mingw/../devlibs/lib conftest.c  /mingw/../devlibs/lib/libiconv.dll.a -L/mingw/../devlibs/lib >&5
configure:14325: $? = 0
configure:14325: ./conftest.exe
configure:14325: $? = 0
configure:14337: result: yes
configure:14352: checking how to link with libiconv
configure:14354: result: /mingw/../devlibs/lib/libiconv.dll.a -L/mingw/../devlibs/lib
configure:14826: checking for GNU gettext in libintl
configure:14858: gcc -o conftest.exe -I/mingw/../devlibs/include -I/mingw/../devlibs/include  -L/mingw/../devlibs/lib conftest.c  -lintl >&5
conftest.c:30:21: fatal error: libintl.h: No such file or directory
compilation terminated.
configure:14858: $? = 1
configure: failed program was:
| /* confdefs.h */
| #define PACKAGE_NAME "libgpg-error"
| #define PACKAGE_TARNAME "libgpg-error"
| #define PACKAGE_VERSION "1.24"
| #define PACKAGE_STRING "libgpg-error 1.24"
| #define PACKAGE_BUGREPORT "https://bugs.gnupg.org"
| #define PACKAGE_URL ""
| #define PACKAGE "libgpg-error"
| #define VERSION "1.24"
| #define STDC_HEADERS 1
| #define HAVE_SYS_TYPES_H 1
| #define HAVE_SYS_STAT_H 1
| #define HAVE_STDLIB_H 1
| #define HAVE_STRING_H 1
| #define HAVE_MEMORY_H 1
| #define HAVE_STRINGS_H 1
| #define HAVE_INTTYPES_H 1
| #define HAVE_STDINT_H 1
| #define HAVE_UNISTD_H 1
| #define __EXTENSIONS__ 1
| #define _ALL_SOURCE 1
| #define _GNU_SOURCE 1
| #define _POSIX_PTHREAD_SEMANTICS 1
| #define _TANDEM_SOURCE 1
| #define _FILE_OFFSET_BITS 64
| #define LT_OBJDIR ".libs/"
| #define HAVE_ICONV 1
| /* end confdefs.h.  */
| 
| #include <libintl.h>
| 
| extern int _nl_msg_cat_cntr;
| extern
| #ifdef __cplusplus
| "C"
| #endif
| const char *_nl_expand_alias (const char *);
| 
| int
| main ()
| {
| 
| bindtextdomain ("", "");
| return * gettext ("") + _nl_msg_cat_cntr + *_nl_expand_alias ("")
| 
|   ;
|   return 0;
| }
configure:14890: gcc -o conftest.exe -I/mingw/../devlibs/include -I/mingw/../devlibs/include  -L/mingw/../devlibs/lib conftest.c  -lintl /mingw/../devlibs/lib/libiconv.dll.a -L/mingw/../devlibs/lib >&5
conftest.c:30:21: fatal error: libintl.h: No such file or directory
compilation terminated.
configure:14890: $? = 1
configure: failed program was:
| /* confdefs.h */
| #define PACKAGE_NAME "libgpg-error"
| #define PACKAGE_TARNAME "libgpg-error"
| #define PACKAGE_VERSION "1.24"
| #define PACKAGE_STRING "libgpg-error 1.24"
| #define PACKAGE_BUGREPORT "https://bugs.gnupg.org"
| #define PACKAGE_URL ""
| #define PACKAGE "libgpg-error"
| #define VERSION "1.24"
| #define STDC_HEADERS 1
| #define HAVE_SYS_TYPES_H 1
| #define HAVE_SYS_STAT_H 1
| #define HAVE_STDLIB_H 1
| #define HAVE_STRING_H 1
| #define HAVE_MEMORY_H 1
| #define HAVE_STRINGS_H 1
| #define HAVE_INTTYPES_H 1
| #define HAVE_STDINT_H 1
| #define HAVE_UNISTD_H 1
| #define __EXTENSIONS__ 1
| #define _ALL_SOURCE 1
| #define _GNU_SOURCE 1
| #define _POSIX_PTHREAD_SEMANTICS 1
| #define _TANDEM_SOURCE 1
| #define _FILE_OFFSET_BITS 64
| #define LT_OBJDIR ".libs/"
| #define HAVE_ICONV 1
| /* end confdefs.h.  */
| 
| #include <libintl.h>
| 
| extern int _nl_msg_cat_cntr;
| extern
| #ifdef __cplusplus
| "C"
| #endif
| const char *_nl_expand_alias (const char *);
| 
| int
| main ()
| {
| 
| bindtextdomain ("", "");
| return * gettext ("") + _nl_msg_cat_cntr + *_nl_expand_alias ("")
| 
|   ;
|   return 0;
| }
configure:14903: result: no
configure:14938: checking whether to use NLS
configure:14940: result: no
configure:15013: checking for ANSI C header files
configure:15117: result: yes
configure:15128: checking for stdlib.h
configure:15128: result: yes
configure:15128: checking locale.h usability
configure:15128: gcc -c -I/mingw/../devlibs/include -I/mingw/../devlibs/include conftest.c >&5
configure:15128: $? = 0
configure:15128: result: yes
configure:15128: checking locale.h presence
configure:15128: gcc -E -I/mingw/../devlibs/include conftest.c
configure:15128: $? = 0
configure:15128: result: yes
configure:15128: checking for locale.h
configure:15128: result: yes
configure:15128: checking for stdint.h
configure:15128: result: yes
configure:15128: checking sys/select.h usability
configure:15128: gcc -c -I/mingw/../devlibs/include -I/mingw/../devlibs/include conftest.c >&5
conftest.c:66:24: fatal error: sys/select.h: No such file or directory
compilation terminated.
configure:15128: $? = 1
configure: failed program was:
| /* confdefs.h */
| #define PACKAGE_NAME "libgpg-error"
| #define PACKAGE_TARNAME "libgpg-error"
| #define PACKAGE_VERSION "1.24"
| #define PACKAGE_STRING "libgpg-error 1.24"
| #define PACKAGE_BUGREPORT "https://bugs.gnupg.org"
| #define PACKAGE_URL ""
| #define PACKAGE "libgpg-error"
| #define VERSION "1.24"
| #define STDC_HEADERS 1
| #define HAVE_SYS_TYPES_H 1
| #define HAVE_SYS_STAT_H 1
| #define HAVE_STDLIB_H 1
| #define HAVE_STRING_H 1
| #define HAVE_MEMORY_H 1
| #define HAVE_STRINGS_H 1
| #define HAVE_INTTYPES_H 1
| #define HAVE_STDINT_H 1
| #define HAVE_UNISTD_H 1
| #define __EXTENSIONS__ 1
| #define _ALL_SOURCE 1
| #define _GNU_SOURCE 1
| #define _POSIX_PTHREAD_SEMANTICS 1
| #define _TANDEM_SOURCE 1
| #define _FILE_OFFSET_BITS 64
| #define LT_OBJDIR ".libs/"
| #define HAVE_ICONV 1
| #define STDC_HEADERS 1
| #define HAVE_STDLIB_H 1
| #define HAVE_LOCALE_H 1
| #define HAVE_STDINT_H 1
| /* end confdefs.h.  */
| #include <stdio.h>
| #ifdef HAVE_SYS_TYPES_H
| # include <sys/types.h>
| #endif
| #ifdef HAVE_SYS_STAT_H
| # include <sys/stat.h>
| #endif
| #ifdef STDC_HEADERS
| # include <stdlib.h>
| # include <stddef.h>
| #else
| # ifdef HAVE_STDLIB_H
| #  include <stdlib.h>
| # endif
| #endif
| #ifdef HAVE_STRING_H
| # if !defined STDC_HEADERS && defined HAVE_MEMORY_H
| #  include <memory.h>
| # endif
| # include <string.h>
| #endif
| #ifdef HAVE_STRINGS_H
| # include <strings.h>
| #endif
| #ifdef HAVE_INTTYPES_H
| # include <inttypes.h>
| #endif
| #ifdef HAVE_STDINT_H
| # include <stdint.h>
| #endif
| #ifdef HAVE_UNISTD_H
| # include <unistd.h>
| #endif
| #include <sys/select.h>
configure:15128: result: no
configure:15128: checking sys/select.h presence
configure:15128: gcc -E -I/mingw/../devlibs/include conftest.c
conftest.c:33:24: fatal error: sys/select.h: No such file or directory
compilation terminated.
configure:15128: $? = 1
configure: failed program was:
| /* confdefs.h */
| #define PACKAGE_NAME "libgpg-error"
| #define PACKAGE_TARNAME "libgpg-error"
| #define PACKAGE_VERSION "1.24"
| #define PACKAGE_STRING "libgpg-error 1.24"
| #define PACKAGE_BUGREPORT "https://bugs.gnupg.org"
| #define PACKAGE_URL ""
| #define PACKAGE "libgpg-error"
| #define VERSION "1.24"
| #define STDC_HEADERS 1
| #define HAVE_SYS_TYPES_H 1
| #define HAVE_SYS_STAT_H 1
| #define HAVE_STDLIB_H 1
| #define HAVE_STRING_H 1
| #define HAVE_MEMORY_H 1
| #define HAVE_STRINGS_H 1
| #define HAVE_INTTYPES_H 1
| #define HAVE_STDINT_H 1
| #define HAVE_UNISTD_H 1
| #define __EXTENSIONS__ 1
| #define _ALL_SOURCE 1
| #define _GNU_SOURCE 1
| #define _POSIX_PTHREAD_SEMANTICS 1
| #define _TANDEM_SOURCE 1
| #define _FILE_OFFSET_BITS 64
| #define LT_OBJDIR ".libs/"
| #define HAVE_ICONV 1
| #define STDC_HEADERS 1
| #define HAVE_STDLIB_H 1
| #define HAVE_LOCALE_H 1
| #define HAVE_STDINT_H 1
| /* end confdefs.h.  */
| #include <sys/select.h>
configure:15128: result: no
configure:15128: checking for sys/select.h
configure:15128: result: no
configure:15128: checking sys/time.h usability
configure:15128: gcc -c -I/mingw/../devlibs/include -I/mingw/../devlibs/include conftest.c >&5
configure:15128: $? = 0
configure:15128: result: yes
configure:15128: checking sys/time.h presence
configure:15128: gcc -E -I/mingw/../devlibs/include conftest.c
configure:15128: $? = 0
configure:15128: result: yes
configure:15128: checking for sys/time.h
configure:15128: result: yes
configure:15138: checking whether strerror_r is declared
configure:15138: gcc -c -I/mingw/../devlibs/include -I/mingw/../devlibs/include conftest.c >&5
conftest.c: In function 'main':
conftest.c:74:10: error: 'strerror_r' undeclared (first use in this function)
conftest.c:74:10: note: each undeclared identifier is reported only once for each function it appears in
configure:15138: $? = 1
configure: failed program was:
| /* confdefs.h */
| #define PACKAGE_NAME "libgpg-error"
| #define PACKAGE_TARNAME "libgpg-error"
| #define PACKAGE_VERSION "1.24"
| #define PACKAGE_STRING "libgpg-error 1.24"
| #define PACKAGE_BUGREPORT "https://bugs.gnupg.org"
| #define PACKAGE_URL ""
| #define PACKAGE "libgpg-error"
| #define VERSION "1.24"
| #define STDC_HEADERS 1
| #define HAVE_SYS_TYPES_H 1
| #define HAVE_SYS_STAT_H 1
| #define HAVE_STDLIB_H 1
| #define HAVE_STRING_H 1
| #define HAVE_MEMORY_H 1
| #define HAVE_STRINGS_H 1
| #define HAVE_INTTYPES_H 1
| #define HAVE_STDINT_H 1
| #define HAVE_UNISTD_H 1
| #define __EXTENSIONS__ 1
| #define _ALL_SOURCE 1
| #define _GNU_SOURCE 1
| #define _POSIX_PTHREAD_SEMANTICS 1
| #define _TANDEM_SOURCE 1
| #define _FILE_OFFSET_BITS 64
| #define LT_OBJDIR ".libs/"
| #define HAVE_ICONV 1
| #define STDC_HEADERS 1
| #define HAVE_STDLIB_H 1
| #define HAVE_LOCALE_H 1
| #define HAVE_STDINT_H 1
| #define HAVE_SYS_TIME_H 1
| /* end confdefs.h.  */
| #include <stdio.h>
| #ifdef HAVE_SYS_TYPES_H
| # include <sys/types.h>
| #endif
| #ifdef HAVE_SYS_STAT_H
| # include <sys/stat.h>
| #endif
| #ifdef STDC_HEADERS
| # include <stdlib.h>
| # include <stddef.h>
| #else
| # ifdef HAVE_STDLIB_H
| #  include <stdlib.h>
| # endif
| #endif
| #ifdef HAVE_STRING_H
| # if !defined STDC_HEADERS && defined HAVE_MEMORY_H
| #  include <memory.h>
| # endif
| # include <string.h>
| #endif
| #ifdef HAVE_STRINGS_H
| # include <strings.h>
| #endif
| #ifdef HAVE_INTTYPES_H
| # include <inttypes.h>
| #endif
| #ifdef HAVE_STDINT_H
| # include <stdint.h>
| #endif
| #ifdef HAVE_UNISTD_H
| # include <unistd.h>
| #endif
| int
| main ()
| {
| #ifndef strerror_r
| #ifdef __cplusplus
|   (void) strerror_r;
| #else
|   (void) strerror_r;
| #endif
| #endif
| 
|   ;
|   return 0;
| }
configure:15138: result: no
configure:15151: checking for strerror_r
configure:15151: gcc -o conftest.exe -I/mingw/../devlibs/include -I/mingw/../devlibs/include -L/mingw/../devlibs/lib conftest.c  >&5
C:\Users\barknikk\AppData\Local\Temp\ccEHo7jD.o:conftest.c:(.text+0xe): undefined reference to `strerror_r'
collect2.exe: error: ld returned 1 exit status
configure:15151: $? = 1
configure: failed program was:
| /* confdefs.h */
| #define PACKAGE_NAME "libgpg-error"
| #define PACKAGE_TARNAME "libgpg-error"
| #define PACKAGE_VERSION "1.24"
| #define PACKAGE_STRING "libgpg-error 1.24"
| #define PACKAGE_BUGREPORT "https://bugs.gnupg.org"
| #define PACKAGE_URL ""
| #define PACKAGE "libgpg-error"
| #define VERSION "1.24"
| #define STDC_HEADERS 1
| #define HAVE_SYS_TYPES_H 1
| #define HAVE_SYS_STAT_H 1
| #define HAVE_STDLIB_H 1
| #define HAVE_STRING_H 1
| #define HAVE_MEMORY_H 1
| #define HAVE_STRINGS_H 1
| #define HAVE_INTTYPES_H 1
| #define HAVE_STDINT_H 1
| #define HAVE_UNISTD_H 1
| #define __EXTENSIONS__ 1
| #define _ALL_SOURCE 1
| #define _GNU_SOURCE 1
| #define _POSIX_PTHREAD_SEMANTICS 1
| #define _TANDEM_SOURCE 1
| #define _FILE_OFFSET_BITS 64
| #define LT_OBJDIR ".libs/"
| #define HAVE_ICONV 1
| #define STDC_HEADERS 1
| #define HAVE_STDLIB_H 1
| #define HAVE_LOCALE_H 1
| #define HAVE_STDINT_H 1
| #define HAVE_SYS_TIME_H 1
| #define HAVE_DECL_STRERROR_R 0
| /* end confdefs.h.  */
| /* Define strerror_r to an innocuous variant, in case <limits.h> declares strerror_r.
|    For example, HP-UX 11i <limits.h> declares gettimeofday.  */
| #define strerror_r innocuous_strerror_r
| 
| /* System header to define __stub macros and hopefully few prototypes,
|     which can conflict with char strerror_r (); below.
|     Prefer <limits.h> to <assert.h> if __STDC__ is defined, since
|     <limits.h> exists even on freestanding compilers.  */
| 
| #ifdef __STDC__
| # include <limits.h>
| #else
| # include <assert.h>
| #endif
| 
| #undef strerror_r
| 
| /* Override any GCC internal prototype to avoid an error.
|    Use char because int might match the return type of a GCC
|    builtin and then its argument prototype would still apply.  */
| #ifdef __cplusplus
| extern "C"
| #endif
| char strerror_r ();
| /* The GNU C library defines this for functions which it implements
|     to always fail with ENOSYS.  Some functions are actually named
|     something starting with __ and the normal name is an alias.  */
| #if defined __stub_strerror_r || defined __stub___strerror_r
| choke me
| #endif
| 
| int
| main ()
| {
| return strerror_r ();
|   ;
|   return 0;
| }
configure:15151: result: no
configure:15160: checking whether strerror_r returns char *
configure:15212: gcc -o conftest.exe -I/mingw/../devlibs/include -I/mingw/../devlibs/include -L/mingw/../devlibs/lib conftest.c  >&5
C:\Users\barknikk\AppData\Local\Temp\ccaxhMvS.o:conftest.c:(.text+0x23): undefined reference to `strerror_r'
collect2.exe: error: ld returned 1 exit status
configure:15212: $? = 1
configure: program exited with status 1
configure: failed program was:
| /* confdefs.h */
| #define PACKAGE_NAME "libgpg-error"
| #define PACKAGE_TARNAME "libgpg-error"
| #define PACKAGE_VERSION "1.24"
| #define PACKAGE_STRING "libgpg-error 1.24"
| #define PACKAGE_BUGREPORT "https://bugs.gnupg.org"
| #define PACKAGE_URL ""
| #define PACKAGE "libgpg-error"
| #define VERSION "1.24"
| #define STDC_HEADERS 1
| #define HAVE_SYS_TYPES_H 1
| #define HAVE_SYS_STAT_H 1
| #define HAVE_STDLIB_H 1
| #define HAVE_STRING_H 1
| #define HAVE_MEMORY_H 1
| #define HAVE_STRINGS_H 1
| #define HAVE_INTTYPES_H 1
| #define HAVE_STDINT_H 1
| #define HAVE_UNISTD_H 1
| #define __EXTENSIONS__ 1
| #define _ALL_SOURCE 1
| #define _GNU_SOURCE 1
| #define _POSIX_PTHREAD_SEMANTICS 1
| #define _TANDEM_SOURCE 1
| #define _FILE_OFFSET_BITS 64
| #define LT_OBJDIR ".libs/"
| #define HAVE_ICONV 1
| #define STDC_HEADERS 1
| #define HAVE_STDLIB_H 1
| #define HAVE_LOCALE_H 1
| #define HAVE_STDINT_H 1
| #define HAVE_SYS_TIME_H 1
| #define HAVE_DECL_STRERROR_R 0
| /* end confdefs.h.  */
| #include <stdio.h>
| #ifdef HAVE_SYS_TYPES_H
| # include <sys/types.h>
| #endif
| #ifdef HAVE_SYS_STAT_H
| # include <sys/stat.h>
| #endif
| #ifdef STDC_HEADERS
| # include <stdlib.h>
| # include <stddef.h>
| #else
| # ifdef HAVE_STDLIB_H
| #  include <stdlib.h>
| # endif
| #endif
| #ifdef HAVE_STRING_H
| # if !defined STDC_HEADERS && defined HAVE_MEMORY_H
| #  include <memory.h>
| # endif
| # include <string.h>
| #endif
| #ifdef HAVE_STRINGS_H
| # include <strings.h>
| #endif
| #ifdef HAVE_INTTYPES_H
| # include <inttypes.h>
| #endif
| #ifdef HAVE_STDINT_H
| # include <stdint.h>
| #endif
| #ifdef HAVE_UNISTD_H
| # include <unistd.h>
| #endif
| 	extern char *strerror_r ();
| int
| main ()
| {
| char buf[100];
| 	  char x = *strerror_r (0, buf, sizeof buf);
| 	  return ! isalpha (x);
|   ;
|   return 0;
| }
configure:15222: result: no
configure:15236: checking for strerror_r
configure:15236: result: no
configure:15240: WARNING: Without strerror_r, gpg_strerror_r might not be thread-safe
configure:15250: checking for flockfile
configure:15250: gcc -o conftest.exe -I/mingw/../devlibs/include -I/mingw/../devlibs/include -L/mingw/../devlibs/lib conftest.c  >&5
C:\Users\barknikk\AppData\Local\Temp\ccahMaji.o:conftest.c:(.text+0xe): undefined reference to `flockfile'
collect2.exe: error: ld returned 1 exit status
configure:15250: $? = 1
configure: failed program was:
| /* confdefs.h */
| #define PACKAGE_NAME "libgpg-error"
| #define PACKAGE_TARNAME "libgpg-error"
| #define PACKAGE_VERSION "1.24"
| #define PACKAGE_STRING "libgpg-error 1.24"
| #define PACKAGE_BUGREPORT "https://bugs.gnupg.org"
| #define PACKAGE_URL ""
| #define PACKAGE "libgpg-error"
| #define VERSION "1.24"
| #define STDC_HEADERS 1
| #define HAVE_SYS_TYPES_H 1
| #define HAVE_SYS_STAT_H 1
| #define HAVE_STDLIB_H 1
| #define HAVE_STRING_H 1
| #define HAVE_MEMORY_H 1
| #define HAVE_STRINGS_H 1
| #define HAVE_INTTYPES_H 1
| #define HAVE_STDINT_H 1
| #define HAVE_UNISTD_H 1
| #define __EXTENSIONS__ 1
| #define _ALL_SOURCE 1
| #define _GNU_SOURCE 1
| #define _POSIX_PTHREAD_SEMANTICS 1
| #define _TANDEM_SOURCE 1
| #define _FILE_OFFSET_BITS 64
| #define LT_OBJDIR ".libs/"
| #define HAVE_ICONV 1
| #define STDC_HEADERS 1
| #define HAVE_STDLIB_H 1
| #define HAVE_LOCALE_H 1
| #define HAVE_STDINT_H 1
| #define HAVE_SYS_TIME_H 1
| #define HAVE_DECL_STRERROR_R 0
| /* end confdefs.h.  */
| /* Define flockfile to an innocuous variant, in case <limits.h> declares flockfile.
|    For example, HP-UX 11i <limits.h> declares gettimeofday.  */
| #define flockfile innocuous_flockfile
| 
| /* System header to define __stub macros and hopefully few prototypes,
|     which can conflict with char flockfile (); below.
|     Prefer <limits.h> to <assert.h> if __STDC__ is defined, since
|     <limits.h> exists even on freestanding compilers.  */
| 
| #ifdef __STDC__
| # include <limits.h>
| #else
| # include <assert.h>
| #endif
| 
| #undef flockfile
| 
| /* Override any GCC internal prototype to avoid an error.
|    Use char because int might match the return type of a GCC
|    builtin and then its argument prototype would still apply.  */
| #ifdef __cplusplus
| extern "C"
| #endif
| char flockfile ();
| /* The GNU C library defines this for functions which it implements
|     to always fail with ENOSYS.  Some functions are actually named
|     something starting with __ and the normal name is an alias.  */
| #if defined __stub_flockfile || defined __stub___flockfile
| choke me
| #endif
| 
| int
| main ()
| {
| return flockfile ();
|   ;
|   return 0;
| }
configure:15250: result: no
configure:15250: checking for vasprintf
configure:15250: gcc -o conftest.exe -I/mingw/../devlibs/include -I/mingw/../devlibs/include -L/mingw/../devlibs/lib conftest.c  >&5
C:\Users\barknikk\AppData\Local\Temp\ccswyNXt.o:conftest.c:(.text+0xe): undefined reference to `vasprintf'
collect2.exe: error: ld returned 1 exit status
configure:15250: $? = 1
configure: failed program was:
| /* confdefs.h */
| #define PACKAGE_NAME "libgpg-error"
| #define PACKAGE_TARNAME "libgpg-error"
| #define PACKAGE_VERSION "1.24"
| #define PACKAGE_STRING "libgpg-error 1.24"
| #define PACKAGE_BUGREPORT "https://bugs.gnupg.org"
| #define PACKAGE_URL ""
| #define PACKAGE "libgpg-error"
| #define VERSION "1.24"
| #define STDC_HEADERS 1
| #define HAVE_SYS_TYPES_H 1
| #define HAVE_SYS_STAT_H 1
| #define HAVE_STDLIB_H 1
| #define HAVE_STRING_H 1
| #define HAVE_MEMORY_H 1
| #define HAVE_STRINGS_H 1
| #define HAVE_INTTYPES_H 1
| #define HAVE_STDINT_H 1
| #define HAVE_UNISTD_H 1
| #define __EXTENSIONS__ 1
| #define _ALL_SOURCE 1
| #define _GNU_SOURCE 1
| #define _POSIX_PTHREAD_SEMANTICS 1
| #define _TANDEM_SOURCE 1
| #define _FILE_OFFSET_BITS 64
| #define LT_OBJDIR ".libs/"
| #define HAVE_ICONV 1
| #define STDC_HEADERS 1
| #define HAVE_STDLIB_H 1
| #define HAVE_LOCALE_H 1
| #define HAVE_STDINT_H 1
| #define HAVE_SYS_TIME_H 1
| #define HAVE_DECL_STRERROR_R 0
| /* end confdefs.h.  */
| /* Define vasprintf to an innocuous variant, in case <limits.h> declares vasprintf.
|    For example, HP-UX 11i <limits.h> declares gettimeofday.  */
| #define vasprintf innocuous_vasprintf
| 
| /* System header to define __stub macros and hopefully few prototypes,
|     which can conflict with char vasprintf (); below.
|     Prefer <limits.h> to <assert.h> if __STDC__ is defined, since
|     <limits.h> exists even on freestanding compilers.  */
| 
| #ifdef __STDC__
| # include <limits.h>
| #else
| # include <assert.h>
| #endif
| 
| #undef vasprintf
| 
| /* Override any GCC internal prototype to avoid an error.
|    Use char because int might match the return type of a GCC
|    builtin and then its argument prototype would still apply.  */
| #ifdef __cplusplus
| extern "C"
| #endif
| char vasprintf ();
| /* The GNU C library defines this for functions which it implements
|     to always fail with ENOSYS.  Some functions are actually named
|     something starting with __ and the normal name is an alias.  */
| #if defined __stub_vasprintf || defined __stub___vasprintf
| choke me
| #endif
| 
| int
| main ()
| {
| return vasprintf ();
|   ;
|   return 0;
| }
configure:15250: result: no
configure:15264: checking for an ANSI C-conforming const
configure:15330: gcc -c -I/mingw/../devlibs/include -I/mingw/../devlibs/include conftest.c >&5
configure:15330: $? = 0
configure:15337: result: yes
configure:15350: checking size of int
configure:15355: gcc -o conftest.exe -I/mingw/../devlibs/include -I/mingw/../devlibs/include -L/mingw/../devlibs/lib conftest.c  >&5
configure:15355: $? = 0
configure:15355: ./conftest.exe
configure:15355: $? = 0
configure:15369: result: 4
configure:15383: checking size of long
configure:15388: gcc -o conftest.exe -I/mingw/../devlibs/include -I/mingw/../devlibs/include -L/mingw/../devlibs/lib conftest.c  >&5
configure:15388: $? = 0
configure:15388: ./conftest.exe
configure:15388: $? = 0
configure:15402: result: 4
configure:15416: checking size of long long
configure:15421: gcc -o conftest.exe -I/mingw/../devlibs/include -I/mingw/../devlibs/include -L/mingw/../devlibs/lib conftest.c  >&5
configure:15421: $? = 0
configure:15421: ./conftest.exe
configure:15421: $? = 0
configure:15435: result: 8
configure:15473: checking for cc features
configure:15478: checking if gcc ignores unknown -Wno-* options
configure:15494: gcc -c -I/mingw/../devlibs/include -I/mingw/../devlibs/include conftest.c >&5
configure:15494: $? = 0
configure:15500: result: yes
configure:15572: checking if gcc supports -Wpointer-arith
configure:15587: gcc -c -Wpointer-arith -I/mingw/../devlibs/include conftest.c >&5
configure:15587: $? = 0
configure:15593: result: yes
configure:15612: checking whether the GCC style aligned attribute is supported
configure:15622: gcc -c -I/mingw/../devlibs/include -Wall -Wpointer-arith -Wno-psabi -I/mingw/../devlibs/include conftest.c >&5
configure:15622: $? = 0
configure:15627: result: yes
configure:15638: checking whether the visibility attribute is supported
conftest.c:41:13: error: visibility attribute not supported in this configuration; ignored [-Werror=attributes]
conftest.c:41:13: error: visibility attribute not supported in this configuration; ignored [-Werror=attributes]
cc1.exe: all warnings being treated as errors
configure:15661: result: no
configure:16249: checking for library containing sched_yield
configure:16280: gcc -o conftest.exe -I/mingw/../devlibs/include -Wall -Wpointer-arith -Wno-psabi -I/mingw/../devlibs/include -L/mingw/../devlibs/lib conftest.c  >&5
C:\Users\barknikk\AppData\Local\Temp\ccsvhlAh.o:conftest.c:(.text+0xe): undefined reference to `sched_yield'
collect2.exe: error: ld returned 1 exit status
configure:16280: $? = 1
configure: failed program was:
| /* confdefs.h */
| #define PACKAGE_NAME "libgpg-error"
| #define PACKAGE_TARNAME "libgpg-error"
| #define PACKAGE_VERSION "1.24"
| #define PACKAGE_STRING "libgpg-error 1.24"
| #define PACKAGE_BUGREPORT "https://bugs.gnupg.org"
| #define PACKAGE_URL ""
| #define PACKAGE "libgpg-error"
| #define VERSION "1.24"
| #define STDC_HEADERS 1
| #define HAVE_SYS_TYPES_H 1
| #define HAVE_SYS_STAT_H 1
| #define HAVE_STDLIB_H 1
| #define HAVE_STRING_H 1
| #define HAVE_MEMORY_H 1
| #define HAVE_STRINGS_H 1
| #define HAVE_INTTYPES_H 1
| #define HAVE_STDINT_H 1
| #define HAVE_UNISTD_H 1
| #define __EXTENSIONS__ 1
| #define _ALL_SOURCE 1
| #define _GNU_SOURCE 1
| #define _POSIX_PTHREAD_SEMANTICS 1
| #define _TANDEM_SOURCE 1
| #define _FILE_OFFSET_BITS 64
| #define LT_OBJDIR ".libs/"
| #define HAVE_ICONV 1
| #define STDC_HEADERS 1
| #define HAVE_STDLIB_H 1
| #define HAVE_LOCALE_H 1
| #define HAVE_STDINT_H 1
| #define HAVE_SYS_TIME_H 1
| #define HAVE_DECL_STRERROR_R 0
| #define SIZEOF_INT 4
| #define SIZEOF_LONG 4
| #define SIZEOF_LONG_LONG 8
| #define REPLACEMENT_FOR_OFF_T "int64_t"
| #define HAVE_GCC_ATTRIBUTE_ALIGNED 1
| #define USE_WINDOWS_THREADS 1
| /* end confdefs.h.  */
| 
| /* Override any GCC internal prototype to avoid an error.
|    Use char because int might match the return type of a GCC
|    builtin and then its argument prototype would still apply.  */
| #ifdef __cplusplus
| extern "C"
| #endif
| char sched_yield ();
| int
| main ()
| {
| return sched_yield ();
|   ;
|   return 0;
| }
configure:16280: gcc -o conftest.exe -I/mingw/../devlibs/include -Wall -Wpointer-arith -Wno-psabi -I/mingw/../devlibs/include -L/mingw/../devlibs/lib conftest.c -lrt   >&5
c:/developmentenvironment/gcc/msys_x2/1.0/mingw/bin/../lib/gcc/x86_64-w64-mingw32/4.7.1/../../../../x86_64-w64-mingw32/bin/ld.exe: cannot find -lrt
collect2.exe: error: ld returned 1 exit status
configure:16280: $? = 1
configure: failed program was:
| /* confdefs.h */
| #define PACKAGE_NAME "libgpg-error"
| #define PACKAGE_TARNAME "libgpg-error"
| #define PACKAGE_VERSION "1.24"
| #define PACKAGE_STRING "libgpg-error 1.24"
| #define PACKAGE_BUGREPORT "https://bugs.gnupg.org"
| #define PACKAGE_URL ""
| #define PACKAGE "libgpg-error"
| #define VERSION "1.24"
| #define STDC_HEADERS 1
| #define HAVE_SYS_TYPES_H 1
| #define HAVE_SYS_STAT_H 1
| #define HAVE_STDLIB_H 1
| #define HAVE_STRING_H 1
| #define HAVE_MEMORY_H 1
| #define HAVE_STRINGS_H 1
| #define HAVE_INTTYPES_H 1
| #define HAVE_STDINT_H 1
| #define HAVE_UNISTD_H 1
| #define __EXTENSIONS__ 1
| #define _ALL_SOURCE 1
| #define _GNU_SOURCE 1
| #define _POSIX_PTHREAD_SEMANTICS 1
| #define _TANDEM_SOURCE 1
| #define _FILE_OFFSET_BITS 64
| #define LT_OBJDIR ".libs/"
| #define HAVE_ICONV 1
| #define STDC_HEADERS 1
| #define HAVE_STDLIB_H 1
| #define HAVE_LOCALE_H 1
| #define HAVE_STDINT_H 1
| #define HAVE_SYS_TIME_H 1
| #define HAVE_DECL_STRERROR_R 0
| #define SIZEOF_INT 4
| #define SIZEOF_LONG 4
| #define SIZEOF_LONG_LONG 8
| #define REPLACEMENT_FOR_OFF_T "int64_t"
| #define HAVE_GCC_ATTRIBUTE_ALIGNED 1
| #define USE_WINDOWS_THREADS 1
| /* end confdefs.h.  */
| 
| /* Override any GCC internal prototype to avoid an error.
|    Use char because int might match the return type of a GCC
|    builtin and then its argument prototype would still apply.  */
| #ifdef __cplusplus
| extern "C"
| #endif
| char sched_yield ();
| int
| main ()
| {
| return sched_yield ();
|   ;
|   return 0;
| }
configure:16280: gcc -o conftest.exe -I/mingw/../devlibs/include -Wall -Wpointer-arith -Wno-psabi -I/mingw/../devlibs/include -L/mingw/../devlibs/lib conftest.c -lposix4   >&5
c:/developmentenvironment/gcc/msys_x2/1.0/mingw/bin/../lib/gcc/x86_64-w64-mingw32/4.7.1/../../../../x86_64-w64-mingw32/bin/ld.exe: cannot find -lposix4
collect2.exe: error: ld returned 1 exit status
configure:16280: $? = 1
configure: failed program was:
| /* confdefs.h */
| #define PACKAGE_NAME "libgpg-error"
| #define PACKAGE_TARNAME "libgpg-error"
| #define PACKAGE_VERSION "1.24"
| #define PACKAGE_STRING "libgpg-error 1.24"
| #define PACKAGE_BUGREPORT "https://bugs.gnupg.org"
| #define PACKAGE_URL ""
| #define PACKAGE "libgpg-error"
| #define VERSION "1.24"
| #define STDC_HEADERS 1
| #define HAVE_SYS_TYPES_H 1
| #define HAVE_SYS_STAT_H 1
| #define HAVE_STDLIB_H 1
| #define HAVE_STRING_H 1
| #define HAVE_MEMORY_H 1
| #define HAVE_STRINGS_H 1
| #define HAVE_INTTYPES_H 1
| #define HAVE_STDINT_H 1
| #define HAVE_UNISTD_H 1
| #define __EXTENSIONS__ 1
| #define _ALL_SOURCE 1
| #define _GNU_SOURCE 1
| #define _POSIX_PTHREAD_SEMANTICS 1
| #define _TANDEM_SOURCE 1
| #define _FILE_OFFSET_BITS 64
| #define LT_OBJDIR ".libs/"
| #define HAVE_ICONV 1
| #define STDC_HEADERS 1
| #define HAVE_STDLIB_H 1
| #define HAVE_LOCALE_H 1
| #define HAVE_STDINT_H 1
| #define HAVE_SYS_TIME_H 1
| #define HAVE_DECL_STRERROR_R 0
| #define SIZEOF_INT 4
| #define SIZEOF_LONG 4
| #define SIZEOF_LONG_LONG 8
| #define REPLACEMENT_FOR_OFF_T "int64_t"
| #define HAVE_GCC_ATTRIBUTE_ALIGNED 1
| #define USE_WINDOWS_THREADS 1
| /* end confdefs.h.  */
| 
| /* Override any GCC internal prototype to avoid an error.
|    Use char because int might match the return type of a GCC
|    builtin and then its argument prototype would still apply.  */
| #ifdef __cplusplus
| extern "C"
| #endif
| char sched_yield ();
| int
| main ()
| {
| return sched_yield ();
|   ;
|   return 0;
| }
configure:16297: result: no
configure:16313: checking for unsigned long long int
configure:16352: gcc -o conftest.exe -I/mingw/../devlibs/include -Wall -Wpointer-arith -Wno-psabi -I/mingw/../devlibs/include -L/mingw/../devlibs/lib conftest.c  >&5
configure:16352: $? = 0
configure:16361: result: yes
configure:16370: checking system features for estream-printf
configure:16374: checking for stdint.h
configure:16374: result: yes
configure:16386: checking for long long int
configure:16424: gcc -o conftest.exe -I/mingw/../devlibs/include -Wall -Wpointer-arith -Wno-psabi -I/mingw/../devlibs/include -L/mingw/../devlibs/lib conftest.c  >&5
configure:16424: $? = 0
configure:16424: ./conftest.exe
configure:16424: $? = 0
configure:16436: result: yes
configure:16445: checking for long double
configure:16478: result: yes
configure:16488: checking for intmax_t
configure:16488: gcc -c -I/mingw/../devlibs/include -Wall -Wpointer-arith -Wno-psabi -I/mingw/../devlibs/include conftest.c >&5
configure:16488: $? = 0
configure:16488: gcc -c -I/mingw/../devlibs/include -Wall -Wpointer-arith -Wno-psabi -I/mingw/../devlibs/include conftest.c >&5
conftest.c: In function 'main':
conftest.c:81:23: error: expected expression before ')' token
configure:16488: $? = 1
configure: failed program was:
| /* confdefs.h */
| #define PACKAGE_NAME "libgpg-error"
| #define PACKAGE_TARNAME "libgpg-error"
| #define PACKAGE_VERSION "1.24"
| #define PACKAGE_STRING "libgpg-error 1.24"
| #define PACKAGE_BUGREPORT "https://bugs.gnupg.org"
| #define PACKAGE_URL ""
| #define PACKAGE "libgpg-error"
| #define VERSION "1.24"
| #define STDC_HEADERS 1
| #define HAVE_SYS_TYPES_H 1
| #define HAVE_SYS_STAT_H 1
| #define HAVE_STDLIB_H 1
| #define HAVE_STRING_H 1
| #define HAVE_MEMORY_H 1
| #define HAVE_STRINGS_H 1
| #define HAVE_INTTYPES_H 1
| #define HAVE_STDINT_H 1
| #define HAVE_UNISTD_H 1
| #define __EXTENSIONS__ 1
| #define _ALL_SOURCE 1
| #define _GNU_SOURCE 1
| #define _POSIX_PTHREAD_SEMANTICS 1
| #define _TANDEM_SOURCE 1
| #define _FILE_OFFSET_BITS 64
| #define LT_OBJDIR ".libs/"
| #define HAVE_ICONV 1
| #define STDC_HEADERS 1
| #define HAVE_STDLIB_H 1
| #define HAVE_LOCALE_H 1
| #define HAVE_STDINT_H 1
| #define HAVE_SYS_TIME_H 1
| #define HAVE_DECL_STRERROR_R 0
| #define SIZEOF_INT 4
| #define SIZEOF_LONG 4
| #define SIZEOF_LONG_LONG 8
| #define REPLACEMENT_FOR_OFF_T "int64_t"
| #define HAVE_GCC_ATTRIBUTE_ALIGNED 1
| #define USE_WINDOWS_THREADS 1
| #define HAVE_UNSIGNED_LONG_LONG_INT 1
| #define HAVE_STDINT_H 1
| #define HAVE_LONG_LONG_INT 1
| #define HAVE_LONG_DOUBLE 1
| /* end confdefs.h.  */
| #include <stdio.h>
| #ifdef HAVE_SYS_TYPES_H
| # include <sys/types.h>
| #endif
| #ifdef HAVE_SYS_STAT_H
| # include <sys/stat.h>
| #endif
| #ifdef STDC_HEADERS
| # include <stdlib.h>
| # include <stddef.h>
| #else
| # ifdef HAVE_STDLIB_H
| #  include <stdlib.h>
| # endif
| #endif
| #ifdef HAVE_STRING_H
| # if !defined STDC_HEADERS && defined HAVE_MEMORY_H
| #  include <memory.h>
| # endif
| # include <string.h>
| #endif
| #ifdef HAVE_STRINGS_H
| # include <strings.h>
| #endif
| #ifdef HAVE_INTTYPES_H
| # include <inttypes.h>
| #endif
| #ifdef HAVE_STDINT_H
| # include <stdint.h>
| #endif
| #ifdef HAVE_UNISTD_H
| # include <unistd.h>
| #endif
| int
| main ()
| {
| if (sizeof ((intmax_t)))
| 	    return 0;
|   ;
|   return 0;
| }
configure:16488: result: yes
configure:16507: checking for uintmax_t
configure:16507: gcc -c -I/mingw/../devlibs/include -Wall -Wpointer-arith -Wno-psabi -I/mingw/../devlibs/include conftest.c >&5
configure:16507: $? = 0
configure:16507: gcc -c -I/mingw/../devlibs/include -Wall -Wpointer-arith -Wno-psabi -I/mingw/../devlibs/include conftest.c >&5
conftest.c: In function 'main':
conftest.c:82:24: error: expected expression before ')' token
configure:16507: $? = 1
configure: failed program was:
| /* confdefs.h */
| #define PACKAGE_NAME "libgpg-error"
| #define PACKAGE_TARNAME "libgpg-error"
| #define PACKAGE_VERSION "1.24"
| #define PACKAGE_STRING "libgpg-error 1.24"
| #define PACKAGE_BUGREPORT "https://bugs.gnupg.org"
| #define PACKAGE_URL ""
| #define PACKAGE "libgpg-error"
| #define VERSION "1.24"
| #define STDC_HEADERS 1
| #define HAVE_SYS_TYPES_H 1
| #define HAVE_SYS_STAT_H 1
| #define HAVE_STDLIB_H 1
| #define HAVE_STRING_H 1
| #define HAVE_MEMORY_H 1
| #define HAVE_STRINGS_H 1
| #define HAVE_INTTYPES_H 1
| #define HAVE_STDINT_H 1
| #define HAVE_UNISTD_H 1
| #define __EXTENSIONS__ 1
| #define _ALL_SOURCE 1
| #define _GNU_SOURCE 1
| #define _POSIX_PTHREAD_SEMANTICS 1
| #define _TANDEM_SOURCE 1
| #define _FILE_OFFSET_BITS 64
| #define LT_OBJDIR ".libs/"
| #define HAVE_ICONV 1
| #define STDC_HEADERS 1
| #define HAVE_STDLIB_H 1
| #define HAVE_LOCALE_H 1
| #define HAVE_STDINT_H 1
| #define HAVE_SYS_TIME_H 1
| #define HAVE_DECL_STRERROR_R 0
| #define SIZEOF_INT 4
| #define SIZEOF_LONG 4
| #define SIZEOF_LONG_LONG 8
| #define REPLACEMENT_FOR_OFF_T "int64_t"
| #define HAVE_GCC_ATTRIBUTE_ALIGNED 1
| #define USE_WINDOWS_THREADS 1
| #define HAVE_UNSIGNED_LONG_LONG_INT 1
| #define HAVE_STDINT_H 1
| #define HAVE_LONG_LONG_INT 1
| #define HAVE_LONG_DOUBLE 1
| #define HAVE_INTMAX_T 1
| /* end confdefs.h.  */
| #include <stdio.h>
| #ifdef HAVE_SYS_TYPES_H
| # include <sys/types.h>
| #endif
| #ifdef HAVE_SYS_STAT_H
| # include <sys/stat.h>
| #endif
| #ifdef STDC_HEADERS
| # include <stdlib.h>
| # include <stddef.h>
| #else
| # ifdef HAVE_STDLIB_H
| #  include <stdlib.h>
| # endif
| #endif
| #ifdef HAVE_STRING_H
| # if !defined STDC_HEADERS && defined HAVE_MEMORY_H
| #  include <memory.h>
| # endif
| # include <string.h>
| #endif
| #ifdef HAVE_STRINGS_H
| # include <strings.h>
| #endif
| #ifdef HAVE_INTTYPES_H
| # include <inttypes.h>
| #endif
| #ifdef HAVE_STDINT_H
| # include <stdint.h>
| #endif
| #ifdef HAVE_UNISTD_H
| # include <unistd.h>
| #endif
| int
| main ()
| {
| if (sizeof ((uintmax_t)))
| 	    return 0;
|   ;
|   return 0;
| }
configure:16507: result: yes
configure:16524: checking for ptrdiff_t
configure:16524: gcc -c -I/mingw/../devlibs/include -Wall -Wpointer-arith -Wno-psabi -I/mingw/../devlibs/include conftest.c >&5
configure:16524: $? = 0
configure:16524: gcc -c -I/mingw/../devlibs/include -Wall -Wpointer-arith -Wno-psabi -I/mingw/../devlibs/include conftest.c >&5
conftest.c: In function 'main':
conftest.c:83:24: error: expected expression before ')' token
configure:16524: $? = 1
configure: failed program was:
| /* confdefs.h */
| #define PACKAGE_NAME "libgpg-error"
| #define PACKAGE_TARNAME "libgpg-error"
| #define PACKAGE_VERSION "1.24"
| #define PACKAGE_STRING "libgpg-error 1.24"
| #define PACKAGE_BUGREPORT "https://bugs.gnupg.org"
| #define PACKAGE_URL ""
| #define PACKAGE "libgpg-error"
| #define VERSION "1.24"
| #define STDC_HEADERS 1
| #define HAVE_SYS_TYPES_H 1
| #define HAVE_SYS_STAT_H 1
| #define HAVE_STDLIB_H 1
| #define HAVE_STRING_H 1
| #define HAVE_MEMORY_H 1
| #define HAVE_STRINGS_H 1
| #define HAVE_INTTYPES_H 1
| #define HAVE_STDINT_H 1
| #define HAVE_UNISTD_H 1
| #define __EXTENSIONS__ 1
| #define _ALL_SOURCE 1
| #define _GNU_SOURCE 1
| #define _POSIX_PTHREAD_SEMANTICS 1
| #define _TANDEM_SOURCE 1
| #define _FILE_OFFSET_BITS 64
| #define LT_OBJDIR ".libs/"
| #define HAVE_ICONV 1
| #define STDC_HEADERS 1
| #define HAVE_STDLIB_H 1
| #define HAVE_LOCALE_H 1
| #define HAVE_STDINT_H 1
| #define HAVE_SYS_TIME_H 1
| #define HAVE_DECL_STRERROR_R 0
| #define SIZEOF_INT 4
| #define SIZEOF_LONG 4
| #define SIZEOF_LONG_LONG 8
| #define REPLACEMENT_FOR_OFF_T "int64_t"
| #define HAVE_GCC_ATTRIBUTE_ALIGNED 1
| #define USE_WINDOWS_THREADS 1
| #define HAVE_UNSIGNED_LONG_LONG_INT 1
| #define HAVE_STDINT_H 1
| #define HAVE_LONG_LONG_INT 1
| #define HAVE_LONG_DOUBLE 1
| #define HAVE_INTMAX_T 1
| #define HAVE_UINTMAX_T 1
| /* end confdefs.h.  */
| #include <stdio.h>
| #ifdef HAVE_SYS_TYPES_H
| # include <sys/types.h>
| #endif
| #ifdef HAVE_SYS_STAT_H
| # include <sys/stat.h>
| #endif
| #ifdef STDC_HEADERS
| # include <stdlib.h>
| # include <stddef.h>
| #else
| # ifdef HAVE_STDLIB_H
| #  include <stdlib.h>
| # endif
| #endif
| #ifdef HAVE_STRING_H
| # if !defined STDC_HEADERS && defined HAVE_MEMORY_H
| #  include <memory.h>
| # endif
| # include <string.h>
| #endif
| #ifdef HAVE_STRINGS_H
| # include <strings.h>
| #endif
| #ifdef HAVE_INTTYPES_H
| # include <inttypes.h>
| #endif
| #ifdef HAVE_STDINT_H
| # include <stdint.h>
| #endif
| #ifdef HAVE_UNISTD_H
| # include <unistd.h>
| #endif
| int
| main ()
| {
| if (sizeof ((ptrdiff_t)))
| 	    return 0;
|   ;
|   return 0;
| }
configure:16524: result: yes
configure:16538: checking size of unsigned long
configure:16543: gcc -o conftest.exe -I/mingw/../devlibs/include -Wall -Wpointer-arith -Wno-psabi -I/mingw/../devlibs/include -L/mingw/../devlibs/lib conftest.c  >&5
configure:16543: $? = 0
configure:16543: ./conftest.exe
configure:16543: $? = 0
configure:16557: result: 4
configure:16571: checking size of void *
configure:16576: gcc -o conftest.exe -I/mingw/../devlibs/include -Wall -Wpointer-arith -Wno-psabi -I/mingw/../devlibs/include -L/mingw/../devlibs/lib conftest.c  >&5
configure:16576: $? = 0
configure:16576: ./conftest.exe
configure:16576: $? = 0
configure:16590: result: 8
configure:16600: checking for nl_langinfo and THOUSANDS_SEP
configure:16616: gcc -o conftest.exe -I/mingw/../devlibs/include -Wall -Wpointer-arith -Wno-psabi -I/mingw/../devlibs/include -L/mingw/../devlibs/lib conftest.c  >&5
conftest.c:50:22: fatal error: langinfo.h: No such file or directory
compilation terminated.
configure:16616: $? = 1
configure: failed program was:
| /* confdefs.h */
| #define PACKAGE_NAME "libgpg-error"
| #define PACKAGE_TARNAME "libgpg-error"
| #define PACKAGE_VERSION "1.24"
| #define PACKAGE_STRING "libgpg-error 1.24"
| #define PACKAGE_BUGREPORT "https://bugs.gnupg.org"
| #define PACKAGE_URL ""
| #define PACKAGE "libgpg-error"
| #define VERSION "1.24"
| #define STDC_HEADERS 1
| #define HAVE_SYS_TYPES_H 1
| #define HAVE_SYS_STAT_H 1
| #define HAVE_STDLIB_H 1
| #define HAVE_STRING_H 1
| #define HAVE_MEMORY_H 1
| #define HAVE_STRINGS_H 1
| #define HAVE_INTTYPES_H 1
| #define HAVE_STDINT_H 1
| #define HAVE_UNISTD_H 1
| #define __EXTENSIONS__ 1
| #define _ALL_SOURCE 1
| #define _GNU_SOURCE 1
| #define _POSIX_PTHREAD_SEMANTICS 1
| #define _TANDEM_SOURCE 1
| #define _FILE_OFFSET_BITS 64
| #define LT_OBJDIR ".libs/"
| #define HAVE_ICONV 1
| #define STDC_HEADERS 1
| #define HAVE_STDLIB_H 1
| #define HAVE_LOCALE_H 1
| #define HAVE_STDINT_H 1
| #define HAVE_SYS_TIME_H 1
| #define HAVE_DECL_STRERROR_R 0
| #define SIZEOF_INT 4
| #define SIZEOF_LONG 4
| #define SIZEOF_LONG_LONG 8
| #define REPLACEMENT_FOR_OFF_T "int64_t"
| #define HAVE_GCC_ATTRIBUTE_ALIGNED 1
| #define USE_WINDOWS_THREADS 1
| #define HAVE_UNSIGNED_LONG_LONG_INT 1
| #define HAVE_STDINT_H 1
| #define HAVE_LONG_LONG_INT 1
| #define HAVE_LONG_DOUBLE 1
| #define HAVE_INTMAX_T 1
| #define HAVE_UINTMAX_T 1
| #define HAVE_PTRDIFF_T 1
| #define SIZEOF_UNSIGNED_LONG 4
| #define SIZEOF_VOID_P 8
| /* end confdefs.h.  */
| #include <langinfo.h>
| int
| main ()
| {
| char* cs = nl_langinfo(THOUSANDS_SEP); return !cs;
|   ;
|   return 0;
| }
configure:16625: result: no
configure:16635: checking system features for estream
configure:16639: checking for memrchr
configure:16639: gcc -o conftest.exe -I/mingw/../devlibs/include -Wall -Wpointer-arith -Wno-psabi -I/mingw/../devlibs/include -L/mingw/../devlibs/lib conftest.c  >&5
C:\Users\barknikk\AppData\Local\Temp\ccy2FAuQ.o:conftest.c:(.text+0xe): undefined reference to `memrchr'
collect2.exe: error: ld returned 1 exit status
configure:16639: $? = 1
configure: failed program was:
| /* confdefs.h */
| #define PACKAGE_NAME "libgpg-error"
| #define PACKAGE_TARNAME "libgpg-error"
| #define PACKAGE_VERSION "1.24"
| #define PACKAGE_STRING "libgpg-error 1.24"
| #define PACKAGE_BUGREPORT "https://bugs.gnupg.org"
| #define PACKAGE_URL ""
| #define PACKAGE "libgpg-error"
| #define VERSION "1.24"
| #define STDC_HEADERS 1
| #define HAVE_SYS_TYPES_H 1
| #define HAVE_SYS_STAT_H 1
| #define HAVE_STDLIB_H 1
| #define HAVE_STRING_H 1
| #define HAVE_MEMORY_H 1
| #define HAVE_STRINGS_H 1
| #define HAVE_INTTYPES_H 1
| #define HAVE_STDINT_H 1
| #define HAVE_UNISTD_H 1
| #define __EXTENSIONS__ 1
| #define _ALL_SOURCE 1
| #define _GNU_SOURCE 1
| #define _POSIX_PTHREAD_SEMANTICS 1
| #define _TANDEM_SOURCE 1
| #define _FILE_OFFSET_BITS 64
| #define LT_OBJDIR ".libs/"
| #define HAVE_ICONV 1
| #define STDC_HEADERS 1
| #define HAVE_STDLIB_H 1
| #define HAVE_LOCALE_H 1
| #define HAVE_STDINT_H 1
| #define HAVE_SYS_TIME_H 1
| #define HAVE_DECL_STRERROR_R 0
| #define SIZEOF_INT 4
| #define SIZEOF_LONG 4
| #define SIZEOF_LONG_LONG 8
| #define REPLACEMENT_FOR_OFF_T "int64_t"
| #define HAVE_GCC_ATTRIBUTE_ALIGNED 1
| #define USE_WINDOWS_THREADS 1
| #define HAVE_UNSIGNED_LONG_LONG_INT 1
| #define HAVE_STDINT_H 1
| #define HAVE_LONG_LONG_INT 1
| #define HAVE_LONG_DOUBLE 1
| #define HAVE_INTMAX_T 1
| #define HAVE_UINTMAX_T 1
| #define HAVE_PTRDIFF_T 1
| #define SIZEOF_UNSIGNED_LONG 4
| #define SIZEOF_VOID_P 8
| /* end confdefs.h.  */
| /* Define memrchr to an innocuous variant, in case <limits.h> declares memrchr.
|    For example, HP-UX 11i <limits.h> declares gettimeofday.  */
| #define memrchr innocuous_memrchr
| 
| /* System header to define __stub macros and hopefully few prototypes,
|     which can conflict with char memrchr (); below.
|     Prefer <limits.h> to <assert.h> if __STDC__ is defined, since
|     <limits.h> exists even on freestanding compilers.  */
| 
| #ifdef __STDC__
| # include <limits.h>
| #else
| # include <assert.h>
| #endif
| 
| #undef memrchr
| 
| /* Override any GCC internal prototype to avoid an error.
|    Use char because int might match the return type of a GCC
|    builtin and then its argument prototype would still apply.  */
| #ifdef __cplusplus
| extern "C"
| #endif
| char memrchr ();
| /* The GNU C library defines this for functions which it implements
|     to always fail with ENOSYS.  Some functions are actually named
|     something starting with __ and the normal name is an alias.  */
| #if defined __stub_memrchr || defined __stub___memrchr
| choke me
| #endif
| 
| int
| main ()
| {
| return memrchr ();
|   ;
|   return 0;
| }
configure:16639: result: no
configure:16961: checking that generated files are newer than configure
configure:16967: result: done
configure:17030: creating ./config.status

## ---------------------- ##
## Running config.status. ##
## ---------------------- ##

This file was extended by libgpg-error config.status 1.24, which was
generated by GNU Autoconf 2.69.  Invocation command line was

  CONFIG_FILES    = 
  CONFIG_HEADERS  = 
  CONFIG_LINKS    = 
  CONFIG_COMMANDS = 
  $ ./config.status 

on BHIG4NYZN1

config.status:1249: creating Makefile
config.status:1249: creating doc/Makefile
config.status:1249: creating po/Makefile.in
config.status:1249: creating m4/Makefile
config.status:1249: creating src/Makefile
config.status:1249: creating tests/Makefile
config.status:1249: creating lang/Makefile
config.status:1249: creating lang/cl/Makefile
config.status:1249: creating lang/cl/gpg-error.asd
config.status:1249: creating src/versioninfo.rc
config.status:1249: creating src/gpg-error.w32-manifest
config.status:1249: creating src/gpg-error-config
config.status:1249: creating config.h
config.status:1478: executing depfiles commands
config.status:1478: executing libtool commands
config.status:1478: executing po-directories commands

## ---------------- ##
## Cache variables. ##
## ---------------- ##

ac_cv_build=x86_64-w64-mingw32
ac_cv_c_compiler_gnu=yes
ac_cv_c_const=yes
ac_cv_env_CC_FOR_BUILD_set=
ac_cv_env_CC_FOR_BUILD_value=
ac_cv_env_CC_set=
ac_cv_env_CC_value=
ac_cv_env_CFLAGS_set=set
ac_cv_env_CFLAGS_value=-I/mingw/../devlibs/include
ac_cv_env_CPPFLAGS_set=
ac_cv_env_CPPFLAGS_value=
ac_cv_env_CPP_set=
ac_cv_env_CPP_value=
ac_cv_env_LDFLAGS_set=set
ac_cv_env_LDFLAGS_value=-L/mingw/../devlibs/lib
ac_cv_env_LIBS_set=
ac_cv_env_LIBS_value=
ac_cv_env_build_alias_set=set
ac_cv_env_build_alias_value=x86_64-w64-mingw32
ac_cv_env_host_alias_set=
ac_cv_env_host_alias_value=
ac_cv_env_target_alias_set=
ac_cv_env_target_alias_value=
ac_cv_exeext=.exe
ac_cv_func_flockfile=no
ac_cv_func_memrchr=no
ac_cv_func_strerror_r=no
ac_cv_func_strerror_r_char_p=no
ac_cv_func_vasprintf=no
ac_cv_have_decl_strerror_r=no
ac_cv_header_dlfcn_h=no
ac_cv_header_inttypes_h=yes
ac_cv_header_locale_h=yes
ac_cv_header_memory_h=yes
ac_cv_header_minix_config_h=no
ac_cv_header_stdc=yes
ac_cv_header_stdint_h=yes
ac_cv_header_stdlib_h=yes
ac_cv_header_string_h=yes
ac_cv_header_strings_h=yes
ac_cv_header_sys_select_h=no
ac_cv_header_sys_stat_h=yes
ac_cv_header_sys_time_h=yes
ac_cv_header_sys_types_h=yes
ac_cv_header_unistd_h=yes
ac_cv_host=x86_64-w64-mingw32
ac_cv_objext=o
ac_cv_path_EGREP='/bin/grep -E'
ac_cv_path_FGREP='/bin/grep -F'
ac_cv_path_GMSGFMT=:
ac_cv_path_GREP=/bin/grep
ac_cv_path_MSGFMT=:
ac_cv_path_MSGMERGE=:
ac_cv_path_SED=/bin/sed
ac_cv_path_XGETTEXT=:
ac_cv_path_install='/bin/install -c'
ac_cv_path_mkdir=/bin/mkdir
ac_cv_prog_AWK=gawk
ac_cv_prog_CPP='gcc -E'
ac_cv_prog_ac_ct_AR=ar
ac_cv_prog_ac_ct_AS=as
ac_cv_prog_ac_ct_CC=gcc
ac_cv_prog_ac_ct_DLLTOOL=dlltool
ac_cv_prog_ac_ct_OBJDUMP=objdump
ac_cv_prog_ac_ct_RANLIB=ranlib
ac_cv_prog_ac_ct_RC=windres
ac_cv_prog_ac_ct_STRIP=strip
ac_cv_prog_cc_c89=
ac_cv_prog_cc_g=yes
ac_cv_prog_make_make_set=yes
ac_cv_safe_to_define___extensions__=yes
ac_cv_search_sched_yield=no
ac_cv_sizeof_int=4
ac_cv_sizeof_long=4
ac_cv_sizeof_long_long=8
ac_cv_sizeof_unsigned_long=4
ac_cv_sizeof_void_p=8
ac_cv_sys_file_offset_bits=64
ac_cv_sys_largefile_CC=no
ac_cv_type_intmax_t=yes
ac_cv_type_long_double=yes
ac_cv_type_long_long_int=yes
ac_cv_type_ptrdiff_t=yes
ac_cv_type_uintmax_t=yes
ac_cv_type_unsigned_long_long_int=yes
acl_cv_hardcode_direct=no
acl_cv_hardcode_libdir_flag_spec='-L$libdir'
acl_cv_hardcode_libdir_separator=
acl_cv_hardcode_minus_L=no
acl_cv_libext=a
acl_cv_libname_spec='lib$name'
acl_cv_library_names_spec='$libname.dll.a $libname.lib'
acl_cv_path_LD=c:/developmentenvironment/gcc/msys_x2/1.0/mingw/x86_64-w64-mingw32/bin/ld.exe
acl_cv_prog_gnu_ld=yes
acl_cv_rpath=done
acl_cv_shlibext=dll
acl_cv_wl=-Wl,
am_cv_CC_dependencies_compiler_type=gcc3
am_cv_func_iconv=yes
am_cv_func_iconv_works=yes
am_cv_lib_iconv=yes
am_cv_make_support_nested_variables=yes
am_cv_prog_cc_c_o=yes
estream_cv_langinfo_thousands_sep=no
gcry_cv_gcc_attribute_aligned=yes
gcry_cv_visibility_attribute=no
gt_cv_func_CFLocaleCopyCurrent=no
gt_cv_func_CFPreferencesCopyAppValue=no
gt_cv_func_gnugettext1_libc=no
gt_cv_func_gnugettext1_libintl=no
lt_cv_ar_at_file=@
lt_cv_deplibs_check_method='file_magic ^x86 archive import|^x86 DLL'
lt_cv_file_magic_cmd=func_win32_libid
lt_cv_file_magic_test_file=
lt_cv_ld_reload_flag=-r
lt_cv_nm_interface='BSD nm'
lt_cv_objdir=.libs
lt_cv_path_LD=c:/developmentenvironment/gcc/msys_x2/1.0/mingw/x86_64-w64-mingw32/bin/ld.exe
lt_cv_path_NM=/mingw/bin/nm
lt_cv_path_mainfest_tool=no
lt_cv_prog_compiler_c_o=yes
lt_cv_prog_compiler_c_o_RC=yes
lt_cv_prog_compiler_pic='-DDLL_EXPORT -DPIC'
lt_cv_prog_compiler_pic_works=yes
lt_cv_prog_compiler_rtti_exceptions=no
lt_cv_prog_compiler_static_works=yes
lt_cv_prog_gnu_ld=yes
lt_cv_sharedlib_from_linklib_cmd=func_cygming_dll_for_implib
lt_cv_sys_global_symbol_pipe='sed -n -e '\''s/^.*[	 ]\([ABCDGIRSTW][ABCDGIRSTW]*\)[	 ][	 ]*\([_A-Za-z][_A-Za-z0-9]*\)\{0,1\}$/\1 \2 \2/p'\'' | sed '\''/ __gnu_lto/d'\'''
lt_cv_sys_global_symbol_to_c_name_address='sed -n -e '\''s/^: \([^ ]*\)[ ]*$/  {\"\1\", (void *) 0},/p'\'' -e '\''s/^[ABCDGIRSTW]* \([^ ]*\) \([^ ]*\)$/  {"\2", (void *) \&\2},/p'\'''
lt_cv_sys_global_symbol_to_c_name_address_lib_prefix='sed -n -e '\''s/^: \([^ ]*\)[ ]*$/  {\"\1\", (void *) 0},/p'\'' -e '\''s/^[ABCDGIRSTW]* \([^ ]*\) \(lib[^ ]*\)$/  {"\2", (void *) \&\2},/p'\'' -e '\''s/^[ABCDGIRSTW]* \([^ ]*\) \([^ ]*\)$/  {"lib\2", (void *) \&\2},/p'\'''
lt_cv_sys_global_symbol_to_cdecl='sed -n -e '\''s/^T .* \(.*\)$/extern int \1();/p'\'' -e '\''s/^[ABCDGIRSTW]* .* \(.*\)$/extern char \1;/p'\'''
lt_cv_sys_max_cmd_len=8192
lt_cv_to_host_file_cmd=func_convert_file_msys_to_w32
lt_cv_to_tool_file_cmd=func_convert_file_msys_to_w32

## ----------------- ##
## Output variables. ##
## ----------------- ##

ACLOCAL='${SHELL} /c/DevelopmentEnvironment/gcc/Msys_x2/1.0/DevlibsBuildFiles64/libgpg-error-1.24/build-aux/missing aclocal-1.14'
AMDEPBACKSLASH='\'
AMDEP_FALSE='#'
AMDEP_TRUE=''
AMTAR='$${TAR-tar}'
AM_BACKSLASH='\'
AM_DEFAULT_V='$(AM_DEFAULT_VERBOSITY)'
AM_DEFAULT_VERBOSITY='1'
AM_V='$(V)'
AR='ar'
AS='as'
AUTOCONF='${SHELL} /c/DevelopmentEnvironment/gcc/Msys_x2/1.0/DevlibsBuildFiles64/libgpg-error-1.24/build-aux/missing autoconf'
AUTOHEADER='${SHELL} /c/DevelopmentEnvironment/gcc/Msys_x2/1.0/DevlibsBuildFiles64/libgpg-error-1.24/build-aux/missing autoheader'
AUTOMAKE='${SHELL} /c/DevelopmentEnvironment/gcc/Msys_x2/1.0/DevlibsBuildFiles64/libgpg-error-1.24/build-aux/missing automake-1.14'
AWK='gawk'
BUILD_DOC_FALSE='#'
BUILD_DOC_TRUE=''
BUILD_FILEVERSION='1,24,0,47890'
BUILD_REVISION='bb1269c'
BUILD_TESTS_FALSE='#'
BUILD_TESTS_TRUE=''
BUILD_TIMESTAMP='<none>'
BUILD_VERSION='1.24.0.47890'
CC='gcc'
CCDEPMODE='depmode=gcc3'
CC_FOR_BUILD='gcc'
CFLAGS='-I/mingw/../devlibs/include -Wall -Wpointer-arith -Wno-psabi'
CPP='gcc -E'
CPPFLAGS='-I/mingw/../devlibs/include'
CROSS_COMPILING_FALSE=''
CROSS_COMPILING_TRUE='#'
CYGPATH_W='echo'
DEFS='-DHAVE_CONFIG_H'
DEPDIR='.deps'
DLLTOOL='dlltool'
DSYMUTIL=''
DUMPBIN=''
ECHO_C=''
ECHO_N='-n'
ECHO_T=''
EGREP='/bin/grep -E'
EXEEXT='.exe'
FGREP='/bin/grep -F'
FORCE_USE_SYSCFG_FALSE='#'
FORCE_USE_SYSCFG_TRUE=''
GETTEXT_MACRO_VERSION='0.19'
GMSGFMT=':'
GMSGFMT_015=':'
GPG_ERROR_CONFIG_CFLAGS=''
GPG_ERROR_CONFIG_HOST='x86_64-w64-mingw32'
GPG_ERROR_CONFIG_ISUBDIRAFTER=''
GPG_ERROR_CONFIG_LIBS='-lgpg-error'
GPG_ERROR_CONFIG_MT_CFLAGS=''
GPG_ERROR_CONFIG_MT_LIBS=''
GREP='/bin/grep'
HAVE_LD_VERSION_SCRIPT_FALSE=''
HAVE_LD_VERSION_SCRIPT_TRUE='#'
HAVE_W32CE_SYSTEM_FALSE=''
HAVE_W32CE_SYSTEM_TRUE='#'
HAVE_W32_SYSTEM_FALSE='#'
HAVE_W32_SYSTEM_TRUE=''
HAVE_W64_SYSTEM_FALSE='#'
HAVE_W64_SYSTEM_TRUE=''
INSTALL_DATA='${INSTALL} -m 644'
INSTALL_PROGRAM='${INSTALL}'
INSTALL_SCRIPT='${INSTALL}'
INSTALL_STRIP_PROGRAM='$(install_sh) -c -s'
INTLLIBS=''
INTL_MACOSX_LIBS=''
LANGUAGES_SOME_FALSE='#'
LANGUAGES_SOME_TRUE=''
LD='c:/developmentenvironment/gcc/msys_x2/1.0/mingw/x86_64-w64-mingw32/bin/ld.exe'
LDFLAGS='-L/mingw/../devlibs/lib'
LIBGPG_ERROR_LT_AGE='19'
LIBGPG_ERROR_LT_CURRENT='19'
LIBGPG_ERROR_LT_REVISION='1'
LIBICONV='/mingw/../devlibs/lib/libiconv.dll.a -L/mingw/../devlibs/lib'
LIBINTL=''
LIBMULTITHREAD=''
LIBOBJS=''
LIBS=''
LIBTHREAD=''
LIBTOOL='$(SHELL) $(top_builddir)/libtool'
LIB_SCHED_YIELD=''
LIPO=''
LN_S='ln -s'
LTLIBICONV='-L/mingw/../devlibs/lib -liconv -R/mingw/../devlibs/lib'
LTLIBINTL=''
LTLIBMULTITHREAD=''
LTLIBOBJS=''
LTLIBTHREAD=''
MAINT='#'
MAINTAINER_MODE_FALSE=''
MAINTAINER_MODE_TRUE='#'
MAKEINFO='${SHELL} /c/DevelopmentEnvironment/gcc/Msys_x2/1.0/DevlibsBuildFiles64/libgpg-error-1.24/build-aux/missing makeinfo'
MANIFEST_TOOL=':'
MKDIR_P='/bin/mkdir -p'
MSGFMT=':'
MSGFMT_015=':'
MSGMERGE=':'
NM='/mingw/bin/nm'
NMEDIT=''
OBJDUMP='objdump'
OBJEXT='o'
OTOOL64=''
OTOOL=''
PACKAGE='libgpg-error'
PACKAGE_BUGREPORT='https://bugs.gnupg.org'
PACKAGE_NAME='libgpg-error'
PACKAGE_STRING='libgpg-error 1.24'
PACKAGE_TARNAME='libgpg-error'
PACKAGE_URL=''
PACKAGE_VERSION='1.24'
PATH_SEPARATOR=':'
POSUB=''
RANLIB='ranlib'
RC='windres'
SED='/bin/sed'
SET_MAKE=''
SHELL='/bin/sh'
STRIP='strip'
USE_NLS='no'
VERSION='1.24'
VERSION_NUMBER='0x011800'
XGETTEXT=':'
XGETTEXT_015=':'
XGETTEXT_EXTRA_OPTIONS=''
ac_ct_AR='ar'
ac_ct_CC='gcc'
ac_ct_DUMPBIN=''
am__EXEEXT_FALSE='#'
am__EXEEXT_TRUE=''
am__fastdepCC_FALSE='#'
am__fastdepCC_TRUE=''
am__include='include'
am__isrc=''
am__leading_dot='.'
am__nodep='_no'
am__quote=''
am__tar='$${TAR-tar} chof - "$$tardir"'
am__untar='$${TAR-tar} xf -'
bindir='${exec_prefix}/bin'
build='x86_64-w64-mingw32'
build_alias='x86_64-w64-mingw32'
build_cpu='x86_64'
build_os='mingw32'
build_vendor='w64'
datadir='${datarootdir}'
datarootdir='${prefix}/share'
docdir='${datarootdir}/doc/${PACKAGE_TARNAME}'
dvidir='${docdir}'
exec_prefix='${prefix}'
host='x86_64-w64-mingw32'
host_alias=''
host_cpu='x86_64'
host_os='mingw32'
host_vendor='w64'
htmldir='${docdir}'
includedir='${prefix}/include'
infodir='${datarootdir}/info'
install_sh='${SHELL} /c/DevelopmentEnvironment/gcc/Msys_x2/1.0/DevlibsBuildFiles64/libgpg-error-1.24/build-aux/install-sh'
libdir='${exec_prefix}/lib'
libexecdir='${exec_prefix}/libexec'
localedir='${datarootdir}/locale'
localstatedir='${prefix}/var'
mandir='${datarootdir}/man'
mkdir_p='$(MKDIR_P)'
oldincludedir='/usr/include'
pdfdir='${docdir}'
prefix='/mingw/../devlibs'
program_transform_name='s,x,x,'
psdir='${docdir}'
sbindir='${exec_prefix}/sbin'
sharedstatedir='${prefix}/com'
sysconfdir='${prefix}/etc'
target_alias=''

## ----------- ##
## confdefs.h. ##
## ----------- ##

/* confdefs.h */
#define PACKAGE_NAME "libgpg-error"
#define PACKAGE_TARNAME "libgpg-error"
#define PACKAGE_VERSION "1.24"
#define PACKAGE_STRING "libgpg-error 1.24"
#define PACKAGE_BUGREPORT "https://bugs.gnupg.org"
#define PACKAGE_URL ""
#define PACKAGE "libgpg-error"
#define VERSION "1.24"
#define STDC_HEADERS 1
#define HAVE_SYS_TYPES_H 1
#define HAVE_SYS_STAT_H 1
#define HAVE_STDLIB_H 1
#define HAVE_STRING_H 1
#define HAVE_MEMORY_H 1
#define HAVE_STRINGS_H 1
#define HAVE_INTTYPES_H 1
#define HAVE_STDINT_H 1
#define HAVE_UNISTD_H 1
#define __EXTENSIONS__ 1
#define _ALL_SOURCE 1
#define _GNU_SOURCE 1
#define _POSIX_PTHREAD_SEMANTICS 1
#define _TANDEM_SOURCE 1
#define _FILE_OFFSET_BITS 64
#define LT_OBJDIR ".libs/"
#define HAVE_ICONV 1
#define STDC_HEADERS 1
#define HAVE_STDLIB_H 1
#define HAVE_LOCALE_H 1
#define HAVE_STDINT_H 1
#define HAVE_SYS_TIME_H 1
#define HAVE_DECL_STRERROR_R 0
#define SIZEOF_INT 4
#define SIZEOF_LONG 4
#define SIZEOF_LONG_LONG 8
#define REPLACEMENT_FOR_OFF_T "int64_t"
#define HAVE_GCC_ATTRIBUTE_ALIGNED 1
#define USE_WINDOWS_THREADS 1
#define HAVE_UNSIGNED_LONG_LONG_INT 1
#define HAVE_STDINT_H 1
#define HAVE_LONG_LONG_INT 1
#define HAVE_LONG_DOUBLE 1
#define HAVE_INTMAX_T 1
#define HAVE_UINTMAX_T 1
#define HAVE_PTRDIFF_T 1
#define SIZEOF_UNSIGNED_LONG 4
#define SIZEOF_VOID_P 8
#define HAVE_W32_SYSTEM 1
#define HAVE_W64_SYSTEM 1
#define HOST_TRIPLET_STRING "x86_64-w64-mingw32"
#define BUILD_REVISION "bb1269c"
#define BUILD_TIMESTAMP "<none>"

configure: exit 0
