This file contains any messages produced by compilers while
running configure, to aid debugging if configure makes a mistake.

It was created by yasm configure 1.2.0, which was
generated by GNU Autoconf 2.68.  Invocation command line was

  $ ./configure 

## --------- ##
## Platform. ##
## --------- ##

hostname = BHIG4NYZN1
uname -m = i686
uname -r = 1.0.11(0.46/3/2)
uname -s = MINGW32_NT-6.1
uname -v = 2009-07-11 17:46

/usr/bin/uname -p = unknown
/bin/uname -X     = unknown

/bin/arch              = unknown
/usr/bin/arch -k       = unknown
/usr/convex/getsysinfo = unknown
/usr/bin/hostinfo      = unknown
/bin/machine           = unknown
/usr/bin/oslevel       = unknown
/bin/universe          = unknown

PATH: .
PATH: /usr/local/bin
PATH: /mingw/bin
PATH: /bin
PATH: /mingw/../devlibs/bin
PATH: /c/Program Files (x86)/CA/SC/CAWIN/
PATH: /c/windows/system32
PATH: /c/windows
PATH: /c/windows/System32/Wbem
PATH: /c/windows/System32/WindowsPowerShell/v1.0/
PATH: /c/Program Files/Dell/Dell Data Protection/Access/Advanced/Wave/Gemalto/Access Client/v5/
PATH: /c/Program Files (x86)/Security Innovation/SI TSS/bin/
PATH: /c/Program Files (x86)/Common Files/Roxio Shared/DLLShared/
PATH: /c/Program Files (x86)/Common Files/Roxio Shared/OEM/DLLShared/
PATH: /c/Program Files (x86)/Common Files/Roxio Shared/OEM/DLLShared/
PATH: /c/Program Files (x86)/Common Files/Roxio Shared/OEM/12.0/DLLShared/
PATH: /c/Program Files (x86)/Roxio/OEM/AudioCore/
PATH: /c/PROGRA~2/CA/SC/CAM/bin
PATH: /c/Program Files (x86)/CA/SC/Csam/SockAdapter/bin
PATH: /c/Program Files (x86)/CA/SC/CBB/
PATH: /c/Program Files (x86)/CA/DSM/bin
PATH: /svn/bin
PATH: /nsis


## ----------- ##
## Core tests. ##
## ----------- ##

configure:2500: checking for a BSD-compatible install
configure:2568: result: /bin/install -c
configure:2579: checking whether build environment is sane
configure:2629: result: yes
configure:2770: checking for a thread-safe mkdir -p
configure:2809: result: /bin/mkdir -p
configure:2822: checking for gawk
configure:2838: found /bin/gawk
configure:2849: result: gawk
configure:2860: checking whether make sets $(MAKE)
configure:2882: result: yes
configure:2963: checking whether to enable maintainer-specific portions of Makefiles
configure:2972: result: no
configure:3068: checking for style of include used by make
configure:3096: result: GNU
configure:3166: checking for gcc
configure:3182: found /mingw/bin/gcc
configure:3193: result: gcc
configure:3422: checking for C compiler version
configure:3431: gcc --version >&5
gcc.exe (tdm64-1) 4.8.1
Copyright (C) 2013 Free Software Foundation, Inc.
This is free software; see the source for copying conditions.  There is NO
warranty; not even for MERCHANTABILITY or FITNESS FOR A PARTICULAR PURPOSE.

configure:3442: $? = 0
configure:3431: gcc -v >&5
Using built-in specs.
COLLECT_GCC=C:\DevelopmentEnvironment\gcc\Msys_x2\1.0\mingw\bin\gcc.exe
COLLECT_LTO_WRAPPER=c:/developmentenvironment/gcc/msys_x2/1.0/mingw/bin/../libexec/gcc/x86_64-w64-mingw32/4.8.1/lto-wrapper.exe
Target: x86_64-w64-mingw32
Configured with: ../../../src/gcc-4.8.1/configure --build=x86_64-w64-mingw32 --enable-targets=all --enable-languages=ada,c,c++,fortran,lto,objc,obj-c++ --enable-libgomp --enable-lto --enable-graphite --enable-cxx-flags=-DWINPTHREAD_STATIC --enable-libstdcxx-debug --enable-threads=posix --enable-version-specific-runtime-libs --enable-fully-dynamic-string --enable-libstdcxx-threads --enable-libstdcxx-time --with-gnu-ld --disable-werror --disable-nls --disable-win32-registry --prefix=/mingw64tdm --with-local-prefix=/mingw64tdm --with-pkgversion=tdm64-1 --with-bugurl=http://tdm-gcc.tdragon.net/bugs
Thread model: posix
gcc version 4.8.1 (tdm64-1) 
configure:3442: $? = 0
configure:3431: gcc -V >&5
gcc.exe: error: unrecognized command line option '-V'
gcc.exe: fatal error: no input files
compilation terminated.
configure:3442: $? = 1
configure:3431: gcc -qversion >&5
gcc.exe: error: unrecognized command line option '-qversion'
gcc.exe: fatal error: no input files
compilation terminated.
configure:3442: $? = 1
configure:3462: checking whether the C compiler works
configure:3484: gcc  -I/mingw/../devlibs/include -L/mingw/../devlibs/lib conftest.c  >&5
configure:3488: $? = 0
configure:3536: result: yes
configure:3539: checking for C compiler default output file name
configure:3541: result: a.exe
configure:3547: checking for suffix of executables
configure:3554: gcc -o conftest.exe  -I/mingw/../devlibs/include -L/mingw/../devlibs/lib conftest.c  >&5
configure:3558: $? = 0
configure:3580: result: .exe
configure:3602: checking whether we are cross compiling
configure:3610: gcc -o conftest.exe  -I/mingw/../devlibs/include -L/mingw/../devlibs/lib conftest.c  >&5
configure:3614: $? = 0
configure:3621: ./conftest.exe
configure:3625: $? = 0
configure:3640: result: no
configure:3645: checking for suffix of object files
configure:3667: gcc -c  -I/mingw/../devlibs/include conftest.c >&5
configure:3671: $? = 0
configure:3692: result: o
configure:3696: checking whether we are using the GNU C compiler
configure:3715: gcc -c  -I/mingw/../devlibs/include conftest.c >&5
configure:3715: $? = 0
configure:3724: result: yes
configure:3733: checking whether gcc accepts -g
configure:3753: gcc -c -g -I/mingw/../devlibs/include conftest.c >&5
configure:3753: $? = 0
configure:3794: result: yes
configure:3811: checking for gcc option to accept ISO C89
configure:3875: gcc  -c -g -O2 -I/mingw/../devlibs/include conftest.c >&5
configure:3875: $? = 0
configure:3888: result: none needed
configure:3910: checking dependency style of gcc
configure:4020: result: gcc3
configure:4040: checking how to run the C preprocessor
configure:4071: gcc -E -I/mingw/../devlibs/include conftest.c
configure:4071: $? = 0
configure:4085: gcc -E -I/mingw/../devlibs/include conftest.c
conftest.c:11:28: fatal error: ac_nonexistent.h: No such file or directory
 #include <ac_nonexistent.h>
                            ^
compilation terminated.
configure:4085: $? = 1
configure: failed program was:
| /* confdefs.h */
| #define PACKAGE_NAME "yasm"
| #define PACKAGE_TARNAME "yasm"
| #define PACKAGE_VERSION "1.2.0"
| #define PACKAGE_STRING "yasm 1.2.0"
| #define PACKAGE_BUGREPORT "bug-yasm@tortall.net"
| #define PACKAGE_URL ""
| #define PACKAGE "yasm"
| #define VERSION "1.2.0"
| /* end confdefs.h.  */
| #include <ac_nonexistent.h>
configure:4110: result: gcc -E
configure:4130: gcc -E -I/mingw/../devlibs/include conftest.c
configure:4130: $? = 0
configure:4144: gcc -E -I/mingw/../devlibs/include conftest.c
conftest.c:11:28: fatal error: ac_nonexistent.h: No such file or directory
 #include <ac_nonexistent.h>
                            ^
compilation terminated.
configure:4144: $? = 1
configure: failed program was:
| /* confdefs.h */
| #define PACKAGE_NAME "yasm"
| #define PACKAGE_TARNAME "yasm"
| #define PACKAGE_VERSION "1.2.0"
| #define PACKAGE_STRING "yasm 1.2.0"
| #define PACKAGE_BUGREPORT "bug-yasm@tortall.net"
| #define PACKAGE_URL ""
| #define PACKAGE "yasm"
| #define VERSION "1.2.0"
| /* end confdefs.h.  */
| #include <ac_nonexistent.h>
configure:4176: checking for gcc option to accept ISO C99
configure:4325: gcc  -c -g -O2 -I/mingw/../devlibs/include conftest.c >&5
conftest.c:61:29: error: expected ';', ',' or ')' before 'text'
 test_restrict (ccp restrict text)
                             ^
conftest.c: In function 'main':
conftest.c:115:18: error: expected '=', ',', ';', 'asm' or '__attribute__' before 'newvar'
   char *restrict newvar = "Another string";
                  ^
conftest.c:115:18: error: 'newvar' undeclared (first use in this function)
conftest.c:115:18: note: each undeclared identifier is reported only once for each function it appears in
conftest.c:125:3: error: 'for' loop initial declarations are only allowed in C99 mode
   for (int i = 0; i < ia->datasize; ++i)
   ^
conftest.c:125:3: note: use option -std=c99 or -std=gnu99 to compile your code
configure:4325: $? = 1
configure: failed program was:
| /* confdefs.h */
| #define PACKAGE_NAME "yasm"
| #define PACKAGE_TARNAME "yasm"
| #define PACKAGE_VERSION "1.2.0"
| #define PACKAGE_STRING "yasm 1.2.0"
| #define PACKAGE_BUGREPORT "bug-yasm@tortall.net"
| #define PACKAGE_URL ""
| #define PACKAGE "yasm"
| #define VERSION "1.2.0"
| /* end confdefs.h.  */
| #include <stdarg.h>
| #include <stdbool.h>
| #include <stdlib.h>
| #include <wchar.h>
| #include <stdio.h>
| 
| // Check varargs macros.  These examples are taken from C99 6.10.3.5.
| #define debug(...) fprintf (stderr, __VA_ARGS__)
| #define showlist(...) puts (#__VA_ARGS__)
| #define report(test,...) ((test) ? puts (#test) : printf (__VA_ARGS__))
| static void
| test_varargs_macros (void)
| {
|   int x = 1234;
|   int y = 5678;
|   debug ("Flag");
|   debug ("X = %d\n", x);
|   showlist (The first, second, and third items.);
|   report (x>y, "x is %d but y is %d", x, y);
| }
| 
| // Check long long types.
| #define BIG64 18446744073709551615ull
| #define BIG32 4294967295ul
| #define BIG_OK (BIG64 / BIG32 == 4294967297ull && BIG64 % BIG32 == 0)
| #if !BIG_OK
|   your preprocessor is broken;
| #endif
| #if BIG_OK
| #else
|   your preprocessor is broken;
| #endif
| static long long int bignum = -9223372036854775807LL;
| static unsigned long long int ubignum = BIG64;
| 
| struct incomplete_array
| {
|   int datasize;
|   double data[];
| };
| 
| struct named_init {
|   int number;
|   const wchar_t *name;
|   double average;
| };
| 
| typedef const char *ccp;
| 
| static inline int
| test_restrict (ccp restrict text)
| {
|   // See if C++-style comments work.
|   // Iterate through items via the restricted pointer.
|   // Also check for declarations in for loops.
|   for (unsigned int i = 0; *(text+i) != '\0'; ++i)
|     continue;
|   return 0;
| }
| 
| // Check varargs and va_copy.
| static void
| test_varargs (const char *format, ...)
| {
|   va_list args;
|   va_start (args, format);
|   va_list args_copy;
|   va_copy (args_copy, args);
| 
|   const char *str;
|   int number;
|   float fnumber;
| 
|   while (*format)
|     {
|       switch (*format++)
| 	{
| 	case 's': // string
| 	  str = va_arg (args_copy, const char *);
| 	  break;
| 	case 'd': // int
| 	  number = va_arg (args_copy, int);
| 	  break;
| 	case 'f': // float
| 	  fnumber = va_arg (args_copy, double);
| 	  break;
| 	default:
| 	  break;
| 	}
|     }
|   va_end (args_copy);
|   va_end (args);
| }
| 
| int
| main ()
| {
| 
|   // Check bool.
|   _Bool success = false;
| 
|   // Check restrict.
|   if (test_restrict ("String literal") == 0)
|     success = true;
|   char *restrict newvar = "Another string";
| 
|   // Check varargs.
|   test_varargs ("s, d' f .", "string", 65, 34.234);
|   test_varargs_macros ();
| 
|   // Check flexible array members.
|   struct incomplete_array *ia =
|     malloc (sizeof (struct incomplete_array) + (sizeof (double) * 10));
|   ia->datasize = 10;
|   for (int i = 0; i < ia->datasize; ++i)
|     ia->data[i] = i * 1.234;
| 
|   // Check named initializers.
|   struct named_init ni = {
|     .number = 34,
|     .name = L"Test wide string",
|     .average = 543.34343,
|   };
| 
|   ni.number = 58;
| 
|   int dynamic_array[ni.number];
|   dynamic_array[ni.number - 1] = 543;
| 
|   // work around unused variable warnings
|   return (!success || bignum == 0LL || ubignum == 0uLL || newvar[0] == 'x'
| 	  || dynamic_array[ni.number - 1] != 543);
| 
|   ;
|   return 0;
| }
configure:4325: gcc -std=gnu99 -c -g -O2 -I/mingw/../devlibs/include conftest.c >&5
configure:4325: $? = 0
configure:4345: result: -std=gnu99
configure:4447: checking for gcc -std=gnu99 option to accept ISO Standard C
configure:4461: result: -std=gnu99
configure:4466: checking whether ln -s works
configure:4470: result: yes
configure:4527: checking for ar
configure:4543: found /mingw/bin/ar
configure:4554: result: ar
configure:4621: checking for ranlib
configure:4637: found /mingw/bin/ranlib
configure:4648: result: ranlib
configure:4681: checking for xmlto
configure:4711: result: no
configure:4721: WARNING: xmlto not found, manpages will not be rebuilt.
configure:4740: checking if malloc debugging is wanted
configure:4758: result: no
configure:4769: checking for grep that handles long lines and -e
configure:4827: result: /bin/grep
configure:4832: checking for egrep
configure:4894: result: /bin/grep -E
configure:4899: checking for ANSI C header files
configure:4919: gcc -std=gnu99 -c -g -O2 -I/mingw/../devlibs/include conftest.c >&5
configure:4919: $? = 0
configure:4992: gcc -std=gnu99 -o conftest.exe -g -O2 -I/mingw/../devlibs/include -L/mingw/../devlibs/lib conftest.c  >&5
configure:4992: $? = 0
configure:4992: ./conftest.exe
configure:4992: $? = 0
configure:5003: result: yes
configure:5016: checking for sys/types.h
configure:5016: gcc -std=gnu99 -c -g -O2 -I/mingw/../devlibs/include conftest.c >&5
configure:5016: $? = 0
configure:5016: result: yes
configure:5016: checking for sys/stat.h
configure:5016: gcc -std=gnu99 -c -g -O2 -I/mingw/../devlibs/include conftest.c >&5
configure:5016: $? = 0
configure:5016: result: yes
configure:5016: checking for stdlib.h
configure:5016: gcc -std=gnu99 -c -g -O2 -I/mingw/../devlibs/include conftest.c >&5
configure:5016: $? = 0
configure:5016: result: yes
configure:5016: checking for string.h
configure:5016: gcc -std=gnu99 -c -g -O2 -I/mingw/../devlibs/include conftest.c >&5
configure:5016: $? = 0
configure:5016: result: yes
configure:5016: checking for memory.h
configure:5016: gcc -std=gnu99 -c -g -O2 -I/mingw/../devlibs/include conftest.c >&5
configure:5016: $? = 0
configure:5016: result: yes
configure:5016: checking for strings.h
configure:5016: gcc -std=gnu99 -c -g -O2 -I/mingw/../devlibs/include conftest.c >&5
configure:5016: $? = 0
configure:5016: result: yes
configure:5016: checking for inttypes.h
configure:5016: gcc -std=gnu99 -c -g -O2 -I/mingw/../devlibs/include conftest.c >&5
configure:5016: $? = 0
configure:5016: result: yes
configure:5016: checking for stdint.h
configure:5016: gcc -std=gnu99 -c -g -O2 -I/mingw/../devlibs/include conftest.c >&5
configure:5016: $? = 0
configure:5016: result: yes
configure:5016: checking for unistd.h
configure:5016: gcc -std=gnu99 -c -g -O2 -I/mingw/../devlibs/include conftest.c >&5
configure:5016: $? = 0
configure:5016: result: yes
configure:5031: checking for strings.h
configure:5031: result: yes
configure:5031: checking libgen.h usability
configure:5031: gcc -std=gnu99 -c -g -O2 -I/mingw/../devlibs/include conftest.c >&5
configure:5031: $? = 0
configure:5031: result: yes
configure:5031: checking libgen.h presence
configure:5031: gcc -E -I/mingw/../devlibs/include conftest.c
configure:5031: $? = 0
configure:5031: result: yes
configure:5031: checking for libgen.h
configure:5031: result: yes
configure:5031: checking for unistd.h
configure:5031: result: yes
configure:5031: checking direct.h usability
configure:5031: gcc -std=gnu99 -c -g -O2 -I/mingw/../devlibs/include conftest.c >&5
configure:5031: $? = 0
configure:5031: result: yes
configure:5031: checking direct.h presence
configure:5031: gcc -E -I/mingw/../devlibs/include conftest.c
configure:5031: $? = 0
configure:5031: result: yes
configure:5031: checking for direct.h
configure:5031: result: yes
configure:5031: checking for sys/stat.h
configure:5031: result: yes
configure:5050: checking for an ANSI C-conforming const
configure:5115: gcc -std=gnu99 -c -g -O2 -I/mingw/../devlibs/include conftest.c >&5
configure:5115: $? = 0
configure:5122: result: yes
configure:5130: checking for inline
configure:5146: gcc -std=gnu99 -c -g -O2 -I/mingw/../devlibs/include conftest.c >&5
configure:5146: $? = 0
configure:5154: result: inline
configure:5172: checking for function prototypes
configure:5175: result: yes
configure:5188: checking for size_t
configure:5188: gcc -std=gnu99 -c -g -O2 -I/mingw/../devlibs/include conftest.c >&5
configure:5188: $? = 0
configure:5188: gcc -std=gnu99 -c -g -O2 -I/mingw/../devlibs/include conftest.c >&5
conftest.c: In function 'main':
conftest.c:64:21: error: expected expression before ')' token
 if (sizeof ((size_t)))
                     ^
configure:5188: $? = 1
configure: failed program was:
| /* confdefs.h */
| #define PACKAGE_NAME "yasm"
| #define PACKAGE_TARNAME "yasm"
| #define PACKAGE_VERSION "1.2.0"
| #define PACKAGE_STRING "yasm 1.2.0"
| #define PACKAGE_BUGREPORT "bug-yasm@tortall.net"
| #define PACKAGE_URL ""
| #define PACKAGE "yasm"
| #define VERSION "1.2.0"
| #define STDC_HEADERS 1
| #define HAVE_SYS_TYPES_H 1
| #define HAVE_SYS_STAT_H 1
| #define HAVE_STDLIB_H 1
| #define HAVE_STRING_H 1
| #define HAVE_MEMORY_H 1
| #define HAVE_STRINGS_H 1
| #define HAVE_INTTYPES_H 1
| #define HAVE_STDINT_H 1
| #define HAVE_UNISTD_H 1
| #define HAVE_STRINGS_H 1
| #define HAVE_LIBGEN_H 1
| #define HAVE_UNISTD_H 1
| #define HAVE_DIRECT_H 1
| #define HAVE_SYS_STAT_H 1
| #define PROTOTYPES 1
| #define __PROTOTYPES 1
| /* end confdefs.h.  */
| #include <stdio.h>
| #ifdef HAVE_SYS_TYPES_H
| # include <sys/types.h>
| #endif
| #ifdef HAVE_SYS_STAT_H
| # include <sys/stat.h>
| #endif
| #ifdef STDC_HEADERS
| # include <stdlib.h>
| # include <stddef.h>
| #else
| # ifdef HAVE_STDLIB_H
| #  include <stdlib.h>
| # endif
| #endif
| #ifdef HAVE_STRING_H
| # if !defined STDC_HEADERS && defined HAVE_MEMORY_H
| #  include <memory.h>
| # endif
| # include <string.h>
| #endif
| #ifdef HAVE_STRINGS_H
| # include <strings.h>
| #endif
| #ifdef HAVE_INTTYPES_H
| # include <inttypes.h>
| #endif
| #ifdef HAVE_STDINT_H
| # include <stdint.h>
| #endif
| #ifdef HAVE_UNISTD_H
| # include <unistd.h>
| #endif
| int
| main ()
| {
| if (sizeof ((size_t)))
| 	    return 0;
|   ;
|   return 0;
| }
configure:5188: result: yes
configure:5200: checking for stdint types
configure:5223: gcc -std=gnu99 -c   conftest.c >&5
configure:5223: $? = 0
configure:5248: result: stdint.h (shortcircuit)
configure:5628: result: make use of stdint.h in libyasm-stdint.h (assuming C99 compatible system)
configure:5642: checking for abort
configure:5642: gcc -std=gnu99 -o conftest.exe -g -O2 -I/mingw/../devlibs/include -L/mingw/../devlibs/lib conftest.c  >&5
conftest.c:51:6: warning: conflicting types for built-in function 'abort' [enabled by default]
 char abort ();
      ^
configure:5642: $? = 0
configure:5642: result: yes
configure:5642: checking for toascii
configure:5642: gcc -std=gnu99 -o conftest.exe -g -O2 -I/mingw/../devlibs/include -L/mingw/../devlibs/lib conftest.c  >&5
conftest.c:52:6: warning: conflicting types for built-in function 'toascii' [enabled by default]
 char toascii ();
      ^
configure:5642: $? = 0
configure:5642: result: yes
configure:5642: checking for vsnprintf
configure:5642: gcc -std=gnu99 -o conftest.exe -g -O2 -I/mingw/../devlibs/include -L/mingw/../devlibs/lib conftest.c  >&5
conftest.c:53:6: warning: conflicting types for built-in function 'vsnprintf' [enabled by default]
 char vsnprintf ();
      ^
configure:5642: $? = 0
configure:5642: result: yes
configure:5654: checking for strsep
configure:5654: gcc -std=gnu99 -o conftest.exe -g -O2 -I/mingw/../devlibs/include -L/mingw/../devlibs/lib conftest.c  >&5
C:\Users\barknikk\AppData\Local\Temp\ccGr1YgY.o: In function `main':
c:\DriveD\devlibs\yasm-1.2.0/conftest.c:65: undefined reference to `strsep'
collect2.exe: error: ld returned 1 exit status
configure:5654: $? = 1
configure: failed program was:
| /* confdefs.h */
| #define PACKAGE_NAME "yasm"
| #define PACKAGE_TARNAME "yasm"
| #define PACKAGE_VERSION "1.2.0"
| #define PACKAGE_STRING "yasm 1.2.0"
| #define PACKAGE_BUGREPORT "bug-yasm@tortall.net"
| #define PACKAGE_URL ""
| #define PACKAGE "yasm"
| #define VERSION "1.2.0"
| #define STDC_HEADERS 1
| #define HAVE_SYS_TYPES_H 1
| #define HAVE_SYS_STAT_H 1
| #define HAVE_STDLIB_H 1
| #define HAVE_STRING_H 1
| #define HAVE_MEMORY_H 1
| #define HAVE_STRINGS_H 1
| #define HAVE_INTTYPES_H 1
| #define HAVE_STDINT_H 1
| #define HAVE_UNISTD_H 1
| #define HAVE_STRINGS_H 1
| #define HAVE_LIBGEN_H 1
| #define HAVE_UNISTD_H 1
| #define HAVE_DIRECT_H 1
| #define HAVE_SYS_STAT_H 1
| #define PROTOTYPES 1
| #define __PROTOTYPES 1
| #define HAVE_ABORT 1
| #define HAVE_TOASCII 1
| #define HAVE_VSNPRINTF 1
| /* end confdefs.h.  */
| /* Define strsep to an innocuous variant, in case <limits.h> declares strsep.
|    For example, HP-UX 11i <limits.h> declares gettimeofday.  */
| #define strsep innocuous_strsep
| 
| /* System header to define __stub macros and hopefully few prototypes,
|     which can conflict with char strsep (); below.
|     Prefer <limits.h> to <assert.h> if __STDC__ is defined, since
|     <limits.h> exists even on freestanding compilers.  */
| 
| #ifdef __STDC__
| # include <limits.h>
| #else
| # include <assert.h>
| #endif
| 
| #undef strsep
| 
| /* Override any GCC internal prototype to avoid an error.
|    Use char because int might match the return type of a GCC
|    builtin and then its argument prototype would still apply.  */
| #ifdef __cplusplus
| extern "C"
| #endif
| char strsep ();
| /* The GNU C library defines this for functions which it implements
|     to always fail with ENOSYS.  Some functions are actually named
|     something starting with __ and the normal name is an alias.  */
| #if defined __stub_strsep || defined __stub___strsep
| choke me
| #endif
| 
| int
| main ()
| {
| return strsep ();
|   ;
|   return 0;
| }
configure:5654: result: no
configure:5654: checking for mergesort
configure:5654: gcc -std=gnu99 -o conftest.exe -g -O2 -I/mingw/../devlibs/include -L/mingw/../devlibs/lib conftest.c  >&5
C:\Users\barknikk\AppData\Local\Temp\ccQU5Jfo.o: In function `main':
c:\DriveD\devlibs\yasm-1.2.0/conftest.c:65: undefined reference to `mergesort'
collect2.exe: error: ld returned 1 exit status
configure:5654: $? = 1
configure: failed program was:
| /* confdefs.h */
| #define PACKAGE_NAME "yasm"
| #define PACKAGE_TARNAME "yasm"
| #define PACKAGE_VERSION "1.2.0"
| #define PACKAGE_STRING "yasm 1.2.0"
| #define PACKAGE_BUGREPORT "bug-yasm@tortall.net"
| #define PACKAGE_URL ""
| #define PACKAGE "yasm"
| #define VERSION "1.2.0"
| #define STDC_HEADERS 1
| #define HAVE_SYS_TYPES_H 1
| #define HAVE_SYS_STAT_H 1
| #define HAVE_STDLIB_H 1
| #define HAVE_STRING_H 1
| #define HAVE_MEMORY_H 1
| #define HAVE_STRINGS_H 1
| #define HAVE_INTTYPES_H 1
| #define HAVE_STDINT_H 1
| #define HAVE_UNISTD_H 1
| #define HAVE_STRINGS_H 1
| #define HAVE_LIBGEN_H 1
| #define HAVE_UNISTD_H 1
| #define HAVE_DIRECT_H 1
| #define HAVE_SYS_STAT_H 1
| #define PROTOTYPES 1
| #define __PROTOTYPES 1
| #define HAVE_ABORT 1
| #define HAVE_TOASCII 1
| #define HAVE_VSNPRINTF 1
| /* end confdefs.h.  */
| /* Define mergesort to an innocuous variant, in case <limits.h> declares mergesort.
|    For example, HP-UX 11i <limits.h> declares gettimeofday.  */
| #define mergesort innocuous_mergesort
| 
| /* System header to define __stub macros and hopefully few prototypes,
|     which can conflict with char mergesort (); below.
|     Prefer <limits.h> to <assert.h> if __STDC__ is defined, since
|     <limits.h> exists even on freestanding compilers.  */
| 
| #ifdef __STDC__
| # include <limits.h>
| #else
| # include <assert.h>
| #endif
| 
| #undef mergesort
| 
| /* Override any GCC internal prototype to avoid an error.
|    Use char because int might match the return type of a GCC
|    builtin and then its argument prototype would still apply.  */
| #ifdef __cplusplus
| extern "C"
| #endif
| char mergesort ();
| /* The GNU C library defines this for functions which it implements
|     to always fail with ENOSYS.  Some functions are actually named
|     something starting with __ and the normal name is an alias.  */
| #if defined __stub_mergesort || defined __stub___mergesort
| choke me
| #endif
| 
| int
| main ()
| {
| return mergesort ();
|   ;
|   return 0;
| }
configure:5654: result: no
configure:5654: checking for getcwd
configure:5654: gcc -std=gnu99 -o conftest.exe -g -O2 -I/mingw/../devlibs/include -L/mingw/../devlibs/lib conftest.c  >&5
configure:5654: $? = 0
configure:5654: result: yes
configure:5666: checking for popen
configure:5666: gcc -std=gnu99 -o conftest.exe -g -O2 -I/mingw/../devlibs/include -L/mingw/../devlibs/lib conftest.c  >&5
configure:5666: $? = 0
configure:5666: result: yes
configure:5666: checking for ftruncate
configure:5666: gcc -std=gnu99 -o conftest.exe -g -O2 -I/mingw/../devlibs/include -L/mingw/../devlibs/lib conftest.c  >&5
configure:5666: $? = 0
configure:5666: result: yes
configure:5679: checking for strcasecmp
configure:5679: gcc -std=gnu99 -o conftest.exe -g -O2 -I/mingw/../devlibs/include -L/mingw/../devlibs/lib conftest.c  >&5
conftest.c:57:6: warning: conflicting types for built-in function 'strcasecmp' [enabled by default]
 char strcasecmp ();
      ^
configure:5679: $? = 0
configure:5679: result: yes
configure:5679: checking for strncasecmp
configure:5679: gcc -std=gnu99 -o conftest.exe -g -O2 -I/mingw/../devlibs/include -L/mingw/../devlibs/lib conftest.c  >&5
conftest.c:58:6: warning: conflicting types for built-in function 'strncasecmp' [enabled by default]
 char strncasecmp ();
      ^
configure:5679: $? = 0
configure:5679: result: yes
configure:5679: checking for stricmp
configure:5679: gcc -std=gnu99 -o conftest.exe -g -O2 -I/mingw/../devlibs/include -L/mingw/../devlibs/lib conftest.c  >&5
configure:5679: $? = 0
configure:5679: result: yes
configure:5679: checking for _stricmp
configure:5679: gcc -std=gnu99 -o conftest.exe -g -O2 -I/mingw/../devlibs/include -L/mingw/../devlibs/lib conftest.c  >&5
configure:5679: $? = 0
configure:5679: result: yes
configure:5679: checking for strcmpi
configure:5679: gcc -std=gnu99 -o conftest.exe -g -O2 -I/mingw/../devlibs/include -L/mingw/../devlibs/lib conftest.c  >&5
configure:5679: $? = 0
configure:5679: result: yes
configure:5694: checking whether NLS is requested
configure:5703: result: yes
configure:5744: checking for msgfmt
configure:5779: result: no
configure:5785: checking for gmsgfmt
configure:5816: result: :
configure:5867: checking for xgettext
configure:5902: result: no
configure:5945: checking for msgmerge
configure:5979: result: no
configure:6013: checking build system type
configure:6027: result: i686-pc-mingw32
configure:6047: checking host system type
configure:6060: result: i686-pc-mingw32
configure:6104: checking for ld used by GCC
configure:6168: result: c:/developmentenvironment/gcc/msys_x2/1.0/mingw/x86_64-w64-mingw32/bin/ld.exe
configure:6175: checking if the linker (c:/developmentenvironment/gcc/msys_x2/1.0/mingw/x86_64-w64-mingw32/bin/ld.exe) is GNU ld
configure:6188: result: yes
configure:6195: checking for shared library run path origin
configure:6208: result: done
configure:6709: checking for CFPreferencesCopyAppValue
configure:6727: gcc -std=gnu99 -o conftest.exe -g -O2 -I/mingw/../devlibs/include -L/mingw/../devlibs/lib conftest.c  -Wl,-framework -Wl,CoreFoundation >&5
conftest.c:39:42: fatal error: CoreFoundation/CFPreferences.h: No such file or directory
 #include <CoreFoundation/CFPreferences.h>
                                          ^
compilation terminated.
configure:6727: $? = 1
configure: failed program was:
| /* confdefs.h */
| #define PACKAGE_NAME "yasm"
| #define PACKAGE_TARNAME "yasm"
| #define PACKAGE_VERSION "1.2.0"
| #define PACKAGE_STRING "yasm 1.2.0"
| #define PACKAGE_BUGREPORT "bug-yasm@tortall.net"
| #define PACKAGE_URL ""
| #define PACKAGE "yasm"
| #define VERSION "1.2.0"
| #define STDC_HEADERS 1
| #define HAVE_SYS_TYPES_H 1
| #define HAVE_SYS_STAT_H 1
| #define HAVE_STDLIB_H 1
| #define HAVE_STRING_H 1
| #define HAVE_MEMORY_H 1
| #define HAVE_STRINGS_H 1
| #define HAVE_INTTYPES_H 1
| #define HAVE_STDINT_H 1
| #define HAVE_UNISTD_H 1
| #define HAVE_STRINGS_H 1
| #define HAVE_LIBGEN_H 1
| #define HAVE_UNISTD_H 1
| #define HAVE_DIRECT_H 1
| #define HAVE_SYS_STAT_H 1
| #define PROTOTYPES 1
| #define __PROTOTYPES 1
| #define HAVE_ABORT 1
| #define HAVE_TOASCII 1
| #define HAVE_VSNPRINTF 1
| #define HAVE_GETCWD 1
| #define HAVE_POPEN 1
| #define HAVE_FTRUNCATE 1
| #define HAVE_STRCASECMP 1
| #define HAVE_STRNCASECMP 1
| #define HAVE_STRICMP 1
| #define HAVE__STRICMP 1
| #define HAVE_STRCMPI 1
| /* end confdefs.h.  */
| #include <CoreFoundation/CFPreferences.h>
| int
| main ()
| {
| CFPreferencesCopyAppValue(NULL, NULL)
|   ;
|   return 0;
| }
configure:6736: result: no
configure:6743: checking for CFLocaleCopyCurrent
configure:6761: gcc -std=gnu99 -o conftest.exe -g -O2 -I/mingw/../devlibs/include -L/mingw/../devlibs/lib conftest.c  -Wl,-framework -Wl,CoreFoundation >&5
conftest.c:39:37: fatal error: CoreFoundation/CFLocale.h: No such file or directory
 #include <CoreFoundation/CFLocale.h>
                                     ^
compilation terminated.
configure:6761: $? = 1
configure: failed program was:
| /* confdefs.h */
| #define PACKAGE_NAME "yasm"
| #define PACKAGE_TARNAME "yasm"
| #define PACKAGE_VERSION "1.2.0"
| #define PACKAGE_STRING "yasm 1.2.0"
| #define PACKAGE_BUGREPORT "bug-yasm@tortall.net"
| #define PACKAGE_URL ""
| #define PACKAGE "yasm"
| #define VERSION "1.2.0"
| #define STDC_HEADERS 1
| #define HAVE_SYS_TYPES_H 1
| #define HAVE_SYS_STAT_H 1
| #define HAVE_STDLIB_H 1
| #define HAVE_STRING_H 1
| #define HAVE_MEMORY_H 1
| #define HAVE_STRINGS_H 1
| #define HAVE_INTTYPES_H 1
| #define HAVE_STDINT_H 1
| #define HAVE_UNISTD_H 1
| #define HAVE_STRINGS_H 1
| #define HAVE_LIBGEN_H 1
| #define HAVE_UNISTD_H 1
| #define HAVE_DIRECT_H 1
| #define HAVE_SYS_STAT_H 1
| #define PROTOTYPES 1
| #define __PROTOTYPES 1
| #define HAVE_ABORT 1
| #define HAVE_TOASCII 1
| #define HAVE_VSNPRINTF 1
| #define HAVE_GETCWD 1
| #define HAVE_POPEN 1
| #define HAVE_FTRUNCATE 1
| #define HAVE_STRCASECMP 1
| #define HAVE_STRNCASECMP 1
| #define HAVE_STRICMP 1
| #define HAVE__STRICMP 1
| #define HAVE_STRCMPI 1
| /* end confdefs.h.  */
| #include <CoreFoundation/CFLocale.h>
| int
| main ()
| {
| CFLocaleCopyCurrent();
|   ;
|   return 0;
| }
configure:6770: result: no
configure:6819: checking for GNU gettext in libc
configure:6839: gcc -std=gnu99 -o conftest.exe -g -O2 -I/mingw/../devlibs/include -L/mingw/../devlibs/lib conftest.c  >&5
conftest.c:39:21: fatal error: libintl.h: No such file or directory
 #include <libintl.h>
                     ^
compilation terminated.
configure:6839: $? = 1
configure: failed program was:
| /* confdefs.h */
| #define PACKAGE_NAME "yasm"
| #define PACKAGE_TARNAME "yasm"
| #define PACKAGE_VERSION "1.2.0"
| #define PACKAGE_STRING "yasm 1.2.0"
| #define PACKAGE_BUGREPORT "bug-yasm@tortall.net"
| #define PACKAGE_URL ""
| #define PACKAGE "yasm"
| #define VERSION "1.2.0"
| #define STDC_HEADERS 1
| #define HAVE_SYS_TYPES_H 1
| #define HAVE_SYS_STAT_H 1
| #define HAVE_STDLIB_H 1
| #define HAVE_STRING_H 1
| #define HAVE_MEMORY_H 1
| #define HAVE_STRINGS_H 1
| #define HAVE_INTTYPES_H 1
| #define HAVE_STDINT_H 1
| #define HAVE_UNISTD_H 1
| #define HAVE_STRINGS_H 1
| #define HAVE_LIBGEN_H 1
| #define HAVE_UNISTD_H 1
| #define HAVE_DIRECT_H 1
| #define HAVE_SYS_STAT_H 1
| #define PROTOTYPES 1
| #define __PROTOTYPES 1
| #define HAVE_ABORT 1
| #define HAVE_TOASCII 1
| #define HAVE_VSNPRINTF 1
| #define HAVE_GETCWD 1
| #define HAVE_POPEN 1
| #define HAVE_FTRUNCATE 1
| #define HAVE_STRCASECMP 1
| #define HAVE_STRNCASECMP 1
| #define HAVE_STRICMP 1
| #define HAVE__STRICMP 1
| #define HAVE_STRCMPI 1
| /* end confdefs.h.  */
| #include <libintl.h>
| 
| extern int _nl_msg_cat_cntr;
| extern int *_nl_domain_bindings;
| int
| main ()
| {
| bindtextdomain ("", "");
| return * gettext ("") + _nl_msg_cat_cntr + *_nl_domain_bindings
|   ;
|   return 0;
| }
configure:6848: result: no
configure:6882: checking for iconv
configure:6904: gcc -std=gnu99 -o conftest.exe -g -O2 -I/mingw/../devlibs/include -L/mingw/../devlibs/lib conftest.c  >&5
C:\Users\barknikk\AppData\Local\Temp\ccdsFpKh.o: In function `main':
c:\DriveD\devlibs\yasm-1.2.0/conftest.c:44: undefined reference to `libiconv_open'
c:\DriveD\devlibs\yasm-1.2.0/conftest.c:45: undefined reference to `libiconv'
c:\DriveD\devlibs\yasm-1.2.0/conftest.c:46: undefined reference to `libiconv_close'
collect2.exe: error: ld returned 1 exit status
configure:6904: $? = 1
configure: failed program was:
| /* confdefs.h */
| #define PACKAGE_NAME "yasm"
| #define PACKAGE_TARNAME "yasm"
| #define PACKAGE_VERSION "1.2.0"
| #define PACKAGE_STRING "yasm 1.2.0"
| #define PACKAGE_BUGREPORT "bug-yasm@tortall.net"
| #define PACKAGE_URL ""
| #define PACKAGE "yasm"
| #define VERSION "1.2.0"
| #define STDC_HEADERS 1
| #define HAVE_SYS_TYPES_H 1
| #define HAVE_SYS_STAT_H 1
| #define HAVE_STDLIB_H 1
| #define HAVE_STRING_H 1
| #define HAVE_MEMORY_H 1
| #define HAVE_STRINGS_H 1
| #define HAVE_INTTYPES_H 1
| #define HAVE_STDINT_H 1
| #define HAVE_UNISTD_H 1
| #define HAVE_STRINGS_H 1
| #define HAVE_LIBGEN_H 1
| #define HAVE_UNISTD_H 1
| #define HAVE_DIRECT_H 1
| #define HAVE_SYS_STAT_H 1
| #define PROTOTYPES 1
| #define __PROTOTYPES 1
| #define HAVE_ABORT 1
| #define HAVE_TOASCII 1
| #define HAVE_VSNPRINTF 1
| #define HAVE_GETCWD 1
| #define HAVE_POPEN 1
| #define HAVE_FTRUNCATE 1
| #define HAVE_STRCASECMP 1
| #define HAVE_STRNCASECMP 1
| #define HAVE_STRICMP 1
| #define HAVE__STRICMP 1
| #define HAVE_STRCMPI 1
| /* end confdefs.h.  */
| #include <stdlib.h>
| #include <iconv.h>
| int
| main ()
| {
| iconv_t cd = iconv_open("","");
|        iconv(cd,NULL,NULL,NULL,NULL);
|        iconv_close(cd);
|   ;
|   return 0;
| }
configure:6926: gcc -std=gnu99 -o conftest.exe -g -O2 -I/mingw/../devlibs/include -L/mingw/../devlibs/lib conftest.c  /mingw/../devlibs/lib/libiconv.dll.a -L/mingw/../devlibs/lib >&5
configure:6926: $? = 0
configure:6936: result: yes
configure:6939: checking for working iconv
configure:7015: gcc -std=gnu99 -o conftest.exe -g -O2 -I/mingw/../devlibs/include -L/mingw/../devlibs/lib conftest.c  /mingw/../devlibs/lib/libiconv.dll.a -L/mingw/../devlibs/lib >&5
configure:7015: $? = 0
configure:7015: ./conftest.exe
configure:7015: $? = 0
configure:7027: result: yes
configure:7042: checking how to link with libiconv
configure:7044: result: /mingw/../devlibs/lib/libiconv.dll.a -L/mingw/../devlibs/lib
configure:7490: checking for GNU gettext in libintl
configure:7518: gcc -std=gnu99 -o conftest.exe -g -O2 -I/mingw/../devlibs/include  -L/mingw/../devlibs/lib conftest.c  -lintl >&5
conftest.c:40:21: fatal error: libintl.h: No such file or directory
 #include <libintl.h>
                     ^
compilation terminated.
configure:7518: $? = 1
configure: failed program was:
| /* confdefs.h */
| #define PACKAGE_NAME "yasm"
| #define PACKAGE_TARNAME "yasm"
| #define PACKAGE_VERSION "1.2.0"
| #define PACKAGE_STRING "yasm 1.2.0"
| #define PACKAGE_BUGREPORT "bug-yasm@tortall.net"
| #define PACKAGE_URL ""
| #define PACKAGE "yasm"
| #define VERSION "1.2.0"
| #define STDC_HEADERS 1
| #define HAVE_SYS_TYPES_H 1
| #define HAVE_SYS_STAT_H 1
| #define HAVE_STDLIB_H 1
| #define HAVE_STRING_H 1
| #define HAVE_MEMORY_H 1
| #define HAVE_STRINGS_H 1
| #define HAVE_INTTYPES_H 1
| #define HAVE_STDINT_H 1
| #define HAVE_UNISTD_H 1
| #define HAVE_STRINGS_H 1
| #define HAVE_LIBGEN_H 1
| #define HAVE_UNISTD_H 1
| #define HAVE_DIRECT_H 1
| #define HAVE_SYS_STAT_H 1
| #define PROTOTYPES 1
| #define __PROTOTYPES 1
| #define HAVE_ABORT 1
| #define HAVE_TOASCII 1
| #define HAVE_VSNPRINTF 1
| #define HAVE_GETCWD 1
| #define HAVE_POPEN 1
| #define HAVE_FTRUNCATE 1
| #define HAVE_STRCASECMP 1
| #define HAVE_STRNCASECMP 1
| #define HAVE_STRICMP 1
| #define HAVE__STRICMP 1
| #define HAVE_STRCMPI 1
| #define HAVE_ICONV 1
| /* end confdefs.h.  */
| #include <libintl.h>
| 
| extern int _nl_msg_cat_cntr;
| extern
| #ifdef __cplusplus
| "C"
| #endif
| const char *_nl_expand_alias (const char *);
| int
| main ()
| {
| bindtextdomain ("", "");
| return * gettext ("") + _nl_msg_cat_cntr + *_nl_expand_alias ("")
|   ;
|   return 0;
| }
configure:7546: gcc -std=gnu99 -o conftest.exe -g -O2 -I/mingw/../devlibs/include  -L/mingw/../devlibs/lib conftest.c  -lintl /mingw/../devlibs/lib/libiconv.dll.a -L/mingw/../devlibs/lib >&5
conftest.c:40:21: fatal error: libintl.h: No such file or directory
 #include <libintl.h>
                     ^
compilation terminated.
configure:7546: $? = 1
configure: failed program was:
| /* confdefs.h */
| #define PACKAGE_NAME "yasm"
| #define PACKAGE_TARNAME "yasm"
| #define PACKAGE_VERSION "1.2.0"
| #define PACKAGE_STRING "yasm 1.2.0"
| #define PACKAGE_BUGREPORT "bug-yasm@tortall.net"
| #define PACKAGE_URL ""
| #define PACKAGE "yasm"
| #define VERSION "1.2.0"
| #define STDC_HEADERS 1
| #define HAVE_SYS_TYPES_H 1
| #define HAVE_SYS_STAT_H 1
| #define HAVE_STDLIB_H 1
| #define HAVE_STRING_H 1
| #define HAVE_MEMORY_H 1
| #define HAVE_STRINGS_H 1
| #define HAVE_INTTYPES_H 1
| #define HAVE_STDINT_H 1
| #define HAVE_UNISTD_H 1
| #define HAVE_STRINGS_H 1
| #define HAVE_LIBGEN_H 1
| #define HAVE_UNISTD_H 1
| #define HAVE_DIRECT_H 1
| #define HAVE_SYS_STAT_H 1
| #define PROTOTYPES 1
| #define __PROTOTYPES 1
| #define HAVE_ABORT 1
| #define HAVE_TOASCII 1
| #define HAVE_VSNPRINTF 1
| #define HAVE_GETCWD 1
| #define HAVE_POPEN 1
| #define HAVE_FTRUNCATE 1
| #define HAVE_STRCASECMP 1
| #define HAVE_STRNCASECMP 1
| #define HAVE_STRICMP 1
| #define HAVE__STRICMP 1
| #define HAVE_STRCMPI 1
| #define HAVE_ICONV 1
| /* end confdefs.h.  */
| #include <libintl.h>
| 
| extern int _nl_msg_cat_cntr;
| extern
| #ifdef __cplusplus
| "C"
| #endif
| const char *_nl_expand_alias (const char *);
| int
| main ()
| {
| bindtextdomain ("", "");
| return * gettext ("") + _nl_msg_cat_cntr + *_nl_expand_alias ("")
|   ;
|   return 0;
| }
configure:7559: result: no
configure:7594: checking whether to use NLS
configure:7596: result: no
configure:7676: checking for GNU C Library
conftest.c:40:22: fatal error: features.h: No such file or directory
 #include <features.h>
                      ^
compilation terminated.
configure:7698: result: no
configure:7812: Checking for Python
configure:7846: checking for a Python interpreter with version >= 2.4
configure:7863: python -c import sys # split strings by '.' and convert to numeric. Append some zeros # because we need at least 4 digits for the hex conversion. # map returns an iterator in Python 3.0 and a list in 2.x minver = list(map(int, '2.4'.split('.'))) + [0, 0, 0] minverhex = 0 # xrange is not present in Python 3.0 and range returns an iterator for i in list(range(0, 4)): minverhex = (minverhex << 8) + minver[i] sys.exit(sys.hexversion < minverhex)
./configure: line 7864: python: command not found
configure:7866: $? = 127
configure:7863: python2 -c import sys # split strings by '.' and convert to numeric. Append some zeros # because we need at least 4 digits for the hex conversion. # map returns an iterator in Python 3.0 and a list in 2.x minver = list(map(int, '2.4'.split('.'))) + [0, 0, 0] minverhex = 0 # xrange is not present in Python 3.0 and range returns an iterator for i in list(range(0, 4)): minverhex = (minverhex << 8) + minver[i] sys.exit(sys.hexversion < minverhex)
./configure: line 7864: python2: command not found
configure:7866: $? = 127
configure:7863: python3 -c import sys # split strings by '.' and convert to numeric. Append some zeros # because we need at least 4 digits for the hex conversion. # map returns an iterator in Python 3.0 and a list in 2.x minver = list(map(int, '2.4'.split('.'))) + [0, 0, 0] minverhex = 0 # xrange is not present in Python 3.0 and range returns an iterator for i in list(range(0, 4)): minverhex = (minverhex << 8) + minver[i] sys.exit(sys.hexversion < minverhex)
./configure: line 7864: python3: command not found
configure:7866: $? = 127
configure:7863: python3.2 -c import sys # split strings by '.' and convert to numeric. Append some zeros # because we need at least 4 digits for the hex conversion. # map returns an iterator in Python 3.0 and a list in 2.x minver = list(map(int, '2.4'.split('.'))) + [0, 0, 0] minverhex = 0 # xrange is not present in Python 3.0 and range returns an iterator for i in list(range(0, 4)): minverhex = (minverhex << 8) + minver[i] sys.exit(sys.hexversion < minverhex)
./configure: line 7864: python3.2: command not found
configure:7866: $? = 127
configure:7863: python3.1 -c import sys # split strings by '.' and convert to numeric. Append some zeros # because we need at least 4 digits for the hex conversion. # map returns an iterator in Python 3.0 and a list in 2.x minver = list(map(int, '2.4'.split('.'))) + [0, 0, 0] minverhex = 0 # xrange is not present in Python 3.0 and range returns an iterator for i in list(range(0, 4)): minverhex = (minverhex << 8) + minver[i] sys.exit(sys.hexversion < minverhex)
./configure: line 7864: python3.1: command not found
configure:7866: $? = 127
configure:7863: python3.0 -c import sys # split strings by '.' and convert to numeric. Append some zeros # because we need at least 4 digits for the hex conversion. # map returns an iterator in Python 3.0 and a list in 2.x minver = list(map(int, '2.4'.split('.'))) + [0, 0, 0] minverhex = 0 # xrange is not present in Python 3.0 and range returns an iterator for i in list(range(0, 4)): minverhex = (minverhex << 8) + minver[i] sys.exit(sys.hexversion < minverhex)
./configure: line 7864: python3.0: command not found
configure:7866: $? = 127
configure:7863: python2.7 -c import sys # split strings by '.' and convert to numeric. Append some zeros # because we need at least 4 digits for the hex conversion. # map returns an iterator in Python 3.0 and a list in 2.x minver = list(map(int, '2.4'.split('.'))) + [0, 0, 0] minverhex = 0 # xrange is not present in Python 3.0 and range returns an iterator for i in list(range(0, 4)): minverhex = (minverhex << 8) + minver[i] sys.exit(sys.hexversion < minverhex)
./configure: line 7864: python2.7: command not found
configure:7866: $? = 127
configure:7863: python2.6 -c import sys # split strings by '.' and convert to numeric. Append some zeros # because we need at least 4 digits for the hex conversion. # map returns an iterator in Python 3.0 and a list in 2.x minver = list(map(int, '2.4'.split('.'))) + [0, 0, 0] minverhex = 0 # xrange is not present in Python 3.0 and range returns an iterator for i in list(range(0, 4)): minverhex = (minverhex << 8) + minver[i] sys.exit(sys.hexversion < minverhex)
./configure: line 7864: python2.6: command not found
configure:7866: $? = 127
configure:7863: python2.5 -c import sys # split strings by '.' and convert to numeric. Append some zeros # because we need at least 4 digits for the hex conversion. # map returns an iterator in Python 3.0 and a list in 2.x minver = list(map(int, '2.4'.split('.'))) + [0, 0, 0] minverhex = 0 # xrange is not present in Python 3.0 and range returns an iterator for i in list(range(0, 4)): minverhex = (minverhex << 8) + minver[i] sys.exit(sys.hexversion < minverhex)
./configure: line 7864: python2.5: command not found
configure:7866: $? = 127
configure:7863: python2.4 -c import sys # split strings by '.' and convert to numeric. Append some zeros # because we need at least 4 digits for the hex conversion. # map returns an iterator in Python 3.0 and a list in 2.x minver = list(map(int, '2.4'.split('.'))) + [0, 0, 0] minverhex = 0 # xrange is not present in Python 3.0 and range returns an iterator for i in list(range(0, 4)): minverhex = (minverhex << 8) + minver[i] sys.exit(sys.hexversion < minverhex)
./configure: line 7864: python2.4: command not found
configure:7866: $? = 127
configure:7863: python2.3 -c import sys # split strings by '.' and convert to numeric. Append some zeros # because we need at least 4 digits for the hex conversion. # map returns an iterator in Python 3.0 and a list in 2.x minver = list(map(int, '2.4'.split('.'))) + [0, 0, 0] minverhex = 0 # xrange is not present in Python 3.0 and range returns an iterator for i in list(range(0, 4)): minverhex = (minverhex << 8) + minver[i] sys.exit(sys.hexversion < minverhex)
./configure: line 7864: python2.3: command not found
configure:7866: $? = 127
configure:7863: python2.2 -c import sys # split strings by '.' and convert to numeric. Append some zeros # because we need at least 4 digits for the hex conversion. # map returns an iterator in Python 3.0 and a list in 2.x minver = list(map(int, '2.4'.split('.'))) + [0, 0, 0] minverhex = 0 # xrange is not present in Python 3.0 and range returns an iterator for i in list(range(0, 4)): minverhex = (minverhex << 8) + minver[i] sys.exit(sys.hexversion < minverhex)
./configure: line 7864: python2.2: command not found
configure:7866: $? = 127
configure:7863: python2.1 -c import sys # split strings by '.' and convert to numeric. Append some zeros # because we need at least 4 digits for the hex conversion. # map returns an iterator in Python 3.0 and a list in 2.x minver = list(map(int, '2.4'.split('.'))) + [0, 0, 0] minverhex = 0 # xrange is not present in Python 3.0 and range returns an iterator for i in list(range(0, 4)): minverhex = (minverhex << 8) + minver[i] sys.exit(sys.hexversion < minverhex)
./configure: line 7864: python2.1: command not found
configure:7866: $? = 127
configure:7863: python2.0 -c import sys # split strings by '.' and convert to numeric. Append some zeros # because we need at least 4 digits for the hex conversion. # map returns an iterator in Python 3.0 and a list in 2.x minver = list(map(int, '2.4'.split('.'))) + [0, 0, 0] minverhex = 0 # xrange is not present in Python 3.0 and range returns an iterator for i in list(range(0, 4)): minverhex = (minverhex << 8) + minver[i] sys.exit(sys.hexversion < minverhex)
./configure: line 7864: python2.0: command not found
configure:7866: $? = 127
configure:7872: result: none
configure:7924: WARNING: Python not found
configure:8053: WARNING: Could not find a suitable version of Python
configure:8309: creating ./config.status

## ---------------------- ##
## Running config.status. ##
## ---------------------- ##

This file was extended by yasm config.status 1.2.0, which was
generated by GNU Autoconf 2.68.  Invocation command line was

  CONFIG_FILES    = 
  CONFIG_HEADERS  = 
  CONFIG_LINKS    = 
  CONFIG_COMMANDS = 
  $ ./config.status 

on BHIG4NYZN1

config.status:962: creating Makefile
config.status:962: creating po/Makefile.in
config.status:962: creating config.h
config.status:1143: config.h is unchanged
config.status:1191: executing depfiles commands
config.status:1191: executing libyasm-stdint.h commands
config.status:1294: creating libyasm-stdint.h : _YASM_LIBYASM_STDINT_H
config.status:1726: libyasm-stdint.h is unchanged
config.status:1191: executing po-directories commands

## ---------------- ##
## Cache variables. ##
## ---------------- ##

ac_cv_build=i686-pc-mingw32
ac_cv_c_compiler_gnu=yes
ac_cv_c_const=yes
ac_cv_c_inline=inline
ac_cv_env_CCLD_FOR_BUILD_set=
ac_cv_env_CCLD_FOR_BUILD_value=
ac_cv_env_CC_FOR_BUILD_set=
ac_cv_env_CC_FOR_BUILD_value=
ac_cv_env_CC_set=
ac_cv_env_CC_value=
ac_cv_env_CFLAGS_set=
ac_cv_env_CFLAGS_value=
ac_cv_env_CPPFLAGS_set=set
ac_cv_env_CPPFLAGS_value=-I/mingw/../devlibs/include
ac_cv_env_CPP_FOR_HOST_set=
ac_cv_env_CPP_FOR_HOST_value=
ac_cv_env_CPP_set=
ac_cv_env_CPP_value=
ac_cv_env_LDFLAGS_set=set
ac_cv_env_LDFLAGS_value=-L/mingw/../devlibs/lib
ac_cv_env_LIBS_set=
ac_cv_env_LIBS_value=
ac_cv_env_build_alias_set=
ac_cv_env_build_alias_value=
ac_cv_env_host_alias_set=
ac_cv_env_host_alias_value=
ac_cv_env_target_alias_set=
ac_cv_env_target_alias_value=
ac_cv_exeext=.exe
ac_cv_func__stricmp=yes
ac_cv_func_abort=yes
ac_cv_func_ftruncate=yes
ac_cv_func_getcwd=yes
ac_cv_func_mergesort=no
ac_cv_func_popen=yes
ac_cv_func_strcasecmp=yes
ac_cv_func_strcmpi=yes
ac_cv_func_stricmp=yes
ac_cv_func_strncasecmp=yes
ac_cv_func_strsep=no
ac_cv_func_toascii=yes
ac_cv_func_vsnprintf=yes
ac_cv_header_direct_h=yes
ac_cv_header_inttypes_h=yes
ac_cv_header_libgen_h=yes
ac_cv_header_memory_h=yes
ac_cv_header_stdc=yes
ac_cv_header_stdint=stdint.h
ac_cv_header_stdint_h=yes
ac_cv_header_stdint_t=stdint.h
ac_cv_header_stdlib_h=yes
ac_cv_header_string_h=yes
ac_cv_header_strings_h=yes
ac_cv_header_sys_stat_h=yes
ac_cv_header_sys_types_h=yes
ac_cv_header_unistd_h=yes
ac_cv_host=i686-pc-mingw32
ac_cv_objext=o
ac_cv_path_EGREP='/bin/grep -E'
ac_cv_path_GMSGFMT=:
ac_cv_path_GREP=/bin/grep
ac_cv_path_MSGFMT=:
ac_cv_path_MSGMERGE=:
ac_cv_path_XGETTEXT=:
ac_cv_path_install='/bin/install -c'
ac_cv_path_mkdir=/bin/mkdir
ac_cv_prog_AWK=gawk
ac_cv_prog_CPP='gcc -E'
ac_cv_prog_ac_ct_AR=ar
ac_cv_prog_ac_ct_CC=gcc
ac_cv_prog_ac_ct_RANLIB=ranlib
ac_cv_prog_cc_c89=
ac_cv_prog_cc_c99=-std=gnu99
ac_cv_prog_cc_g=yes
ac_cv_prog_cc_stdc=-std=gnu99
ac_cv_prog_make_make_set=yes
ac_cv_stdint_message='using gcc -std=gnu99'
ac_cv_stdint_result='(assuming C99 compatible system)'
ac_cv_type_size_t=yes
acl_cv_hardcode_direct=no
acl_cv_hardcode_libdir_flag_spec='-L$libdir'
acl_cv_hardcode_libdir_separator=
acl_cv_hardcode_minus_L=no
acl_cv_libext=a
acl_cv_libname_spec='lib$name'
acl_cv_library_names_spec='$libname.dll.a $libname.lib'
acl_cv_path_LD=c:/developmentenvironment/gcc/msys_x2/1.0/mingw/x86_64-w64-mingw32/bin/ld.exe
acl_cv_prog_gnu_ld=yes
acl_cv_rpath=done
acl_cv_shlibext=dll
acl_cv_wl=-Wl,
am_cv_CC_dependencies_compiler_type=gcc3
am_cv_func_iconv=yes
am_cv_func_iconv_works=yes
am_cv_lib_iconv=yes
am_cv_pathless_PYTHON=none
gt_cv_func_CFLocaleCopyCurrent=no
gt_cv_func_CFPreferencesCopyAppValue=no
gt_cv_func_gnugettext1_libc=no
gt_cv_func_gnugettext1_libintl=no
yasm_cv_header_gnulib=no

## ----------------- ##
## Output variables. ##
## ----------------- ##

ACLOCAL='${SHELL} /c/DriveD/devlibs/yasm-1.2.0/config/missing --run aclocal-1.11'
AMDEPBACKSLASH='\'
AMDEP_FALSE='#'
AMDEP_TRUE=''
AMTAR='${SHELL} /c/DriveD/devlibs/yasm-1.2.0/config/missing --run tar'
AR='ar'
ARCH='x86'
AUTOCONF='${SHELL} /c/DriveD/devlibs/yasm-1.2.0/config/missing --run autoconf'
AUTOHEADER='${SHELL} /c/DriveD/devlibs/yasm-1.2.0/config/missing --run autoheader'
AUTOMAKE='${SHELL} /c/DriveD/devlibs/yasm-1.2.0/config/missing --run automake-1.11'
AWK='gawk'
BUILD_MAN_FALSE=''
BUILD_MAN_TRUE='#'
CC='gcc -std=gnu99'
CCDEPMODE='depmode=gcc3'
CCLD_FOR_BUILD='$(CC)'
CC_FOR_BUILD='$(CC)'
CFLAGS='-g -O2'
CPP='gcc -E'
CPPFLAGS='-I/mingw/../devlibs/include'
CPP_FOR_HOST=''
CYGPATH_W='echo'
DEFS='-DHAVE_CONFIG_H'
DEPDIR='.deps'
ECHO_C=''
ECHO_N='-n'
ECHO_T=''
EGREP='/bin/grep -E'
EXEEXT='.exe'
GCC='yes'
GETTEXT_MACRO_VERSION='0.17'
GMSGFMT=':'
GMSGFMT_015=':'
GREP='/bin/grep'
HAVE_PYTHON_BINDINGS_FALSE=''
HAVE_PYTHON_BINDINGS_TRUE='#'
HAVE_PYTHON_FALSE=''
HAVE_PYTHON_TRUE='#'
INSTALL_DATA='${INSTALL} -m 644'
INSTALL_PROGRAM='${INSTALL}'
INSTALL_SCRIPT='${INSTALL}'
INSTALL_STRIP_PROGRAM='$(install_sh) -c -s'
INTLLIBS=''
INTL_MACOSX_LIBS=''
LDFLAGS='-L/mingw/../devlibs/lib'
LIBICONV='/mingw/../devlibs/lib/libiconv.dll.a -L/mingw/../devlibs/lib'
LIBINTL=''
LIBOBJS=''
LIBS=''
LN_S='ln -s'
LTLIBICONV='-L/mingw/../devlibs/lib -liconv -R/mingw/../devlibs/lib'
LTLIBINTL=''
LTLIBOBJS=''
MAINT='#'
MAINTAINER_MODE_FALSE=''
MAINTAINER_MODE_TRUE='#'
MAKEINFO='${SHELL} /c/DriveD/devlibs/yasm-1.2.0/config/missing --run makeinfo'
MKDIR_P='/bin/mkdir -p'
MORE_CFLAGS=''
MSGFMT=':'
MSGFMT_015=':'
MSGMERGE=':'
OBJEXT='o'
PACKAGE='yasm'
PACKAGE_BUGREPORT='bug-yasm@tortall.net'
PACKAGE_NAME='yasm'
PACKAGE_STRING='yasm 1.2.0'
PACKAGE_TARNAME='yasm'
PACKAGE_URL=''
PACKAGE_VERSION='1.2.0'
PATH_SEPARATOR=':'
POSUB=''
PYTHON=':'
PYTHON_EXEC_PREFIX=''
PYTHON_INCLUDES=''
PYTHON_PLATFORM=''
PYTHON_PREFIX=''
PYTHON_VERSION=''
RANLIB='ranlib'
SET_MAKE=''
SHELL='/bin/sh'
STRIP=''
USE_NLS='no'
VERSION='1.2.0'
XGETTEXT=':'
XGETTEXT_015=':'
XGETTEXT_EXTRA_OPTIONS=''
XMLTO=':'
ac_ct_AR='ar'
ac_ct_CC='gcc'
am__EXEEXT_FALSE='#'
am__EXEEXT_TRUE=''
am__fastdepCC_FALSE='#'
am__fastdepCC_TRUE=''
am__include='include'
am__isrc=''
am__leading_dot='.'
am__quote=''
am__tar='${AMTAR} chof - "$$tardir"'
am__untar='${AMTAR} xf -'
bindir='${exec_prefix}/bin'
build='i686-pc-mingw32'
build_alias=''
build_cpu='i686'
build_os='mingw32'
build_vendor='pc'
datadir='${datarootdir}'
datarootdir='${prefix}/share'
docdir='${datarootdir}/doc/${PACKAGE_TARNAME}'
dvidir='${docdir}'
exec_prefix='${prefix}'
host='i686-pc-mingw32'
host_alias=''
host_cpu='i686'
host_os='mingw32'
host_vendor='pc'
htmldir='${docdir}'
includedir='${prefix}/include'
infodir='${datarootdir}/info'
install_sh='${SHELL} /c/DriveD/devlibs/yasm-1.2.0/config/install-sh'
libdir='${exec_prefix}/lib'
libexecdir='${exec_prefix}/libexec'
localedir='${datarootdir}/locale'
localstatedir='${prefix}/var'
mandir='${datarootdir}/man'
mkdir_p='/bin/mkdir -p'
oldincludedir='/usr/include'
pdfdir='${docdir}'
pkgpyexecdir=''
pkgpythondir=''
prefix='/usr/local'
program_transform_name='s,x,x,'
psdir='${docdir}'
pyexecdir=''
pythondir=''
sbindir='${exec_prefix}/sbin'
sharedstatedir='${prefix}/com'
sysconfdir='${prefix}/etc'
target_alias=''

## ----------- ##
## confdefs.h. ##
## ----------- ##

/* confdefs.h */
#define PACKAGE_NAME "yasm"
#define PACKAGE_TARNAME "yasm"
#define PACKAGE_VERSION "1.2.0"
#define PACKAGE_STRING "yasm 1.2.0"
#define PACKAGE_BUGREPORT "bug-yasm@tortall.net"
#define PACKAGE_URL ""
#define PACKAGE "yasm"
#define VERSION "1.2.0"
#define STDC_HEADERS 1
#define HAVE_SYS_TYPES_H 1
#define HAVE_SYS_STAT_H 1
#define HAVE_STDLIB_H 1
#define HAVE_STRING_H 1
#define HAVE_MEMORY_H 1
#define HAVE_STRINGS_H 1
#define HAVE_INTTYPES_H 1
#define HAVE_STDINT_H 1
#define HAVE_UNISTD_H 1
#define HAVE_STRINGS_H 1
#define HAVE_LIBGEN_H 1
#define HAVE_UNISTD_H 1
#define HAVE_DIRECT_H 1
#define HAVE_SYS_STAT_H 1
#define PROTOTYPES 1
#define __PROTOTYPES 1
#define HAVE_ABORT 1
#define HAVE_TOASCII 1
#define HAVE_VSNPRINTF 1
#define HAVE_GETCWD 1
#define HAVE_POPEN 1
#define HAVE_FTRUNCATE 1
#define HAVE_STRCASECMP 1
#define HAVE_STRNCASECMP 1
#define HAVE_STRICMP 1
#define HAVE__STRICMP 1
#define HAVE_STRCMPI 1
#define HAVE_ICONV 1
#define CPP_PROG "cc -E"

configure: exit 0
