This file contains any messages produced by compilers while
running configure, to aid debugging if configure makes a mistake.

It was created by libpng configure 1.4.7, which was
generated by GNU Autoconf 2.65.  Invocation command line was

  $ ./configure --prefix=/mingw/../devlibs

## --------- ##
## Platform. ##
## --------- ##

hostname = BHIG4NYZN1
uname -m = i686
uname -r = 1.0.11(0.46/3/2)
uname -s = MINGW32_NT-6.1
uname -v = 2009-07-11 17:46

/usr/bin/uname -p = unknown
/bin/uname -X     = unknown

/bin/arch              = unknown
/usr/bin/arch -k       = unknown
/usr/convex/getsysinfo = unknown
/usr/bin/hostinfo      = unknown
/bin/machine           = unknown
/usr/bin/oslevel       = unknown
/bin/universe          = unknown

PATH: .
PATH: /usr/local/bin
PATH: /mingw/bin
PATH: /bin
PATH: /mingw/../devlibs/bin
PATH: /c/Program Files (x86)/CA/SC/CAWIN/
PATH: /c/windows/system32
PATH: /c/windows
PATH: /c/windows/System32/Wbem
PATH: /c/windows/System32/WindowsPowerShell/v1.0/
PATH: /c/Program Files/Dell/Dell Data Protection/Access/Advanced/Wave/Gemalto/Access Client/v5/
PATH: /c/Program Files (x86)/Security Innovation/SI TSS/bin/
PATH: /c/Program Files (x86)/Common Files/Roxio Shared/DLLShared/
PATH: /c/Program Files (x86)/Common Files/Roxio Shared/OEM/DLLShared/
PATH: /c/Program Files (x86)/Common Files/Roxio Shared/OEM/DLLShared/
PATH: /c/Program Files (x86)/Common Files/Roxio Shared/OEM/12.0/DLLShared/
PATH: /c/Program Files (x86)/Roxio/OEM/AudioCore/
PATH: /c/PROGRA~2/CA/SC/CAM/bin
PATH: /c/Program Files (x86)/CA/SC/Csam/SockAdapter/bin
PATH: /c/Program Files (x86)/CA/SC/CBB/
PATH: /c/Program Files (x86)/CA/DSM/bin
PATH: /svn/bin
PATH: /nsis


## ----------- ##
## Core tests. ##
## ----------- ##

configure:2281: checking for a BSD-compatible install
configure:2349: result: /bin/install -c
configure:2360: checking whether build environment is sane
configure:2410: result: yes
configure:2551: checking for a thread-safe mkdir -p
configure:2590: result: /bin/mkdir -p
configure:2603: checking for gawk
configure:2619: found /bin/gawk
configure:2630: result: gawk
configure:2641: checking whether make sets $(MAKE)
configure:2663: result: yes
configure:2744: checking whether to enable maintainer-specific portions of Makefiles
configure:2753: result: no
configure:2826: checking for gcc
configure:2842: found /mingw/bin/gcc
configure:2853: result: gcc
configure:3082: checking for C compiler version
configure:3091: gcc --version >&5
gcc.exe (tdm64-1) 4.8.1
Copyright (C) 2013 Free Software Foundation, Inc.
This is free software; see the source for copying conditions.  There is NO
warranty; not even for MERCHANTABILITY or FITNESS FOR A PARTICULAR PURPOSE.

configure:3102: $? = 0
configure:3091: gcc -v >&5
Using built-in specs.
COLLECT_GCC=C:\DevelopmentEnvironment\gcc\Msys_x2\1.0\mingw\bin\gcc.exe
COLLECT_LTO_WRAPPER=c:/developmentenvironment/gcc/msys_x2/1.0/mingw/bin/../libexec/gcc/x86_64-w64-mingw32/4.8.1/lto-wrapper.exe
Target: x86_64-w64-mingw32
Configured with: ../../../src/gcc-4.8.1/configure --build=x86_64-w64-mingw32 --enable-targets=all --enable-languages=ada,c,c++,fortran,lto,objc,obj-c++ --enable-libgomp --enable-lto --enable-graphite --enable-cxx-flags=-DWINPTHREAD_STATIC --enable-libstdcxx-debug --enable-threads=posix --enable-version-specific-runtime-libs --enable-fully-dynamic-string --enable-libstdcxx-threads --enable-libstdcxx-time --with-gnu-ld --disable-werror --disable-nls --disable-win32-registry --prefix=/mingw64tdm --with-local-prefix=/mingw64tdm --with-pkgversion=tdm64-1 --with-bugurl=http://tdm-gcc.tdragon.net/bugs
Thread model: posix
gcc version 4.8.1 (tdm64-1) 
configure:3102: $? = 0
configure:3091: gcc -V >&5
gcc.exe: error: unrecognized command line option '-V'
gcc.exe: fatal error: no input files
compilation terminated.
configure:3102: $? = 1
configure:3091: gcc -qversion >&5
gcc.exe: error: unrecognized command line option '-qversion'
gcc.exe: fatal error: no input files
compilation terminated.
configure:3102: $? = 1
configure:3122: checking whether the C compiler works
configure:3144: gcc  -I/mingw/../devlibs/include -mtune=generic -L/mingw/../devlibs/lib conftest.c  >&5
configure:3148: $? = 0
configure:3197: result: yes
configure:3200: checking for C compiler default output file name
configure:3202: result: a.exe
configure:3208: checking for suffix of executables
configure:3215: gcc -o conftest.exe  -I/mingw/../devlibs/include -mtune=generic -L/mingw/../devlibs/lib conftest.c  >&5
configure:3219: $? = 0
configure:3241: result: .exe
configure:3263: checking whether we are cross compiling
configure:3271: gcc -o conftest.exe  -I/mingw/../devlibs/include -mtune=generic -L/mingw/../devlibs/lib conftest.c  >&5
configure:3275: $? = 0
configure:3282: ./conftest.exe
configure:3286: $? = 0
configure:3301: result: no
configure:3306: checking for suffix of object files
configure:3328: gcc -c  -I/mingw/../devlibs/include -mtune=generic conftest.c >&5
configure:3332: $? = 0
configure:3353: result: o
configure:3357: checking whether we are using the GNU C compiler
configure:3376: gcc -c  -I/mingw/../devlibs/include -mtune=generic conftest.c >&5
configure:3376: $? = 0
configure:3385: result: yes
configure:3394: checking whether gcc accepts -g
configure:3414: gcc -c -g -I/mingw/../devlibs/include -mtune=generic conftest.c >&5
configure:3414: $? = 0
configure:3455: result: yes
configure:3472: checking for gcc option to accept ISO C89
configure:3536: gcc  -c -g -O2 -I/mingw/../devlibs/include -mtune=generic conftest.c >&5
configure:3536: $? = 0
configure:3549: result: none needed
configure:3580: checking for style of include used by make
configure:3608: result: GNU
configure:3633: checking dependency style of gcc
configure:3743: result: gcc3
configure:3762: checking build system type
configure:3776: result: i686-pc-mingw32
configure:3796: checking host system type
configure:3809: result: i686-pc-mingw32
configure:3829: checking for a sed that does not truncate output
configure:3893: result: /bin/sed
configure:3911: checking for grep that handles long lines and -e
configure:3969: result: /bin/grep
configure:3974: checking for egrep
configure:4036: result: /bin/grep -E
configure:4041: checking for fgrep
configure:4103: result: /bin/grep -F
configure:4130: checking how to print strings
configure:4157: result: printf
configure:4190: checking for ld used by gcc
configure:4257: result: c:/developmentenvironment/gcc/msys_x2/1.0/mingw/x86_64-w64-mingw32/bin/ld.exe
configure:4264: checking if the linker (c:/developmentenvironment/gcc/msys_x2/1.0/mingw/x86_64-w64-mingw32/bin/ld.exe) is GNU ld
configure:4279: result: yes
configure:4296: checking how to run the C preprocessor
configure:4327: gcc -E -I/mingw/../devlibs/include -mtune=generic conftest.c
configure:4327: $? = 0
configure:4341: gcc -E -I/mingw/../devlibs/include -mtune=generic conftest.c
conftest.c:11:28: fatal error: ac_nonexistent.h: No such file or directory
 #include <ac_nonexistent.h>
                            ^
compilation terminated.
configure:4341: $? = 1
configure: failed program was:
| /* confdefs.h */
| #define PACKAGE_NAME "libpng"
| #define PACKAGE_TARNAME "libpng"
| #define PACKAGE_VERSION "1.4.7"
| #define PACKAGE_STRING "libpng 1.4.7"
| #define PACKAGE_BUGREPORT "png-mng-implement@lists.sourceforge.net"
| #define PACKAGE_URL ""
| #define PACKAGE "libpng"
| #define VERSION "1.4.7"
| /* end confdefs.h.  */
| #include <ac_nonexistent.h>
configure:4366: result: gcc -E
configure:4386: gcc -E -I/mingw/../devlibs/include -mtune=generic conftest.c
configure:4386: $? = 0
configure:4400: gcc -E -I/mingw/../devlibs/include -mtune=generic conftest.c
conftest.c:11:28: fatal error: ac_nonexistent.h: No such file or directory
 #include <ac_nonexistent.h>
                            ^
compilation terminated.
configure:4400: $? = 1
configure: failed program was:
| /* confdefs.h */
| #define PACKAGE_NAME "libpng"
| #define PACKAGE_TARNAME "libpng"
| #define PACKAGE_VERSION "1.4.7"
| #define PACKAGE_STRING "libpng 1.4.7"
| #define PACKAGE_BUGREPORT "png-mng-implement@lists.sourceforge.net"
| #define PACKAGE_URL ""
| #define PACKAGE "libpng"
| #define VERSION "1.4.7"
| /* end confdefs.h.  */
| #include <ac_nonexistent.h>
configure:4471: checking for sed
configure:4498: result: /bin/sed
configure:4521: checking whether ln -s works
configure:4525: result: yes
configure:4532: checking whether make sets $(MAKE)
configure:4554: result: yes
configure:4605: checking for BSD- or MS-compatible name lister (nm)
configure:4654: result: /mingw/bin/nm
configure:4784: checking the name lister (/mingw/bin/nm) interface
configure:4791: gcc -c -g -O2 -I/mingw/../devlibs/include -mtune=generic conftest.c >&5
configure:4794: /mingw/bin/nm "conftest.o"
configure:4797: output
0000000000000000 b .bss
0000000000000000 d .data
0000000000000000 N .debug_abbrev
0000000000000000 N .debug_aranges
0000000000000000 N .debug_info
0000000000000000 N .debug_line
0000000000000000 r .rdata$zzz
0000000000000000 t .text
0000000000000000 B some_variable
configure:4804: result: BSD nm
configure:4808: checking the maximum length of command line arguments
configure:4933: result: 8192
configure:4950: checking whether the shell understands some XSI constructs
configure:4960: result: yes
configure:4964: checking whether the shell understands "+="
configure:4970: result: yes
configure:5005: checking for c:/developmentenvironment/gcc/msys_x2/1.0/mingw/x86_64-w64-mingw32/bin/ld.exe option to reload object files
configure:5012: result: -r
configure:5081: checking for objdump
configure:5097: found /mingw/bin/objdump
configure:5108: result: objdump
configure:5137: checking how to recognize dependent libraries
configure:5339: result: file_magic ^x86 archive import|^x86 DLL
configure:5399: checking for ar
configure:5415: found /mingw/bin/ar
configure:5426: result: ar
configure:5504: checking for strip
configure:5520: found /mingw/bin/strip
configure:5531: result: strip
configure:5603: checking for ranlib
configure:5619: found /mingw/bin/ranlib
configure:5630: result: ranlib
configure:5732: checking command to parse /mingw/bin/nm output from gcc object
configure:5850: gcc -c -g -O2 -I/mingw/../devlibs/include -mtune=generic conftest.c >&5
configure:5853: $? = 0
configure:5857: /mingw/bin/nm conftest.o \| sed -n -e 's/^.*[ ]\([ABCDGIRSTW][ABCDGIRSTW]*\)[ ][ ]*\([_A-Za-z][_A-Za-z0-9]*\)\{0,1\}$/\1 \2 \2/p' \> conftest.nm
configure:5860: $? = 0
configure:5914: gcc -o conftest.exe -g -O2 -I/mingw/../devlibs/include -mtune=generic -L/mingw/../devlibs/lib conftest.c conftstm.o >&5
configure:5917: $? = 0
configure:5955: result: ok
configure:6792: checking for ANSI C header files
configure:6812: gcc -c -g -O2 -I/mingw/../devlibs/include -mtune=generic conftest.c >&5
configure:6812: $? = 0
configure:6885: gcc -o conftest.exe -g -O2 -I/mingw/../devlibs/include -mtune=generic -L/mingw/../devlibs/lib conftest.c  >&5
configure:6885: $? = 0
configure:6885: ./conftest.exe
configure:6885: $? = 0
configure:6896: result: yes
configure:6909: checking for sys/types.h
configure:6909: gcc -c -g -O2 -I/mingw/../devlibs/include -mtune=generic conftest.c >&5
configure:6909: $? = 0
configure:6909: result: yes
configure:6909: checking for sys/stat.h
configure:6909: gcc -c -g -O2 -I/mingw/../devlibs/include -mtune=generic conftest.c >&5
configure:6909: $? = 0
configure:6909: result: yes
configure:6909: checking for stdlib.h
configure:6909: gcc -c -g -O2 -I/mingw/../devlibs/include -mtune=generic conftest.c >&5
configure:6909: $? = 0
configure:6909: result: yes
configure:6909: checking for string.h
configure:6909: gcc -c -g -O2 -I/mingw/../devlibs/include -mtune=generic conftest.c >&5
configure:6909: $? = 0
configure:6909: result: yes
configure:6909: checking for memory.h
configure:6909: gcc -c -g -O2 -I/mingw/../devlibs/include -mtune=generic conftest.c >&5
configure:6909: $? = 0
configure:6909: result: yes
configure:6909: checking for strings.h
configure:6909: gcc -c -g -O2 -I/mingw/../devlibs/include -mtune=generic conftest.c >&5
configure:6909: $? = 0
configure:6909: result: yes
configure:6909: checking for inttypes.h
configure:6909: gcc -c -g -O2 -I/mingw/../devlibs/include -mtune=generic conftest.c >&5
configure:6909: $? = 0
configure:6909: result: yes
configure:6909: checking for stdint.h
configure:6909: gcc -c -g -O2 -I/mingw/../devlibs/include -mtune=generic conftest.c >&5
configure:6909: $? = 0
configure:6909: result: yes
configure:6909: checking for unistd.h
configure:6909: gcc -c -g -O2 -I/mingw/../devlibs/include -mtune=generic conftest.c >&5
configure:6909: $? = 0
configure:6909: result: yes
configure:6924: checking for dlfcn.h
configure:6924: gcc -c -g -O2 -I/mingw/../devlibs/include -mtune=generic conftest.c >&5
conftest.c:55:19: fatal error: dlfcn.h: No such file or directory
 #include <dlfcn.h>
                   ^
compilation terminated.
configure:6924: $? = 1
configure: failed program was:
| /* confdefs.h */
| #define PACKAGE_NAME "libpng"
| #define PACKAGE_TARNAME "libpng"
| #define PACKAGE_VERSION "1.4.7"
| #define PACKAGE_STRING "libpng 1.4.7"
| #define PACKAGE_BUGREPORT "png-mng-implement@lists.sourceforge.net"
| #define PACKAGE_URL ""
| #define PACKAGE "libpng"
| #define VERSION "1.4.7"
| #define STDC_HEADERS 1
| #define HAVE_SYS_TYPES_H 1
| #define HAVE_SYS_STAT_H 1
| #define HAVE_STDLIB_H 1
| #define HAVE_STRING_H 1
| #define HAVE_MEMORY_H 1
| #define HAVE_STRINGS_H 1
| #define HAVE_INTTYPES_H 1
| #define HAVE_STDINT_H 1
| #define HAVE_UNISTD_H 1
| /* end confdefs.h.  */
| #include <stdio.h>
| #ifdef HAVE_SYS_TYPES_H
| # include <sys/types.h>
| #endif
| #ifdef HAVE_SYS_STAT_H
| # include <sys/stat.h>
| #endif
| #ifdef STDC_HEADERS
| # include <stdlib.h>
| # include <stddef.h>
| #else
| # ifdef HAVE_STDLIB_H
| #  include <stdlib.h>
| # endif
| #endif
| #ifdef HAVE_STRING_H
| # if !defined STDC_HEADERS && defined HAVE_MEMORY_H
| #  include <memory.h>
| # endif
| # include <string.h>
| #endif
| #ifdef HAVE_STRINGS_H
| # include <strings.h>
| #endif
| #ifdef HAVE_INTTYPES_H
| # include <inttypes.h>
| #endif
| #ifdef HAVE_STDINT_H
| # include <stdint.h>
| #endif
| #ifdef HAVE_UNISTD_H
| # include <unistd.h>
| #endif
| 
| #include <dlfcn.h>
configure:6924: result: no
configure:6987: checking for as
configure:7003: found /mingw/bin/as
configure:7014: result: as
configure:7079: checking for dlltool
configure:7095: found /mingw/bin/dlltool
configure:7106: result: dlltool
configure:7171: checking for objdump
configure:7198: result: objdump
configure:7409: checking for objdir
configure:7424: result: .libs
configure:7691: checking if gcc supports -fno-rtti -fno-exceptions
configure:7709: gcc -c -g -O2 -I/mingw/../devlibs/include -mtune=generic -fno-rtti -fno-exceptions conftest.c >&5
cc1.exe: warning: command line option '-fno-rtti' is valid for C++/ObjC++ but not for C [enabled by default]
configure:7713: $? = 0
configure:7726: result: no
configure:7746: checking for gcc option to produce PIC
configure:8031: result: -DDLL_EXPORT -DPIC
configure:8043: checking if gcc PIC flag -DDLL_EXPORT -DPIC works
configure:8061: gcc -c -g -O2 -I/mingw/../devlibs/include -mtune=generic -DDLL_EXPORT -DPIC -DPIC conftest.c >&5
configure:8065: $? = 0
configure:8078: result: yes
configure:8102: checking if gcc static flag -static works
configure:8130: result: yes
configure:8145: checking if gcc supports -c -o file.o
configure:8166: gcc -c -g -O2 -I/mingw/../devlibs/include -mtune=generic -o out/conftest2.o conftest.c >&5
configure:8170: $? = 0
configure:8192: result: yes
configure:8200: checking if gcc supports -c -o file.o
configure:8247: result: yes
configure:8280: checking whether the gcc linker (c:/developmentenvironment/gcc/msys_x2/1.0/mingw/x86_64-w64-mingw32/bin/ld.exe) supports shared libraries
configure:9355: result: yes
configure:9392: checking whether -lc should be explicitly linked in
configure:9400: gcc -c -g -O2 -I/mingw/../devlibs/include -mtune=generic conftest.c >&5
configure:9403: $? = 0
configure:9418: gcc -shared conftest.o  -v -o ./conftest -Wl,--enable-auto-image-base -Xlinker --out-implib -Xlinker conftest 2\>\&1 \| /bin/grep  -lc  \>/dev/null 2\>\&1
configure:9421: $? = 1
configure:9435: result: yes
configure:9600: checking dynamic linker characteristics
configure:10277: result: Win32 ld.exe
configure:10384: checking how to hardcode library paths into programs
configure:10409: result: immediate
configure:10949: checking whether stripping libraries is possible
configure:10954: result: yes
configure:10989: checking if libtool supports shared libraries
configure:10991: result: yes
configure:10994: checking whether to build shared libraries
configure:11015: result: yes
configure:11018: checking whether to build static libraries
configure:11022: result: yes
configure:11059: checking for ANSI C header files
configure:11163: result: yes
configure:11174: checking malloc.h usability
configure:11174: gcc -c -g -O2 -I/mingw/../devlibs/include -mtune=generic conftest.c >&5
configure:11174: $? = 0
configure:11174: result: yes
configure:11174: checking malloc.h presence
configure:11174: gcc -E -I/mingw/../devlibs/include -mtune=generic conftest.c
configure:11174: $? = 0
configure:11174: result: yes
configure:11174: checking for malloc.h
configure:11174: result: yes
configure:11174: checking for stdlib.h
configure:11174: result: yes
configure:11174: checking for string.h
configure:11174: result: yes
configure:11174: checking for strings.h
configure:11174: result: yes
configure:11187: checking for an ANSI C-conforming const
configure:11252: gcc -c -g -O2 -I/mingw/../devlibs/include -mtune=generic conftest.c >&5
configure:11252: $? = 0
configure:11259: result: yes
configure:11267: checking for size_t
configure:11267: gcc -c -g -O2 -I/mingw/../devlibs/include -mtune=generic conftest.c >&5
configure:11267: $? = 0
configure:11267: gcc -c -g -O2 -I/mingw/../devlibs/include -mtune=generic conftest.c >&5
conftest.c: In function 'main':
conftest.c:63:21: error: expected expression before ')' token
 if (sizeof ((size_t)))
                     ^
configure:11267: $? = 1
configure: failed program was:
| /* confdefs.h */
| #define PACKAGE_NAME "libpng"
| #define PACKAGE_TARNAME "libpng"
| #define PACKAGE_VERSION "1.4.7"
| #define PACKAGE_STRING "libpng 1.4.7"
| #define PACKAGE_BUGREPORT "png-mng-implement@lists.sourceforge.net"
| #define PACKAGE_URL ""
| #define PACKAGE "libpng"
| #define VERSION "1.4.7"
| #define STDC_HEADERS 1
| #define HAVE_SYS_TYPES_H 1
| #define HAVE_SYS_STAT_H 1
| #define HAVE_STDLIB_H 1
| #define HAVE_STRING_H 1
| #define HAVE_MEMORY_H 1
| #define HAVE_STRINGS_H 1
| #define HAVE_INTTYPES_H 1
| #define HAVE_STDINT_H 1
| #define HAVE_UNISTD_H 1
| #define LT_OBJDIR ".libs/"
| #define STDC_HEADERS 1
| #define HAVE_MALLOC_H 1
| #define HAVE_STDLIB_H 1
| #define HAVE_STRING_H 1
| #define HAVE_STRINGS_H 1
| /* end confdefs.h.  */
| #include <stdio.h>
| #ifdef HAVE_SYS_TYPES_H
| # include <sys/types.h>
| #endif
| #ifdef HAVE_SYS_STAT_H
| # include <sys/stat.h>
| #endif
| #ifdef STDC_HEADERS
| # include <stdlib.h>
| # include <stddef.h>
| #else
| # ifdef HAVE_STDLIB_H
| #  include <stdlib.h>
| # endif
| #endif
| #ifdef HAVE_STRING_H
| # if !defined STDC_HEADERS && defined HAVE_MEMORY_H
| #  include <memory.h>
| # endif
| # include <string.h>
| #endif
| #ifdef HAVE_STRINGS_H
| # include <strings.h>
| #endif
| #ifdef HAVE_INTTYPES_H
| # include <inttypes.h>
| #endif
| #ifdef HAVE_STDINT_H
| # include <stdint.h>
| #endif
| #ifdef HAVE_UNISTD_H
| # include <unistd.h>
| #endif
| int
| main ()
| {
| if (sizeof ((size_t)))
| 	    return 0;
|   ;
|   return 0;
| }
configure:11267: result: yes
configure:11278: checking whether struct tm is in sys/time.h or time.h
configure:11298: gcc -c -g -O2 -I/mingw/../devlibs/include -mtune=generic conftest.c >&5
configure:11298: $? = 0
configure:11305: result: time.h
configure:11315: checking for working strtod
configure:11356: gcc -o conftest.exe -g -O2 -I/mingw/../devlibs/include -mtune=generic -L/mingw/../devlibs/lib conftest.c  >&5
configure:11356: $? = 0
configure:11356: ./conftest.exe
configure:11356: $? = 0
configure:11366: result: yes
configure:11430: checking for memset
configure:11430: gcc -o conftest.exe -g -O2 -I/mingw/../devlibs/include -mtune=generic -L/mingw/../devlibs/lib conftest.c  >&5
conftest.c:50:6: warning: conflicting types for built-in function 'memset' [enabled by default]
 char memset ();
      ^
configure:11430: $? = 0
configure:11430: result: yes
configure:11443: checking for pow
configure:11443: gcc -o conftest.exe -g -O2 -I/mingw/../devlibs/include -mtune=generic -L/mingw/../devlibs/lib conftest.c  >&5
conftest.c:51:6: warning: conflicting types for built-in function 'pow' [enabled by default]
 char pow ();
      ^
configure:11443: $? = 0
configure:11443: result: yes
configure:11500: checking for zlibVersion in -lz
configure:11525: gcc -o conftest.exe -g -O2 -I/mingw/../devlibs/include -mtune=generic -L/mingw/../devlibs/lib conftest.c -lz   >&5
configure:11525: $? = 0
configure:11534: result: yes
configure:11557: checking if libraries can be versioned
configure:11565: result: no
configure:11623: pkgconfig directory is ${libdir}/pkgconfig
configure:11775: creating ./config.status

## ---------------------- ##
## Running config.status. ##
## ---------------------- ##

This file was extended by libpng config.status 1.4.7, which was
generated by GNU Autoconf 2.65.  Invocation command line was

  CONFIG_FILES    = 
  CONFIG_HEADERS  = 
  CONFIG_LINKS    = 
  CONFIG_COMMANDS = 
  $ ./config.status 

on BHIG4NYZN1

config.status:1105: creating Makefile
config.status:1105: creating libpng.pc
config.status:1105: creating libpng-config
config.status:1105: creating config.h
config.status:1325: executing depfiles commands
config.status:1325: executing libtool commands

## ---------------- ##
## Cache variables. ##
## ---------------- ##

ac_cv_build=i686-pc-mingw32
ac_cv_c_compiler_gnu=yes
ac_cv_c_const=yes
ac_cv_env_CC_set=
ac_cv_env_CC_value=
ac_cv_env_CFLAGS_set=
ac_cv_env_CFLAGS_value=
ac_cv_env_CPPFLAGS_set=set
ac_cv_env_CPPFLAGS_value='-I/mingw/../devlibs/include -mtune=generic'
ac_cv_env_CPP_set=
ac_cv_env_CPP_value=
ac_cv_env_LDFLAGS_set=set
ac_cv_env_LDFLAGS_value=-L/mingw/../devlibs/lib
ac_cv_env_LIBS_set=
ac_cv_env_LIBS_value=
ac_cv_env_build_alias_set=
ac_cv_env_build_alias_value=
ac_cv_env_host_alias_set=
ac_cv_env_host_alias_value=
ac_cv_env_target_alias_set=
ac_cv_env_target_alias_value=
ac_cv_exeext=.exe
ac_cv_func_memset=yes
ac_cv_func_pow=yes
ac_cv_func_strtod=yes
ac_cv_header_dlfcn_h=no
ac_cv_header_inttypes_h=yes
ac_cv_header_malloc_h=yes
ac_cv_header_memory_h=yes
ac_cv_header_stdc=yes
ac_cv_header_stdint_h=yes
ac_cv_header_stdlib_h=yes
ac_cv_header_string_h=yes
ac_cv_header_strings_h=yes
ac_cv_header_sys_stat_h=yes
ac_cv_header_sys_types_h=yes
ac_cv_header_unistd_h=yes
ac_cv_host=i686-pc-mingw32
ac_cv_lib_z_zlibVersion=yes
ac_cv_objext=o
ac_cv_path_EGREP='/bin/grep -E'
ac_cv_path_FGREP='/bin/grep -F'
ac_cv_path_GREP=/bin/grep
ac_cv_path_SED=/bin/sed
ac_cv_path_install='/bin/install -c'
ac_cv_path_mkdir=/bin/mkdir
ac_cv_prog_AWK=gawk
ac_cv_prog_CPP='gcc -E'
ac_cv_prog_ac_ct_AR=ar
ac_cv_prog_ac_ct_AS=as
ac_cv_prog_ac_ct_CC=gcc
ac_cv_prog_ac_ct_DLLTOOL=dlltool
ac_cv_prog_ac_ct_OBJDUMP=objdump
ac_cv_prog_ac_ct_RANLIB=ranlib
ac_cv_prog_ac_ct_SED=/bin/sed
ac_cv_prog_ac_ct_STRIP=strip
ac_cv_prog_cc_c89=
ac_cv_prog_cc_g=yes
ac_cv_prog_make_make_set=yes
ac_cv_struct_tm=time.h
ac_cv_type_size_t=yes
am_cv_CC_dependencies_compiler_type=gcc3
lt_cv_archive_cmds_need_lc=yes
lt_cv_deplibs_check_method='file_magic ^x86 archive import|^x86 DLL'
lt_cv_file_magic_cmd=func_win32_libid
lt_cv_file_magic_test_file=
lt_cv_ld_reload_flag=-r
lt_cv_nm_interface='BSD nm'
lt_cv_objdir=.libs
lt_cv_path_LD=c:/developmentenvironment/gcc/msys_x2/1.0/mingw/x86_64-w64-mingw32/bin/ld.exe
lt_cv_path_NM=/mingw/bin/nm
lt_cv_prog_compiler_c_o=yes
lt_cv_prog_compiler_pic_works=yes
lt_cv_prog_compiler_rtti_exceptions=no
lt_cv_prog_compiler_static_works=yes
lt_cv_prog_gnu_ld=yes
lt_cv_sys_global_symbol_pipe='sed -n -e '\''s/^.*[	 ]\([ABCDGIRSTW][ABCDGIRSTW]*\)[	 ][	 ]*\([_A-Za-z][_A-Za-z0-9]*\)\{0,1\}$/\1 \2 \2/p'\'''
lt_cv_sys_global_symbol_to_c_name_address='sed -n -e '\''s/^: \([^ ]*\) $/  {\"\1\", (void *) 0},/p'\'' -e '\''s/^[ABCDGIRSTW]* \([^ ]*\) \([^ ]*\)$/  {"\2", (void *) \&\2},/p'\'''
lt_cv_sys_global_symbol_to_c_name_address_lib_prefix='sed -n -e '\''s/^: \([^ ]*\) $/  {\"\1\", (void *) 0},/p'\'' -e '\''s/^[ABCDGIRSTW]* \([^ ]*\) \(lib[^ ]*\)$/  {"\2", (void *) \&\2},/p'\'' -e '\''s/^[ABCDGIRSTW]* \([^ ]*\) \([^ ]*\)$/  {"lib\2", (void *) \&\2},/p'\'''
lt_cv_sys_global_symbol_to_cdecl='sed -n -e '\''s/^T .* \(.*\)$/extern int \1();/p'\'' -e '\''s/^[ABCDGIRSTW]* .* \(.*\)$/extern char \1;/p'\'''
lt_cv_sys_max_cmd_len=8192

## ----------------- ##
## Output variables. ##
## ----------------- ##

ACLOCAL='${SHELL} /c/DriveD/devlibs/libpng-1.4.7/missing --run aclocal-1.11'
AMDEPBACKSLASH='\'
AMDEP_FALSE='#'
AMDEP_TRUE=''
AMTAR='${SHELL} /c/DriveD/devlibs/libpng-1.4.7/missing --run tar'
AR='ar'
AS='as'
AUTOCONF='${SHELL} /c/DriveD/devlibs/libpng-1.4.7/missing --run autoconf'
AUTOHEADER='${SHELL} /c/DriveD/devlibs/libpng-1.4.7/missing --run autoheader'
AUTOMAKE='${SHELL} /c/DriveD/devlibs/libpng-1.4.7/missing --run automake-1.11'
AWK='gawk'
CC='gcc'
CCDEPMODE='depmode=gcc3'
CFLAGS='-g -O2'
CPP='gcc -E'
CPPFLAGS='-I/mingw/../devlibs/include -mtune=generic'
CYGPATH_W='echo'
DEFS='-DHAVE_CONFIG_H'
DEPDIR='.deps'
DLLTOOL='dlltool'
DSYMUTIL=''
DUMPBIN=''
ECHO_C=''
ECHO_N='-n'
ECHO_T=''
EGREP='/bin/grep -E'
EXEEXT='.exe'
FGREP='/bin/grep -F'
GREP='/bin/grep'
HAVE_LD_VERSION_SCRIPT_FALSE=''
HAVE_LD_VERSION_SCRIPT_TRUE='#'
INSTALL_DATA='${INSTALL} -m 644'
INSTALL_PROGRAM='${INSTALL}'
INSTALL_SCRIPT='${INSTALL}'
INSTALL_STRIP_PROGRAM='$(install_sh) -c -s'
LD='c:/developmentenvironment/gcc/msys_x2/1.0/mingw/x86_64-w64-mingw32/bin/ld.exe'
LDFLAGS='-L/mingw/../devlibs/lib'
LIBOBJS=''
LIBPNG_DEFINES='-DPNG_CONFIGURE_LIBPNG'
LIBS='-lz '
LIBTOOL='$(SHELL) $(top_builddir)/libtool'
LIPO=''
LN_S='ln -s'
LTLIBOBJS=''
MAINT='#'
MAINTAINER_MODE_FALSE=''
MAINTAINER_MODE_TRUE='#'
MAKEINFO='${SHELL} /c/DriveD/devlibs/libpng-1.4.7/missing --run makeinfo'
MKDIR_P='/bin/mkdir -p'
NM='/mingw/bin/nm'
NMEDIT=''
OBJDUMP='objdump'
OBJEXT='o'
OTOOL64=''
OTOOL=''
PACKAGE='libpng'
PACKAGE_BUGREPORT='png-mng-implement@lists.sourceforge.net'
PACKAGE_NAME='libpng'
PACKAGE_STRING='libpng 1.4.7'
PACKAGE_TARNAME='libpng'
PACKAGE_URL=''
PACKAGE_VERSION='1.4.7'
PATH_SEPARATOR=':'
PNGLIB_MAJOR='1'
PNGLIB_MINOR='4'
PNGLIB_RELEASE='7'
PNGLIB_VERSION='1.4.7'
POW_LIB=''
RANLIB='ranlib'
SED='/bin/sed'
SET_MAKE=''
SHELL='/bin/sh'
STRIP='strip'
SYMBOL_PREFIX=''
VERSION='1.4.7'
ac_ct_CC='gcc'
ac_ct_DUMPBIN=''
am__EXEEXT_FALSE='#'
am__EXEEXT_TRUE=''
am__fastdepCC_FALSE='#'
am__fastdepCC_TRUE=''
am__include='include'
am__isrc=''
am__leading_dot='.'
am__quote=''
am__tar='${AMTAR} chof - "$$tardir"'
am__untar='${AMTAR} xf -'
binconfigs='${binconfigs}'
bindir='${exec_prefix}/bin'
build='i686-pc-mingw32'
build_alias=''
build_cpu='i686'
build_os='mingw32'
build_vendor='pc'
datadir='${datarootdir}'
datarootdir='${prefix}/share'
docdir='${datarootdir}/doc/${PACKAGE_TARNAME}'
dvidir='${docdir}'
exec_prefix='${prefix}'
host='i686-pc-mingw32'
host_alias=''
host_cpu='i686'
host_os='mingw32'
host_vendor='pc'
htmldir='${docdir}'
includedir='${prefix}/include'
infodir='${datarootdir}/info'
install_sh='${SHELL} /c/DriveD/devlibs/libpng-1.4.7/install-sh'
libdir='${exec_prefix}/lib'
libexecdir='${exec_prefix}/libexec'
localedir='${datarootdir}/locale'
localstatedir='${prefix}/var'
mandir='${datarootdir}/man'
mkdir_p='/bin/mkdir -p'
oldincludedir='/usr/include'
pdfdir='${docdir}'
pkgconfigdir='${libdir}/pkgconfig'
prefix='/mingw/../devlibs'
program_transform_name='s,x,x,'
psdir='${docdir}'
sbindir='${exec_prefix}/sbin'
sharedstatedir='${prefix}/com'
sysconfdir='${prefix}/etc'
target_alias=''

## ----------- ##
## confdefs.h. ##
## ----------- ##

/* confdefs.h */
#define PACKAGE_NAME "libpng"
#define PACKAGE_TARNAME "libpng"
#define PACKAGE_VERSION "1.4.7"
#define PACKAGE_STRING "libpng 1.4.7"
#define PACKAGE_BUGREPORT "png-mng-implement@lists.sourceforge.net"
#define PACKAGE_URL ""
#define PACKAGE "libpng"
#define VERSION "1.4.7"
#define STDC_HEADERS 1
#define HAVE_SYS_TYPES_H 1
#define HAVE_SYS_STAT_H 1
#define HAVE_STDLIB_H 1
#define HAVE_STRING_H 1
#define HAVE_MEMORY_H 1
#define HAVE_STRINGS_H 1
#define HAVE_INTTYPES_H 1
#define HAVE_STDINT_H 1
#define HAVE_UNISTD_H 1
#define LT_OBJDIR ".libs/"
#define STDC_HEADERS 1
#define HAVE_MALLOC_H 1
#define HAVE_STDLIB_H 1
#define HAVE_STRING_H 1
#define HAVE_STRINGS_H 1
#define HAVE_MEMSET 1
#define HAVE_POW 1
#define HAVE_LIBZ 1

configure: exit 0
