This file contains any messages produced by compilers while
running configure, to aid debugging if configure makes a mistake.

It was created by configure, which was
generated by GNU Autoconf 2.67.  Invocation command line was

  $ ./configure --prefix=/mingw/../devlibs

## --------- ##
## Platform. ##
## --------- ##

hostname = BHIG4NYZN1
uname -m = i686
uname -r = 1.0.11(0.46/3/2)
uname -s = MINGW32_NT-6.1
uname -v = 2009-07-11 17:46

/usr/bin/uname -p = unknown
/bin/uname -X     = unknown

/bin/arch              = unknown
/usr/bin/arch -k       = unknown
/usr/convex/getsysinfo = unknown
/usr/bin/hostinfo      = unknown
/bin/machine           = unknown
/usr/bin/oslevel       = unknown
/bin/universe          = unknown

PATH: .
PATH: /usr/local/bin
PATH: /mingw/bin
PATH: /bin
PATH: /mingw/../devlibs/bin
PATH: /c/Program Files/CA/SC/CAWIN/
PATH: /c/Windows/system32
PATH: /c/Windows
PATH: /c/Windows/System32/Wbem
PATH: /c/Windows/System32/WindowsPowerShell/v1.0/
PATH: /c/Program Files/Common Files/Roxio Shared/DLLShared/
PATH: /c/Program Files/Common Files/Roxio Shared/10.0/DLLShared/
PATH: /c/PROGRA~1/CA/SC/CAM/bin
PATH: /c/Program Files/CA/SC/Csam/SockAdapter/bin
PATH: /c/Program Files/CA/SC/CBB/
PATH: /c/Program Files/CA/DSM/bin
PATH: /c/Program Files/Microsoft SQL Server/90/Tools/binn/
PATH: /svn/bin
PATH: /nsis


## ----------- ##
## Core tests. ##
## ----------- ##

configure:2539: checking for a BSD-compatible install
configure:2607: result: /bin/install -c
configure:2618: checking whether build environment is sane
configure:2668: result: yes
configure:2809: checking for a thread-safe mkdir -p
configure:2848: result: /bin/mkdir -p
configure:2861: checking for gawk
configure:2877: found /bin/gawk
configure:2888: result: gawk
configure:2899: checking whether make sets $(MAKE)
configure:2921: result: yes
configure:3002: checking whether to enable maintainer-specific portions of Makefiles
configure:3011: result: no
configure:3081: checking for gcc
configure:3097: found /mingw/bin/gcc
configure:3108: result: gcc
configure:3337: checking for C compiler version
configure:3346: gcc --version >&5
gcc.exe (tdm-1) 4.7.1
Copyright (C) 2012 Free Software Foundation, Inc.
This is free software; see the source for copying conditions.  There is NO
warranty; not even for MERCHANTABILITY or FITNESS FOR A PARTICULAR PURPOSE.

configure:3357: $? = 0
configure:3346: gcc -v >&5
Using built-in specs.
COLLECT_GCC=C:\DevelopmentEnvironment\GCC471\Msys_x2\1.0\mingw\bin\gcc.exe
COLLECT_LTO_WRAPPER=c:/developmentenvironment/gcc471/msys_x2/1.0/mingw/bin/../libexec/gcc/mingw32/4.7.1/lto-wrapper.exe
Target: mingw32
Configured with: ../../src/gcc-4.7.1/configure --build=mingw32 --enable-languages=c,c++,ada,fortran,objc,obj-c++ --enable-threads=win32 --enable-libgomp --enable-lto --enable-fully-dynamic-string --enable-libstdcxx-debug --enable-version-specific-runtime-libs --with-gnu-ld --disable-nls --disable-win32-registry --disable-symvers --disable-build-poststage1-with-cxx --disable-werror --prefix=/mingw32tdm --with-local-prefix=/mingw32tdm --enable-cxx-flags='-fno-function-sections -fno-data-sections' --with-pkgversion=tdm-1 --enable-sjlj-exceptions --with-bugurl=http://tdm-gcc.tdragon.net/bugs
Thread model: win32
gcc version 4.7.1 (tdm-1) 
configure:3357: $? = 0
configure:3346: gcc -V >&5
gcc.exe: error: unrecognized command line option '-V'
gcc.exe: fatal error: no input files
compilation terminated.
configure:3357: $? = 1
configure:3346: gcc -qversion >&5
gcc.exe: error: unrecognized command line option '-qversion'
gcc.exe: fatal error: no input files
compilation terminated.
configure:3357: $? = 1
configure:3377: checking whether the C compiler works
configure:3399: gcc    conftest.c  >&5
configure:3403: $? = 0
configure:3451: result: yes
configure:3454: checking for C compiler default output file name
configure:3456: result: a.exe
configure:3462: checking for suffix of executables
configure:3469: gcc -o conftest.exe    conftest.c  >&5
configure:3473: $? = 0
configure:3495: result: .exe
configure:3517: checking whether we are cross compiling
configure:3525: gcc -o conftest.exe    conftest.c  >&5
configure:3529: $? = 0
configure:3536: ./conftest.exe
configure:3540: $? = 0
configure:3555: result: no
configure:3560: checking for suffix of object files
configure:3582: gcc -c   conftest.c >&5
configure:3586: $? = 0
configure:3607: result: o
configure:3611: checking whether we are using the GNU C compiler
configure:3630: gcc -c   conftest.c >&5
configure:3630: $? = 0
configure:3639: result: yes
configure:3648: checking whether gcc accepts -g
configure:3668: gcc -c -g  conftest.c >&5
configure:3668: $? = 0
configure:3709: result: yes
configure:3726: checking for gcc option to accept ISO C89
configure:3790: gcc  -c -g -O2  conftest.c >&5
configure:3790: $? = 0
configure:3803: result: none needed
configure:3834: checking for style of include used by make
configure:3862: result: GNU
configure:3887: checking dependency style of gcc
configure:3997: result: gcc3
configure:4041: checking build system type
configure:4055: result: i686-pc-mingw32
configure:4075: checking host system type
configure:4088: result: i686-pc-mingw32
configure:4108: checking for a sed that does not truncate output
configure:4172: result: /bin/sed
configure:4190: checking for grep that handles long lines and -e
configure:4248: result: /bin/grep
configure:4253: checking for egrep
configure:4315: result: /bin/grep -E
configure:4320: checking for fgrep
configure:4382: result: /bin/grep -F
configure:4417: checking for ld used by gcc
configure:4484: result: c:/developmentenvironment/gcc471/msys_x2/1.0/mingw/mingw32/bin/ld.exe
configure:4491: checking if the linker (c:/developmentenvironment/gcc471/msys_x2/1.0/mingw/mingw32/bin/ld.exe) is GNU ld
configure:4506: result: yes
configure:4518: checking for BSD- or MS-compatible name lister (nm)
configure:4567: result: /mingw/bin/nm
configure:4685: checking the name lister (/mingw/bin/nm) interface
configure:4692: gcc -c -g -O2  conftest.c >&5
configure:4695: /mingw/bin/nm "conftest.o"
configure:4698: output
00000000 b .bss
00000000 d .data
00000000 N .debug_abbrev
00000000 N .debug_aranges
00000000 N .debug_info
00000000 N .debug_line
00000000 t .text
00000000 B _some_variable
configure:4705: result: BSD nm
configure:4708: checking whether ln -s works
configure:4712: result: yes
configure:4720: checking the maximum length of command line arguments
configure:4840: result: 8192
configure:4857: checking whether the shell understands some XSI constructs
configure:4867: result: yes
configure:4871: checking whether the shell understands "+="
configure:4877: result: yes
configure:4912: checking for c:/developmentenvironment/gcc471/msys_x2/1.0/mingw/mingw32/bin/ld.exe option to reload object files
configure:4919: result: -r
configure:4988: checking for objdump
configure:5004: found /mingw/bin/objdump
configure:5015: result: objdump
configure:5047: checking how to recognize dependent libraries
configure:5243: result: file_magic ^x86 archive import|^x86 DLL
configure:5303: checking for ar
configure:5319: found /mingw/bin/ar
configure:5330: result: ar
configure:5408: checking for strip
configure:5424: found /mingw/bin/strip
configure:5435: result: strip
configure:5507: checking for ranlib
configure:5523: found /mingw/bin/ranlib
configure:5534: result: ranlib
configure:5624: checking command to parse /mingw/bin/nm output from gcc object
configure:5742: gcc -c -g -O2  conftest.c >&5
configure:5745: $? = 0
configure:5749: /mingw/bin/nm conftest.o \| sed -n -e 's/^.*[	 ]\([ABCDGIRSTW][ABCDGIRSTW]*\)[	 ][	 ]*\([_A-Za-z][_A-Za-z0-9]*\)\{0,1\}$/\1 \2 \2/p' \> conftest.nm
configure:5752: $? = 0
cannot find nm_test_var in conftest.nm
configure:5742: gcc -c -g -O2  conftest.c >&5
configure:5745: $? = 0
configure:5749: /mingw/bin/nm conftest.o \| sed -n -e 's/^.*[	 ]\([ABCDGIRSTW][ABCDGIRSTW]*\)[	 ][	 ]*_\([_A-Za-z][_A-Za-z0-9]*\)\{0,1\}$/\1 _\2 \2/p' \> conftest.nm
configure:5752: $? = 0
configure:5806: gcc -o conftest.exe -g -O2   conftest.c conftstm.o >&5
configure:5809: $? = 0
configure:5847: result: ok
configure:6656: checking how to run the C preprocessor
configure:6687: gcc -E  conftest.c
configure:6687: $? = 0
configure:6701: gcc -E  conftest.c
conftest.c:11:28: fatal error: ac_nonexistent.h: No such file or directory
compilation terminated.
configure:6701: $? = 1
configure: failed program was:
| /* confdefs.h */
| #define PACKAGE_NAME ""
| #define PACKAGE_TARNAME ""
| #define PACKAGE_VERSION ""
| #define PACKAGE_STRING ""
| #define PACKAGE_BUGREPORT ""
| #define PACKAGE_URL ""
| #define PACKAGE "libogg"
| #define VERSION "1.2.2"
| /* end confdefs.h.  */
| #include <ac_nonexistent.h>
configure:6726: result: gcc -E
configure:6746: gcc -E  conftest.c
configure:6746: $? = 0
configure:6760: gcc -E  conftest.c
conftest.c:11:28: fatal error: ac_nonexistent.h: No such file or directory
compilation terminated.
configure:6760: $? = 1
configure: failed program was:
| /* confdefs.h */
| #define PACKAGE_NAME ""
| #define PACKAGE_TARNAME ""
| #define PACKAGE_VERSION ""
| #define PACKAGE_STRING ""
| #define PACKAGE_BUGREPORT ""
| #define PACKAGE_URL ""
| #define PACKAGE "libogg"
| #define VERSION "1.2.2"
| /* end confdefs.h.  */
| #include <ac_nonexistent.h>
configure:6789: checking for ANSI C header files
configure:6809: gcc -c -g -O2  conftest.c >&5
configure:6809: $? = 0
configure:6882: gcc -o conftest.exe -g -O2   conftest.c  >&5
configure:6882: $? = 0
configure:6882: ./conftest.exe
configure:6882: $? = 0
configure:6893: result: yes
configure:6906: checking for sys/types.h
configure:6906: gcc -c -g -O2  conftest.c >&5
configure:6906: $? = 0
configure:6906: result: yes
configure:6906: checking for sys/stat.h
configure:6906: gcc -c -g -O2  conftest.c >&5
configure:6906: $? = 0
configure:6906: result: yes
configure:6906: checking for stdlib.h
configure:6906: gcc -c -g -O2  conftest.c >&5
configure:6906: $? = 0
configure:6906: result: yes
configure:6906: checking for string.h
configure:6906: gcc -c -g -O2  conftest.c >&5
configure:6906: $? = 0
configure:6906: result: yes
configure:6906: checking for memory.h
configure:6906: gcc -c -g -O2  conftest.c >&5
configure:6906: $? = 0
configure:6906: result: yes
configure:6906: checking for strings.h
configure:6906: gcc -c -g -O2  conftest.c >&5
configure:6906: $? = 0
configure:6906: result: yes
configure:6906: checking for inttypes.h
configure:6906: gcc -c -g -O2  conftest.c >&5
configure:6906: $? = 0
configure:6906: result: yes
configure:6906: checking for stdint.h
configure:6906: gcc -c -g -O2  conftest.c >&5
configure:6906: $? = 0
configure:6906: result: yes
configure:6906: checking for unistd.h
configure:6906: gcc -c -g -O2  conftest.c >&5
configure:6906: $? = 0
configure:6906: result: yes
configure:6920: checking for dlfcn.h
configure:6920: gcc -c -g -O2  conftest.c >&5
conftest.c:55:19: fatal error: dlfcn.h: No such file or directory
compilation terminated.
configure:6920: $? = 1
configure: failed program was:
| /* confdefs.h */
| #define PACKAGE_NAME ""
| #define PACKAGE_TARNAME ""
| #define PACKAGE_VERSION ""
| #define PACKAGE_STRING ""
| #define PACKAGE_BUGREPORT ""
| #define PACKAGE_URL ""
| #define PACKAGE "libogg"
| #define VERSION "1.2.2"
| #define STDC_HEADERS 1
| #define HAVE_SYS_TYPES_H 1
| #define HAVE_SYS_STAT_H 1
| #define HAVE_STDLIB_H 1
| #define HAVE_STRING_H 1
| #define HAVE_MEMORY_H 1
| #define HAVE_STRINGS_H 1
| #define HAVE_INTTYPES_H 1
| #define HAVE_STDINT_H 1
| #define HAVE_UNISTD_H 1
| /* end confdefs.h.  */
| #include <stdio.h>
| #ifdef HAVE_SYS_TYPES_H
| # include <sys/types.h>
| #endif
| #ifdef HAVE_SYS_STAT_H
| # include <sys/stat.h>
| #endif
| #ifdef STDC_HEADERS
| # include <stdlib.h>
| # include <stddef.h>
| #else
| # ifdef HAVE_STDLIB_H
| #  include <stdlib.h>
| # endif
| #endif
| #ifdef HAVE_STRING_H
| # if !defined STDC_HEADERS && defined HAVE_MEMORY_H
| #  include <memory.h>
| # endif
| # include <string.h>
| #endif
| #ifdef HAVE_STRINGS_H
| # include <strings.h>
| #endif
| #ifdef HAVE_INTTYPES_H
| # include <inttypes.h>
| #endif
| #ifdef HAVE_STDINT_H
| # include <stdint.h>
| #endif
| #ifdef HAVE_UNISTD_H
| # include <unistd.h>
| #endif
| 
| #include <dlfcn.h>
configure:6920: result: no
configure:7104: checking for objdir
configure:7119: result: .libs
configure:7411: checking if gcc supports -fno-rtti -fno-exceptions
configure:7429: gcc -c -g -O2  -fno-rtti -fno-exceptions conftest.c >&5
cc1.exe: warning: command line option '-fno-rtti' is valid for C++/ObjC++ but not for C [enabled by default]
configure:7433: $? = 0
configure:7446: result: no
configure:7466: checking for gcc option to produce PIC
configure:7738: result: -DDLL_EXPORT -DPIC
configure:7750: checking if gcc PIC flag -DDLL_EXPORT -DPIC works
configure:7768: gcc -c -g -O2  -DDLL_EXPORT -DPIC -DPIC conftest.c >&5
configure:7772: $? = 0
configure:7785: result: yes
configure:7809: checking if gcc static flag -static works
configure:7837: result: yes
configure:7852: checking if gcc supports -c -o file.o
configure:7873: gcc -c -g -O2  -o out/conftest2.o conftest.c >&5
configure:7877: $? = 0
configure:7899: result: yes
configure:7907: checking if gcc supports -c -o file.o
configure:7954: result: yes
configure:7987: checking whether the gcc linker (c:/developmentenvironment/gcc471/msys_x2/1.0/mingw/mingw32/bin/ld.exe) supports shared libraries
configure:8977: result: yes
configure:9014: checking whether -lc should be explicitly linked in
configure:9019: gcc -c -g -O2  conftest.c >&5
configure:9022: $? = 0
configure:9037: gcc -shared conftest.o  -v -o ./conftest -Wl,--enable-auto-image-base -Xlinker --out-implib -Xlinker conftest 2\>\&1 \| /bin/grep  -lc  \>/dev/null 2\>\&1
configure:9040: $? = 1
configure:9052: result: yes
configure:9216: checking dynamic linker characteristics
configure:9879: result: Win32 ld.exe
configure:9981: checking how to hardcode library paths into programs
configure:10006: result: immediate
configure:10526: checking whether stripping libraries is possible
configure:10531: result: yes
configure:10566: checking if libtool supports shared libraries
configure:10568: result: yes
configure:10571: checking whether to build shared libraries
configure:10592: result: yes
configure:10595: checking whether to build static libraries
configure:10599: result: yes
configure:10635: checking whether gcc and cc understand -c and -o together
configure:10666: gcc -c conftest.c -o conftest2.o >&5
configure:10670: $? = 0
configure:10676: gcc -c conftest.c -o conftest2.o >&5
configure:10680: $? = 0
configure:10691: cc -c conftest.c >&5
./configure: line 10693: cc: command not found
configure:10695: $? = 127
configure:10735: result: yes
configure:10814: checking for ANSI C header files
configure:10918: result: yes
configure:10929: checking for inttypes.h
configure:10929: result: yes
configure:10935: checking for stdint.h
configure:10935: result: yes
configure:10941: checking for sys/types.h
configure:10941: result: yes
configure:10948: checking for an ANSI C-conforming const
configure:11013: gcc -c -O20 -fsigned-char -g -O2  conftest.c >&5
configure:11013: $? = 0
configure:11020: result: yes
configure:11034: checking size of int16_t
configure:11039: gcc -o conftest.exe -O20 -fsigned-char -g -O2   conftest.c  >&5
configure:11039: $? = 0
configure:11039: ./conftest.exe
configure:11039: $? = 0
configure:11053: result: 2
configure:11067: checking size of uint16_t
configure:11072: gcc -o conftest.exe -O20 -fsigned-char -g -O2   conftest.c  >&5
configure:11072: $? = 0
configure:11072: ./conftest.exe
configure:11072: $? = 0
configure:11086: result: 2
configure:11100: checking size of u_int16_t
configure:11105: gcc -o conftest.exe -O20 -fsigned-char -g -O2   conftest.c  >&5
conftest.c: In function 'longval':
conftest.c:58:57: error: 'u_int16_t' undeclared (first use in this function)
conftest.c:58:57: note: each undeclared identifier is reported only once for each function it appears in
conftest.c: In function 'ulongval':
conftest.c:59:67: error: 'u_int16_t' undeclared (first use in this function)
conftest.c: In function 'main':
conftest.c:69:28: error: 'u_int16_t' undeclared (first use in this function)
configure:11105: $? = 1
configure: program exited with status 1
configure: failed program was:
| /* confdefs.h */
| #define PACKAGE_NAME ""
| #define PACKAGE_TARNAME ""
| #define PACKAGE_VERSION ""
| #define PACKAGE_STRING ""
| #define PACKAGE_BUGREPORT ""
| #define PACKAGE_URL ""
| #define PACKAGE "libogg"
| #define VERSION "1.2.2"
| #define STDC_HEADERS 1
| #define HAVE_SYS_TYPES_H 1
| #define HAVE_SYS_STAT_H 1
| #define HAVE_STDLIB_H 1
| #define HAVE_STRING_H 1
| #define HAVE_MEMORY_H 1
| #define HAVE_STRINGS_H 1
| #define HAVE_INTTYPES_H 1
| #define HAVE_STDINT_H 1
| #define HAVE_UNISTD_H 1
| #define LT_OBJDIR ".libs/"
| #define STDC_HEADERS 1
| #define SIZEOF_INT16_T 2
| #define SIZEOF_UINT16_T 2
| /* end confdefs.h.  */
| #include <stdio.h>
| #ifdef HAVE_SYS_TYPES_H
| # include <sys/types.h>
| #endif
| #ifdef HAVE_SYS_STAT_H
| # include <sys/stat.h>
| #endif
| #ifdef STDC_HEADERS
| # include <stdlib.h>
| # include <stddef.h>
| #else
| # ifdef HAVE_STDLIB_H
| #  include <stdlib.h>
| # endif
| #endif
| #ifdef HAVE_STRING_H
| # if !defined STDC_HEADERS && defined HAVE_MEMORY_H
| #  include <memory.h>
| # endif
| # include <string.h>
| #endif
| #ifdef HAVE_STRINGS_H
| # include <strings.h>
| #endif
| #ifdef HAVE_INTTYPES_H
| # include <inttypes.h>
| #endif
| #ifdef HAVE_STDINT_H
| # include <stdint.h>
| #endif
| #ifdef HAVE_UNISTD_H
| # include <unistd.h>
| #endif
| static long int longval () { return (long int) (sizeof (u_int16_t)); }
| static unsigned long int ulongval () { return (long int) (sizeof (u_int16_t)); }
| #include <stdio.h>
| #include <stdlib.h>
| int
| main ()
| {
| 
|   FILE *f = fopen ("conftest.val", "w");
|   if (! f)
|     return 1;
|   if (((long int) (sizeof (u_int16_t))) < 0)
|     {
|       long int i = longval ();
|       if (i != ((long int) (sizeof (u_int16_t))))
| 	return 1;
|       fprintf (f, "%ld", i);
|     }
|   else
|     {
|       unsigned long int i = ulongval ();
|       if (i != ((long int) (sizeof (u_int16_t))))
| 	return 1;
|       fprintf (f, "%lu", i);
|     }
|   /* Do not output a trailing newline, as this causes \r\n confusion
|      on some platforms.  */
|   return ferror (f) || fclose (f) != 0;
| 
|   ;
|   return 0;
| }
configure:11119: result: 0
configure:11133: checking size of int32_t
configure:11138: gcc -o conftest.exe -O20 -fsigned-char -g -O2   conftest.c  >&5
configure:11138: $? = 0
configure:11138: ./conftest.exe
configure:11138: $? = 0
configure:11152: result: 4
configure:11166: checking size of uint32_t
configure:11171: gcc -o conftest.exe -O20 -fsigned-char -g -O2   conftest.c  >&5
configure:11171: $? = 0
configure:11171: ./conftest.exe
configure:11171: $? = 0
configure:11185: result: 4
configure:11199: checking size of u_int32_t
configure:11204: gcc -o conftest.exe -O20 -fsigned-char -g -O2   conftest.c  >&5
conftest.c: In function 'longval':
conftest.c:61:57: error: 'u_int32_t' undeclared (first use in this function)
conftest.c:61:57: note: each undeclared identifier is reported only once for each function it appears in
conftest.c: In function 'ulongval':
conftest.c:62:67: error: 'u_int32_t' undeclared (first use in this function)
conftest.c: In function 'main':
conftest.c:72:28: error: 'u_int32_t' undeclared (first use in this function)
configure:11204: $? = 1
configure: program exited with status 1
configure: failed program was:
| /* confdefs.h */
| #define PACKAGE_NAME ""
| #define PACKAGE_TARNAME ""
| #define PACKAGE_VERSION ""
| #define PACKAGE_STRING ""
| #define PACKAGE_BUGREPORT ""
| #define PACKAGE_URL ""
| #define PACKAGE "libogg"
| #define VERSION "1.2.2"
| #define STDC_HEADERS 1
| #define HAVE_SYS_TYPES_H 1
| #define HAVE_SYS_STAT_H 1
| #define HAVE_STDLIB_H 1
| #define HAVE_STRING_H 1
| #define HAVE_MEMORY_H 1
| #define HAVE_STRINGS_H 1
| #define HAVE_INTTYPES_H 1
| #define HAVE_STDINT_H 1
| #define HAVE_UNISTD_H 1
| #define LT_OBJDIR ".libs/"
| #define STDC_HEADERS 1
| #define SIZEOF_INT16_T 2
| #define SIZEOF_UINT16_T 2
| #define SIZEOF_U_INT16_T 0
| #define SIZEOF_INT32_T 4
| #define SIZEOF_UINT32_T 4
| /* end confdefs.h.  */
| #include <stdio.h>
| #ifdef HAVE_SYS_TYPES_H
| # include <sys/types.h>
| #endif
| #ifdef HAVE_SYS_STAT_H
| # include <sys/stat.h>
| #endif
| #ifdef STDC_HEADERS
| # include <stdlib.h>
| # include <stddef.h>
| #else
| # ifdef HAVE_STDLIB_H
| #  include <stdlib.h>
| # endif
| #endif
| #ifdef HAVE_STRING_H
| # if !defined STDC_HEADERS && defined HAVE_MEMORY_H
| #  include <memory.h>
| # endif
| # include <string.h>
| #endif
| #ifdef HAVE_STRINGS_H
| # include <strings.h>
| #endif
| #ifdef HAVE_INTTYPES_H
| # include <inttypes.h>
| #endif
| #ifdef HAVE_STDINT_H
| # include <stdint.h>
| #endif
| #ifdef HAVE_UNISTD_H
| # include <unistd.h>
| #endif
| static long int longval () { return (long int) (sizeof (u_int32_t)); }
| static unsigned long int ulongval () { return (long int) (sizeof (u_int32_t)); }
| #include <stdio.h>
| #include <stdlib.h>
| int
| main ()
| {
| 
|   FILE *f = fopen ("conftest.val", "w");
|   if (! f)
|     return 1;
|   if (((long int) (sizeof (u_int32_t))) < 0)
|     {
|       long int i = longval ();
|       if (i != ((long int) (sizeof (u_int32_t))))
| 	return 1;
|       fprintf (f, "%ld", i);
|     }
|   else
|     {
|       unsigned long int i = ulongval ();
|       if (i != ((long int) (sizeof (u_int32_t))))
| 	return 1;
|       fprintf (f, "%lu", i);
|     }
|   /* Do not output a trailing newline, as this causes \r\n confusion
|      on some platforms.  */
|   return ferror (f) || fclose (f) != 0;
| 
|   ;
|   return 0;
| }
configure:11218: result: 0
configure:11232: checking size of int64_t
configure:11237: gcc -o conftest.exe -O20 -fsigned-char -g -O2   conftest.c  >&5
configure:11237: $? = 0
configure:11237: ./conftest.exe
configure:11237: $? = 0
configure:11251: result: 8
configure:11265: checking size of short
configure:11270: gcc -o conftest.exe -O20 -fsigned-char -g -O2   conftest.c  >&5
configure:11270: $? = 0
configure:11270: ./conftest.exe
configure:11270: $? = 0
configure:11284: result: 2
configure:11298: checking size of int
configure:11303: gcc -o conftest.exe -O20 -fsigned-char -g -O2   conftest.c  >&5
configure:11303: $? = 0
configure:11303: ./conftest.exe
configure:11303: $? = 0
configure:11317: result: 4
configure:11331: checking size of long
configure:11336: gcc -o conftest.exe -O20 -fsigned-char -g -O2   conftest.c  >&5
configure:11336: $? = 0
configure:11336: ./conftest.exe
configure:11336: $? = 0
configure:11350: result: 4
configure:11364: checking size of long long
configure:11369: gcc -o conftest.exe -O20 -fsigned-char -g -O2   conftest.c  >&5
configure:11369: $? = 0
configure:11369: ./conftest.exe
configure:11369: $? = 0
configure:11383: result: 8
configure:11446: checking for working memcmp
configure:11489: gcc -o conftest.exe -O20 -fsigned-char -g -O2   conftest.c  >&5
configure:11489: $? = 0
configure:11489: ./conftest.exe
configure:11489: $? = 0
configure:11499: result: yes
configure:11650: creating ./config.status

## ---------------------- ##
## Running config.status. ##
## ---------------------- ##

This file was extended by config.status, which was
generated by GNU Autoconf 2.67.  Invocation command line was

  CONFIG_FILES    = 
  CONFIG_HEADERS  = 
  CONFIG_LINKS    = 
  CONFIG_COMMANDS = 
  $ ./config.status 

on BHIG4NYZN1

config.status:1119: creating Makefile
config.status:1119: creating src/Makefile
config.status:1119: creating doc/Makefile
config.status:1119: creating doc/libogg/Makefile
config.status:1119: creating include/Makefile
config.status:1119: creating include/ogg/Makefile
config.status:1119: creating include/ogg/config_types.h
config.status:1119: creating libogg.spec
config.status:1119: creating ogg.pc
config.status:1119: creating ogg-uninstalled.pc
config.status:1119: creating config.h
config.status:1299: config.h is unchanged
config.status:1347: executing depfiles commands
config.status:1347: executing libtool commands

## ---------------- ##
## Cache variables. ##
## ---------------- ##

ac_cv_build=i686-pc-mingw32
ac_cv_c_compiler_gnu=yes
ac_cv_c_const=yes
ac_cv_env_CC_set=
ac_cv_env_CC_value=
ac_cv_env_CFLAGS_set=
ac_cv_env_CFLAGS_value=
ac_cv_env_CPPFLAGS_set=
ac_cv_env_CPPFLAGS_value=
ac_cv_env_CPP_set=
ac_cv_env_CPP_value=
ac_cv_env_LDFLAGS_set=
ac_cv_env_LDFLAGS_value=
ac_cv_env_LIBS_set=
ac_cv_env_LIBS_value=
ac_cv_env_build_alias_set=
ac_cv_env_build_alias_value=
ac_cv_env_host_alias_set=
ac_cv_env_host_alias_value=
ac_cv_env_target_alias_set=
ac_cv_env_target_alias_value=
ac_cv_exeext=.exe
ac_cv_func_memcmp_working=yes
ac_cv_header_dlfcn_h=no
ac_cv_header_inttypes_h=yes
ac_cv_header_memory_h=yes
ac_cv_header_stdc=yes
ac_cv_header_stdint_h=yes
ac_cv_header_stdlib_h=yes
ac_cv_header_string_h=yes
ac_cv_header_strings_h=yes
ac_cv_header_sys_stat_h=yes
ac_cv_header_sys_types_h=yes
ac_cv_header_unistd_h=yes
ac_cv_host=i686-pc-mingw32
ac_cv_objext=o
ac_cv_path_EGREP='/bin/grep -E'
ac_cv_path_FGREP='/bin/grep -F'
ac_cv_path_GREP=/bin/grep
ac_cv_path_SED=/bin/sed
ac_cv_path_install='/bin/install -c'
ac_cv_path_mkdir=/bin/mkdir
ac_cv_prog_AWK=gawk
ac_cv_prog_CPP='gcc -E'
ac_cv_prog_ac_ct_AR=ar
ac_cv_prog_ac_ct_CC=gcc
ac_cv_prog_ac_ct_OBJDUMP=objdump
ac_cv_prog_ac_ct_RANLIB=ranlib
ac_cv_prog_ac_ct_STRIP=strip
ac_cv_prog_cc_c89=
ac_cv_prog_cc_g=yes
ac_cv_prog_cc_gcc_c_o=yes
ac_cv_prog_make_make_set=yes
ac_cv_sizeof_int16_t=2
ac_cv_sizeof_int32_t=4
ac_cv_sizeof_int64_t=8
ac_cv_sizeof_int=4
ac_cv_sizeof_long=4
ac_cv_sizeof_long_long=8
ac_cv_sizeof_short=2
ac_cv_sizeof_u_int16_t=0
ac_cv_sizeof_u_int32_t=0
ac_cv_sizeof_uint16_t=2
ac_cv_sizeof_uint32_t=4
am_cv_CC_dependencies_compiler_type=gcc3
lt_cv_deplibs_check_method='file_magic ^x86 archive import|^x86 DLL'
lt_cv_file_magic_cmd=func_win32_libid
lt_cv_file_magic_test_file=
lt_cv_ld_reload_flag=-r
lt_cv_nm_interface='BSD nm'
lt_cv_objdir=.libs
lt_cv_path_LD=c:/developmentenvironment/gcc471/msys_x2/1.0/mingw/mingw32/bin/ld.exe
lt_cv_path_NM=/mingw/bin/nm
lt_cv_prog_compiler_c_o=yes
lt_cv_prog_compiler_pic_works=yes
lt_cv_prog_compiler_rtti_exceptions=no
lt_cv_prog_compiler_static_works=yes
lt_cv_prog_gnu_ld=yes
lt_cv_sys_global_symbol_pipe='sed -n -e '\''s/^.*[	 ]\([ABCDGIRSTW][ABCDGIRSTW]*\)[	 ][	 ]*_\([_A-Za-z][_A-Za-z0-9]*\)\{0,1\}$/\1 _\2 \2/p'\'''
lt_cv_sys_global_symbol_to_c_name_address='sed -n -e '\''s/^: \([^ ]*\) $/  {\"\1\", (void *) 0},/p'\'' -e '\''s/^[ABCDGIRSTW]* \([^ ]*\) \([^ ]*\)$/  {"\2", (void *) \&\2},/p'\'''
lt_cv_sys_global_symbol_to_c_name_address_lib_prefix='sed -n -e '\''s/^: \([^ ]*\) $/  {\"\1\", (void *) 0},/p'\'' -e '\''s/^[ABCDGIRSTW]* \([^ ]*\) \(lib[^ ]*\)$/  {"\2", (void *) \&\2},/p'\'' -e '\''s/^[ABCDGIRSTW]* \([^ ]*\) \([^ ]*\)$/  {"lib\2", (void *) \&\2},/p'\'''
lt_cv_sys_global_symbol_to_cdecl='sed -n -e '\''s/^T .* \(.*\)$/extern int \1();/p'\'' -e '\''s/^[ABCDGIRSTW]* .* \(.*\)$/extern char \1;/p'\'''
lt_cv_sys_max_cmd_len=8192

## ----------------- ##
## Output variables. ##
## ----------------- ##

ACLOCAL='${SHELL} /c/DriveD/devlibs/libogg-1.2.2/missing --run aclocal-1.11'
AMDEPBACKSLASH='\'
AMDEP_FALSE='#'
AMDEP_TRUE=''
AMTAR='${SHELL} /c/DriveD/devlibs/libogg-1.2.2/missing --run tar'
AR='ar'
AUTOCONF='${SHELL} /c/DriveD/devlibs/libogg-1.2.2/missing --run autoconf'
AUTOHEADER='${SHELL} /c/DriveD/devlibs/libogg-1.2.2/missing --run autoheader'
AUTOMAKE='${SHELL} /c/DriveD/devlibs/libogg-1.2.2/missing --run automake-1.11'
AWK='gawk'
CC='gcc'
CCDEPMODE='depmode=gcc3'
CFLAGS='-O20 -fsigned-char -g -O2'
CPP='gcc -E'
CPPFLAGS=''
CYGPATH_W='echo'
DEBUG='-g -Wall -fsigned-char -g -O2'
DEFS='-DHAVE_CONFIG_H'
DEPDIR='.deps'
DSYMUTIL=''
DUMPBIN=''
ECHO_C=''
ECHO_N='-n'
ECHO_T=''
EGREP='/bin/grep -E'
EXEEXT='.exe'
FGREP='/bin/grep -F'
GREP='/bin/grep'
INCLUDE_INTTYPES_H='1'
INCLUDE_STDINT_H='1'
INCLUDE_SYS_TYPES_H='1'
INSTALL_DATA='${INSTALL} -m 644'
INSTALL_PROGRAM='${INSTALL}'
INSTALL_SCRIPT='${INSTALL}'
INSTALL_STRIP_PROGRAM='$(install_sh) -c -s'
LD='c:/developmentenvironment/gcc471/msys_x2/1.0/mingw/mingw32/bin/ld.exe'
LDFLAGS=''
LIBOBJS=''
LIBS=''
LIBTOOL='$(SHELL) $(top_builddir)/libtool'
LIBTOOL_DEPS='./ltmain.sh'
LIB_AGE='7'
LIB_CURRENT='7'
LIB_REVISION='1'
LIPO=''
LN_S='ln -s'
LTLIBOBJS=''
MAINT='#'
MAINTAINER_MODE_FALSE=''
MAINTAINER_MODE_TRUE='#'
MAKEINFO='${SHELL} /c/DriveD/devlibs/libogg-1.2.2/missing --run makeinfo'
MKDIR_P='/bin/mkdir -p'
NM='/mingw/bin/nm'
NMEDIT=''
OBJDUMP='objdump'
OBJEXT='o'
OPT=''
OTOOL64=''
OTOOL=''
PACKAGE='libogg'
PACKAGE_BUGREPORT=''
PACKAGE_NAME=''
PACKAGE_STRING=''
PACKAGE_TARNAME=''
PACKAGE_URL=''
PACKAGE_VERSION=''
PATH_SEPARATOR=':'
PROFILE='-O20 -g -pg -fsigned-char -g -O2'
RANLIB='ranlib'
SED='/bin/sed'
SET_MAKE=''
SHELL='/bin/sh'
SIZE16='short'
SIZE32='int'
SIZE64='long long'
STRIP='strip'
USIZE16='unsigned short'
USIZE32='unsigned int'
VERSION='1.2.2'
ac_ct_CC='gcc'
ac_ct_DUMPBIN=''
am__EXEEXT_FALSE='#'
am__EXEEXT_TRUE=''
am__fastdepCC_FALSE='#'
am__fastdepCC_TRUE=''
am__include='include'
am__isrc=''
am__leading_dot='.'
am__quote=''
am__tar='${AMTAR} chof - "$$tardir"'
am__untar='${AMTAR} xf -'
bindir='${exec_prefix}/bin'
build='i686-pc-mingw32'
build_alias=''
build_cpu='i686'
build_os='mingw32'
build_vendor='pc'
datadir='${datarootdir}'
datarootdir='${prefix}/share'
docdir='${datarootdir}/doc/${PACKAGE}'
dvidir='${docdir}'
exec_prefix='${prefix}'
host='i686-pc-mingw32'
host_alias=''
host_cpu='i686'
host_os='mingw32'
host_vendor='pc'
htmldir='${docdir}'
includedir='${prefix}/include'
infodir='${datarootdir}/info'
install_sh='${SHELL} /c/DriveD/devlibs/libogg-1.2.2/install-sh'
libdir='${exec_prefix}/lib'
libexecdir='${exec_prefix}/libexec'
localedir='${datarootdir}/locale'
localstatedir='${prefix}/var'
lt_ECHO='echo'
mandir='${datarootdir}/man'
mkdir_p='/bin/mkdir -p'
oldincludedir='/usr/include'
pdfdir='${docdir}'
prefix='/mingw/../devlibs'
program_transform_name='s,x,x,'
psdir='${docdir}'
sbindir='${exec_prefix}/sbin'
sharedstatedir='${prefix}/com'
sysconfdir='${prefix}/etc'
target_alias=''

## ----------- ##
## confdefs.h. ##
## ----------- ##

/* confdefs.h */
#define PACKAGE_NAME ""
#define PACKAGE_TARNAME ""
#define PACKAGE_VERSION ""
#define PACKAGE_STRING ""
#define PACKAGE_BUGREPORT ""
#define PACKAGE_URL ""
#define PACKAGE "libogg"
#define VERSION "1.2.2"
#define STDC_HEADERS 1
#define HAVE_SYS_TYPES_H 1
#define HAVE_SYS_STAT_H 1
#define HAVE_STDLIB_H 1
#define HAVE_STRING_H 1
#define HAVE_MEMORY_H 1
#define HAVE_STRINGS_H 1
#define HAVE_INTTYPES_H 1
#define HAVE_STDINT_H 1
#define HAVE_UNISTD_H 1
#define LT_OBJDIR ".libs/"
#define STDC_HEADERS 1
#define SIZEOF_INT16_T 2
#define SIZEOF_UINT16_T 2
#define SIZEOF_U_INT16_T 0
#define SIZEOF_INT32_T 4
#define SIZEOF_UINT32_T 4
#define SIZEOF_U_INT32_T 0
#define SIZEOF_INT64_T 8
#define SIZEOF_SHORT 2
#define SIZEOF_INT 4
#define SIZEOF_LONG 4
#define SIZEOF_LONG_LONG 8

configure: exit 0
